---
0xb39a75ab3333e0493fc6561073334718619fded3:0x0 *
0xb39a75ab3333e0493fc6561073334718619fded3:0x2 *
0xb39a75ab3333e0493fc6561073334718619fded3:0x4 *
0xb39a75ab3333e0493fc6561073334718619fded3:0x5 *
0xb39a75ab3333e0493fc6561073334718619fded3:0x6 *
0xb39a75ab3333e0493fc6561073334718619fded3:0x7 *
0xb39a75ab3333e0493fc6561073334718619fded3:0x8 *
0xb39a75ab3333e0493fc6561073334718619fded3:0xb *
0xb39a75ab3333e0493fc6561073334718619fded3:0x10 *
0xb39a75ab3333e0493fc6561073334718619fded3:0x11 *
0xb39a75ab3333e0493fc6561073334718619fded3:0x12 *
0xb39a75ab3333e0493fc6561073334718619fded3:0x14 *
0xb39a75ab3333e0493fc6561073334718619fded3:0x15 *
0xb39a75ab3333e0493fc6561073334718619fded3:0x17 *
0xb39a75ab3333e0493fc6561073334718619fded3:0x18 *
0xb39a75ab3333e0493fc6561073334718619fded3:0x1b *
0xb39a75ab3333e0493fc6561073334718619fded3:0x1c *
0xb39a75ab3333e0493fc6561073334718619fded3:0x1d *
0xb39a75ab3333e0493fc6561073334718619fded3:0x1e *
0xb39a75ab3333e0493fc6561073334718619fded3:0x1f *
0xb39a75ab3333e0493fc6561073334718619fded3:0x20 *
0xb39a75ab3333e0493fc6561073334718619fded3:0x22 *
0xb39a75ab3333e0493fc6561073334718619fded3:0x23 *
0xb39a75ab3333e0493fc6561073334718619fded3:0x24 *
0xb39a75ab3333e0493fc6561073334718619fded3:0x25 *
0xb39a75ab3333e0493fc6561073334718619fded3:0x26 *
0xb39a75ab3333e0493fc6561073334718619fded3:0x27 *
0xb39a75ab3333e0493fc6561073334718619fded3:0x28 *
0xb39a75ab3333e0493fc6561073334718619fded3:0x29 *
0xb39a75ab3333e0493fc6561073334718619fded3:0x2a *
0xb39a75ab3333e0493fc6561073334718619fded3:0x2c *
0xb39a75ab3333e0493fc6561073334718619fded3:0x2d *
0xb39a75ab3333e0493fc6561073334718619fded3:0x2e *
0xb39a75ab3333e0493fc6561073334718619fded3:0x2f *
0xb39a75ab3333e0493fc6561073334718619fded3:0x30 *
0xb39a75ab3333e0493fc6561073334718619fded3:0x31 *
0xb39a75ab3333e0493fc6561073334718619fded3:0x32 *
0xb39a75ab3333e0493fc6561073334718619fded3:0x33 *
0xb39a75ab3333e0493fc6561073334718619fded3:0x34 *
0xb39a75ab3333e0493fc6561073334718619fded3:0x36 *
0xb39a75ab3333e0493fc6561073334718619fded3:0x37 *
0xb39a75ab3333e0493fc6561073334718619fded3:0x38 *
0xb39a75ab3333e0493fc6561073334718619fded3:0x39 *
0xb39a75ab3333e0493fc6561073334718619fded3:0x3a *
0xb39a75ab3333e0493fc6561073334718619fded3:0x3b *
0xb39a75ab3333e0493fc6561073334718619fded3:0x3c *
0xb39a75ab3333e0493fc6561073334718619fded3:0x3d *
0xb39a75ab3333e0493fc6561073334718619fded3:0x3e *
0xb39a75ab3333e0493fc6561073334718619fded3:0x3f *
0xb39a75ab3333e0493fc6561073334718619fded3:0x41 *
0xb39a75ab3333e0493fc6561073334718619fded3:0x42 *
0xb39a75ab3333e0493fc6561073334718619fded3:0x43 *
0xb39a75ab3333e0493fc6561073334718619fded3:0x44 *
0xb39a75ab3333e0493fc6561073334718619fded3:0x45 *
0xb39a75ab3333e0493fc6561073334718619fded3:0x46 *
0xb39a75ab3333e0493fc6561073334718619fded3:0x48 *
0xb39a75ab3333e0493fc6561073334718619fded3:0x49 *
0xb39a75ab3333e0493fc6561073334718619fded3:0x4a *
0xb39a75ab3333e0493fc6561073334718619fded3:0x4b *
0xb39a75ab3333e0493fc6561073334718619fded3:0x4c *
0xb39a75ab3333e0493fc6561073334718619fded3:0x4e *
0xb39a75ab3333e0493fc6561073334718619fded3:0x50 *
0xb39a75ab3333e0493fc6561073334718619fded3:0x52 *
0xb39a75ab3333e0493fc6561073334718619fded3:0x55 *
0xb39a75ab3333e0493fc6561073334718619fded3:0x56 *
0xb39a75ab3333e0493fc6561073334718619fded3:0x57 *
0xb39a75ab3333e0493fc6561073334718619fded3:0x58 *
0xb39a75ab3333e0493fc6561073334718619fded3:0x59 *
0xb39a75ab3333e0493fc6561073334718619fded3:0x5b *
0xb39a75ab3333e0493fc6561073334718619fded3:0x5c *
0xb39a75ab3333e0493fc6561073334718619fded3:0x5d *
0xb39a75ab3333e0493fc6561073334718619fded3:0x5e *
0xb39a75ab3333e0493fc6561073334718619fded3:0x5f *
0xb39a75ab3333e0493fc6561073334718619fded3:0x60 *
0xb39a75ab3333e0493fc6561073334718619fded3:0x61 *
0xb39a75ab3333e0493fc6561073334718619fded3:0x62 *
0xb39a75ab3333e0493fc6561073334718619fded3:0x63 *
0xb39a75ab3333e0493fc6561073334718619fded3:0x64 *
0xb39a75ab3333e0493fc6561073334718619fded3:0x65 *
0xb39a75ab3333e0493fc6561073334718619fded3:0x66 *
0xb39a75ab3333e0493fc6561073334718619fded3:0x67 *
0xb39a75ab3333e0493fc6561073334718619fded3:0x68 *
0xb39a75ab3333e0493fc6561073334718619fded3:0x69 *
0xb39a75ab3333e0493fc6561073334718619fded3:0x6c *
0xb39a75ab3333e0493fc6561073334718619fded3:0x6d *
0xb39a75ab3333e0493fc6561073334718619fded3:0x70 *
0xb39a75ab3333e0493fc6561073334718619fded3:0x72 *
0xb39a75ab3333e0493fc6561073334718619fded3:0x73 *
0xb39a75ab3333e0493fc6561073334718619fded3:0x75 *
---
0xb39a75ab3333e0493fc6561073334718619fded3:0x0 
0xb39a75ab3333e0493fc6561073334718619fded3:0x2 
0xb39a75ab3333e0493fc6561073334718619fded3:0x4 
0xb39a75ab3333e0493fc6561073334718619fded3:0x5 
0xb39a75ab3333e0493fc6561073334718619fded3:0x7 
0xb39a75ab3333e0493fc6561073334718619fded3:0x8 
0xb39a75ab3333e0493fc6561073334718619fded3:0x9 
0xb39a75ab3333e0493fc6561073334718619fded3:0xc 
0xb39a75ab3333e0493fc6561073334718619fded3:0xd 
0xb39a75ab3333e0493fc6561073334718619fded3:0xf 
0xb39a75ab3333e0493fc6561073334718619fded3:0x10 
0xb39a75ab3333e0493fc6561073334718619fded3:0x2e 
0xb39a75ab3333e0493fc6561073334718619fded3:0x2f 
0xb39a75ab3333e0493fc6561073334718619fded3:0x30 
0xb39a75ab3333e0493fc6561073334718619fded3:0x35 
0xb39a75ab3333e0493fc6561073334718619fded3:0x36 
0xb39a75ab3333e0493fc6561073334718619fded3:0x37 
0xb39a75ab3333e0493fc6561073334718619fded3:0x3c 
0xb39a75ab3333e0493fc6561073334718619fded3:0x3d 
0xb39a75ab3333e0493fc6561073334718619fded3:0x40 
0xb39a75ab3333e0493fc6561073334718619fded3:0x41 
0xb39a75ab3333e0493fc6561073334718619fded3:0x42 
0xb39a75ab3333e0493fc6561073334718619fded3:0x47 
0xb39a75ab3333e0493fc6561073334718619fded3:0x48 
0xb39a75ab3333e0493fc6561073334718619fded3:0x4b 
0xb39a75ab3333e0493fc6561073334718619fded3:0x4c 
0xb39a75ab3333e0493fc6561073334718619fded3:0x4d 
0xb39a75ab3333e0493fc6561073334718619fded3:0x52 
0xb39a75ab3333e0493fc6561073334718619fded3:0x53 
0xb39a75ab3333e0493fc6561073334718619fded3:0x56 
0xb39a75ab3333e0493fc6561073334718619fded3:0x57 
0xb39a75ab3333e0493fc6561073334718619fded3:0x58 
0xb39a75ab3333e0493fc6561073334718619fded3:0x5d 
0xb39a75ab3333e0493fc6561073334718619fded3:0x5e 
0xb39a75ab3333e0493fc6561073334718619fded3:0x61 
0xb39a75ab3333e0493fc6561073334718619fded3:0x62 
0xb39a75ab3333e0493fc6561073334718619fded3:0x63 
0xb39a75ab3333e0493fc6561073334718619fded3:0x68 
0xb39a75ab3333e0493fc6561073334718619fded3:0x69 
0xb39a75ab3333e0493fc6561073334718619fded3:0x6c 
0xb39a75ab3333e0493fc6561073334718619fded3:0x6d 
0xb39a75ab3333e0493fc6561073334718619fded3:0x6e 
0xb39a75ab3333e0493fc6561073334718619fded3:0x73 
0xb39a75ab3333e0493fc6561073334718619fded3:0x74 
0xb39a75ab3333e0493fc6561073334718619fded3:0x77 
0xb39a75ab3333e0493fc6561073334718619fded3:0x78 
0xb39a75ab3333e0493fc6561073334718619fded3:0x79 
0xb39a75ab3333e0493fc6561073334718619fded3:0x7e 
0xb39a75ab3333e0493fc6561073334718619fded3:0x7f 
0xb39a75ab3333e0493fc6561073334718619fded3:0x82 
0xb39a75ab3333e0493fc6561073334718619fded3:0x83 
0xb39a75ab3333e0493fc6561073334718619fded3:0x84 
0xb39a75ab3333e0493fc6561073334718619fded3:0x89 
0xb39a75ab3333e0493fc6561073334718619fded3:0x8a 
0xb39a75ab3333e0493fc6561073334718619fded3:0x8d 
0xb39a75ab3333e0493fc6561073334718619fded3:0x8e 
0xb39a75ab3333e0493fc6561073334718619fded3:0x8f 
0xb39a75ab3333e0493fc6561073334718619fded3:0x94 
0xb39a75ab3333e0493fc6561073334718619fded3:0x95 
0xb39a75ab3333e0493fc6561073334718619fded3:0x98 
0xb39a75ab3333e0493fc6561073334718619fded3:0x99 
0xb39a75ab3333e0493fc6561073334718619fded3:0x9a 
0xb39a75ab3333e0493fc6561073334718619fded3:0x9f 
0xb39a75ab3333e0493fc6561073334718619fded3:0xa0 
0xb39a75ab3333e0493fc6561073334718619fded3:0xa3 
0xb39a75ab3333e0493fc6561073334718619fded3:0xa4 
0xb39a75ab3333e0493fc6561073334718619fded3:0xa5 
0xb39a75ab3333e0493fc6561073334718619fded3:0xaa 
0xb39a75ab3333e0493fc6561073334718619fded3:0xab 
0xb39a75ab3333e0493fc6561073334718619fded3:0xae 
0xb39a75ab3333e0493fc6561073334718619fded3:0xaf 
0xb39a75ab3333e0493fc6561073334718619fded3:0xb0 
0xb39a75ab3333e0493fc6561073334718619fded3:0xb5 
0xb39a75ab3333e0493fc6561073334718619fded3:0xb6 
0xb39a75ab3333e0493fc6561073334718619fded3:0xb9 
0xb39a75ab3333e0493fc6561073334718619fded3:0x2f8 
0xb39a75ab3333e0493fc6561073334718619fded3:0x2f9 
0xb39a75ab3333e0493fc6561073334718619fded3:0x2fa 
0xb39a75ab3333e0493fc6561073334718619fded3:0x2fb 
0xb39a75ab3333e0493fc6561073334718619fded3:0x2fc 
0xb39a75ab3333e0493fc6561073334718619fded3:0x2ff 
0xb39a75ab3333e0493fc6561073334718619fded3:0x304 
0xb39a75ab3333e0493fc6561073334718619fded3:0x305 
0xb39a75ab3333e0493fc6561073334718619fded3:0x306 
0xb39a75ab3333e0493fc6561073334718619fded3:0x309 
0xb39a75ab3333e0493fc6561073334718619fded3:0x30c 
0xb39a75ab3333e0493fc6561073334718619fded3:0x5c2 
0xb39a75ab3333e0493fc6561073334718619fded3:0x5c3 
0xb39a75ab3333e0493fc6561073334718619fded3:0x5c5 
0xb39a75ab3333e0493fc6561073334718619fded3:0x5c7 
0xb39a75ab3333e0493fc6561073334718619fded3:0x5c8 
0xb39a75ab3333e0493fc6561073334718619fded3:0x5ca 
0xb39a75ab3333e0493fc6561073334718619fded3:0x5cb 
0xb39a75ab3333e0493fc6561073334718619fded3:0x5cc 
0xb39a75ab3333e0493fc6561073334718619fded3:0x5cd 
0xb39a75ab3333e0493fc6561073334718619fded3:0x5ce 
0xb39a75ab3333e0493fc6561073334718619fded3:0x5d1 
0xb39a75ab3333e0493fc6561073334718619fded3:0x5d2 
0xb39a75ab3333e0493fc6561073334718619fded3:0x5d3 
0xb39a75ab3333e0493fc6561073334718619fded3:0x5d5 
0xb39a75ab3333e0493fc6561073334718619fded3:0x5d7 
0xb39a75ab3333e0493fc6561073334718619fded3:0x5d8 
0xb39a75ab3333e0493fc6561073334718619fded3:0x5d9 
0xb39a75ab3333e0493fc6561073334718619fded3:0x5da 
0xb39a75ab3333e0493fc6561073334718619fded3:0x5dd 
0xb39a75ab3333e0493fc6561073334718619fded3:0x5de 
0xb39a75ab3333e0493fc6561073334718619fded3:0x5df 
0xb39a75ab3333e0493fc6561073334718619fded3:0x5e0 
0xb39a75ab3333e0493fc6561073334718619fded3:0x5e2 
0xb39a75ab3333e0493fc6561073334718619fded3:0x5e3 
0xb39a75ab3333e0493fc6561073334718619fded3:0x5e4 
0xb39a75ab3333e0493fc6561073334718619fded3:0x5e5 
0xb39a75ab3333e0493fc6561073334718619fded3:0x5e6 
0xb39a75ab3333e0493fc6561073334718619fded3:0x5e7 
0xb39a75ab3333e0493fc6561073334718619fded3:0x5e8 
0xb39a75ab3333e0493fc6561073334718619fded3:0x30d 
0xb39a75ab3333e0493fc6561073334718619fded3:0x30e 
0xb39a75ab3333e0493fc6561073334718619fded3:0x310 
0xb39a75ab3333e0493fc6561073334718619fded3:0x311 
0xb39a75ab3333e0493fc6561073334718619fded3:0x312 
0xb39a75ab3333e0493fc6561073334718619fded3:0x313 
0xb39a75ab3333e0493fc6561073334718619fded3:0x314 
0xb39a75ab3333e0493fc6561073334718619fded3:0x315 
0xb39a75ab3333e0493fc6561073334718619fded3:0x316 
0xb39a75ab3333e0493fc6561073334718619fded3:0x317 
0xb39a75ab3333e0493fc6561073334718619fded3:0x318 
0xb39a75ab3333e0493fc6561073334718619fded3:0x319 
0xb39a75ab3333e0493fc6561073334718619fded3:0x31b 
0xb39a75ab3333e0493fc6561073334718619fded3:0x31c 
0xb39a75ab3333e0493fc6561073334718619fded3:0x31d 
0xb39a75ab3333e0493fc6561073334718619fded3:0x31e 
0xb39a75ab3333e0493fc6561073334718619fded3:0x31f 
0xb39a75ab3333e0493fc6561073334718619fded3:0x321 
0xb39a75ab3333e0493fc6561073334718619fded3:0x322 
0xb39a75ab3333e0493fc6561073334718619fded3:0x323 
0xb39a75ab3333e0493fc6561073334718619fded3:0x324 
0xb39a75ab3333e0493fc6561073334718619fded3:0x325 
0xb39a75ab3333e0493fc6561073334718619fded3:0x326 
---
0xb39a75ab3333e0493fc6561073334718619fded3:0x0 
0xb39a75ab3333e0493fc6561073334718619fded3:0x2 
0xb39a75ab3333e0493fc6561073334718619fded3:0x4 
0xb39a75ab3333e0493fc6561073334718619fded3:0x5 
0xb39a75ab3333e0493fc6561073334718619fded3:0x7 
0xb39a75ab3333e0493fc6561073334718619fded3:0x8 
0xb39a75ab3333e0493fc6561073334718619fded3:0x9 
0xb39a75ab3333e0493fc6561073334718619fded3:0xc 
0xb39a75ab3333e0493fc6561073334718619fded3:0xd 
0xb39a75ab3333e0493fc6561073334718619fded3:0xf 
0xb39a75ab3333e0493fc6561073334718619fded3:0x10 
0xb39a75ab3333e0493fc6561073334718619fded3:0x2e 
0xb39a75ab3333e0493fc6561073334718619fded3:0x2f 
0xb39a75ab3333e0493fc6561073334718619fded3:0x30 
0xb39a75ab3333e0493fc6561073334718619fded3:0x35 
0xb39a75ab3333e0493fc6561073334718619fded3:0x36 
0xb39a75ab3333e0493fc6561073334718619fded3:0x37 
0xb39a75ab3333e0493fc6561073334718619fded3:0x3c 
0xb39a75ab3333e0493fc6561073334718619fded3:0x3d 
0xb39a75ab3333e0493fc6561073334718619fded3:0x40 
0xb39a75ab3333e0493fc6561073334718619fded3:0x41 
0xb39a75ab3333e0493fc6561073334718619fded3:0x42 
0xb39a75ab3333e0493fc6561073334718619fded3:0x47 
0xb39a75ab3333e0493fc6561073334718619fded3:0x48 
0xb39a75ab3333e0493fc6561073334718619fded3:0x4b 
0xb39a75ab3333e0493fc6561073334718619fded3:0x4c 
0xb39a75ab3333e0493fc6561073334718619fded3:0x4d 
0xb39a75ab3333e0493fc6561073334718619fded3:0x52 
0xb39a75ab3333e0493fc6561073334718619fded3:0x53 
0xb39a75ab3333e0493fc6561073334718619fded3:0x56 
0xb39a75ab3333e0493fc6561073334718619fded3:0x57 
0xb39a75ab3333e0493fc6561073334718619fded3:0x58 
0xb39a75ab3333e0493fc6561073334718619fded3:0x5d 
0xb39a75ab3333e0493fc6561073334718619fded3:0x5e 
0xb39a75ab3333e0493fc6561073334718619fded3:0x61 
0xb39a75ab3333e0493fc6561073334718619fded3:0x62 
0xb39a75ab3333e0493fc6561073334718619fded3:0x63 
0xb39a75ab3333e0493fc6561073334718619fded3:0x68 
0xb39a75ab3333e0493fc6561073334718619fded3:0x69 
0xb39a75ab3333e0493fc6561073334718619fded3:0x6c 
0xb39a75ab3333e0493fc6561073334718619fded3:0x185 
0xb39a75ab3333e0493fc6561073334718619fded3:0x186 
0xb39a75ab3333e0493fc6561073334718619fded3:0x187 
0xb39a75ab3333e0493fc6561073334718619fded3:0x188 
0xb39a75ab3333e0493fc6561073334718619fded3:0x189 
0xb39a75ab3333e0493fc6561073334718619fded3:0x18c 
0xb39a75ab3333e0493fc6561073334718619fded3:0x191 
0xb39a75ab3333e0493fc6561073334718619fded3:0x192 
0xb39a75ab3333e0493fc6561073334718619fded3:0x193 
0xb39a75ab3333e0493fc6561073334718619fded3:0x196 
0xb39a75ab3333e0493fc6561073334718619fded3:0x199 
0xb39a75ab3333e0493fc6561073334718619fded3:0x3d0 
0xb39a75ab3333e0493fc6561073334718619fded3:0x3d1 
0xb39a75ab3333e0493fc6561073334718619fded3:0x3d3 
0xb39a75ab3333e0493fc6561073334718619fded3:0x3d5 
0xb39a75ab3333e0493fc6561073334718619fded3:0x3d6 
0xb39a75ab3333e0493fc6561073334718619fded3:0x3d8 
0xb39a75ab3333e0493fc6561073334718619fded3:0x3d9 
0xb39a75ab3333e0493fc6561073334718619fded3:0x3da 
0xb39a75ab3333e0493fc6561073334718619fded3:0x3db 
0xb39a75ab3333e0493fc6561073334718619fded3:0x3dc 
0xb39a75ab3333e0493fc6561073334718619fded3:0x3df 
0xb39a75ab3333e0493fc6561073334718619fded3:0x3f2 
0xb39a75ab3333e0493fc6561073334718619fded3:0x3f3 
0xb39a75ab3333e0493fc6561073334718619fded3:0x3f4 
0xb39a75ab3333e0493fc6561073334718619fded3:0x3f5 
0xb39a75ab3333e0493fc6561073334718619fded3:0x3f6 
0xb39a75ab3333e0493fc6561073334718619fded3:0x19a 
0xb39a75ab3333e0493fc6561073334718619fded3:0x19b 
0xb39a75ab3333e0493fc6561073334718619fded3:0x19d 
0xb39a75ab3333e0493fc6561073334718619fded3:0x19e 
0xb39a75ab3333e0493fc6561073334718619fded3:0x19f 
0xb39a75ab3333e0493fc6561073334718619fded3:0x1a0 
0xb39a75ab3333e0493fc6561073334718619fded3:0x1a1 
0xb39a75ab3333e0493fc6561073334718619fded3:0x1a2 
0xb39a75ab3333e0493fc6561073334718619fded3:0x1a3 
0xb39a75ab3333e0493fc6561073334718619fded3:0x1a4 
0xb39a75ab3333e0493fc6561073334718619fded3:0x1a5 
0xb39a75ab3333e0493fc6561073334718619fded3:0x1a6 
0xb39a75ab3333e0493fc6561073334718619fded3:0x1a8 
0xb39a75ab3333e0493fc6561073334718619fded3:0x1a9 
0xb39a75ab3333e0493fc6561073334718619fded3:0x1aa 
0xb39a75ab3333e0493fc6561073334718619fded3:0x1ab 
0xb39a75ab3333e0493fc6561073334718619fded3:0x1ac 
0xb39a75ab3333e0493fc6561073334718619fded3:0x1ae 
0xb39a75ab3333e0493fc6561073334718619fded3:0x1af 
0xb39a75ab3333e0493fc6561073334718619fded3:0x1b0 
0xb39a75ab3333e0493fc6561073334718619fded3:0x1b1 
0xb39a75ab3333e0493fc6561073334718619fded3:0x1b2 
0xb39a75ab3333e0493fc6561073334718619fded3:0x1b3 
---
0xb39a75ab3333e0493fc6561073334718619fded3:0x0 
0xb39a75ab3333e0493fc6561073334718619fded3:0x2 
0xb39a75ab3333e0493fc6561073334718619fded3:0x4 
0xb39a75ab3333e0493fc6561073334718619fded3:0x5 
0xb39a75ab3333e0493fc6561073334718619fded3:0x7 
0xb39a75ab3333e0493fc6561073334718619fded3:0x8 
0xb39a75ab3333e0493fc6561073334718619fded3:0x9 
0xb39a75ab3333e0493fc6561073334718619fded3:0xc 
0xb39a75ab3333e0493fc6561073334718619fded3:0xd 
0xb39a75ab3333e0493fc6561073334718619fded3:0xf 
0xb39a75ab3333e0493fc6561073334718619fded3:0x10 
0xb39a75ab3333e0493fc6561073334718619fded3:0x2e 
0xb39a75ab3333e0493fc6561073334718619fded3:0x2f 
0xb39a75ab3333e0493fc6561073334718619fded3:0x30 
0xb39a75ab3333e0493fc6561073334718619fded3:0x35 
0xb39a75ab3333e0493fc6561073334718619fded3:0x36 
0xb39a75ab3333e0493fc6561073334718619fded3:0x37 
0xb39a75ab3333e0493fc6561073334718619fded3:0x3c 
0xb39a75ab3333e0493fc6561073334718619fded3:0x3d 
0xb39a75ab3333e0493fc6561073334718619fded3:0x40 
0xb39a75ab3333e0493fc6561073334718619fded3:0x41 
0xb39a75ab3333e0493fc6561073334718619fded3:0x42 
0xb39a75ab3333e0493fc6561073334718619fded3:0x47 
0xb39a75ab3333e0493fc6561073334718619fded3:0x48 
0xb39a75ab3333e0493fc6561073334718619fded3:0x4b 
0xb39a75ab3333e0493fc6561073334718619fded3:0x4c 
0xb39a75ab3333e0493fc6561073334718619fded3:0x4d 
0xb39a75ab3333e0493fc6561073334718619fded3:0x52 
0xb39a75ab3333e0493fc6561073334718619fded3:0x53 
0xb39a75ab3333e0493fc6561073334718619fded3:0x56 
0xb39a75ab3333e0493fc6561073334718619fded3:0x57 
0xb39a75ab3333e0493fc6561073334718619fded3:0x58 
0xb39a75ab3333e0493fc6561073334718619fded3:0x5d 
0xb39a75ab3333e0493fc6561073334718619fded3:0x5e 
0xb39a75ab3333e0493fc6561073334718619fded3:0x61 
0xb39a75ab3333e0493fc6561073334718619fded3:0x62 
0xb39a75ab3333e0493fc6561073334718619fded3:0x63 
0xb39a75ab3333e0493fc6561073334718619fded3:0x68 
0xb39a75ab3333e0493fc6561073334718619fded3:0x69 
0xb39a75ab3333e0493fc6561073334718619fded3:0x6c 
0xb39a75ab3333e0493fc6561073334718619fded3:0x6d 
0xb39a75ab3333e0493fc6561073334718619fded3:0x6e 
0xb39a75ab3333e0493fc6561073334718619fded3:0x73 
0xb39a75ab3333e0493fc6561073334718619fded3:0x74 
0xb39a75ab3333e0493fc6561073334718619fded3:0x77 
0xb39a75ab3333e0493fc6561073334718619fded3:0x78 
0xb39a75ab3333e0493fc6561073334718619fded3:0x79 
0xb39a75ab3333e0493fc6561073334718619fded3:0x7e 
0xb39a75ab3333e0493fc6561073334718619fded3:0x7f 
0xb39a75ab3333e0493fc6561073334718619fded3:0x82 
0xb39a75ab3333e0493fc6561073334718619fded3:0x1f9 
0xb39a75ab3333e0493fc6561073334718619fded3:0x1fa 
0xb39a75ab3333e0493fc6561073334718619fded3:0x1fb 
0xb39a75ab3333e0493fc6561073334718619fded3:0x1fc 
0xb39a75ab3333e0493fc6561073334718619fded3:0x1fd 
0xb39a75ab3333e0493fc6561073334718619fded3:0x200 
0xb39a75ab3333e0493fc6561073334718619fded3:0x205 
0xb39a75ab3333e0493fc6561073334718619fded3:0x206 
0xb39a75ab3333e0493fc6561073334718619fded3:0x207 
0xb39a75ab3333e0493fc6561073334718619fded3:0x20a 
0xb39a75ab3333e0493fc6561073334718619fded3:0x20d 
0xb39a75ab3333e0493fc6561073334718619fded3:0x46b 
0xb39a75ab3333e0493fc6561073334718619fded3:0x46c 
0xb39a75ab3333e0493fc6561073334718619fded3:0x46e 
0xb39a75ab3333e0493fc6561073334718619fded3:0x470 
0xb39a75ab3333e0493fc6561073334718619fded3:0x472 
0xb39a75ab3333e0493fc6561073334718619fded3:0x473 
0xb39a75ab3333e0493fc6561073334718619fded3:0x474 
0xb39a75ab3333e0493fc6561073334718619fded3:0x475 
0xb39a75ab3333e0493fc6561073334718619fded3:0x478 
0xb39a75ab3333e0493fc6561073334718619fded3:0x479 
0xb39a75ab3333e0493fc6561073334718619fded3:0x47a 
0xb39a75ab3333e0493fc6561073334718619fded3:0x47b 
0xb39a75ab3333e0493fc6561073334718619fded3:0x47d 
0xb39a75ab3333e0493fc6561073334718619fded3:0x47e 
0xb39a75ab3333e0493fc6561073334718619fded3:0x47f 
0xb39a75ab3333e0493fc6561073334718619fded3:0x480 
0xb39a75ab3333e0493fc6561073334718619fded3:0x481 
0xb39a75ab3333e0493fc6561073334718619fded3:0x20e 
0xb39a75ab3333e0493fc6561073334718619fded3:0x20f 
0xb39a75ab3333e0493fc6561073334718619fded3:0x211 
0xb39a75ab3333e0493fc6561073334718619fded3:0x212 
0xb39a75ab3333e0493fc6561073334718619fded3:0x213 
0xb39a75ab3333e0493fc6561073334718619fded3:0x214 
0xb39a75ab3333e0493fc6561073334718619fded3:0x215 
0xb39a75ab3333e0493fc6561073334718619fded3:0x216 
0xb39a75ab3333e0493fc6561073334718619fded3:0x217 
0xb39a75ab3333e0493fc6561073334718619fded3:0x218 
0xb39a75ab3333e0493fc6561073334718619fded3:0x219 
0xb39a75ab3333e0493fc6561073334718619fded3:0x21a 
0xb39a75ab3333e0493fc6561073334718619fded3:0x21c 
0xb39a75ab3333e0493fc6561073334718619fded3:0x21d 
0xb39a75ab3333e0493fc6561073334718619fded3:0x21e 
0xb39a75ab3333e0493fc6561073334718619fded3:0x21f 
0xb39a75ab3333e0493fc6561073334718619fded3:0x220 
0xb39a75ab3333e0493fc6561073334718619fded3:0x222 
0xb39a75ab3333e0493fc6561073334718619fded3:0x223 
0xb39a75ab3333e0493fc6561073334718619fded3:0x224 
0xb39a75ab3333e0493fc6561073334718619fded3:0x225 
0xb39a75ab3333e0493fc6561073334718619fded3:0x226 
0xb39a75ab3333e0493fc6561073334718619fded3:0x227 
---
0xb39a75ab3333e0493fc6561073334718619fded3:0x0 
0xb39a75ab3333e0493fc6561073334718619fded3:0x2 
0xb39a75ab3333e0493fc6561073334718619fded3:0x4 
0xb39a75ab3333e0493fc6561073334718619fded3:0x5 
0xb39a75ab3333e0493fc6561073334718619fded3:0x7 
0xb39a75ab3333e0493fc6561073334718619fded3:0x8 
0xb39a75ab3333e0493fc6561073334718619fded3:0x9 
0xb39a75ab3333e0493fc6561073334718619fded3:0xc 
0xb39a75ab3333e0493fc6561073334718619fded3:0xd 
0xb39a75ab3333e0493fc6561073334718619fded3:0xf 
0xb39a75ab3333e0493fc6561073334718619fded3:0x10 
0xb39a75ab3333e0493fc6561073334718619fded3:0x2e 
0xb39a75ab3333e0493fc6561073334718619fded3:0x2f 
0xb39a75ab3333e0493fc6561073334718619fded3:0x30 
0xb39a75ab3333e0493fc6561073334718619fded3:0x35 
0xb39a75ab3333e0493fc6561073334718619fded3:0x36 
0xb39a75ab3333e0493fc6561073334718619fded3:0x37 
0xb39a75ab3333e0493fc6561073334718619fded3:0x3c 
0xb39a75ab3333e0493fc6561073334718619fded3:0x3d 
0xb39a75ab3333e0493fc6561073334718619fded3:0x40 
0xb39a75ab3333e0493fc6561073334718619fded3:0xbf 
0xb39a75ab3333e0493fc6561073334718619fded3:0xc0 
0xb39a75ab3333e0493fc6561073334718619fded3:0xc1 
0xb39a75ab3333e0493fc6561073334718619fded3:0xc2 
0xb39a75ab3333e0493fc6561073334718619fded3:0xc3 
0xb39a75ab3333e0493fc6561073334718619fded3:0xc6 
0xb39a75ab3333e0493fc6561073334718619fded3:0xcb 
0xb39a75ab3333e0493fc6561073334718619fded3:0xcc 
0xb39a75ab3333e0493fc6561073334718619fded3:0xcd 
0xb39a75ab3333e0493fc6561073334718619fded3:0xd0 
0xb39a75ab3333e0493fc6561073334718619fded3:0xd2 
0xb39a75ab3333e0493fc6561073334718619fded3:0xd3 
0xb39a75ab3333e0493fc6561073334718619fded3:0xd4 
0xb39a75ab3333e0493fc6561073334718619fded3:0xd5 
0xb39a75ab3333e0493fc6561073334718619fded3:0xd6 
0xb39a75ab3333e0493fc6561073334718619fded3:0xd7 
0xb39a75ab3333e0493fc6561073334718619fded3:0xd8 
0xb39a75ab3333e0493fc6561073334718619fded3:0xd9 
0xb39a75ab3333e0493fc6561073334718619fded3:0xda 
0xb39a75ab3333e0493fc6561073334718619fded3:0xdb 
0xb39a75ab3333e0493fc6561073334718619fded3:0xdc 
0xb39a75ab3333e0493fc6561073334718619fded3:0xde 
0xb39a75ab3333e0493fc6561073334718619fded3:0xdf 
0xb39a75ab3333e0493fc6561073334718619fded3:0xe0 
0xb39a75ab3333e0493fc6561073334718619fded3:0xe1 
0xb39a75ab3333e0493fc6561073334718619fded3:0xe2 
0xb39a75ab3333e0493fc6561073334718619fded3:0xe3 
0xb39a75ab3333e0493fc6561073334718619fded3:0xe4 
0xb39a75ab3333e0493fc6561073334718619fded3:0xe5 
0xb39a75ab3333e0493fc6561073334718619fded3:0xe6 
0xb39a75ab3333e0493fc6561073334718619fded3:0xe9 
0xb39a75ab3333e0493fc6561073334718619fded3:0x327 
0xb39a75ab3333e0493fc6561073334718619fded3:0x328 
0xb39a75ab3333e0493fc6561073334718619fded3:0x32a 
0xb39a75ab3333e0493fc6561073334718619fded3:0x32c 
0xb39a75ab3333e0493fc6561073334718619fded3:0x32d 
0xb39a75ab3333e0493fc6561073334718619fded3:0x32f 
0xb39a75ab3333e0493fc6561073334718619fded3:0x330 
0xb39a75ab3333e0493fc6561073334718619fded3:0x331 
0xb39a75ab3333e0493fc6561073334718619fded3:0x332 
0xb39a75ab3333e0493fc6561073334718619fded3:0x333 
0xb39a75ab3333e0493fc6561073334718619fded3:0x336 
0xb39a75ab3333e0493fc6561073334718619fded3:0x337 
0xb39a75ab3333e0493fc6561073334718619fded3:0x338 
0xb39a75ab3333e0493fc6561073334718619fded3:0x33a 
0xb39a75ab3333e0493fc6561073334718619fded3:0x33c 
0xb39a75ab3333e0493fc6561073334718619fded3:0x33d 
0xb39a75ab3333e0493fc6561073334718619fded3:0x33e 
0xb39a75ab3333e0493fc6561073334718619fded3:0x33f 
0xb39a75ab3333e0493fc6561073334718619fded3:0x342 
0xb39a75ab3333e0493fc6561073334718619fded3:0x343 
0xb39a75ab3333e0493fc6561073334718619fded3:0x344 
0xb39a75ab3333e0493fc6561073334718619fded3:0x345 
0xb39a75ab3333e0493fc6561073334718619fded3:0x347 
0xb39a75ab3333e0493fc6561073334718619fded3:0x348 
0xb39a75ab3333e0493fc6561073334718619fded3:0x349 
0xb39a75ab3333e0493fc6561073334718619fded3:0x34a 
0xb39a75ab3333e0493fc6561073334718619fded3:0x34b 
0xb39a75ab3333e0493fc6561073334718619fded3:0x34e 
0xb39a75ab3333e0493fc6561073334718619fded3:0x34f 
0xb39a75ab3333e0493fc6561073334718619fded3:0x350 
0xb39a75ab3333e0493fc6561073334718619fded3:0x352 
0xb39a75ab3333e0493fc6561073334718619fded3:0x353 
0xb39a75ab3333e0493fc6561073334718619fded3:0x354 
0xb39a75ab3333e0493fc6561073334718619fded3:0x355 
0xb39a75ab3333e0493fc6561073334718619fded3:0x356 
0xb39a75ab3333e0493fc6561073334718619fded3:0x357 
0xb39a75ab3333e0493fc6561073334718619fded3:0x358 
0xb39a75ab3333e0493fc6561073334718619fded3:0x359 
0xb39a75ab3333e0493fc6561073334718619fded3:0x35a 
0xb39a75ab3333e0493fc6561073334718619fded3:0x35b 
0xb39a75ab3333e0493fc6561073334718619fded3:0x35c 
0xb39a75ab3333e0493fc6561073334718619fded3:0x35d 
0xb39a75ab3333e0493fc6561073334718619fded3:0x35e 
0xb39a75ab3333e0493fc6561073334718619fded3:0x360 
0xb39a75ab3333e0493fc6561073334718619fded3:0x361 
0xb39a75ab3333e0493fc6561073334718619fded3:0x362 
0xb39a75ab3333e0493fc6561073334718619fded3:0x363 
0xb39a75ab3333e0493fc6561073334718619fded3:0x366 
0xb39a75ab3333e0493fc6561073334718619fded3:0x36c 
0xb39a75ab3333e0493fc6561073334718619fded3:0x36d 
0xb39a75ab3333e0493fc6561073334718619fded3:0x36e 
0xb39a75ab3333e0493fc6561073334718619fded3:0x36f 
0xb39a75ab3333e0493fc6561073334718619fded3:0x370 
0xb39a75ab3333e0493fc6561073334718619fded3:0xea 
0xb39a75ab3333e0493fc6561073334718619fded3:0xeb 
0xb39a75ab3333e0493fc6561073334718619fded3:0xed 
0xb39a75ab3333e0493fc6561073334718619fded3:0xee 
0xb39a75ab3333e0493fc6561073334718619fded3:0xef 
0xb39a75ab3333e0493fc6561073334718619fded3:0xf0 
0xb39a75ab3333e0493fc6561073334718619fded3:0xf1 
0xb39a75ab3333e0493fc6561073334718619fded3:0xf2 
0xb39a75ab3333e0493fc6561073334718619fded3:0xf4 
0xb39a75ab3333e0493fc6561073334718619fded3:0xf5 
0xb39a75ab3333e0493fc6561073334718619fded3:0xf6 
0xb39a75ab3333e0493fc6561073334718619fded3:0xf7 
0xb39a75ab3333e0493fc6561073334718619fded3:0xf8 
0xb39a75ab3333e0493fc6561073334718619fded3:0xfa 
0xb39a75ab3333e0493fc6561073334718619fded3:0xfb 
0xb39a75ab3333e0493fc6561073334718619fded3:0xfc 
0xb39a75ab3333e0493fc6561073334718619fded3:0xfd 
0xb39a75ab3333e0493fc6561073334718619fded3:0xfe 
0xb39a75ab3333e0493fc6561073334718619fded3:0xff 
---
0xb39a75ab3333e0493fc6561073334718619fded3:0x0 
0xb39a75ab3333e0493fc6561073334718619fded3:0x2 
0xb39a75ab3333e0493fc6561073334718619fded3:0x4 
0xb39a75ab3333e0493fc6561073334718619fded3:0x5 
0xb39a75ab3333e0493fc6561073334718619fded3:0x7 
0xb39a75ab3333e0493fc6561073334718619fded3:0x8 
0xb39a75ab3333e0493fc6561073334718619fded3:0x9 
0xb39a75ab3333e0493fc6561073334718619fded3:0xc 
0xb39a75ab3333e0493fc6561073334718619fded3:0xd 
0xb39a75ab3333e0493fc6561073334718619fded3:0xf 
0xb39a75ab3333e0493fc6561073334718619fded3:0x10 
0xb39a75ab3333e0493fc6561073334718619fded3:0x2e 
0xb39a75ab3333e0493fc6561073334718619fded3:0x2f 
0xb39a75ab3333e0493fc6561073334718619fded3:0x30 
0xb39a75ab3333e0493fc6561073334718619fded3:0x35 
0xb39a75ab3333e0493fc6561073334718619fded3:0x36 
0xb39a75ab3333e0493fc6561073334718619fded3:0x37 
0xb39a75ab3333e0493fc6561073334718619fded3:0x3c 
0xb39a75ab3333e0493fc6561073334718619fded3:0x3d 
0xb39a75ab3333e0493fc6561073334718619fded3:0x40 
0xb39a75ab3333e0493fc6561073334718619fded3:0x41 
0xb39a75ab3333e0493fc6561073334718619fded3:0x42 
0xb39a75ab3333e0493fc6561073334718619fded3:0x47 
0xb39a75ab3333e0493fc6561073334718619fded3:0x48 
0xb39a75ab3333e0493fc6561073334718619fded3:0x4b 
0xb39a75ab3333e0493fc6561073334718619fded3:0x4c 
0xb39a75ab3333e0493fc6561073334718619fded3:0x4d 
0xb39a75ab3333e0493fc6561073334718619fded3:0x52 
0xb39a75ab3333e0493fc6561073334718619fded3:0x53 
0xb39a75ab3333e0493fc6561073334718619fded3:0x56 
0xb39a75ab3333e0493fc6561073334718619fded3:0x57 
0xb39a75ab3333e0493fc6561073334718619fded3:0x58 
0xb39a75ab3333e0493fc6561073334718619fded3:0x5d 
0xb39a75ab3333e0493fc6561073334718619fded3:0x5e 
0xb39a75ab3333e0493fc6561073334718619fded3:0x61 
0xb39a75ab3333e0493fc6561073334718619fded3:0x62 
0xb39a75ab3333e0493fc6561073334718619fded3:0x63 
0xb39a75ab3333e0493fc6561073334718619fded3:0x68 
0xb39a75ab3333e0493fc6561073334718619fded3:0x69 
0xb39a75ab3333e0493fc6561073334718619fded3:0x6c 
0xb39a75ab3333e0493fc6561073334718619fded3:0x6d 
0xb39a75ab3333e0493fc6561073334718619fded3:0x6e 
0xb39a75ab3333e0493fc6561073334718619fded3:0x73 
0xb39a75ab3333e0493fc6561073334718619fded3:0x74 
0xb39a75ab3333e0493fc6561073334718619fded3:0x77 
0xb39a75ab3333e0493fc6561073334718619fded3:0x78 
0xb39a75ab3333e0493fc6561073334718619fded3:0x79 
0xb39a75ab3333e0493fc6561073334718619fded3:0x7e 
0xb39a75ab3333e0493fc6561073334718619fded3:0x7f 
0xb39a75ab3333e0493fc6561073334718619fded3:0x82 
0xb39a75ab3333e0493fc6561073334718619fded3:0x83 
0xb39a75ab3333e0493fc6561073334718619fded3:0x84 
0xb39a75ab3333e0493fc6561073334718619fded3:0x89 
0xb39a75ab3333e0493fc6561073334718619fded3:0x8a 
0xb39a75ab3333e0493fc6561073334718619fded3:0x8d 
0xb39a75ab3333e0493fc6561073334718619fded3:0x8e 
0xb39a75ab3333e0493fc6561073334718619fded3:0x8f 
0xb39a75ab3333e0493fc6561073334718619fded3:0x94 
0xb39a75ab3333e0493fc6561073334718619fded3:0x95 
0xb39a75ab3333e0493fc6561073334718619fded3:0x98 
0xb39a75ab3333e0493fc6561073334718619fded3:0x99 
0xb39a75ab3333e0493fc6561073334718619fded3:0x9a 
0xb39a75ab3333e0493fc6561073334718619fded3:0x9f 
0xb39a75ab3333e0493fc6561073334718619fded3:0xa0 
0xb39a75ab3333e0493fc6561073334718619fded3:0xa3 
0xb39a75ab3333e0493fc6561073334718619fded3:0xa4 
0xb39a75ab3333e0493fc6561073334718619fded3:0xa5 
0xb39a75ab3333e0493fc6561073334718619fded3:0xaa 
0xb39a75ab3333e0493fc6561073334718619fded3:0xab 
0xb39a75ab3333e0493fc6561073334718619fded3:0xae 
0xb39a75ab3333e0493fc6561073334718619fded3:0xaf 
0xb39a75ab3333e0493fc6561073334718619fded3:0xb0 
0xb39a75ab3333e0493fc6561073334718619fded3:0xb5 
0xb39a75ab3333e0493fc6561073334718619fded3:0xb6 
0xb39a75ab3333e0493fc6561073334718619fded3:0xb9 
0xb39a75ab3333e0493fc6561073334718619fded3:0x2f8 
0xb39a75ab3333e0493fc6561073334718619fded3:0x2f9 
0xb39a75ab3333e0493fc6561073334718619fded3:0x2fa 
0xb39a75ab3333e0493fc6561073334718619fded3:0x2fb 
0xb39a75ab3333e0493fc6561073334718619fded3:0x2fc 
0xb39a75ab3333e0493fc6561073334718619fded3:0x2ff 
0xb39a75ab3333e0493fc6561073334718619fded3:0x304 
0xb39a75ab3333e0493fc6561073334718619fded3:0x305 
0xb39a75ab3333e0493fc6561073334718619fded3:0x306 
0xb39a75ab3333e0493fc6561073334718619fded3:0x309 
0xb39a75ab3333e0493fc6561073334718619fded3:0x30c 
0xb39a75ab3333e0493fc6561073334718619fded3:0x5c2 
0xb39a75ab3333e0493fc6561073334718619fded3:0x5c3 
0xb39a75ab3333e0493fc6561073334718619fded3:0x5c5 
0xb39a75ab3333e0493fc6561073334718619fded3:0x5c7 
0xb39a75ab3333e0493fc6561073334718619fded3:0x5c8 
0xb39a75ab3333e0493fc6561073334718619fded3:0x5ca 
0xb39a75ab3333e0493fc6561073334718619fded3:0x5cb 
0xb39a75ab3333e0493fc6561073334718619fded3:0x5cc 
0xb39a75ab3333e0493fc6561073334718619fded3:0x5cd 
0xb39a75ab3333e0493fc6561073334718619fded3:0x5ce 
0xb39a75ab3333e0493fc6561073334718619fded3:0x5d1 
0xb39a75ab3333e0493fc6561073334718619fded3:0x5d2 
0xb39a75ab3333e0493fc6561073334718619fded3:0x5d3 
0xb39a75ab3333e0493fc6561073334718619fded3:0x5d5 
0xb39a75ab3333e0493fc6561073334718619fded3:0x5d7 
0xb39a75ab3333e0493fc6561073334718619fded3:0x5d8 
0xb39a75ab3333e0493fc6561073334718619fded3:0x5d9 
0xb39a75ab3333e0493fc6561073334718619fded3:0x5da 
0xb39a75ab3333e0493fc6561073334718619fded3:0x5dd 
0xb39a75ab3333e0493fc6561073334718619fded3:0x5de 
0xb39a75ab3333e0493fc6561073334718619fded3:0x5df 
0xb39a75ab3333e0493fc6561073334718619fded3:0x5e0 
0xb39a75ab3333e0493fc6561073334718619fded3:0x5e2 
0xb39a75ab3333e0493fc6561073334718619fded3:0x5e3 
0xb39a75ab3333e0493fc6561073334718619fded3:0x5e4 
0xb39a75ab3333e0493fc6561073334718619fded3:0x5e5 
0xb39a75ab3333e0493fc6561073334718619fded3:0x5e6 
0xb39a75ab3333e0493fc6561073334718619fded3:0x5e7 
0xb39a75ab3333e0493fc6561073334718619fded3:0x5e8 
0xb39a75ab3333e0493fc6561073334718619fded3:0x30d 
0xb39a75ab3333e0493fc6561073334718619fded3:0x30e 
0xb39a75ab3333e0493fc6561073334718619fded3:0x310 
0xb39a75ab3333e0493fc6561073334718619fded3:0x311 
0xb39a75ab3333e0493fc6561073334718619fded3:0x312 
0xb39a75ab3333e0493fc6561073334718619fded3:0x313 
0xb39a75ab3333e0493fc6561073334718619fded3:0x314 
0xb39a75ab3333e0493fc6561073334718619fded3:0x315 
0xb39a75ab3333e0493fc6561073334718619fded3:0x316 
0xb39a75ab3333e0493fc6561073334718619fded3:0x317 
0xb39a75ab3333e0493fc6561073334718619fded3:0x318 
0xb39a75ab3333e0493fc6561073334718619fded3:0x319 
0xb39a75ab3333e0493fc6561073334718619fded3:0x31b 
0xb39a75ab3333e0493fc6561073334718619fded3:0x31c 
0xb39a75ab3333e0493fc6561073334718619fded3:0x31d 
0xb39a75ab3333e0493fc6561073334718619fded3:0x31e 
0xb39a75ab3333e0493fc6561073334718619fded3:0x31f 
0xb39a75ab3333e0493fc6561073334718619fded3:0x321 
0xb39a75ab3333e0493fc6561073334718619fded3:0x322 
0xb39a75ab3333e0493fc6561073334718619fded3:0x323 
0xb39a75ab3333e0493fc6561073334718619fded3:0x324 
0xb39a75ab3333e0493fc6561073334718619fded3:0x325 
0xb39a75ab3333e0493fc6561073334718619fded3:0x326 
---
0xb39a75ab3333e0493fc6561073334718619fded3:0x0 
0xb39a75ab3333e0493fc6561073334718619fded3:0x2 
0xb39a75ab3333e0493fc6561073334718619fded3:0x4 
0xb39a75ab3333e0493fc6561073334718619fded3:0x5 
0xb39a75ab3333e0493fc6561073334718619fded3:0x7 
0xb39a75ab3333e0493fc6561073334718619fded3:0x8 
0xb39a75ab3333e0493fc6561073334718619fded3:0x9 
0xb39a75ab3333e0493fc6561073334718619fded3:0xc 
0xb39a75ab3333e0493fc6561073334718619fded3:0xd 
0xb39a75ab3333e0493fc6561073334718619fded3:0xf 
0xb39a75ab3333e0493fc6561073334718619fded3:0x10 
0xb39a75ab3333e0493fc6561073334718619fded3:0x2e 
0xb39a75ab3333e0493fc6561073334718619fded3:0x2f 
0xb39a75ab3333e0493fc6561073334718619fded3:0x30 
0xb39a75ab3333e0493fc6561073334718619fded3:0x35 
0xb39a75ab3333e0493fc6561073334718619fded3:0x36 
0xb39a75ab3333e0493fc6561073334718619fded3:0x37 
0xb39a75ab3333e0493fc6561073334718619fded3:0x3c 
0xb39a75ab3333e0493fc6561073334718619fded3:0x3d 
0xb39a75ab3333e0493fc6561073334718619fded3:0x40 
0xb39a75ab3333e0493fc6561073334718619fded3:0x41 
0xb39a75ab3333e0493fc6561073334718619fded3:0x42 
0xb39a75ab3333e0493fc6561073334718619fded3:0x47 
0xb39a75ab3333e0493fc6561073334718619fded3:0x48 
0xb39a75ab3333e0493fc6561073334718619fded3:0x4b 
0xb39a75ab3333e0493fc6561073334718619fded3:0x4c 
0xb39a75ab3333e0493fc6561073334718619fded3:0x4d 
0xb39a75ab3333e0493fc6561073334718619fded3:0x52 
0xb39a75ab3333e0493fc6561073334718619fded3:0x53 
0xb39a75ab3333e0493fc6561073334718619fded3:0x56 
0xb39a75ab3333e0493fc6561073334718619fded3:0x57 
0xb39a75ab3333e0493fc6561073334718619fded3:0x58 
0xb39a75ab3333e0493fc6561073334718619fded3:0x5d 
0xb39a75ab3333e0493fc6561073334718619fded3:0x5e 
0xb39a75ab3333e0493fc6561073334718619fded3:0x61 
0xb39a75ab3333e0493fc6561073334718619fded3:0x62 
0xb39a75ab3333e0493fc6561073334718619fded3:0x63 
0xb39a75ab3333e0493fc6561073334718619fded3:0x68 
0xb39a75ab3333e0493fc6561073334718619fded3:0x69 
0xb39a75ab3333e0493fc6561073334718619fded3:0x6c 
0xb39a75ab3333e0493fc6561073334718619fded3:0x185 
0xb39a75ab3333e0493fc6561073334718619fded3:0x186 
0xb39a75ab3333e0493fc6561073334718619fded3:0x187 
0xb39a75ab3333e0493fc6561073334718619fded3:0x188 
0xb39a75ab3333e0493fc6561073334718619fded3:0x189 
0xb39a75ab3333e0493fc6561073334718619fded3:0x18c 
0xb39a75ab3333e0493fc6561073334718619fded3:0x191 
0xb39a75ab3333e0493fc6561073334718619fded3:0x192 
0xb39a75ab3333e0493fc6561073334718619fded3:0x193 
0xb39a75ab3333e0493fc6561073334718619fded3:0x196 
0xb39a75ab3333e0493fc6561073334718619fded3:0x199 
0xb39a75ab3333e0493fc6561073334718619fded3:0x3d0 
0xb39a75ab3333e0493fc6561073334718619fded3:0x3d1 
0xb39a75ab3333e0493fc6561073334718619fded3:0x3d3 
0xb39a75ab3333e0493fc6561073334718619fded3:0x3d5 
0xb39a75ab3333e0493fc6561073334718619fded3:0x3d6 
0xb39a75ab3333e0493fc6561073334718619fded3:0x3d8 
0xb39a75ab3333e0493fc6561073334718619fded3:0x3d9 
0xb39a75ab3333e0493fc6561073334718619fded3:0x3da 
0xb39a75ab3333e0493fc6561073334718619fded3:0x3db 
0xb39a75ab3333e0493fc6561073334718619fded3:0x3dc 
0xb39a75ab3333e0493fc6561073334718619fded3:0x3df 
0xb39a75ab3333e0493fc6561073334718619fded3:0x3f2 
0xb39a75ab3333e0493fc6561073334718619fded3:0x3f3 
0xb39a75ab3333e0493fc6561073334718619fded3:0x3f4 
0xb39a75ab3333e0493fc6561073334718619fded3:0x3f5 
0xb39a75ab3333e0493fc6561073334718619fded3:0x3f6 
0xb39a75ab3333e0493fc6561073334718619fded3:0x19a 
0xb39a75ab3333e0493fc6561073334718619fded3:0x19b 
0xb39a75ab3333e0493fc6561073334718619fded3:0x19d 
0xb39a75ab3333e0493fc6561073334718619fded3:0x19e 
0xb39a75ab3333e0493fc6561073334718619fded3:0x19f 
0xb39a75ab3333e0493fc6561073334718619fded3:0x1a0 
0xb39a75ab3333e0493fc6561073334718619fded3:0x1a1 
0xb39a75ab3333e0493fc6561073334718619fded3:0x1a2 
0xb39a75ab3333e0493fc6561073334718619fded3:0x1a3 
0xb39a75ab3333e0493fc6561073334718619fded3:0x1a4 
0xb39a75ab3333e0493fc6561073334718619fded3:0x1a5 
0xb39a75ab3333e0493fc6561073334718619fded3:0x1a6 
0xb39a75ab3333e0493fc6561073334718619fded3:0x1a8 
0xb39a75ab3333e0493fc6561073334718619fded3:0x1a9 
0xb39a75ab3333e0493fc6561073334718619fded3:0x1aa 
0xb39a75ab3333e0493fc6561073334718619fded3:0x1ab 
0xb39a75ab3333e0493fc6561073334718619fded3:0x1ac 
0xb39a75ab3333e0493fc6561073334718619fded3:0x1ae 
0xb39a75ab3333e0493fc6561073334718619fded3:0x1af 
0xb39a75ab3333e0493fc6561073334718619fded3:0x1b0 
0xb39a75ab3333e0493fc6561073334718619fded3:0x1b1 
0xb39a75ab3333e0493fc6561073334718619fded3:0x1b2 
0xb39a75ab3333e0493fc6561073334718619fded3:0x1b3 
---
0xb39a75ab3333e0493fc6561073334718619fded3:0x0 
0xb39a75ab3333e0493fc6561073334718619fded3:0x2 
0xb39a75ab3333e0493fc6561073334718619fded3:0x4 
0xb39a75ab3333e0493fc6561073334718619fded3:0x5 
0xb39a75ab3333e0493fc6561073334718619fded3:0x7 
0xb39a75ab3333e0493fc6561073334718619fded3:0x8 
0xb39a75ab3333e0493fc6561073334718619fded3:0x9 
0xb39a75ab3333e0493fc6561073334718619fded3:0xc 
0xb39a75ab3333e0493fc6561073334718619fded3:0xd 
0xb39a75ab3333e0493fc6561073334718619fded3:0xf 
0xb39a75ab3333e0493fc6561073334718619fded3:0x10 
0xb39a75ab3333e0493fc6561073334718619fded3:0x2e 
0xb39a75ab3333e0493fc6561073334718619fded3:0x2f 
0xb39a75ab3333e0493fc6561073334718619fded3:0x30 
0xb39a75ab3333e0493fc6561073334718619fded3:0x35 
0xb39a75ab3333e0493fc6561073334718619fded3:0x36 
0xb39a75ab3333e0493fc6561073334718619fded3:0x37 
0xb39a75ab3333e0493fc6561073334718619fded3:0x3c 
0xb39a75ab3333e0493fc6561073334718619fded3:0x3d 
0xb39a75ab3333e0493fc6561073334718619fded3:0x40 
0xb39a75ab3333e0493fc6561073334718619fded3:0x41 
0xb39a75ab3333e0493fc6561073334718619fded3:0x42 
0xb39a75ab3333e0493fc6561073334718619fded3:0x47 
0xb39a75ab3333e0493fc6561073334718619fded3:0x48 
0xb39a75ab3333e0493fc6561073334718619fded3:0x4b 
0xb39a75ab3333e0493fc6561073334718619fded3:0x4c 
0xb39a75ab3333e0493fc6561073334718619fded3:0x4d 
0xb39a75ab3333e0493fc6561073334718619fded3:0x52 
0xb39a75ab3333e0493fc6561073334718619fded3:0x53 
0xb39a75ab3333e0493fc6561073334718619fded3:0x56 
0xb39a75ab3333e0493fc6561073334718619fded3:0x57 
0xb39a75ab3333e0493fc6561073334718619fded3:0x58 
0xb39a75ab3333e0493fc6561073334718619fded3:0x5d 
0xb39a75ab3333e0493fc6561073334718619fded3:0x5e 
0xb39a75ab3333e0493fc6561073334718619fded3:0x61 
0xb39a75ab3333e0493fc6561073334718619fded3:0x62 
0xb39a75ab3333e0493fc6561073334718619fded3:0x63 
0xb39a75ab3333e0493fc6561073334718619fded3:0x68 
0xb39a75ab3333e0493fc6561073334718619fded3:0x69 
0xb39a75ab3333e0493fc6561073334718619fded3:0x6c 
0xb39a75ab3333e0493fc6561073334718619fded3:0x6d 
0xb39a75ab3333e0493fc6561073334718619fded3:0x6e 
0xb39a75ab3333e0493fc6561073334718619fded3:0x73 
0xb39a75ab3333e0493fc6561073334718619fded3:0x74 
0xb39a75ab3333e0493fc6561073334718619fded3:0x77 
0xb39a75ab3333e0493fc6561073334718619fded3:0x78 
0xb39a75ab3333e0493fc6561073334718619fded3:0x79 
0xb39a75ab3333e0493fc6561073334718619fded3:0x7e 
0xb39a75ab3333e0493fc6561073334718619fded3:0x7f 
0xb39a75ab3333e0493fc6561073334718619fded3:0x82 
0xb39a75ab3333e0493fc6561073334718619fded3:0x1f9 
0xb39a75ab3333e0493fc6561073334718619fded3:0x1fa 
0xb39a75ab3333e0493fc6561073334718619fded3:0x1fb 
0xb39a75ab3333e0493fc6561073334718619fded3:0x1fc 
0xb39a75ab3333e0493fc6561073334718619fded3:0x1fd 
0xb39a75ab3333e0493fc6561073334718619fded3:0x200 
0xb39a75ab3333e0493fc6561073334718619fded3:0x205 
0xb39a75ab3333e0493fc6561073334718619fded3:0x206 
0xb39a75ab3333e0493fc6561073334718619fded3:0x207 
0xb39a75ab3333e0493fc6561073334718619fded3:0x20a 
0xb39a75ab3333e0493fc6561073334718619fded3:0x20d 
0xb39a75ab3333e0493fc6561073334718619fded3:0x46b 
0xb39a75ab3333e0493fc6561073334718619fded3:0x46c 
0xb39a75ab3333e0493fc6561073334718619fded3:0x46e 
0xb39a75ab3333e0493fc6561073334718619fded3:0x470 
0xb39a75ab3333e0493fc6561073334718619fded3:0x472 
0xb39a75ab3333e0493fc6561073334718619fded3:0x473 
0xb39a75ab3333e0493fc6561073334718619fded3:0x474 
0xb39a75ab3333e0493fc6561073334718619fded3:0x475 
0xb39a75ab3333e0493fc6561073334718619fded3:0x478 
0xb39a75ab3333e0493fc6561073334718619fded3:0x479 
0xb39a75ab3333e0493fc6561073334718619fded3:0x47a 
0xb39a75ab3333e0493fc6561073334718619fded3:0x47b 
0xb39a75ab3333e0493fc6561073334718619fded3:0x47d 
0xb39a75ab3333e0493fc6561073334718619fded3:0x47e 
0xb39a75ab3333e0493fc6561073334718619fded3:0x47f 
0xb39a75ab3333e0493fc6561073334718619fded3:0x480 
0xb39a75ab3333e0493fc6561073334718619fded3:0x481 
0xb39a75ab3333e0493fc6561073334718619fded3:0x20e 
0xb39a75ab3333e0493fc6561073334718619fded3:0x20f 
0xb39a75ab3333e0493fc6561073334718619fded3:0x211 
0xb39a75ab3333e0493fc6561073334718619fded3:0x212 
0xb39a75ab3333e0493fc6561073334718619fded3:0x213 
0xb39a75ab3333e0493fc6561073334718619fded3:0x214 
0xb39a75ab3333e0493fc6561073334718619fded3:0x215 
0xb39a75ab3333e0493fc6561073334718619fded3:0x216 
0xb39a75ab3333e0493fc6561073334718619fded3:0x217 
0xb39a75ab3333e0493fc6561073334718619fded3:0x218 
0xb39a75ab3333e0493fc6561073334718619fded3:0x219 
0xb39a75ab3333e0493fc6561073334718619fded3:0x21a 
0xb39a75ab3333e0493fc6561073334718619fded3:0x21c 
0xb39a75ab3333e0493fc6561073334718619fded3:0x21d 
0xb39a75ab3333e0493fc6561073334718619fded3:0x21e 
0xb39a75ab3333e0493fc6561073334718619fded3:0x21f 
0xb39a75ab3333e0493fc6561073334718619fded3:0x220 
0xb39a75ab3333e0493fc6561073334718619fded3:0x222 
0xb39a75ab3333e0493fc6561073334718619fded3:0x223 
0xb39a75ab3333e0493fc6561073334718619fded3:0x224 
0xb39a75ab3333e0493fc6561073334718619fded3:0x225 
0xb39a75ab3333e0493fc6561073334718619fded3:0x226 
0xb39a75ab3333e0493fc6561073334718619fded3:0x227 
