---
0xda23dc1853b12a6d89ae5a662a0092eb38346272:0x0 *
0xda23dc1853b12a6d89ae5a662a0092eb38346272:0x2 *
0xda23dc1853b12a6d89ae5a662a0092eb38346272:0x4 *
0xda23dc1853b12a6d89ae5a662a0092eb38346272:0x5 *
0xda23dc1853b12a6d89ae5a662a0092eb38346272:0x6 *
0xda23dc1853b12a6d89ae5a662a0092eb38346272:0x7 *
0xda23dc1853b12a6d89ae5a662a0092eb38346272:0x8 *
0xda23dc1853b12a6d89ae5a662a0092eb38346272:0xb *
0xda23dc1853b12a6d89ae5a662a0092eb38346272:0x10 *
0xda23dc1853b12a6d89ae5a662a0092eb38346272:0x11 *
0xda23dc1853b12a6d89ae5a662a0092eb38346272:0x12 *
0xda23dc1853b12a6d89ae5a662a0092eb38346272:0x14 *
0xda23dc1853b12a6d89ae5a662a0092eb38346272:0x15 *
0xda23dc1853b12a6d89ae5a662a0092eb38346272:0x18 *
0xda23dc1853b12a6d89ae5a662a0092eb38346272:0x19 *
0xda23dc1853b12a6d89ae5a662a0092eb38346272:0x1a *
0xda23dc1853b12a6d89ae5a662a0092eb38346272:0x1b *
0xda23dc1853b12a6d89ae5a662a0092eb38346272:0x1e *
0xda23dc1853b12a6d89ae5a662a0092eb38346272:0x1f *
0xda23dc1853b12a6d89ae5a662a0092eb38346272:0x20 *
0xda23dc1853b12a6d89ae5a662a0092eb38346272:0x21 *
0xda23dc1853b12a6d89ae5a662a0092eb38346272:0x22 *
0xda23dc1853b12a6d89ae5a662a0092eb38346272:0x23 *
0xda23dc1853b12a6d89ae5a662a0092eb38346272:0x25 *
0xda23dc1853b12a6d89ae5a662a0092eb38346272:0x26 *
0xda23dc1853b12a6d89ae5a662a0092eb38346272:0x28 *
0xda23dc1853b12a6d89ae5a662a0092eb38346272:0x29 *
0xda23dc1853b12a6d89ae5a662a0092eb38346272:0x2a *
0xda23dc1853b12a6d89ae5a662a0092eb38346272:0x2b *
0xda23dc1853b12a6d89ae5a662a0092eb38346272:0x2e *
0xda23dc1853b12a6d89ae5a662a0092eb38346272:0x33 *
0xda23dc1853b12a6d89ae5a662a0092eb38346272:0x34 *
0xda23dc1853b12a6d89ae5a662a0092eb38346272:0x35 *
0xda23dc1853b12a6d89ae5a662a0092eb38346272:0x36 *
0xda23dc1853b12a6d89ae5a662a0092eb38346272:0x37 *
0xda23dc1853b12a6d89ae5a662a0092eb38346272:0x38 *
0xda23dc1853b12a6d89ae5a662a0092eb38346272:0x39 *
0xda23dc1853b12a6d89ae5a662a0092eb38346272:0x3a *
0xda23dc1853b12a6d89ae5a662a0092eb38346272:0x3b *
0xda23dc1853b12a6d89ae5a662a0092eb38346272:0x3d *
0xda23dc1853b12a6d89ae5a662a0092eb38346272:0x3e *
0xda23dc1853b12a6d89ae5a662a0092eb38346272:0x3f *
0xda23dc1853b12a6d89ae5a662a0092eb38346272:0x40 *
0xda23dc1853b12a6d89ae5a662a0092eb38346272:0x41 *
0xda23dc1853b12a6d89ae5a662a0092eb38346272:0x42 *
0xda23dc1853b12a6d89ae5a662a0092eb38346272:0x43 *
0xda23dc1853b12a6d89ae5a662a0092eb38346272:0x44 *
0xda23dc1853b12a6d89ae5a662a0092eb38346272:0x45 *
0xda23dc1853b12a6d89ae5a662a0092eb38346272:0x47 *
0xda23dc1853b12a6d89ae5a662a0092eb38346272:0x48 *
0xda23dc1853b12a6d89ae5a662a0092eb38346272:0x49 *
0xda23dc1853b12a6d89ae5a662a0092eb38346272:0x4a *
0xda23dc1853b12a6d89ae5a662a0092eb38346272:0x4b *
0xda23dc1853b12a6d89ae5a662a0092eb38346272:0x4c *
0xda23dc1853b12a6d89ae5a662a0092eb38346272:0x4d *
0xda23dc1853b12a6d89ae5a662a0092eb38346272:0x4e *
0xda23dc1853b12a6d89ae5a662a0092eb38346272:0x4f *
0xda23dc1853b12a6d89ae5a662a0092eb38346272:0x50 *
0xda23dc1853b12a6d89ae5a662a0092eb38346272:0x52 *
0xda23dc1853b12a6d89ae5a662a0092eb38346272:0x54 *
0xda23dc1853b12a6d89ae5a662a0092eb38346272:0x57 *
0xda23dc1853b12a6d89ae5a662a0092eb38346272:0x58 *
0xda23dc1853b12a6d89ae5a662a0092eb38346272:0x59 *
0xda23dc1853b12a6d89ae5a662a0092eb38346272:0x5a *
0xda23dc1853b12a6d89ae5a662a0092eb38346272:0x5b *
0xda23dc1853b12a6d89ae5a662a0092eb38346272:0x70 *
0xda23dc1853b12a6d89ae5a662a0092eb38346272:0x71 *
0xda23dc1853b12a6d89ae5a662a0092eb38346272:0x72 *
0xda23dc1853b12a6d89ae5a662a0092eb38346272:0x73 *
0xda23dc1853b12a6d89ae5a662a0092eb38346272:0x74 *
0xda23dc1853b12a6d89ae5a662a0092eb38346272:0x75 *
0xda23dc1853b12a6d89ae5a662a0092eb38346272:0x8a *
0xda23dc1853b12a6d89ae5a662a0092eb38346272:0x8b *
0xda23dc1853b12a6d89ae5a662a0092eb38346272:0x8c *
0xda23dc1853b12a6d89ae5a662a0092eb38346272:0x8d *
0xda23dc1853b12a6d89ae5a662a0092eb38346272:0x8e *
0xda23dc1853b12a6d89ae5a662a0092eb38346272:0x8f *
0xda23dc1853b12a6d89ae5a662a0092eb38346272:0x90 *
0xda23dc1853b12a6d89ae5a662a0092eb38346272:0x91 *
0xda23dc1853b12a6d89ae5a662a0092eb38346272:0x93 *
0xda23dc1853b12a6d89ae5a662a0092eb38346272:0x95 *
0xda23dc1853b12a6d89ae5a662a0092eb38346272:0x98 *
0xda23dc1853b12a6d89ae5a662a0092eb38346272:0x99 *
0xda23dc1853b12a6d89ae5a662a0092eb38346272:0x9a *
0xda23dc1853b12a6d89ae5a662a0092eb38346272:0x9b *
0xda23dc1853b12a6d89ae5a662a0092eb38346272:0x9c *
0xda23dc1853b12a6d89ae5a662a0092eb38346272:0xb1 *
0xda23dc1853b12a6d89ae5a662a0092eb38346272:0xb2 *
0xda23dc1853b12a6d89ae5a662a0092eb38346272:0xb3 *
0xda23dc1853b12a6d89ae5a662a0092eb38346272:0xb4 *
0xda23dc1853b12a6d89ae5a662a0092eb38346272:0xb5 *
0xda23dc1853b12a6d89ae5a662a0092eb38346272:0xb6 *
0xda23dc1853b12a6d89ae5a662a0092eb38346272:0xcb *
0xda23dc1853b12a6d89ae5a662a0092eb38346272:0xcc *
0xda23dc1853b12a6d89ae5a662a0092eb38346272:0xcd *
0xda23dc1853b12a6d89ae5a662a0092eb38346272:0xce *
0xda23dc1853b12a6d89ae5a662a0092eb38346272:0xcf *
0xda23dc1853b12a6d89ae5a662a0092eb38346272:0xd0 *
0xda23dc1853b12a6d89ae5a662a0092eb38346272:0xd1 *
0xda23dc1853b12a6d89ae5a662a0092eb38346272:0xd3 *
0xda23dc1853b12a6d89ae5a662a0092eb38346272:0xd5 *
0xda23dc1853b12a6d89ae5a662a0092eb38346272:0xd6 *
0xda23dc1853b12a6d89ae5a662a0092eb38346272:0xd7 *
0xda23dc1853b12a6d89ae5a662a0092eb38346272:0xd8 *
0xda23dc1853b12a6d89ae5a662a0092eb38346272:0xd9 *
0xda23dc1853b12a6d89ae5a662a0092eb38346272:0xdb *
0xda23dc1853b12a6d89ae5a662a0092eb38346272:0xdc *
0xda23dc1853b12a6d89ae5a662a0092eb38346272:0xde *
0xda23dc1853b12a6d89ae5a662a0092eb38346272:0xe1 *
0xda23dc1853b12a6d89ae5a662a0092eb38346272:0xe2 *
0xda23dc1853b12a6d89ae5a662a0092eb38346272:0xe3 *
0xda23dc1853b12a6d89ae5a662a0092eb38346272:0xe4 *
0xda23dc1853b12a6d89ae5a662a0092eb38346272:0xe5 *
0xda23dc1853b12a6d89ae5a662a0092eb38346272:0xe7 *
0xda23dc1853b12a6d89ae5a662a0092eb38346272:0xe8 *
0xda23dc1853b12a6d89ae5a662a0092eb38346272:0xe9 *
0xda23dc1853b12a6d89ae5a662a0092eb38346272:0xea *
0xda23dc1853b12a6d89ae5a662a0092eb38346272:0xeb *
0xda23dc1853b12a6d89ae5a662a0092eb38346272:0xec *
0xda23dc1853b12a6d89ae5a662a0092eb38346272:0xee *
0xda23dc1853b12a6d89ae5a662a0092eb38346272:0xef *
0xda23dc1853b12a6d89ae5a662a0092eb38346272:0xf0 *
0xda23dc1853b12a6d89ae5a662a0092eb38346272:0xf1 *
0xda23dc1853b12a6d89ae5a662a0092eb38346272:0xf4 *
0xda23dc1853b12a6d89ae5a662a0092eb38346272:0xf6 *
0xda23dc1853b12a6d89ae5a662a0092eb38346272:0xf7 *
0xda23dc1853b12a6d89ae5a662a0092eb38346272:0xf8 *
0xda23dc1853b12a6d89ae5a662a0092eb38346272:0xf9 *
0xda23dc1853b12a6d89ae5a662a0092eb38346272:0xfa *
0xda23dc1853b12a6d89ae5a662a0092eb38346272:0xfb *
0xda23dc1853b12a6d89ae5a662a0092eb38346272:0xfc *
0xda23dc1853b12a6d89ae5a662a0092eb38346272:0xfd *
0xda23dc1853b12a6d89ae5a662a0092eb38346272:0xfe *
0xda23dc1853b12a6d89ae5a662a0092eb38346272:0x101 *
0xda23dc1853b12a6d89ae5a662a0092eb38346272:0x102 *
0xda23dc1853b12a6d89ae5a662a0092eb38346272:0x105 *
0xda23dc1853b12a6d89ae5a662a0092eb38346272:0x107 *
0xda23dc1853b12a6d89ae5a662a0092eb38346272:0x108 *
0xda23dc1853b12a6d89ae5a662a0092eb38346272:0x10a *
---
0xda23dc1853b12a6d89ae5a662a0092eb38346272:0x0 
0xda23dc1853b12a6d89ae5a662a0092eb38346272:0x2 
0xda23dc1853b12a6d89ae5a662a0092eb38346272:0x4 
0xda23dc1853b12a6d89ae5a662a0092eb38346272:0x5 
0xda23dc1853b12a6d89ae5a662a0092eb38346272:0x6 
0xda23dc1853b12a6d89ae5a662a0092eb38346272:0x7 
0xda23dc1853b12a6d89ae5a662a0092eb38346272:0x8 
0xda23dc1853b12a6d89ae5a662a0092eb38346272:0xb 
0xda23dc1853b12a6d89ae5a662a0092eb38346272:0x10 
0xda23dc1853b12a6d89ae5a662a0092eb38346272:0x11 
0xda23dc1853b12a6d89ae5a662a0092eb38346272:0x12 
0xda23dc1853b12a6d89ae5a662a0092eb38346272:0x14 
0xda23dc1853b12a6d89ae5a662a0092eb38346272:0x15 
0xda23dc1853b12a6d89ae5a662a0092eb38346272:0x16 
0xda23dc1853b12a6d89ae5a662a0092eb38346272:0x19 
0xda23dc1853b12a6d89ae5a662a0092eb38346272:0x1a 
0xda23dc1853b12a6d89ae5a662a0092eb38346272:0x1c 
0xda23dc1853b12a6d89ae5a662a0092eb38346272:0x1d 
0xda23dc1853b12a6d89ae5a662a0092eb38346272:0x1f 
0xda23dc1853b12a6d89ae5a662a0092eb38346272:0x20 
0xda23dc1853b12a6d89ae5a662a0092eb38346272:0x21 
0xda23dc1853b12a6d89ae5a662a0092eb38346272:0x26 
0xda23dc1853b12a6d89ae5a662a0092eb38346272:0x27 
0xda23dc1853b12a6d89ae5a662a0092eb38346272:0x2a 
0xda23dc1853b12a6d89ae5a662a0092eb38346272:0x8c 
0xda23dc1853b12a6d89ae5a662a0092eb38346272:0x8d 
0xda23dc1853b12a6d89ae5a662a0092eb38346272:0x8e 
0xda23dc1853b12a6d89ae5a662a0092eb38346272:0x93 
0xda23dc1853b12a6d89ae5a662a0092eb38346272:0x94 
0xda23dc1853b12a6d89ae5a662a0092eb38346272:0x97 
0xda23dc1853b12a6d89ae5a662a0092eb38346272:0x98 
0xda23dc1853b12a6d89ae5a662a0092eb38346272:0x99 
0xda23dc1853b12a6d89ae5a662a0092eb38346272:0x9e 
0xda23dc1853b12a6d89ae5a662a0092eb38346272:0x9f 
0xda23dc1853b12a6d89ae5a662a0092eb38346272:0xa2 
0xda23dc1853b12a6d89ae5a662a0092eb38346272:0xa3 
0xda23dc1853b12a6d89ae5a662a0092eb38346272:0xa4 
0xda23dc1853b12a6d89ae5a662a0092eb38346272:0xa9 
0xda23dc1853b12a6d89ae5a662a0092eb38346272:0xaa 
0xda23dc1853b12a6d89ae5a662a0092eb38346272:0xad 
0xda23dc1853b12a6d89ae5a662a0092eb38346272:0xae 
0xda23dc1853b12a6d89ae5a662a0092eb38346272:0xaf 
0xda23dc1853b12a6d89ae5a662a0092eb38346272:0xb4 
0xda23dc1853b12a6d89ae5a662a0092eb38346272:0xb5 
0xda23dc1853b12a6d89ae5a662a0092eb38346272:0xb8 
0xda23dc1853b12a6d89ae5a662a0092eb38346272:0xb9 
0xda23dc1853b12a6d89ae5a662a0092eb38346272:0xba 
0xda23dc1853b12a6d89ae5a662a0092eb38346272:0xbf 
0xda23dc1853b12a6d89ae5a662a0092eb38346272:0xc0 
0xda23dc1853b12a6d89ae5a662a0092eb38346272:0xc3 
0xda23dc1853b12a6d89ae5a662a0092eb38346272:0xc4 
0xda23dc1853b12a6d89ae5a662a0092eb38346272:0xc5 
0xda23dc1853b12a6d89ae5a662a0092eb38346272:0xca 
0xda23dc1853b12a6d89ae5a662a0092eb38346272:0xcb 
0xda23dc1853b12a6d89ae5a662a0092eb38346272:0xce 
0xda23dc1853b12a6d89ae5a662a0092eb38346272:0x1c2 
0xda23dc1853b12a6d89ae5a662a0092eb38346272:0x1c3 
0xda23dc1853b12a6d89ae5a662a0092eb38346272:0x1c6 
0xda23dc1853b12a6d89ae5a662a0092eb38346272:0x1c9 
0xda23dc1853b12a6d89ae5a662a0092eb38346272:0x595 
0xda23dc1853b12a6d89ae5a662a0092eb38346272:0x596 
0xda23dc1853b12a6d89ae5a662a0092eb38346272:0x598 
0xda23dc1853b12a6d89ae5a662a0092eb38346272:0x599 
0xda23dc1853b12a6d89ae5a662a0092eb38346272:0x59b 
0xda23dc1853b12a6d89ae5a662a0092eb38346272:0x59c 
0xda23dc1853b12a6d89ae5a662a0092eb38346272:0x59d 
0xda23dc1853b12a6d89ae5a662a0092eb38346272:0x59e 
0xda23dc1853b12a6d89ae5a662a0092eb38346272:0x5a1 
0xda23dc1853b12a6d89ae5a662a0092eb38346272:0x5a3 
0xda23dc1853b12a6d89ae5a662a0092eb38346272:0x5a4 
0xda23dc1853b12a6d89ae5a662a0092eb38346272:0x5a6 
0xda23dc1853b12a6d89ae5a662a0092eb38346272:0x5a7 
0xda23dc1853b12a6d89ae5a662a0092eb38346272:0x5a8 
0xda23dc1853b12a6d89ae5a662a0092eb38346272:0x5a9 
0xda23dc1853b12a6d89ae5a662a0092eb38346272:0x5aa 
0xda23dc1853b12a6d89ae5a662a0092eb38346272:0x5ad 
0xda23dc1853b12a6d89ae5a662a0092eb38346272:0x5ae 
0xda23dc1853b12a6d89ae5a662a0092eb38346272:0x5af 
0xda23dc1853b12a6d89ae5a662a0092eb38346272:0x5b0 
0xda23dc1853b12a6d89ae5a662a0092eb38346272:0x5b2 
0xda23dc1853b12a6d89ae5a662a0092eb38346272:0x5b3 
0xda23dc1853b12a6d89ae5a662a0092eb38346272:0x5b5 
0xda23dc1853b12a6d89ae5a662a0092eb38346272:0x5b6 
0xda23dc1853b12a6d89ae5a662a0092eb38346272:0x5b7 
0xda23dc1853b12a6d89ae5a662a0092eb38346272:0x5b8 
0xda23dc1853b12a6d89ae5a662a0092eb38346272:0x5bb 
0xda23dc1853b12a6d89ae5a662a0092eb38346272:0x5bd 
0xda23dc1853b12a6d89ae5a662a0092eb38346272:0x5be 
0xda23dc1853b12a6d89ae5a662a0092eb38346272:0x5bf 
0xda23dc1853b12a6d89ae5a662a0092eb38346272:0x5c0 
0xda23dc1853b12a6d89ae5a662a0092eb38346272:0x5c1 
0xda23dc1853b12a6d89ae5a662a0092eb38346272:0x5c2 
0xda23dc1853b12a6d89ae5a662a0092eb38346272:0x1ca 
0xda23dc1853b12a6d89ae5a662a0092eb38346272:0x1cb 
0xda23dc1853b12a6d89ae5a662a0092eb38346272:0x1cd 
0xda23dc1853b12a6d89ae5a662a0092eb38346272:0x1ce 
0xda23dc1853b12a6d89ae5a662a0092eb38346272:0x1cf 
0xda23dc1853b12a6d89ae5a662a0092eb38346272:0x1d0 
0xda23dc1853b12a6d89ae5a662a0092eb38346272:0x1d1 
0xda23dc1853b12a6d89ae5a662a0092eb38346272:0x1d2 
0xda23dc1853b12a6d89ae5a662a0092eb38346272:0x1d3 
0xda23dc1853b12a6d89ae5a662a0092eb38346272:0x1d4 
0xda23dc1853b12a6d89ae5a662a0092eb38346272:0x1d5 
0xda23dc1853b12a6d89ae5a662a0092eb38346272:0x1d6 
0xda23dc1853b12a6d89ae5a662a0092eb38346272:0x1d8 
0xda23dc1853b12a6d89ae5a662a0092eb38346272:0x1d9 
0xda23dc1853b12a6d89ae5a662a0092eb38346272:0x1da 
0xda23dc1853b12a6d89ae5a662a0092eb38346272:0x1db 
0xda23dc1853b12a6d89ae5a662a0092eb38346272:0x1dc 
0xda23dc1853b12a6d89ae5a662a0092eb38346272:0x1de 
0xda23dc1853b12a6d89ae5a662a0092eb38346272:0x1df 
0xda23dc1853b12a6d89ae5a662a0092eb38346272:0x1e0 
0xda23dc1853b12a6d89ae5a662a0092eb38346272:0x1e1 
0xda23dc1853b12a6d89ae5a662a0092eb38346272:0x1e2 
0xda23dc1853b12a6d89ae5a662a0092eb38346272:0x1e3 
---
0xda23dc1853b12a6d89ae5a662a0092eb38346272:0x0 
0xda23dc1853b12a6d89ae5a662a0092eb38346272:0x2 
0xda23dc1853b12a6d89ae5a662a0092eb38346272:0x4 
0xda23dc1853b12a6d89ae5a662a0092eb38346272:0x5 
0xda23dc1853b12a6d89ae5a662a0092eb38346272:0x6 
0xda23dc1853b12a6d89ae5a662a0092eb38346272:0x7 
0xda23dc1853b12a6d89ae5a662a0092eb38346272:0x8 
0xda23dc1853b12a6d89ae5a662a0092eb38346272:0xb 
0xda23dc1853b12a6d89ae5a662a0092eb38346272:0x10 
0xda23dc1853b12a6d89ae5a662a0092eb38346272:0x11 
0xda23dc1853b12a6d89ae5a662a0092eb38346272:0x12 
0xda23dc1853b12a6d89ae5a662a0092eb38346272:0x14 
0xda23dc1853b12a6d89ae5a662a0092eb38346272:0x15 
0xda23dc1853b12a6d89ae5a662a0092eb38346272:0x16 
0xda23dc1853b12a6d89ae5a662a0092eb38346272:0x19 
0xda23dc1853b12a6d89ae5a662a0092eb38346272:0x1a 
0xda23dc1853b12a6d89ae5a662a0092eb38346272:0x1c 
0xda23dc1853b12a6d89ae5a662a0092eb38346272:0x1d 
0xda23dc1853b12a6d89ae5a662a0092eb38346272:0x1f 
0xda23dc1853b12a6d89ae5a662a0092eb38346272:0x20 
0xda23dc1853b12a6d89ae5a662a0092eb38346272:0x21 
0xda23dc1853b12a6d89ae5a662a0092eb38346272:0x26 
0xda23dc1853b12a6d89ae5a662a0092eb38346272:0x27 
0xda23dc1853b12a6d89ae5a662a0092eb38346272:0x2a 
0xda23dc1853b12a6d89ae5a662a0092eb38346272:0x2b 
0xda23dc1853b12a6d89ae5a662a0092eb38346272:0x2c 
0xda23dc1853b12a6d89ae5a662a0092eb38346272:0x31 
0xda23dc1853b12a6d89ae5a662a0092eb38346272:0x32 
0xda23dc1853b12a6d89ae5a662a0092eb38346272:0x35 
0xda23dc1853b12a6d89ae5a662a0092eb38346272:0x36 
0xda23dc1853b12a6d89ae5a662a0092eb38346272:0x37 
0xda23dc1853b12a6d89ae5a662a0092eb38346272:0x3c 
0xda23dc1853b12a6d89ae5a662a0092eb38346272:0x3d 
0xda23dc1853b12a6d89ae5a662a0092eb38346272:0x40 
0xda23dc1853b12a6d89ae5a662a0092eb38346272:0x41 
0xda23dc1853b12a6d89ae5a662a0092eb38346272:0x42 
0xda23dc1853b12a6d89ae5a662a0092eb38346272:0x47 
0xda23dc1853b12a6d89ae5a662a0092eb38346272:0x48 
0xda23dc1853b12a6d89ae5a662a0092eb38346272:0x4b 
0xda23dc1853b12a6d89ae5a662a0092eb38346272:0x369 
0xda23dc1853b12a6d89ae5a662a0092eb38346272:0x36a 
0xda23dc1853b12a6d89ae5a662a0092eb38346272:0x36d 
0xda23dc1853b12a6d89ae5a662a0092eb38346272:0x370 
0xda23dc1853b12a6d89ae5a662a0092eb38346272:0x88d 
0xda23dc1853b12a6d89ae5a662a0092eb38346272:0x88e 
0xda23dc1853b12a6d89ae5a662a0092eb38346272:0x890 
0xda23dc1853b12a6d89ae5a662a0092eb38346272:0x892 
0xda23dc1853b12a6d89ae5a662a0092eb38346272:0x893 
0xda23dc1853b12a6d89ae5a662a0092eb38346272:0x894 
0xda23dc1853b12a6d89ae5a662a0092eb38346272:0x895 
0xda23dc1853b12a6d89ae5a662a0092eb38346272:0x896 
0xda23dc1853b12a6d89ae5a662a0092eb38346272:0x899 
0xda23dc1853b12a6d89ae5a662a0092eb38346272:0x89b 
0xda23dc1853b12a6d89ae5a662a0092eb38346272:0x89c 
0xda23dc1853b12a6d89ae5a662a0092eb38346272:0x89e 
0xda23dc1853b12a6d89ae5a662a0092eb38346272:0x89f 
0xda23dc1853b12a6d89ae5a662a0092eb38346272:0x8a0 
0xda23dc1853b12a6d89ae5a662a0092eb38346272:0x8a1 
0xda23dc1853b12a6d89ae5a662a0092eb38346272:0x8a2 
0xda23dc1853b12a6d89ae5a662a0092eb38346272:0x8a5 
0xda23dc1853b12a6d89ae5a662a0092eb38346272:0x8a6 
0xda23dc1853b12a6d89ae5a662a0092eb38346272:0x8a7 
0xda23dc1853b12a6d89ae5a662a0092eb38346272:0x8a8 
0xda23dc1853b12a6d89ae5a662a0092eb38346272:0x8aa 
0xda23dc1853b12a6d89ae5a662a0092eb38346272:0x8ab 
0xda23dc1853b12a6d89ae5a662a0092eb38346272:0x8ad 
0xda23dc1853b12a6d89ae5a662a0092eb38346272:0x8ae 
0xda23dc1853b12a6d89ae5a662a0092eb38346272:0x8af 
0xda23dc1853b12a6d89ae5a662a0092eb38346272:0x8b0 
0xda23dc1853b12a6d89ae5a662a0092eb38346272:0x8b3 
0xda23dc1853b12a6d89ae5a662a0092eb38346272:0x8b5 
0xda23dc1853b12a6d89ae5a662a0092eb38346272:0x8b6 
0xda23dc1853b12a6d89ae5a662a0092eb38346272:0x8b7 
0xda23dc1853b12a6d89ae5a662a0092eb38346272:0x8b8 
0xda23dc1853b12a6d89ae5a662a0092eb38346272:0x8b9 
0xda23dc1853b12a6d89ae5a662a0092eb38346272:0x8ba 
0xda23dc1853b12a6d89ae5a662a0092eb38346272:0x371 
0xda23dc1853b12a6d89ae5a662a0092eb38346272:0x372 
0xda23dc1853b12a6d89ae5a662a0092eb38346272:0x374 
0xda23dc1853b12a6d89ae5a662a0092eb38346272:0x375 
0xda23dc1853b12a6d89ae5a662a0092eb38346272:0x376 
0xda23dc1853b12a6d89ae5a662a0092eb38346272:0x377 
0xda23dc1853b12a6d89ae5a662a0092eb38346272:0x378 
0xda23dc1853b12a6d89ae5a662a0092eb38346272:0x379 
0xda23dc1853b12a6d89ae5a662a0092eb38346272:0x37a 
0xda23dc1853b12a6d89ae5a662a0092eb38346272:0x37b 
0xda23dc1853b12a6d89ae5a662a0092eb38346272:0x37c 
0xda23dc1853b12a6d89ae5a662a0092eb38346272:0x37d 
0xda23dc1853b12a6d89ae5a662a0092eb38346272:0x37f 
0xda23dc1853b12a6d89ae5a662a0092eb38346272:0x380 
0xda23dc1853b12a6d89ae5a662a0092eb38346272:0x381 
0xda23dc1853b12a6d89ae5a662a0092eb38346272:0x382 
0xda23dc1853b12a6d89ae5a662a0092eb38346272:0x383 
0xda23dc1853b12a6d89ae5a662a0092eb38346272:0x385 
0xda23dc1853b12a6d89ae5a662a0092eb38346272:0x386 
0xda23dc1853b12a6d89ae5a662a0092eb38346272:0x387 
0xda23dc1853b12a6d89ae5a662a0092eb38346272:0x388 
0xda23dc1853b12a6d89ae5a662a0092eb38346272:0x389 
0xda23dc1853b12a6d89ae5a662a0092eb38346272:0x38a 
---
0xda23dc1853b12a6d89ae5a662a0092eb38346272:0x0 
0xda23dc1853b12a6d89ae5a662a0092eb38346272:0x2 
0xda23dc1853b12a6d89ae5a662a0092eb38346272:0x4 
0xda23dc1853b12a6d89ae5a662a0092eb38346272:0x5 
0xda23dc1853b12a6d89ae5a662a0092eb38346272:0x6 
0xda23dc1853b12a6d89ae5a662a0092eb38346272:0x7 
0xda23dc1853b12a6d89ae5a662a0092eb38346272:0x8 
0xda23dc1853b12a6d89ae5a662a0092eb38346272:0xb 
0xda23dc1853b12a6d89ae5a662a0092eb38346272:0x10 
0xda23dc1853b12a6d89ae5a662a0092eb38346272:0x11 
0xda23dc1853b12a6d89ae5a662a0092eb38346272:0x12 
0xda23dc1853b12a6d89ae5a662a0092eb38346272:0x14 
0xda23dc1853b12a6d89ae5a662a0092eb38346272:0x15 
0xda23dc1853b12a6d89ae5a662a0092eb38346272:0x16 
0xda23dc1853b12a6d89ae5a662a0092eb38346272:0x19 
0xda23dc1853b12a6d89ae5a662a0092eb38346272:0x1a 
0xda23dc1853b12a6d89ae5a662a0092eb38346272:0x1c 
0xda23dc1853b12a6d89ae5a662a0092eb38346272:0x1d 
0xda23dc1853b12a6d89ae5a662a0092eb38346272:0x1f 
0xda23dc1853b12a6d89ae5a662a0092eb38346272:0x20 
0xda23dc1853b12a6d89ae5a662a0092eb38346272:0x21 
0xda23dc1853b12a6d89ae5a662a0092eb38346272:0x26 
0xda23dc1853b12a6d89ae5a662a0092eb38346272:0x27 
0xda23dc1853b12a6d89ae5a662a0092eb38346272:0x2a 
0xda23dc1853b12a6d89ae5a662a0092eb38346272:0x8c 
0xda23dc1853b12a6d89ae5a662a0092eb38346272:0x8d 
0xda23dc1853b12a6d89ae5a662a0092eb38346272:0x8e 
0xda23dc1853b12a6d89ae5a662a0092eb38346272:0x93 
0xda23dc1853b12a6d89ae5a662a0092eb38346272:0x94 
0xda23dc1853b12a6d89ae5a662a0092eb38346272:0x97 
0xda23dc1853b12a6d89ae5a662a0092eb38346272:0x98 
0xda23dc1853b12a6d89ae5a662a0092eb38346272:0x99 
0xda23dc1853b12a6d89ae5a662a0092eb38346272:0x9e 
0xda23dc1853b12a6d89ae5a662a0092eb38346272:0x9f 
0xda23dc1853b12a6d89ae5a662a0092eb38346272:0xa2 
0xda23dc1853b12a6d89ae5a662a0092eb38346272:0xa3 
0xda23dc1853b12a6d89ae5a662a0092eb38346272:0xa4 
0xda23dc1853b12a6d89ae5a662a0092eb38346272:0xa9 
0xda23dc1853b12a6d89ae5a662a0092eb38346272:0xaa 
0xda23dc1853b12a6d89ae5a662a0092eb38346272:0xad 
0xda23dc1853b12a6d89ae5a662a0092eb38346272:0xae 
0xda23dc1853b12a6d89ae5a662a0092eb38346272:0xaf 
0xda23dc1853b12a6d89ae5a662a0092eb38346272:0xb4 
0xda23dc1853b12a6d89ae5a662a0092eb38346272:0xb5 
0xda23dc1853b12a6d89ae5a662a0092eb38346272:0xb8 
0xda23dc1853b12a6d89ae5a662a0092eb38346272:0x172 
0xda23dc1853b12a6d89ae5a662a0092eb38346272:0x173 
0xda23dc1853b12a6d89ae5a662a0092eb38346272:0x176 
0xda23dc1853b12a6d89ae5a662a0092eb38346272:0x179 
0xda23dc1853b12a6d89ae5a662a0092eb38346272:0x4d2 
0xda23dc1853b12a6d89ae5a662a0092eb38346272:0x4d3 
0xda23dc1853b12a6d89ae5a662a0092eb38346272:0x4d5 
0xda23dc1853b12a6d89ae5a662a0092eb38346272:0x4d7 
0xda23dc1853b12a6d89ae5a662a0092eb38346272:0x4d8 
0xda23dc1853b12a6d89ae5a662a0092eb38346272:0x4d9 
0xda23dc1853b12a6d89ae5a662a0092eb38346272:0x4da 
0xda23dc1853b12a6d89ae5a662a0092eb38346272:0x4db 
0xda23dc1853b12a6d89ae5a662a0092eb38346272:0x4de 
0xda23dc1853b12a6d89ae5a662a0092eb38346272:0x4e0 
0xda23dc1853b12a6d89ae5a662a0092eb38346272:0x4e1 
0xda23dc1853b12a6d89ae5a662a0092eb38346272:0x4e3 
0xda23dc1853b12a6d89ae5a662a0092eb38346272:0x4e4 
0xda23dc1853b12a6d89ae5a662a0092eb38346272:0x4e5 
0xda23dc1853b12a6d89ae5a662a0092eb38346272:0x4e6 
0xda23dc1853b12a6d89ae5a662a0092eb38346272:0x4e7 
0xda23dc1853b12a6d89ae5a662a0092eb38346272:0x4ea 
0xda23dc1853b12a6d89ae5a662a0092eb38346272:0x4eb 
0xda23dc1853b12a6d89ae5a662a0092eb38346272:0x4ec 
0xda23dc1853b12a6d89ae5a662a0092eb38346272:0x4ed 
0xda23dc1853b12a6d89ae5a662a0092eb38346272:0x4ef 
0xda23dc1853b12a6d89ae5a662a0092eb38346272:0x4f0 
0xda23dc1853b12a6d89ae5a662a0092eb38346272:0x4f2 
0xda23dc1853b12a6d89ae5a662a0092eb38346272:0x4f3 
0xda23dc1853b12a6d89ae5a662a0092eb38346272:0x4f4 
0xda23dc1853b12a6d89ae5a662a0092eb38346272:0x4f5 
0xda23dc1853b12a6d89ae5a662a0092eb38346272:0x4f8 
0xda23dc1853b12a6d89ae5a662a0092eb38346272:0x4fa 
0xda23dc1853b12a6d89ae5a662a0092eb38346272:0x4fb 
0xda23dc1853b12a6d89ae5a662a0092eb38346272:0x4fc 
0xda23dc1853b12a6d89ae5a662a0092eb38346272:0x4fd 
0xda23dc1853b12a6d89ae5a662a0092eb38346272:0x4fe 
0xda23dc1853b12a6d89ae5a662a0092eb38346272:0x4ff 
0xda23dc1853b12a6d89ae5a662a0092eb38346272:0x17a 
0xda23dc1853b12a6d89ae5a662a0092eb38346272:0x17b 
0xda23dc1853b12a6d89ae5a662a0092eb38346272:0x17d 
0xda23dc1853b12a6d89ae5a662a0092eb38346272:0x17e 
0xda23dc1853b12a6d89ae5a662a0092eb38346272:0x17f 
0xda23dc1853b12a6d89ae5a662a0092eb38346272:0x180 
0xda23dc1853b12a6d89ae5a662a0092eb38346272:0x181 
0xda23dc1853b12a6d89ae5a662a0092eb38346272:0x182 
0xda23dc1853b12a6d89ae5a662a0092eb38346272:0x183 
0xda23dc1853b12a6d89ae5a662a0092eb38346272:0x184 
0xda23dc1853b12a6d89ae5a662a0092eb38346272:0x185 
0xda23dc1853b12a6d89ae5a662a0092eb38346272:0x186 
0xda23dc1853b12a6d89ae5a662a0092eb38346272:0x188 
0xda23dc1853b12a6d89ae5a662a0092eb38346272:0x189 
0xda23dc1853b12a6d89ae5a662a0092eb38346272:0x18a 
0xda23dc1853b12a6d89ae5a662a0092eb38346272:0x18b 
0xda23dc1853b12a6d89ae5a662a0092eb38346272:0x18c 
0xda23dc1853b12a6d89ae5a662a0092eb38346272:0x18e 
0xda23dc1853b12a6d89ae5a662a0092eb38346272:0x18f 
0xda23dc1853b12a6d89ae5a662a0092eb38346272:0x190 
0xda23dc1853b12a6d89ae5a662a0092eb38346272:0x191 
0xda23dc1853b12a6d89ae5a662a0092eb38346272:0x192 
0xda23dc1853b12a6d89ae5a662a0092eb38346272:0x193 
