---
0xda23dc1853b12a6d89ae5a662a0092eb38346272:0x0 *
0xda23dc1853b12a6d89ae5a662a0092eb38346272:0x2 *
0xda23dc1853b12a6d89ae5a662a0092eb38346272:0x4 *
0xda23dc1853b12a6d89ae5a662a0092eb38346272:0x5 *
0xda23dc1853b12a6d89ae5a662a0092eb38346272:0x6 *
0xda23dc1853b12a6d89ae5a662a0092eb38346272:0x7 *
0xda23dc1853b12a6d89ae5a662a0092eb38346272:0x8 *
0xda23dc1853b12a6d89ae5a662a0092eb38346272:0xb *
0xda23dc1853b12a6d89ae5a662a0092eb38346272:0x10 *
0xda23dc1853b12a6d89ae5a662a0092eb38346272:0x11 *
0xda23dc1853b12a6d89ae5a662a0092eb38346272:0x12 *
0xda23dc1853b12a6d89ae5a662a0092eb38346272:0x14 *
0xda23dc1853b12a6d89ae5a662a0092eb38346272:0x15 *
0xda23dc1853b12a6d89ae5a662a0092eb38346272:0x18 *
0xda23dc1853b12a6d89ae5a662a0092eb38346272:0x19 *
0xda23dc1853b12a6d89ae5a662a0092eb38346272:0x1a *
0xda23dc1853b12a6d89ae5a662a0092eb38346272:0x1b *
0xda23dc1853b12a6d89ae5a662a0092eb38346272:0x1e *
0xda23dc1853b12a6d89ae5a662a0092eb38346272:0x1f *
0xda23dc1853b12a6d89ae5a662a0092eb38346272:0x20 *
0xda23dc1853b12a6d89ae5a662a0092eb38346272:0x21 *
0xda23dc1853b12a6d89ae5a662a0092eb38346272:0x22 *
0xda23dc1853b12a6d89ae5a662a0092eb38346272:0x23 *
0xda23dc1853b12a6d89ae5a662a0092eb38346272:0x25 *
0xda23dc1853b12a6d89ae5a662a0092eb38346272:0x26 *
0xda23dc1853b12a6d89ae5a662a0092eb38346272:0x28 *
0xda23dc1853b12a6d89ae5a662a0092eb38346272:0x29 *
0xda23dc1853b12a6d89ae5a662a0092eb38346272:0x2a *
0xda23dc1853b12a6d89ae5a662a0092eb38346272:0x2b *
0xda23dc1853b12a6d89ae5a662a0092eb38346272:0x2e *
0xda23dc1853b12a6d89ae5a662a0092eb38346272:0x33 *
0xda23dc1853b12a6d89ae5a662a0092eb38346272:0x34 *
0xda23dc1853b12a6d89ae5a662a0092eb38346272:0x35 *
0xda23dc1853b12a6d89ae5a662a0092eb38346272:0x36 *
0xda23dc1853b12a6d89ae5a662a0092eb38346272:0x37 *
0xda23dc1853b12a6d89ae5a662a0092eb38346272:0x38 *
0xda23dc1853b12a6d89ae5a662a0092eb38346272:0x39 *
0xda23dc1853b12a6d89ae5a662a0092eb38346272:0x3a *
0xda23dc1853b12a6d89ae5a662a0092eb38346272:0x3b *
0xda23dc1853b12a6d89ae5a662a0092eb38346272:0x3d *
0xda23dc1853b12a6d89ae5a662a0092eb38346272:0x3e *
0xda23dc1853b12a6d89ae5a662a0092eb38346272:0x3f *
0xda23dc1853b12a6d89ae5a662a0092eb38346272:0x40 *
0xda23dc1853b12a6d89ae5a662a0092eb38346272:0x41 *
0xda23dc1853b12a6d89ae5a662a0092eb38346272:0x42 *
0xda23dc1853b12a6d89ae5a662a0092eb38346272:0x43 *
0xda23dc1853b12a6d89ae5a662a0092eb38346272:0x44 *
0xda23dc1853b12a6d89ae5a662a0092eb38346272:0x45 *
0xda23dc1853b12a6d89ae5a662a0092eb38346272:0x47 *
0xda23dc1853b12a6d89ae5a662a0092eb38346272:0x48 *
0xda23dc1853b12a6d89ae5a662a0092eb38346272:0x49 *
0xda23dc1853b12a6d89ae5a662a0092eb38346272:0x4a *
0xda23dc1853b12a6d89ae5a662a0092eb38346272:0x4b *
0xda23dc1853b12a6d89ae5a662a0092eb38346272:0x4c *
0xda23dc1853b12a6d89ae5a662a0092eb38346272:0x4d *
0xda23dc1853b12a6d89ae5a662a0092eb38346272:0x4e *
0xda23dc1853b12a6d89ae5a662a0092eb38346272:0x4f *
0xda23dc1853b12a6d89ae5a662a0092eb38346272:0x50 *
0xda23dc1853b12a6d89ae5a662a0092eb38346272:0x52 *
0xda23dc1853b12a6d89ae5a662a0092eb38346272:0x54 *
0xda23dc1853b12a6d89ae5a662a0092eb38346272:0x57 *
0xda23dc1853b12a6d89ae5a662a0092eb38346272:0x58 *
0xda23dc1853b12a6d89ae5a662a0092eb38346272:0x59 *
0xda23dc1853b12a6d89ae5a662a0092eb38346272:0x5a *
0xda23dc1853b12a6d89ae5a662a0092eb38346272:0x5b *
0xda23dc1853b12a6d89ae5a662a0092eb38346272:0x70 *
0xda23dc1853b12a6d89ae5a662a0092eb38346272:0x71 *
0xda23dc1853b12a6d89ae5a662a0092eb38346272:0x72 *
0xda23dc1853b12a6d89ae5a662a0092eb38346272:0x73 *
0xda23dc1853b12a6d89ae5a662a0092eb38346272:0x74 *
0xda23dc1853b12a6d89ae5a662a0092eb38346272:0x75 *
0xda23dc1853b12a6d89ae5a662a0092eb38346272:0x8a *
0xda23dc1853b12a6d89ae5a662a0092eb38346272:0x8b *
0xda23dc1853b12a6d89ae5a662a0092eb38346272:0x8c *
0xda23dc1853b12a6d89ae5a662a0092eb38346272:0x8d *
0xda23dc1853b12a6d89ae5a662a0092eb38346272:0x8e *
0xda23dc1853b12a6d89ae5a662a0092eb38346272:0x8f *
0xda23dc1853b12a6d89ae5a662a0092eb38346272:0x90 *
0xda23dc1853b12a6d89ae5a662a0092eb38346272:0x91 *
0xda23dc1853b12a6d89ae5a662a0092eb38346272:0x93 *
0xda23dc1853b12a6d89ae5a662a0092eb38346272:0x95 *
0xda23dc1853b12a6d89ae5a662a0092eb38346272:0x98 *
0xda23dc1853b12a6d89ae5a662a0092eb38346272:0x99 *
0xda23dc1853b12a6d89ae5a662a0092eb38346272:0x9a *
0xda23dc1853b12a6d89ae5a662a0092eb38346272:0x9b *
0xda23dc1853b12a6d89ae5a662a0092eb38346272:0x9c *
0xda23dc1853b12a6d89ae5a662a0092eb38346272:0xb1 *
0xda23dc1853b12a6d89ae5a662a0092eb38346272:0xb2 *
0xda23dc1853b12a6d89ae5a662a0092eb38346272:0xb3 *
0xda23dc1853b12a6d89ae5a662a0092eb38346272:0xb4 *
0xda23dc1853b12a6d89ae5a662a0092eb38346272:0xb5 *
0xda23dc1853b12a6d89ae5a662a0092eb38346272:0xb6 *
0xda23dc1853b12a6d89ae5a662a0092eb38346272:0xcb *
0xda23dc1853b12a6d89ae5a662a0092eb38346272:0xcc *
0xda23dc1853b12a6d89ae5a662a0092eb38346272:0xcd *
0xda23dc1853b12a6d89ae5a662a0092eb38346272:0xce *
0xda23dc1853b12a6d89ae5a662a0092eb38346272:0xcf *
0xda23dc1853b12a6d89ae5a662a0092eb38346272:0xd0 *
0xda23dc1853b12a6d89ae5a662a0092eb38346272:0xd1 *
0xda23dc1853b12a6d89ae5a662a0092eb38346272:0xd3 *
0xda23dc1853b12a6d89ae5a662a0092eb38346272:0xd5 *
0xda23dc1853b12a6d89ae5a662a0092eb38346272:0xd6 *
0xda23dc1853b12a6d89ae5a662a0092eb38346272:0xd7 *
0xda23dc1853b12a6d89ae5a662a0092eb38346272:0xd8 *
0xda23dc1853b12a6d89ae5a662a0092eb38346272:0xd9 *
0xda23dc1853b12a6d89ae5a662a0092eb38346272:0xdb *
0xda23dc1853b12a6d89ae5a662a0092eb38346272:0xdc *
0xda23dc1853b12a6d89ae5a662a0092eb38346272:0xde *
0xda23dc1853b12a6d89ae5a662a0092eb38346272:0xe1 *
0xda23dc1853b12a6d89ae5a662a0092eb38346272:0xe2 *
0xda23dc1853b12a6d89ae5a662a0092eb38346272:0xe3 *
0xda23dc1853b12a6d89ae5a662a0092eb38346272:0xe4 *
0xda23dc1853b12a6d89ae5a662a0092eb38346272:0xe5 *
0xda23dc1853b12a6d89ae5a662a0092eb38346272:0xe7 *
0xda23dc1853b12a6d89ae5a662a0092eb38346272:0xe8 *
0xda23dc1853b12a6d89ae5a662a0092eb38346272:0xe9 *
0xda23dc1853b12a6d89ae5a662a0092eb38346272:0xea *
0xda23dc1853b12a6d89ae5a662a0092eb38346272:0xeb *
0xda23dc1853b12a6d89ae5a662a0092eb38346272:0xec *
0xda23dc1853b12a6d89ae5a662a0092eb38346272:0xee *
0xda23dc1853b12a6d89ae5a662a0092eb38346272:0xef *
0xda23dc1853b12a6d89ae5a662a0092eb38346272:0xf0 *
0xda23dc1853b12a6d89ae5a662a0092eb38346272:0xf1 *
0xda23dc1853b12a6d89ae5a662a0092eb38346272:0xf4 *
0xda23dc1853b12a6d89ae5a662a0092eb38346272:0xf6 *
0xda23dc1853b12a6d89ae5a662a0092eb38346272:0xf7 *
0xda23dc1853b12a6d89ae5a662a0092eb38346272:0xf8 *
0xda23dc1853b12a6d89ae5a662a0092eb38346272:0xf9 *
0xda23dc1853b12a6d89ae5a662a0092eb38346272:0xfa *
0xda23dc1853b12a6d89ae5a662a0092eb38346272:0xfb *
0xda23dc1853b12a6d89ae5a662a0092eb38346272:0xfc *
0xda23dc1853b12a6d89ae5a662a0092eb38346272:0xfd *
0xda23dc1853b12a6d89ae5a662a0092eb38346272:0xfe *
0xda23dc1853b12a6d89ae5a662a0092eb38346272:0x101 *
0xda23dc1853b12a6d89ae5a662a0092eb38346272:0x102 *
0xda23dc1853b12a6d89ae5a662a0092eb38346272:0x105 *
0xda23dc1853b12a6d89ae5a662a0092eb38346272:0x107 *
0xda23dc1853b12a6d89ae5a662a0092eb38346272:0x108 *
0xda23dc1853b12a6d89ae5a662a0092eb38346272:0x10a *
---
0xda23dc1853b12a6d89ae5a662a0092eb38346272:0x0 
0xda23dc1853b12a6d89ae5a662a0092eb38346272:0x2 
0xda23dc1853b12a6d89ae5a662a0092eb38346272:0x4 
0xda23dc1853b12a6d89ae5a662a0092eb38346272:0x5 
0xda23dc1853b12a6d89ae5a662a0092eb38346272:0x6 
0xda23dc1853b12a6d89ae5a662a0092eb38346272:0x7 
0xda23dc1853b12a6d89ae5a662a0092eb38346272:0x8 
0xda23dc1853b12a6d89ae5a662a0092eb38346272:0xb 
0xda23dc1853b12a6d89ae5a662a0092eb38346272:0x10 
0xda23dc1853b12a6d89ae5a662a0092eb38346272:0x11 
0xda23dc1853b12a6d89ae5a662a0092eb38346272:0x12 
0xda23dc1853b12a6d89ae5a662a0092eb38346272:0x14 
0xda23dc1853b12a6d89ae5a662a0092eb38346272:0x15 
0xda23dc1853b12a6d89ae5a662a0092eb38346272:0x16 
0xda23dc1853b12a6d89ae5a662a0092eb38346272:0x19 
0xda23dc1853b12a6d89ae5a662a0092eb38346272:0x1a 
0xda23dc1853b12a6d89ae5a662a0092eb38346272:0x1c 
0xda23dc1853b12a6d89ae5a662a0092eb38346272:0x1d 
0xda23dc1853b12a6d89ae5a662a0092eb38346272:0x1f 
0xda23dc1853b12a6d89ae5a662a0092eb38346272:0x20 
0xda23dc1853b12a6d89ae5a662a0092eb38346272:0x21 
0xda23dc1853b12a6d89ae5a662a0092eb38346272:0x26 
0xda23dc1853b12a6d89ae5a662a0092eb38346272:0x27 
0xda23dc1853b12a6d89ae5a662a0092eb38346272:0x2a 
0xda23dc1853b12a6d89ae5a662a0092eb38346272:0x8c 
0xda23dc1853b12a6d89ae5a662a0092eb38346272:0x8d 
0xda23dc1853b12a6d89ae5a662a0092eb38346272:0x8e 
0xda23dc1853b12a6d89ae5a662a0092eb38346272:0x93 
0xda23dc1853b12a6d89ae5a662a0092eb38346272:0x94 
0xda23dc1853b12a6d89ae5a662a0092eb38346272:0x97 
0xda23dc1853b12a6d89ae5a662a0092eb38346272:0x98 
0xda23dc1853b12a6d89ae5a662a0092eb38346272:0x99 
0xda23dc1853b12a6d89ae5a662a0092eb38346272:0x9e 
0xda23dc1853b12a6d89ae5a662a0092eb38346272:0x9f 
0xda23dc1853b12a6d89ae5a662a0092eb38346272:0xa2 
0xda23dc1853b12a6d89ae5a662a0092eb38346272:0xa3 
0xda23dc1853b12a6d89ae5a662a0092eb38346272:0xa4 
0xda23dc1853b12a6d89ae5a662a0092eb38346272:0xa9 
0xda23dc1853b12a6d89ae5a662a0092eb38346272:0xaa 
0xda23dc1853b12a6d89ae5a662a0092eb38346272:0xad 
0xda23dc1853b12a6d89ae5a662a0092eb38346272:0xae 
0xda23dc1853b12a6d89ae5a662a0092eb38346272:0xaf 
0xda23dc1853b12a6d89ae5a662a0092eb38346272:0xb4 
0xda23dc1853b12a6d89ae5a662a0092eb38346272:0xb5 
0xda23dc1853b12a6d89ae5a662a0092eb38346272:0xb8 
0xda23dc1853b12a6d89ae5a662a0092eb38346272:0xb9 
0xda23dc1853b12a6d89ae5a662a0092eb38346272:0xba 
0xda23dc1853b12a6d89ae5a662a0092eb38346272:0xbf 
0xda23dc1853b12a6d89ae5a662a0092eb38346272:0xc0 
0xda23dc1853b12a6d89ae5a662a0092eb38346272:0xc3 
0xda23dc1853b12a6d89ae5a662a0092eb38346272:0xc4 
0xda23dc1853b12a6d89ae5a662a0092eb38346272:0xc5 
0xda23dc1853b12a6d89ae5a662a0092eb38346272:0xca 
0xda23dc1853b12a6d89ae5a662a0092eb38346272:0xcb 
0xda23dc1853b12a6d89ae5a662a0092eb38346272:0xce 
0xda23dc1853b12a6d89ae5a662a0092eb38346272:0x1c2 
0xda23dc1853b12a6d89ae5a662a0092eb38346272:0x1c3 
0xda23dc1853b12a6d89ae5a662a0092eb38346272:0x1c6 
0xda23dc1853b12a6d89ae5a662a0092eb38346272:0x1c9 
0xda23dc1853b12a6d89ae5a662a0092eb38346272:0x595 
0xda23dc1853b12a6d89ae5a662a0092eb38346272:0x596 
0xda23dc1853b12a6d89ae5a662a0092eb38346272:0x598 
0xda23dc1853b12a6d89ae5a662a0092eb38346272:0x599 
0xda23dc1853b12a6d89ae5a662a0092eb38346272:0x59b 
0xda23dc1853b12a6d89ae5a662a0092eb38346272:0x59c 
0xda23dc1853b12a6d89ae5a662a0092eb38346272:0x59d 
0xda23dc1853b12a6d89ae5a662a0092eb38346272:0x59e 
0xda23dc1853b12a6d89ae5a662a0092eb38346272:0x5a1 
0xda23dc1853b12a6d89ae5a662a0092eb38346272:0x5a3 
0xda23dc1853b12a6d89ae5a662a0092eb38346272:0x5a4 
0xda23dc1853b12a6d89ae5a662a0092eb38346272:0x5a6 
0xda23dc1853b12a6d89ae5a662a0092eb38346272:0x5a7 
0xda23dc1853b12a6d89ae5a662a0092eb38346272:0x5a8 
0xda23dc1853b12a6d89ae5a662a0092eb38346272:0x5a9 
0xda23dc1853b12a6d89ae5a662a0092eb38346272:0x5aa 
0xda23dc1853b12a6d89ae5a662a0092eb38346272:0x5ad 
0xda23dc1853b12a6d89ae5a662a0092eb38346272:0x5ae 
0xda23dc1853b12a6d89ae5a662a0092eb38346272:0x5af 
0xda23dc1853b12a6d89ae5a662a0092eb38346272:0x5b0 
0xda23dc1853b12a6d89ae5a662a0092eb38346272:0x5b2 
0xda23dc1853b12a6d89ae5a662a0092eb38346272:0x5b3 
0xda23dc1853b12a6d89ae5a662a0092eb38346272:0x5b5 
0xda23dc1853b12a6d89ae5a662a0092eb38346272:0x5b6 
0xda23dc1853b12a6d89ae5a662a0092eb38346272:0x5b7 
0xda23dc1853b12a6d89ae5a662a0092eb38346272:0x5b8 
0xda23dc1853b12a6d89ae5a662a0092eb38346272:0x5bb 
0xda23dc1853b12a6d89ae5a662a0092eb38346272:0x5bd 
0xda23dc1853b12a6d89ae5a662a0092eb38346272:0x5be 
0xda23dc1853b12a6d89ae5a662a0092eb38346272:0x5bf 
0xda23dc1853b12a6d89ae5a662a0092eb38346272:0x5c0 
0xda23dc1853b12a6d89ae5a662a0092eb38346272:0x5c1 
0xda23dc1853b12a6d89ae5a662a0092eb38346272:0x5c2 
0xda23dc1853b12a6d89ae5a662a0092eb38346272:0x1ca 
0xda23dc1853b12a6d89ae5a662a0092eb38346272:0x1cb 
0xda23dc1853b12a6d89ae5a662a0092eb38346272:0x1cd 
0xda23dc1853b12a6d89ae5a662a0092eb38346272:0x1ce 
0xda23dc1853b12a6d89ae5a662a0092eb38346272:0x1cf 
0xda23dc1853b12a6d89ae5a662a0092eb38346272:0x1d0 
0xda23dc1853b12a6d89ae5a662a0092eb38346272:0x1d1 
0xda23dc1853b12a6d89ae5a662a0092eb38346272:0x1d2 
0xda23dc1853b12a6d89ae5a662a0092eb38346272:0x1d3 
0xda23dc1853b12a6d89ae5a662a0092eb38346272:0x1d4 
0xda23dc1853b12a6d89ae5a662a0092eb38346272:0x1d5 
0xda23dc1853b12a6d89ae5a662a0092eb38346272:0x1d6 
0xda23dc1853b12a6d89ae5a662a0092eb38346272:0x1d8 
0xda23dc1853b12a6d89ae5a662a0092eb38346272:0x1d9 
0xda23dc1853b12a6d89ae5a662a0092eb38346272:0x1da 
0xda23dc1853b12a6d89ae5a662a0092eb38346272:0x1db 
0xda23dc1853b12a6d89ae5a662a0092eb38346272:0x1dc 
0xda23dc1853b12a6d89ae5a662a0092eb38346272:0x1de 
0xda23dc1853b12a6d89ae5a662a0092eb38346272:0x1df 
0xda23dc1853b12a6d89ae5a662a0092eb38346272:0x1e0 
0xda23dc1853b12a6d89ae5a662a0092eb38346272:0x1e1 
0xda23dc1853b12a6d89ae5a662a0092eb38346272:0x1e2 
0xda23dc1853b12a6d89ae5a662a0092eb38346272:0x1e3 
---
0xda23dc1853b12a6d89ae5a662a0092eb38346272:0x0 
0xda23dc1853b12a6d89ae5a662a0092eb38346272:0x2 
0xda23dc1853b12a6d89ae5a662a0092eb38346272:0x4 
0xda23dc1853b12a6d89ae5a662a0092eb38346272:0x5 
0xda23dc1853b12a6d89ae5a662a0092eb38346272:0x6 
0xda23dc1853b12a6d89ae5a662a0092eb38346272:0x7 
0xda23dc1853b12a6d89ae5a662a0092eb38346272:0x8 
0xda23dc1853b12a6d89ae5a662a0092eb38346272:0xb 
0xda23dc1853b12a6d89ae5a662a0092eb38346272:0x10 
0xda23dc1853b12a6d89ae5a662a0092eb38346272:0x11 
0xda23dc1853b12a6d89ae5a662a0092eb38346272:0x12 
0xda23dc1853b12a6d89ae5a662a0092eb38346272:0x14 
0xda23dc1853b12a6d89ae5a662a0092eb38346272:0x15 
0xda23dc1853b12a6d89ae5a662a0092eb38346272:0x16 
0xda23dc1853b12a6d89ae5a662a0092eb38346272:0x19 
0xda23dc1853b12a6d89ae5a662a0092eb38346272:0x1a 
0xda23dc1853b12a6d89ae5a662a0092eb38346272:0x1c 
0xda23dc1853b12a6d89ae5a662a0092eb38346272:0x1d 
0xda23dc1853b12a6d89ae5a662a0092eb38346272:0x1f 
0xda23dc1853b12a6d89ae5a662a0092eb38346272:0x20 
0xda23dc1853b12a6d89ae5a662a0092eb38346272:0x21 
0xda23dc1853b12a6d89ae5a662a0092eb38346272:0x26 
0xda23dc1853b12a6d89ae5a662a0092eb38346272:0x27 
0xda23dc1853b12a6d89ae5a662a0092eb38346272:0x2a 
0xda23dc1853b12a6d89ae5a662a0092eb38346272:0x2b 
0xda23dc1853b12a6d89ae5a662a0092eb38346272:0x2c 
0xda23dc1853b12a6d89ae5a662a0092eb38346272:0x31 
0xda23dc1853b12a6d89ae5a662a0092eb38346272:0x32 
0xda23dc1853b12a6d89ae5a662a0092eb38346272:0x35 
0xda23dc1853b12a6d89ae5a662a0092eb38346272:0x36 
0xda23dc1853b12a6d89ae5a662a0092eb38346272:0x37 
0xda23dc1853b12a6d89ae5a662a0092eb38346272:0x3c 
0xda23dc1853b12a6d89ae5a662a0092eb38346272:0x3d 
0xda23dc1853b12a6d89ae5a662a0092eb38346272:0x40 
0xda23dc1853b12a6d89ae5a662a0092eb38346272:0x41 
0xda23dc1853b12a6d89ae5a662a0092eb38346272:0x42 
0xda23dc1853b12a6d89ae5a662a0092eb38346272:0x47 
0xda23dc1853b12a6d89ae5a662a0092eb38346272:0x48 
0xda23dc1853b12a6d89ae5a662a0092eb38346272:0x4b 
0xda23dc1853b12a6d89ae5a662a0092eb38346272:0x369 
0xda23dc1853b12a6d89ae5a662a0092eb38346272:0x36a 
0xda23dc1853b12a6d89ae5a662a0092eb38346272:0x36d 
0xda23dc1853b12a6d89ae5a662a0092eb38346272:0x370 
0xda23dc1853b12a6d89ae5a662a0092eb38346272:0x88d 
0xda23dc1853b12a6d89ae5a662a0092eb38346272:0x88e 
0xda23dc1853b12a6d89ae5a662a0092eb38346272:0x890 
0xda23dc1853b12a6d89ae5a662a0092eb38346272:0x892 
0xda23dc1853b12a6d89ae5a662a0092eb38346272:0x893 
0xda23dc1853b12a6d89ae5a662a0092eb38346272:0x894 
0xda23dc1853b12a6d89ae5a662a0092eb38346272:0x895 
0xda23dc1853b12a6d89ae5a662a0092eb38346272:0x896 
0xda23dc1853b12a6d89ae5a662a0092eb38346272:0x899 
0xda23dc1853b12a6d89ae5a662a0092eb38346272:0x89b 
0xda23dc1853b12a6d89ae5a662a0092eb38346272:0x89c 
0xda23dc1853b12a6d89ae5a662a0092eb38346272:0x89e 
0xda23dc1853b12a6d89ae5a662a0092eb38346272:0x89f 
0xda23dc1853b12a6d89ae5a662a0092eb38346272:0x8a0 
0xda23dc1853b12a6d89ae5a662a0092eb38346272:0x8a1 
0xda23dc1853b12a6d89ae5a662a0092eb38346272:0x8a2 
0xda23dc1853b12a6d89ae5a662a0092eb38346272:0x8a5 
0xda23dc1853b12a6d89ae5a662a0092eb38346272:0x8a6 
0xda23dc1853b12a6d89ae5a662a0092eb38346272:0x8a7 
0xda23dc1853b12a6d89ae5a662a0092eb38346272:0x8a8 
0xda23dc1853b12a6d89ae5a662a0092eb38346272:0x8aa 
0xda23dc1853b12a6d89ae5a662a0092eb38346272:0x8ab 
0xda23dc1853b12a6d89ae5a662a0092eb38346272:0x8ad 
0xda23dc1853b12a6d89ae5a662a0092eb38346272:0x8ae 
0xda23dc1853b12a6d89ae5a662a0092eb38346272:0x8af 
0xda23dc1853b12a6d89ae5a662a0092eb38346272:0x8b0 
0xda23dc1853b12a6d89ae5a662a0092eb38346272:0x8b3 
0xda23dc1853b12a6d89ae5a662a0092eb38346272:0x8b5 
0xda23dc1853b12a6d89ae5a662a0092eb38346272:0x8b6 
0xda23dc1853b12a6d89ae5a662a0092eb38346272:0x8b7 
0xda23dc1853b12a6d89ae5a662a0092eb38346272:0x8b8 
0xda23dc1853b12a6d89ae5a662a0092eb38346272:0x8b9 
0xda23dc1853b12a6d89ae5a662a0092eb38346272:0x8ba 
0xda23dc1853b12a6d89ae5a662a0092eb38346272:0x371 
0xda23dc1853b12a6d89ae5a662a0092eb38346272:0x372 
0xda23dc1853b12a6d89ae5a662a0092eb38346272:0x374 
0xda23dc1853b12a6d89ae5a662a0092eb38346272:0x375 
0xda23dc1853b12a6d89ae5a662a0092eb38346272:0x376 
0xda23dc1853b12a6d89ae5a662a0092eb38346272:0x377 
0xda23dc1853b12a6d89ae5a662a0092eb38346272:0x378 
0xda23dc1853b12a6d89ae5a662a0092eb38346272:0x379 
0xda23dc1853b12a6d89ae5a662a0092eb38346272:0x37a 
0xda23dc1853b12a6d89ae5a662a0092eb38346272:0x37b 
0xda23dc1853b12a6d89ae5a662a0092eb38346272:0x37c 
0xda23dc1853b12a6d89ae5a662a0092eb38346272:0x37d 
0xda23dc1853b12a6d89ae5a662a0092eb38346272:0x37f 
0xda23dc1853b12a6d89ae5a662a0092eb38346272:0x380 
0xda23dc1853b12a6d89ae5a662a0092eb38346272:0x381 
0xda23dc1853b12a6d89ae5a662a0092eb38346272:0x382 
0xda23dc1853b12a6d89ae5a662a0092eb38346272:0x383 
0xda23dc1853b12a6d89ae5a662a0092eb38346272:0x385 
0xda23dc1853b12a6d89ae5a662a0092eb38346272:0x386 
0xda23dc1853b12a6d89ae5a662a0092eb38346272:0x387 
0xda23dc1853b12a6d89ae5a662a0092eb38346272:0x388 
0xda23dc1853b12a6d89ae5a662a0092eb38346272:0x389 
0xda23dc1853b12a6d89ae5a662a0092eb38346272:0x38a 
---
0xda23dc1853b12a6d89ae5a662a0092eb38346272:0x0 
0xda23dc1853b12a6d89ae5a662a0092eb38346272:0x2 
0xda23dc1853b12a6d89ae5a662a0092eb38346272:0x4 
0xda23dc1853b12a6d89ae5a662a0092eb38346272:0x5 
0xda23dc1853b12a6d89ae5a662a0092eb38346272:0x6 
0xda23dc1853b12a6d89ae5a662a0092eb38346272:0x7 
0xda23dc1853b12a6d89ae5a662a0092eb38346272:0x8 
0xda23dc1853b12a6d89ae5a662a0092eb38346272:0xb 
0xda23dc1853b12a6d89ae5a662a0092eb38346272:0x10 
0xda23dc1853b12a6d89ae5a662a0092eb38346272:0x11 
0xda23dc1853b12a6d89ae5a662a0092eb38346272:0x12 
0xda23dc1853b12a6d89ae5a662a0092eb38346272:0x14 
0xda23dc1853b12a6d89ae5a662a0092eb38346272:0x15 
0xda23dc1853b12a6d89ae5a662a0092eb38346272:0x16 
0xda23dc1853b12a6d89ae5a662a0092eb38346272:0x19 
0xda23dc1853b12a6d89ae5a662a0092eb38346272:0x1a 
0xda23dc1853b12a6d89ae5a662a0092eb38346272:0x1c 
0xda23dc1853b12a6d89ae5a662a0092eb38346272:0x1d 
0xda23dc1853b12a6d89ae5a662a0092eb38346272:0x1f 
0xda23dc1853b12a6d89ae5a662a0092eb38346272:0x20 
0xda23dc1853b12a6d89ae5a662a0092eb38346272:0x21 
0xda23dc1853b12a6d89ae5a662a0092eb38346272:0x26 
0xda23dc1853b12a6d89ae5a662a0092eb38346272:0x27 
0xda23dc1853b12a6d89ae5a662a0092eb38346272:0x2a 
0xda23dc1853b12a6d89ae5a662a0092eb38346272:0x8c 
0xda23dc1853b12a6d89ae5a662a0092eb38346272:0x8d 
0xda23dc1853b12a6d89ae5a662a0092eb38346272:0x8e 
0xda23dc1853b12a6d89ae5a662a0092eb38346272:0x93 
0xda23dc1853b12a6d89ae5a662a0092eb38346272:0x94 
0xda23dc1853b12a6d89ae5a662a0092eb38346272:0x97 
0xda23dc1853b12a6d89ae5a662a0092eb38346272:0x98 
0xda23dc1853b12a6d89ae5a662a0092eb38346272:0x99 
0xda23dc1853b12a6d89ae5a662a0092eb38346272:0x9e 
0xda23dc1853b12a6d89ae5a662a0092eb38346272:0x9f 
0xda23dc1853b12a6d89ae5a662a0092eb38346272:0xa2 
0xda23dc1853b12a6d89ae5a662a0092eb38346272:0xa3 
0xda23dc1853b12a6d89ae5a662a0092eb38346272:0xa4 
0xda23dc1853b12a6d89ae5a662a0092eb38346272:0xa9 
0xda23dc1853b12a6d89ae5a662a0092eb38346272:0xaa 
0xda23dc1853b12a6d89ae5a662a0092eb38346272:0xad 
0xda23dc1853b12a6d89ae5a662a0092eb38346272:0xae 
0xda23dc1853b12a6d89ae5a662a0092eb38346272:0xaf 
0xda23dc1853b12a6d89ae5a662a0092eb38346272:0xb4 
0xda23dc1853b12a6d89ae5a662a0092eb38346272:0xb5 
0xda23dc1853b12a6d89ae5a662a0092eb38346272:0xb8 
0xda23dc1853b12a6d89ae5a662a0092eb38346272:0x172 
0xda23dc1853b12a6d89ae5a662a0092eb38346272:0x173 
0xda23dc1853b12a6d89ae5a662a0092eb38346272:0x176 
0xda23dc1853b12a6d89ae5a662a0092eb38346272:0x179 
0xda23dc1853b12a6d89ae5a662a0092eb38346272:0x4d2 
0xda23dc1853b12a6d89ae5a662a0092eb38346272:0x4d3 
0xda23dc1853b12a6d89ae5a662a0092eb38346272:0x4d5 
0xda23dc1853b12a6d89ae5a662a0092eb38346272:0x4d7 
0xda23dc1853b12a6d89ae5a662a0092eb38346272:0x4d8 
0xda23dc1853b12a6d89ae5a662a0092eb38346272:0x4d9 
0xda23dc1853b12a6d89ae5a662a0092eb38346272:0x4da 
0xda23dc1853b12a6d89ae5a662a0092eb38346272:0x4db 
0xda23dc1853b12a6d89ae5a662a0092eb38346272:0x4de 
0xda23dc1853b12a6d89ae5a662a0092eb38346272:0x4e0 
0xda23dc1853b12a6d89ae5a662a0092eb38346272:0x4e1 
0xda23dc1853b12a6d89ae5a662a0092eb38346272:0x4e3 
0xda23dc1853b12a6d89ae5a662a0092eb38346272:0x4e4 
0xda23dc1853b12a6d89ae5a662a0092eb38346272:0x4e5 
0xda23dc1853b12a6d89ae5a662a0092eb38346272:0x4e6 
0xda23dc1853b12a6d89ae5a662a0092eb38346272:0x4e7 
0xda23dc1853b12a6d89ae5a662a0092eb38346272:0x4ea 
0xda23dc1853b12a6d89ae5a662a0092eb38346272:0x4eb 
0xda23dc1853b12a6d89ae5a662a0092eb38346272:0x4ec 
0xda23dc1853b12a6d89ae5a662a0092eb38346272:0x4ed 
0xda23dc1853b12a6d89ae5a662a0092eb38346272:0x4ef 
0xda23dc1853b12a6d89ae5a662a0092eb38346272:0x4f0 
0xda23dc1853b12a6d89ae5a662a0092eb38346272:0x4f2 
0xda23dc1853b12a6d89ae5a662a0092eb38346272:0x4f3 
0xda23dc1853b12a6d89ae5a662a0092eb38346272:0x4f4 
0xda23dc1853b12a6d89ae5a662a0092eb38346272:0x4f5 
0xda23dc1853b12a6d89ae5a662a0092eb38346272:0x4f8 
0xda23dc1853b12a6d89ae5a662a0092eb38346272:0x4fa 
0xda23dc1853b12a6d89ae5a662a0092eb38346272:0x4fb 
0xda23dc1853b12a6d89ae5a662a0092eb38346272:0x4fc 
0xda23dc1853b12a6d89ae5a662a0092eb38346272:0x4fd 
0xda23dc1853b12a6d89ae5a662a0092eb38346272:0x4fe 
0xda23dc1853b12a6d89ae5a662a0092eb38346272:0x4ff 
0xda23dc1853b12a6d89ae5a662a0092eb38346272:0x17a 
0xda23dc1853b12a6d89ae5a662a0092eb38346272:0x17b 
0xda23dc1853b12a6d89ae5a662a0092eb38346272:0x17d 
0xda23dc1853b12a6d89ae5a662a0092eb38346272:0x17e 
0xda23dc1853b12a6d89ae5a662a0092eb38346272:0x17f 
0xda23dc1853b12a6d89ae5a662a0092eb38346272:0x180 
0xda23dc1853b12a6d89ae5a662a0092eb38346272:0x181 
0xda23dc1853b12a6d89ae5a662a0092eb38346272:0x182 
0xda23dc1853b12a6d89ae5a662a0092eb38346272:0x183 
0xda23dc1853b12a6d89ae5a662a0092eb38346272:0x184 
0xda23dc1853b12a6d89ae5a662a0092eb38346272:0x185 
0xda23dc1853b12a6d89ae5a662a0092eb38346272:0x186 
0xda23dc1853b12a6d89ae5a662a0092eb38346272:0x188 
0xda23dc1853b12a6d89ae5a662a0092eb38346272:0x189 
0xda23dc1853b12a6d89ae5a662a0092eb38346272:0x18a 
0xda23dc1853b12a6d89ae5a662a0092eb38346272:0x18b 
0xda23dc1853b12a6d89ae5a662a0092eb38346272:0x18c 
0xda23dc1853b12a6d89ae5a662a0092eb38346272:0x18e 
0xda23dc1853b12a6d89ae5a662a0092eb38346272:0x18f 
0xda23dc1853b12a6d89ae5a662a0092eb38346272:0x190 
0xda23dc1853b12a6d89ae5a662a0092eb38346272:0x191 
0xda23dc1853b12a6d89ae5a662a0092eb38346272:0x192 
0xda23dc1853b12a6d89ae5a662a0092eb38346272:0x193 
---
0xda23dc1853b12a6d89ae5a662a0092eb38346272:0x0 
0xda23dc1853b12a6d89ae5a662a0092eb38346272:0x2 
0xda23dc1853b12a6d89ae5a662a0092eb38346272:0x4 
0xda23dc1853b12a6d89ae5a662a0092eb38346272:0x5 
0xda23dc1853b12a6d89ae5a662a0092eb38346272:0x6 
0xda23dc1853b12a6d89ae5a662a0092eb38346272:0x7 
0xda23dc1853b12a6d89ae5a662a0092eb38346272:0x8 
0xda23dc1853b12a6d89ae5a662a0092eb38346272:0xb 
0xda23dc1853b12a6d89ae5a662a0092eb38346272:0x10 
0xda23dc1853b12a6d89ae5a662a0092eb38346272:0x11 
0xda23dc1853b12a6d89ae5a662a0092eb38346272:0x12 
0xda23dc1853b12a6d89ae5a662a0092eb38346272:0x14 
0xda23dc1853b12a6d89ae5a662a0092eb38346272:0x15 
0xda23dc1853b12a6d89ae5a662a0092eb38346272:0x16 
0xda23dc1853b12a6d89ae5a662a0092eb38346272:0x19 
0xda23dc1853b12a6d89ae5a662a0092eb38346272:0x1a 
0xda23dc1853b12a6d89ae5a662a0092eb38346272:0x1c 
0xda23dc1853b12a6d89ae5a662a0092eb38346272:0x1d 
0xda23dc1853b12a6d89ae5a662a0092eb38346272:0x1f 
0xda23dc1853b12a6d89ae5a662a0092eb38346272:0x20 
0xda23dc1853b12a6d89ae5a662a0092eb38346272:0x21 
0xda23dc1853b12a6d89ae5a662a0092eb38346272:0x26 
0xda23dc1853b12a6d89ae5a662a0092eb38346272:0x27 
0xda23dc1853b12a6d89ae5a662a0092eb38346272:0x2a 
0xda23dc1853b12a6d89ae5a662a0092eb38346272:0x2b 
0xda23dc1853b12a6d89ae5a662a0092eb38346272:0x2c 
0xda23dc1853b12a6d89ae5a662a0092eb38346272:0x31 
0xda23dc1853b12a6d89ae5a662a0092eb38346272:0x32 
0xda23dc1853b12a6d89ae5a662a0092eb38346272:0x35 
0xda23dc1853b12a6d89ae5a662a0092eb38346272:0x36 
0xda23dc1853b12a6d89ae5a662a0092eb38346272:0x37 
0xda23dc1853b12a6d89ae5a662a0092eb38346272:0x3c 
0xda23dc1853b12a6d89ae5a662a0092eb38346272:0x3d 
0xda23dc1853b12a6d89ae5a662a0092eb38346272:0x40 
0xda23dc1853b12a6d89ae5a662a0092eb38346272:0x2e1 
0xda23dc1853b12a6d89ae5a662a0092eb38346272:0x2e2 
0xda23dc1853b12a6d89ae5a662a0092eb38346272:0x2e5 
0xda23dc1853b12a6d89ae5a662a0092eb38346272:0x2e7 
0xda23dc1853b12a6d89ae5a662a0092eb38346272:0x2e8 
0xda23dc1853b12a6d89ae5a662a0092eb38346272:0x2e9 
0xda23dc1853b12a6d89ae5a662a0092eb38346272:0x2ea 
0xda23dc1853b12a6d89ae5a662a0092eb38346272:0x2ec 
0xda23dc1853b12a6d89ae5a662a0092eb38346272:0x2ed 
0xda23dc1853b12a6d89ae5a662a0092eb38346272:0x2ee 
0xda23dc1853b12a6d89ae5a662a0092eb38346272:0x2ef 
0xda23dc1853b12a6d89ae5a662a0092eb38346272:0x2f2 
0xda23dc1853b12a6d89ae5a662a0092eb38346272:0x2f7 
0xda23dc1853b12a6d89ae5a662a0092eb38346272:0x2f8 
0xda23dc1853b12a6d89ae5a662a0092eb38346272:0x2f9 
0xda23dc1853b12a6d89ae5a662a0092eb38346272:0x2fa 
0xda23dc1853b12a6d89ae5a662a0092eb38346272:0x2fb 
0xda23dc1853b12a6d89ae5a662a0092eb38346272:0x2fc 
0xda23dc1853b12a6d89ae5a662a0092eb38346272:0x2fd 
0xda23dc1853b12a6d89ae5a662a0092eb38346272:0x2fe 
0xda23dc1853b12a6d89ae5a662a0092eb38346272:0x300 
0xda23dc1853b12a6d89ae5a662a0092eb38346272:0x301 
0xda23dc1853b12a6d89ae5a662a0092eb38346272:0x302 
0xda23dc1853b12a6d89ae5a662a0092eb38346272:0x304 
0xda23dc1853b12a6d89ae5a662a0092eb38346272:0x305 
0xda23dc1853b12a6d89ae5a662a0092eb38346272:0x306 
0xda23dc1853b12a6d89ae5a662a0092eb38346272:0x307 
0xda23dc1853b12a6d89ae5a662a0092eb38346272:0x308 
0xda23dc1853b12a6d89ae5a662a0092eb38346272:0x309 
0xda23dc1853b12a6d89ae5a662a0092eb38346272:0x30a 
0xda23dc1853b12a6d89ae5a662a0092eb38346272:0x30b 
0xda23dc1853b12a6d89ae5a662a0092eb38346272:0x320 
0xda23dc1853b12a6d89ae5a662a0092eb38346272:0x321 
0xda23dc1853b12a6d89ae5a662a0092eb38346272:0x322 
0xda23dc1853b12a6d89ae5a662a0092eb38346272:0x324 
0xda23dc1853b12a6d89ae5a662a0092eb38346272:0x325 
0xda23dc1853b12a6d89ae5a662a0092eb38346272:0x326 
0xda23dc1853b12a6d89ae5a662a0092eb38346272:0x327 
0xda23dc1853b12a6d89ae5a662a0092eb38346272:0x328 
0xda23dc1853b12a6d89ae5a662a0092eb38346272:0x329 
0xda23dc1853b12a6d89ae5a662a0092eb38346272:0x32a 
0xda23dc1853b12a6d89ae5a662a0092eb38346272:0x32b 
0xda23dc1853b12a6d89ae5a662a0092eb38346272:0x340 
0xda23dc1853b12a6d89ae5a662a0092eb38346272:0x341 
0xda23dc1853b12a6d89ae5a662a0092eb38346272:0x342 
0xda23dc1853b12a6d89ae5a662a0092eb38346272:0x344 
0xda23dc1853b12a6d89ae5a662a0092eb38346272:0x345 
0xda23dc1853b12a6d89ae5a662a0092eb38346272:0x346 
0xda23dc1853b12a6d89ae5a662a0092eb38346272:0x347 
0xda23dc1853b12a6d89ae5a662a0092eb38346272:0x348 
0xda23dc1853b12a6d89ae5a662a0092eb38346272:0x349 
0xda23dc1853b12a6d89ae5a662a0092eb38346272:0x34a 
0xda23dc1853b12a6d89ae5a662a0092eb38346272:0x34b 
0xda23dc1853b12a6d89ae5a662a0092eb38346272:0x34c 
0xda23dc1853b12a6d89ae5a662a0092eb38346272:0x34e 
0xda23dc1853b12a6d89ae5a662a0092eb38346272:0x34f 
0xda23dc1853b12a6d89ae5a662a0092eb38346272:0x350 
0xda23dc1853b12a6d89ae5a662a0092eb38346272:0x351 
0xda23dc1853b12a6d89ae5a662a0092eb38346272:0x352 
0xda23dc1853b12a6d89ae5a662a0092eb38346272:0x353 
0xda23dc1853b12a6d89ae5a662a0092eb38346272:0x354 
0xda23dc1853b12a6d89ae5a662a0092eb38346272:0x355 
0xda23dc1853b12a6d89ae5a662a0092eb38346272:0x357 
0xda23dc1853b12a6d89ae5a662a0092eb38346272:0x358 
0xda23dc1853b12a6d89ae5a662a0092eb38346272:0x359 
0xda23dc1853b12a6d89ae5a662a0092eb38346272:0x35b 
0xda23dc1853b12a6d89ae5a662a0092eb38346272:0x35c 
0xda23dc1853b12a6d89ae5a662a0092eb38346272:0x35d 
0xda23dc1853b12a6d89ae5a662a0092eb38346272:0x35e 
0xda23dc1853b12a6d89ae5a662a0092eb38346272:0x35f 
0xda23dc1853b12a6d89ae5a662a0092eb38346272:0x360 
0xda23dc1853b12a6d89ae5a662a0092eb38346272:0x361 
0xda23dc1853b12a6d89ae5a662a0092eb38346272:0x362 
0xda23dc1853b12a6d89ae5a662a0092eb38346272:0x363 
0xda23dc1853b12a6d89ae5a662a0092eb38346272:0x366 
0xda23dc1853b12a6d89ae5a662a0092eb38346272:0x7a2 
0xda23dc1853b12a6d89ae5a662a0092eb38346272:0x7a3 
0xda23dc1853b12a6d89ae5a662a0092eb38346272:0x7a6 
0xda23dc1853b12a6d89ae5a662a0092eb38346272:0x7a7 
0xda23dc1853b12a6d89ae5a662a0092eb38346272:0x7a8 
0xda23dc1853b12a6d89ae5a662a0092eb38346272:0x7a9 
0xda23dc1853b12a6d89ae5a662a0092eb38346272:0x7aa 
0xda23dc1853b12a6d89ae5a662a0092eb38346272:0x7ab 
0xda23dc1853b12a6d89ae5a662a0092eb38346272:0x7ae 
0xda23dc1853b12a6d89ae5a662a0092eb38346272:0x5c3 
0xda23dc1853b12a6d89ae5a662a0092eb38346272:0x5c4 
0xda23dc1853b12a6d89ae5a662a0092eb38346272:0x5c6 
0xda23dc1853b12a6d89ae5a662a0092eb38346272:0x5c7 
0xda23dc1853b12a6d89ae5a662a0092eb38346272:0x5c9 
0xda23dc1853b12a6d89ae5a662a0092eb38346272:0x5cb 
0xda23dc1853b12a6d89ae5a662a0092eb38346272:0x5cc 
0xda23dc1853b12a6d89ae5a662a0092eb38346272:0x5cd 
0xda23dc1853b12a6d89ae5a662a0092eb38346272:0x5ce 
0xda23dc1853b12a6d89ae5a662a0092eb38346272:0x5d1 
0xda23dc1853b12a6d89ae5a662a0092eb38346272:0x5d3 
0xda23dc1853b12a6d89ae5a662a0092eb38346272:0x5d4 
0xda23dc1853b12a6d89ae5a662a0092eb38346272:0x5d5 
0xda23dc1853b12a6d89ae5a662a0092eb38346272:0x5d7 
0xda23dc1853b12a6d89ae5a662a0092eb38346272:0x5d8 
0xda23dc1853b12a6d89ae5a662a0092eb38346272:0x5d9 
0xda23dc1853b12a6d89ae5a662a0092eb38346272:0x5da 
0xda23dc1853b12a6d89ae5a662a0092eb38346272:0x5dd 
0xda23dc1853b12a6d89ae5a662a0092eb38346272:0x5df 
0xda23dc1853b12a6d89ae5a662a0092eb38346272:0x5e0 
0xda23dc1853b12a6d89ae5a662a0092eb38346272:0x5e1 
0xda23dc1853b12a6d89ae5a662a0092eb38346272:0x5e2 
0xda23dc1853b12a6d89ae5a662a0092eb38346272:0x5e5 
0xda23dc1853b12a6d89ae5a662a0092eb38346272:0x600 
0xda23dc1853b12a6d89ae5a662a0092eb38346272:0x601 
0xda23dc1853b12a6d89ae5a662a0092eb38346272:0x602 
0xda23dc1853b12a6d89ae5a662a0092eb38346272:0x603 
0xda23dc1853b12a6d89ae5a662a0092eb38346272:0x604 
0xda23dc1853b12a6d89ae5a662a0092eb38346272:0x605 
0xda23dc1853b12a6d89ae5a662a0092eb38346272:0x606 
0xda23dc1853b12a6d89ae5a662a0092eb38346272:0x609 
0xda23dc1853b12a6d89ae5a662a0092eb38346272:0x60a 
0xda23dc1853b12a6d89ae5a662a0092eb38346272:0x60b 
0xda23dc1853b12a6d89ae5a662a0092eb38346272:0x60d 
0xda23dc1853b12a6d89ae5a662a0092eb38346272:0x60e 
0xda23dc1853b12a6d89ae5a662a0092eb38346272:0x60f 
0xda23dc1853b12a6d89ae5a662a0092eb38346272:0x610 
0xda23dc1853b12a6d89ae5a662a0092eb38346272:0x611 
0xda23dc1853b12a6d89ae5a662a0092eb38346272:0x614 
0xda23dc1853b12a6d89ae5a662a0092eb38346272:0x616 
0xda23dc1853b12a6d89ae5a662a0092eb38346272:0x617 
0xda23dc1853b12a6d89ae5a662a0092eb38346272:0x618 
0xda23dc1853b12a6d89ae5a662a0092eb38346272:0x61a 
0xda23dc1853b12a6d89ae5a662a0092eb38346272:0x61b 
0xda23dc1853b12a6d89ae5a662a0092eb38346272:0x61c 
0xda23dc1853b12a6d89ae5a662a0092eb38346272:0x61d 
0xda23dc1853b12a6d89ae5a662a0092eb38346272:0x620 
0xda23dc1853b12a6d89ae5a662a0092eb38346272:0x622 
0xda23dc1853b12a6d89ae5a662a0092eb38346272:0x623 
0xda23dc1853b12a6d89ae5a662a0092eb38346272:0x624 
0xda23dc1853b12a6d89ae5a662a0092eb38346272:0x625 
0xda23dc1853b12a6d89ae5a662a0092eb38346272:0x628 
0xda23dc1853b12a6d89ae5a662a0092eb38346272:0x629 
0xda23dc1853b12a6d89ae5a662a0092eb38346272:0x62a 
0xda23dc1853b12a6d89ae5a662a0092eb38346272:0x62c 
0xda23dc1853b12a6d89ae5a662a0092eb38346272:0x62e 
0xda23dc1853b12a6d89ae5a662a0092eb38346272:0x62f 
0xda23dc1853b12a6d89ae5a662a0092eb38346272:0x630 
0xda23dc1853b12a6d89ae5a662a0092eb38346272:0x631 
0xda23dc1853b12a6d89ae5a662a0092eb38346272:0x634 
0xda23dc1853b12a6d89ae5a662a0092eb38346272:0x636 
0xda23dc1853b12a6d89ae5a662a0092eb38346272:0x637 
0xda23dc1853b12a6d89ae5a662a0092eb38346272:0x638 
0xda23dc1853b12a6d89ae5a662a0092eb38346272:0x63a 
0xda23dc1853b12a6d89ae5a662a0092eb38346272:0x63b 
0xda23dc1853b12a6d89ae5a662a0092eb38346272:0x63c 
0xda23dc1853b12a6d89ae5a662a0092eb38346272:0x63d 
0xda23dc1853b12a6d89ae5a662a0092eb38346272:0x640 
0xda23dc1853b12a6d89ae5a662a0092eb38346272:0x642 
0xda23dc1853b12a6d89ae5a662a0092eb38346272:0x643 
0xda23dc1853b12a6d89ae5a662a0092eb38346272:0x644 
0xda23dc1853b12a6d89ae5a662a0092eb38346272:0x645 
0xda23dc1853b12a6d89ae5a662a0092eb38346272:0x646 
0xda23dc1853b12a6d89ae5a662a0092eb38346272:0x649 
0xda23dc1853b12a6d89ae5a662a0092eb38346272:0x64a 
0xda23dc1853b12a6d89ae5a662a0092eb38346272:0x64b 
0xda23dc1853b12a6d89ae5a662a0092eb38346272:0x64d 
0xda23dc1853b12a6d89ae5a662a0092eb38346272:0x64f 
0xda23dc1853b12a6d89ae5a662a0092eb38346272:0x650 
0xda23dc1853b12a6d89ae5a662a0092eb38346272:0x651 
0xda23dc1853b12a6d89ae5a662a0092eb38346272:0x652 
0xda23dc1853b12a6d89ae5a662a0092eb38346272:0x655 
0xda23dc1853b12a6d89ae5a662a0092eb38346272:0x657 
0xda23dc1853b12a6d89ae5a662a0092eb38346272:0x658 
0xda23dc1853b12a6d89ae5a662a0092eb38346272:0x659 
0xda23dc1853b12a6d89ae5a662a0092eb38346272:0x65b 
0xda23dc1853b12a6d89ae5a662a0092eb38346272:0x65c 
0xda23dc1853b12a6d89ae5a662a0092eb38346272:0x65d 
0xda23dc1853b12a6d89ae5a662a0092eb38346272:0x65e 
0xda23dc1853b12a6d89ae5a662a0092eb38346272:0x661 
0xda23dc1853b12a6d89ae5a662a0092eb38346272:0x663 
0xda23dc1853b12a6d89ae5a662a0092eb38346272:0x664 
0xda23dc1853b12a6d89ae5a662a0092eb38346272:0x665 
0xda23dc1853b12a6d89ae5a662a0092eb38346272:0x666 
0xda23dc1853b12a6d89ae5a662a0092eb38346272:0x667 
0xda23dc1853b12a6d89ae5a662a0092eb38346272:0x66a 
0xda23dc1853b12a6d89ae5a662a0092eb38346272:0x66b 
0xda23dc1853b12a6d89ae5a662a0092eb38346272:0x66c 
0xda23dc1853b12a6d89ae5a662a0092eb38346272:0x66e 
0xda23dc1853b12a6d89ae5a662a0092eb38346272:0x670 
0xda23dc1853b12a6d89ae5a662a0092eb38346272:0x671 
0xda23dc1853b12a6d89ae5a662a0092eb38346272:0x672 
0xda23dc1853b12a6d89ae5a662a0092eb38346272:0x673 
0xda23dc1853b12a6d89ae5a662a0092eb38346272:0x676 
0xda23dc1853b12a6d89ae5a662a0092eb38346272:0x678 
0xda23dc1853b12a6d89ae5a662a0092eb38346272:0x679 
0xda23dc1853b12a6d89ae5a662a0092eb38346272:0x67a 
0xda23dc1853b12a6d89ae5a662a0092eb38346272:0x67c 
0xda23dc1853b12a6d89ae5a662a0092eb38346272:0x67d 
0xda23dc1853b12a6d89ae5a662a0092eb38346272:0x67e 
0xda23dc1853b12a6d89ae5a662a0092eb38346272:0x67f 
0xda23dc1853b12a6d89ae5a662a0092eb38346272:0x682 
0xda23dc1853b12a6d89ae5a662a0092eb38346272:0x684 
0xda23dc1853b12a6d89ae5a662a0092eb38346272:0x685 
0xda23dc1853b12a6d89ae5a662a0092eb38346272:0x686 
0xda23dc1853b12a6d89ae5a662a0092eb38346272:0x687 
0xda23dc1853b12a6d89ae5a662a0092eb38346272:0x688 
0xda23dc1853b12a6d89ae5a662a0092eb38346272:0x689 
0xda23dc1853b12a6d89ae5a662a0092eb38346272:0x68a 
0xda23dc1853b12a6d89ae5a662a0092eb38346272:0x68c 
0xda23dc1853b12a6d89ae5a662a0092eb38346272:0x68e 
0xda23dc1853b12a6d89ae5a662a0092eb38346272:0x68f 
0xda23dc1853b12a6d89ae5a662a0092eb38346272:0x690 
0xda23dc1853b12a6d89ae5a662a0092eb38346272:0x691 
0xda23dc1853b12a6d89ae5a662a0092eb38346272:0x694 
0xda23dc1853b12a6d89ae5a662a0092eb38346272:0x696 
0xda23dc1853b12a6d89ae5a662a0092eb38346272:0x697 
0xda23dc1853b12a6d89ae5a662a0092eb38346272:0x698 
0xda23dc1853b12a6d89ae5a662a0092eb38346272:0x69a 
0xda23dc1853b12a6d89ae5a662a0092eb38346272:0x69b 
0xda23dc1853b12a6d89ae5a662a0092eb38346272:0x69c 
0xda23dc1853b12a6d89ae5a662a0092eb38346272:0x69d 
0xda23dc1853b12a6d89ae5a662a0092eb38346272:0x6a0 
0xda23dc1853b12a6d89ae5a662a0092eb38346272:0x6a2 
0xda23dc1853b12a6d89ae5a662a0092eb38346272:0x6a3 
0xda23dc1853b12a6d89ae5a662a0092eb38346272:0x6a4 
0xda23dc1853b12a6d89ae5a662a0092eb38346272:0x6a5 
0xda23dc1853b12a6d89ae5a662a0092eb38346272:0x6a8 
0xda23dc1853b12a6d89ae5a662a0092eb38346272:0x6a9 
0xda23dc1853b12a6d89ae5a662a0092eb38346272:0x6ab 
0xda23dc1853b12a6d89ae5a662a0092eb38346272:0x6ac 
0xda23dc1853b12a6d89ae5a662a0092eb38346272:0x6ad 
0xda23dc1853b12a6d89ae5a662a0092eb38346272:0x6ae 
0xda23dc1853b12a6d89ae5a662a0092eb38346272:0x6af 
0xda23dc1853b12a6d89ae5a662a0092eb38346272:0x6b2 
0xda23dc1853b12a6d89ae5a662a0092eb38346272:0x6b3 
0xda23dc1853b12a6d89ae5a662a0092eb38346272:0x6b4 
0xda23dc1853b12a6d89ae5a662a0092eb38346272:0x6b6 
0xda23dc1853b12a6d89ae5a662a0092eb38346272:0x6b8 
0xda23dc1853b12a6d89ae5a662a0092eb38346272:0x6b9 
0xda23dc1853b12a6d89ae5a662a0092eb38346272:0x6ba 
0xda23dc1853b12a6d89ae5a662a0092eb38346272:0x6bb 
0xda23dc1853b12a6d89ae5a662a0092eb38346272:0x6be 
0xda23dc1853b12a6d89ae5a662a0092eb38346272:0x6c0 
0xda23dc1853b12a6d89ae5a662a0092eb38346272:0x6c1 
0xda23dc1853b12a6d89ae5a662a0092eb38346272:0x6c2 
0xda23dc1853b12a6d89ae5a662a0092eb38346272:0x6c4 
0xda23dc1853b12a6d89ae5a662a0092eb38346272:0x6c5 
0xda23dc1853b12a6d89ae5a662a0092eb38346272:0x6c6 
0xda23dc1853b12a6d89ae5a662a0092eb38346272:0x6c7 
0xda23dc1853b12a6d89ae5a662a0092eb38346272:0x6ca 
0xda23dc1853b12a6d89ae5a662a0092eb38346272:0x6cc 
0xda23dc1853b12a6d89ae5a662a0092eb38346272:0x6cd 
0xda23dc1853b12a6d89ae5a662a0092eb38346272:0x6ce 
0xda23dc1853b12a6d89ae5a662a0092eb38346272:0x6cf 
0xda23dc1853b12a6d89ae5a662a0092eb38346272:0x6d0 
0xda23dc1853b12a6d89ae5a662a0092eb38346272:0x6d1 
0xda23dc1853b12a6d89ae5a662a0092eb38346272:0x6d2 
0xda23dc1853b12a6d89ae5a662a0092eb38346272:0x6d3 
0xda23dc1853b12a6d89ae5a662a0092eb38346272:0x6d4 
0xda23dc1853b12a6d89ae5a662a0092eb38346272:0x6d5 
0xda23dc1853b12a6d89ae5a662a0092eb38346272:0x6d6 
0xda23dc1853b12a6d89ae5a662a0092eb38346272:0x6d7 
0xda23dc1853b12a6d89ae5a662a0092eb38346272:0x6d8 
0xda23dc1853b12a6d89ae5a662a0092eb38346272:0x6d9 
0xda23dc1853b12a6d89ae5a662a0092eb38346272:0x6da 
0xda23dc1853b12a6d89ae5a662a0092eb38346272:0x6db 
0xda23dc1853b12a6d89ae5a662a0092eb38346272:0x6dc 
0xda23dc1853b12a6d89ae5a662a0092eb38346272:0x6dd 
0xda23dc1853b12a6d89ae5a662a0092eb38346272:0x7af 
0xda23dc1853b12a6d89ae5a662a0092eb38346272:0x7b0 
0xda23dc1853b12a6d89ae5a662a0092eb38346272:0x7b3 
0xda23dc1853b12a6d89ae5a662a0092eb38346272:0x7b8 
0xda23dc1853b12a6d89ae5a662a0092eb38346272:0x7b9 
0xda23dc1853b12a6d89ae5a662a0092eb38346272:0x7ba 
0xda23dc1853b12a6d89ae5a662a0092eb38346272:0x7bc 
0xda23dc1853b12a6d89ae5a662a0092eb38346272:0x7bd 
0xda23dc1853b12a6d89ae5a662a0092eb38346272:0x7c0 
0xda23dc1853b12a6d89ae5a662a0092eb38346272:0x7c1 
0xda23dc1853b12a6d89ae5a662a0092eb38346272:0x7c2 
0xda23dc1853b12a6d89ae5a662a0092eb38346272:0x7c3 
0xda23dc1853b12a6d89ae5a662a0092eb38346272:0x7c4 
0xda23dc1853b12a6d89ae5a662a0092eb38346272:0x7c6 
0xda23dc1853b12a6d89ae5a662a0092eb38346272:0x7c7 
0xda23dc1853b12a6d89ae5a662a0092eb38346272:0x7c8 
0xda23dc1853b12a6d89ae5a662a0092eb38346272:0x7c9 
0xda23dc1853b12a6d89ae5a662a0092eb38346272:0x7ca 
0xda23dc1853b12a6d89ae5a662a0092eb38346272:0x7cb 
0xda23dc1853b12a6d89ae5a662a0092eb38346272:0x7cd 
0xda23dc1853b12a6d89ae5a662a0092eb38346272:0x7ce 
0xda23dc1853b12a6d89ae5a662a0092eb38346272:0x7cf 
0xda23dc1853b12a6d89ae5a662a0092eb38346272:0x7d0 
0xda23dc1853b12a6d89ae5a662a0092eb38346272:0x7d3 
0xda23dc1853b12a6d89ae5a662a0092eb38346272:0x7d5 
0xda23dc1853b12a6d89ae5a662a0092eb38346272:0x7d6 
0xda23dc1853b12a6d89ae5a662a0092eb38346272:0x7d7 
0xda23dc1853b12a6d89ae5a662a0092eb38346272:0x7d8 
0xda23dc1853b12a6d89ae5a662a0092eb38346272:0x7d9 
0xda23dc1853b12a6d89ae5a662a0092eb38346272:0x7da 
0xda23dc1853b12a6d89ae5a662a0092eb38346272:0x7db 
0xda23dc1853b12a6d89ae5a662a0092eb38346272:0x7dc 
0xda23dc1853b12a6d89ae5a662a0092eb38346272:0x7de 
0xda23dc1853b12a6d89ae5a662a0092eb38346272:0x7e0 
0xda23dc1853b12a6d89ae5a662a0092eb38346272:0x7e3 
0xda23dc1853b12a6d89ae5a662a0092eb38346272:0x7e4 
0xda23dc1853b12a6d89ae5a662a0092eb38346272:0x7e5 
0xda23dc1853b12a6d89ae5a662a0092eb38346272:0x7e6 
0xda23dc1853b12a6d89ae5a662a0092eb38346272:0x7e7 
0xda23dc1853b12a6d89ae5a662a0092eb38346272:0x7fc 
0xda23dc1853b12a6d89ae5a662a0092eb38346272:0x7fd 
0xda23dc1853b12a6d89ae5a662a0092eb38346272:0x7fe 
0xda23dc1853b12a6d89ae5a662a0092eb38346272:0x7ff 
0xda23dc1853b12a6d89ae5a662a0092eb38346272:0x800 
0xda23dc1853b12a6d89ae5a662a0092eb38346272:0x801 
0xda23dc1853b12a6d89ae5a662a0092eb38346272:0x816 
0xda23dc1853b12a6d89ae5a662a0092eb38346272:0x817 
0xda23dc1853b12a6d89ae5a662a0092eb38346272:0x818 
0xda23dc1853b12a6d89ae5a662a0092eb38346272:0x819 
0xda23dc1853b12a6d89ae5a662a0092eb38346272:0x81a 
0xda23dc1853b12a6d89ae5a662a0092eb38346272:0x81b 
0xda23dc1853b12a6d89ae5a662a0092eb38346272:0x81c 
0xda23dc1853b12a6d89ae5a662a0092eb38346272:0x81d 
0xda23dc1853b12a6d89ae5a662a0092eb38346272:0x81f 
0xda23dc1853b12a6d89ae5a662a0092eb38346272:0x821 
0xda23dc1853b12a6d89ae5a662a0092eb38346272:0x824 
0xda23dc1853b12a6d89ae5a662a0092eb38346272:0x825 
0xda23dc1853b12a6d89ae5a662a0092eb38346272:0x826 
0xda23dc1853b12a6d89ae5a662a0092eb38346272:0x827 
0xda23dc1853b12a6d89ae5a662a0092eb38346272:0x828 
0xda23dc1853b12a6d89ae5a662a0092eb38346272:0x83d 
0xda23dc1853b12a6d89ae5a662a0092eb38346272:0x83e 
0xda23dc1853b12a6d89ae5a662a0092eb38346272:0x83f 
0xda23dc1853b12a6d89ae5a662a0092eb38346272:0x840 
0xda23dc1853b12a6d89ae5a662a0092eb38346272:0x841 
0xda23dc1853b12a6d89ae5a662a0092eb38346272:0x842 
0xda23dc1853b12a6d89ae5a662a0092eb38346272:0x857 
0xda23dc1853b12a6d89ae5a662a0092eb38346272:0x858 
0xda23dc1853b12a6d89ae5a662a0092eb38346272:0x859 
0xda23dc1853b12a6d89ae5a662a0092eb38346272:0x85a 
0xda23dc1853b12a6d89ae5a662a0092eb38346272:0x85b 
0xda23dc1853b12a6d89ae5a662a0092eb38346272:0x85c 
0xda23dc1853b12a6d89ae5a662a0092eb38346272:0x85d 
0xda23dc1853b12a6d89ae5a662a0092eb38346272:0x85e 
0xda23dc1853b12a6d89ae5a662a0092eb38346272:0x860 
0xda23dc1853b12a6d89ae5a662a0092eb38346272:0x861 
0xda23dc1853b12a6d89ae5a662a0092eb38346272:0x862 
0xda23dc1853b12a6d89ae5a662a0092eb38346272:0x863 
0xda23dc1853b12a6d89ae5a662a0092eb38346272:0x864 
0xda23dc1853b12a6d89ae5a662a0092eb38346272:0x865 
0xda23dc1853b12a6d89ae5a662a0092eb38346272:0x867 
0xda23dc1853b12a6d89ae5a662a0092eb38346272:0x869 
0xda23dc1853b12a6d89ae5a662a0092eb38346272:0x86c 
0xda23dc1853b12a6d89ae5a662a0092eb38346272:0x86d 
0xda23dc1853b12a6d89ae5a662a0092eb38346272:0x86e 
0xda23dc1853b12a6d89ae5a662a0092eb38346272:0x86f 
0xda23dc1853b12a6d89ae5a662a0092eb38346272:0x870 
0xda23dc1853b12a6d89ae5a662a0092eb38346272:0x872 
0xda23dc1853b12a6d89ae5a662a0092eb38346272:0x873 
0xda23dc1853b12a6d89ae5a662a0092eb38346272:0x874 
0xda23dc1853b12a6d89ae5a662a0092eb38346272:0x875 
0xda23dc1853b12a6d89ae5a662a0092eb38346272:0x876 
0xda23dc1853b12a6d89ae5a662a0092eb38346272:0x877 
0xda23dc1853b12a6d89ae5a662a0092eb38346272:0x879 
0xda23dc1853b12a6d89ae5a662a0092eb38346272:0x87a 
0xda23dc1853b12a6d89ae5a662a0092eb38346272:0x87b 
0xda23dc1853b12a6d89ae5a662a0092eb38346272:0x87c 
0xda23dc1853b12a6d89ae5a662a0092eb38346272:0x87f 
0xda23dc1853b12a6d89ae5a662a0092eb38346272:0x881 
0xda23dc1853b12a6d89ae5a662a0092eb38346272:0x882 
0xda23dc1853b12a6d89ae5a662a0092eb38346272:0x883 
0xda23dc1853b12a6d89ae5a662a0092eb38346272:0x884 
0xda23dc1853b12a6d89ae5a662a0092eb38346272:0x885 
0xda23dc1853b12a6d89ae5a662a0092eb38346272:0x886 
0xda23dc1853b12a6d89ae5a662a0092eb38346272:0x887 
0xda23dc1853b12a6d89ae5a662a0092eb38346272:0x888 
0xda23dc1853b12a6d89ae5a662a0092eb38346272:0x889 
0xda23dc1853b12a6d89ae5a662a0092eb38346272:0x88a 
0xda23dc1853b12a6d89ae5a662a0092eb38346272:0x88b 
0xda23dc1853b12a6d89ae5a662a0092eb38346272:0x88c 
0xda23dc1853b12a6d89ae5a662a0092eb38346272:0x367 
0xda23dc1853b12a6d89ae5a662a0092eb38346272:0x368 
---
0xda23dc1853b12a6d89ae5a662a0092eb38346272:0x0 
0xda23dc1853b12a6d89ae5a662a0092eb38346272:0x2 
0xda23dc1853b12a6d89ae5a662a0092eb38346272:0x4 
0xda23dc1853b12a6d89ae5a662a0092eb38346272:0x5 
0xda23dc1853b12a6d89ae5a662a0092eb38346272:0x6 
0xda23dc1853b12a6d89ae5a662a0092eb38346272:0x7 
0xda23dc1853b12a6d89ae5a662a0092eb38346272:0x8 
0xda23dc1853b12a6d89ae5a662a0092eb38346272:0xb 
0xda23dc1853b12a6d89ae5a662a0092eb38346272:0x10 
0xda23dc1853b12a6d89ae5a662a0092eb38346272:0x11 
0xda23dc1853b12a6d89ae5a662a0092eb38346272:0x12 
0xda23dc1853b12a6d89ae5a662a0092eb38346272:0x14 
0xda23dc1853b12a6d89ae5a662a0092eb38346272:0x15 
0xda23dc1853b12a6d89ae5a662a0092eb38346272:0x16 
0xda23dc1853b12a6d89ae5a662a0092eb38346272:0x19 
0xda23dc1853b12a6d89ae5a662a0092eb38346272:0x1a 
0xda23dc1853b12a6d89ae5a662a0092eb38346272:0x1c 
0xda23dc1853b12a6d89ae5a662a0092eb38346272:0x1d 
0xda23dc1853b12a6d89ae5a662a0092eb38346272:0x1f 
0xda23dc1853b12a6d89ae5a662a0092eb38346272:0x20 
0xda23dc1853b12a6d89ae5a662a0092eb38346272:0x21 
0xda23dc1853b12a6d89ae5a662a0092eb38346272:0x26 
0xda23dc1853b12a6d89ae5a662a0092eb38346272:0x27 
0xda23dc1853b12a6d89ae5a662a0092eb38346272:0x2a 
0xda23dc1853b12a6d89ae5a662a0092eb38346272:0x8c 
0xda23dc1853b12a6d89ae5a662a0092eb38346272:0x8d 
0xda23dc1853b12a6d89ae5a662a0092eb38346272:0x8e 
0xda23dc1853b12a6d89ae5a662a0092eb38346272:0x93 
0xda23dc1853b12a6d89ae5a662a0092eb38346272:0x94 
0xda23dc1853b12a6d89ae5a662a0092eb38346272:0x97 
0xda23dc1853b12a6d89ae5a662a0092eb38346272:0x98 
0xda23dc1853b12a6d89ae5a662a0092eb38346272:0x99 
0xda23dc1853b12a6d89ae5a662a0092eb38346272:0x9e 
0xda23dc1853b12a6d89ae5a662a0092eb38346272:0x9f 
0xda23dc1853b12a6d89ae5a662a0092eb38346272:0xa2 
0xda23dc1853b12a6d89ae5a662a0092eb38346272:0xa3 
0xda23dc1853b12a6d89ae5a662a0092eb38346272:0xa4 
0xda23dc1853b12a6d89ae5a662a0092eb38346272:0xa9 
0xda23dc1853b12a6d89ae5a662a0092eb38346272:0xaa 
0xda23dc1853b12a6d89ae5a662a0092eb38346272:0xad 
0xda23dc1853b12a6d89ae5a662a0092eb38346272:0xae 
0xda23dc1853b12a6d89ae5a662a0092eb38346272:0xaf 
0xda23dc1853b12a6d89ae5a662a0092eb38346272:0xb4 
0xda23dc1853b12a6d89ae5a662a0092eb38346272:0xb5 
0xda23dc1853b12a6d89ae5a662a0092eb38346272:0xb8 
0xda23dc1853b12a6d89ae5a662a0092eb38346272:0xb9 
0xda23dc1853b12a6d89ae5a662a0092eb38346272:0xba 
0xda23dc1853b12a6d89ae5a662a0092eb38346272:0xbf 
0xda23dc1853b12a6d89ae5a662a0092eb38346272:0xc0 
0xda23dc1853b12a6d89ae5a662a0092eb38346272:0xc3 
0xda23dc1853b12a6d89ae5a662a0092eb38346272:0xc4 
0xda23dc1853b12a6d89ae5a662a0092eb38346272:0xc5 
0xda23dc1853b12a6d89ae5a662a0092eb38346272:0xca 
0xda23dc1853b12a6d89ae5a662a0092eb38346272:0xcb 
0xda23dc1853b12a6d89ae5a662a0092eb38346272:0xce 
0xda23dc1853b12a6d89ae5a662a0092eb38346272:0x1c2 
0xda23dc1853b12a6d89ae5a662a0092eb38346272:0x1c3 
0xda23dc1853b12a6d89ae5a662a0092eb38346272:0x1c6 
0xda23dc1853b12a6d89ae5a662a0092eb38346272:0x1c9 
0xda23dc1853b12a6d89ae5a662a0092eb38346272:0x595 
0xda23dc1853b12a6d89ae5a662a0092eb38346272:0x596 
0xda23dc1853b12a6d89ae5a662a0092eb38346272:0x598 
0xda23dc1853b12a6d89ae5a662a0092eb38346272:0x599 
0xda23dc1853b12a6d89ae5a662a0092eb38346272:0x59b 
0xda23dc1853b12a6d89ae5a662a0092eb38346272:0x59c 
0xda23dc1853b12a6d89ae5a662a0092eb38346272:0x59d 
0xda23dc1853b12a6d89ae5a662a0092eb38346272:0x59e 
0xda23dc1853b12a6d89ae5a662a0092eb38346272:0x5a1 
0xda23dc1853b12a6d89ae5a662a0092eb38346272:0x5a3 
0xda23dc1853b12a6d89ae5a662a0092eb38346272:0x5a4 
0xda23dc1853b12a6d89ae5a662a0092eb38346272:0x5a6 
0xda23dc1853b12a6d89ae5a662a0092eb38346272:0x5a7 
0xda23dc1853b12a6d89ae5a662a0092eb38346272:0x5a8 
0xda23dc1853b12a6d89ae5a662a0092eb38346272:0x5a9 
0xda23dc1853b12a6d89ae5a662a0092eb38346272:0x5aa 
0xda23dc1853b12a6d89ae5a662a0092eb38346272:0x5ad 
0xda23dc1853b12a6d89ae5a662a0092eb38346272:0x5ae 
0xda23dc1853b12a6d89ae5a662a0092eb38346272:0x5af 
0xda23dc1853b12a6d89ae5a662a0092eb38346272:0x5b0 
0xda23dc1853b12a6d89ae5a662a0092eb38346272:0x5b2 
0xda23dc1853b12a6d89ae5a662a0092eb38346272:0x5b3 
0xda23dc1853b12a6d89ae5a662a0092eb38346272:0x5b5 
0xda23dc1853b12a6d89ae5a662a0092eb38346272:0x5b6 
0xda23dc1853b12a6d89ae5a662a0092eb38346272:0x5b7 
0xda23dc1853b12a6d89ae5a662a0092eb38346272:0x5b8 
0xda23dc1853b12a6d89ae5a662a0092eb38346272:0x5bb 
0xda23dc1853b12a6d89ae5a662a0092eb38346272:0x5bd 
0xda23dc1853b12a6d89ae5a662a0092eb38346272:0x5be 
0xda23dc1853b12a6d89ae5a662a0092eb38346272:0x5bf 
0xda23dc1853b12a6d89ae5a662a0092eb38346272:0x5c0 
0xda23dc1853b12a6d89ae5a662a0092eb38346272:0x5c1 
0xda23dc1853b12a6d89ae5a662a0092eb38346272:0x5c2 
0xda23dc1853b12a6d89ae5a662a0092eb38346272:0x1ca 
0xda23dc1853b12a6d89ae5a662a0092eb38346272:0x1cb 
0xda23dc1853b12a6d89ae5a662a0092eb38346272:0x1cd 
0xda23dc1853b12a6d89ae5a662a0092eb38346272:0x1ce 
0xda23dc1853b12a6d89ae5a662a0092eb38346272:0x1cf 
0xda23dc1853b12a6d89ae5a662a0092eb38346272:0x1d0 
0xda23dc1853b12a6d89ae5a662a0092eb38346272:0x1d1 
0xda23dc1853b12a6d89ae5a662a0092eb38346272:0x1d2 
0xda23dc1853b12a6d89ae5a662a0092eb38346272:0x1d3 
0xda23dc1853b12a6d89ae5a662a0092eb38346272:0x1d4 
0xda23dc1853b12a6d89ae5a662a0092eb38346272:0x1d5 
0xda23dc1853b12a6d89ae5a662a0092eb38346272:0x1d6 
0xda23dc1853b12a6d89ae5a662a0092eb38346272:0x1d8 
0xda23dc1853b12a6d89ae5a662a0092eb38346272:0x1d9 
0xda23dc1853b12a6d89ae5a662a0092eb38346272:0x1da 
0xda23dc1853b12a6d89ae5a662a0092eb38346272:0x1db 
0xda23dc1853b12a6d89ae5a662a0092eb38346272:0x1dc 
0xda23dc1853b12a6d89ae5a662a0092eb38346272:0x1de 
0xda23dc1853b12a6d89ae5a662a0092eb38346272:0x1df 
0xda23dc1853b12a6d89ae5a662a0092eb38346272:0x1e0 
0xda23dc1853b12a6d89ae5a662a0092eb38346272:0x1e1 
0xda23dc1853b12a6d89ae5a662a0092eb38346272:0x1e2 
0xda23dc1853b12a6d89ae5a662a0092eb38346272:0x1e3 
---
0xda23dc1853b12a6d89ae5a662a0092eb38346272:0x0 
0xda23dc1853b12a6d89ae5a662a0092eb38346272:0x2 
0xda23dc1853b12a6d89ae5a662a0092eb38346272:0x4 
0xda23dc1853b12a6d89ae5a662a0092eb38346272:0x5 
0xda23dc1853b12a6d89ae5a662a0092eb38346272:0x6 
0xda23dc1853b12a6d89ae5a662a0092eb38346272:0x7 
0xda23dc1853b12a6d89ae5a662a0092eb38346272:0x8 
0xda23dc1853b12a6d89ae5a662a0092eb38346272:0xb 
0xda23dc1853b12a6d89ae5a662a0092eb38346272:0x10 
0xda23dc1853b12a6d89ae5a662a0092eb38346272:0x11 
0xda23dc1853b12a6d89ae5a662a0092eb38346272:0x12 
0xda23dc1853b12a6d89ae5a662a0092eb38346272:0x14 
0xda23dc1853b12a6d89ae5a662a0092eb38346272:0x15 
0xda23dc1853b12a6d89ae5a662a0092eb38346272:0x16 
0xda23dc1853b12a6d89ae5a662a0092eb38346272:0x19 
0xda23dc1853b12a6d89ae5a662a0092eb38346272:0x1a 
0xda23dc1853b12a6d89ae5a662a0092eb38346272:0x1c 
0xda23dc1853b12a6d89ae5a662a0092eb38346272:0x1d 
0xda23dc1853b12a6d89ae5a662a0092eb38346272:0x1f 
0xda23dc1853b12a6d89ae5a662a0092eb38346272:0x20 
0xda23dc1853b12a6d89ae5a662a0092eb38346272:0x21 
0xda23dc1853b12a6d89ae5a662a0092eb38346272:0x26 
0xda23dc1853b12a6d89ae5a662a0092eb38346272:0x27 
0xda23dc1853b12a6d89ae5a662a0092eb38346272:0x2a 
0xda23dc1853b12a6d89ae5a662a0092eb38346272:0x2b 
0xda23dc1853b12a6d89ae5a662a0092eb38346272:0x2c 
0xda23dc1853b12a6d89ae5a662a0092eb38346272:0x31 
0xda23dc1853b12a6d89ae5a662a0092eb38346272:0x32 
0xda23dc1853b12a6d89ae5a662a0092eb38346272:0x35 
0xda23dc1853b12a6d89ae5a662a0092eb38346272:0x36 
0xda23dc1853b12a6d89ae5a662a0092eb38346272:0x37 
0xda23dc1853b12a6d89ae5a662a0092eb38346272:0x3c 
0xda23dc1853b12a6d89ae5a662a0092eb38346272:0x3d 
0xda23dc1853b12a6d89ae5a662a0092eb38346272:0x40 
0xda23dc1853b12a6d89ae5a662a0092eb38346272:0x41 
0xda23dc1853b12a6d89ae5a662a0092eb38346272:0x42 
0xda23dc1853b12a6d89ae5a662a0092eb38346272:0x47 
0xda23dc1853b12a6d89ae5a662a0092eb38346272:0x48 
0xda23dc1853b12a6d89ae5a662a0092eb38346272:0x4b 
0xda23dc1853b12a6d89ae5a662a0092eb38346272:0x369 
0xda23dc1853b12a6d89ae5a662a0092eb38346272:0x36a 
0xda23dc1853b12a6d89ae5a662a0092eb38346272:0x36d 
0xda23dc1853b12a6d89ae5a662a0092eb38346272:0x370 
0xda23dc1853b12a6d89ae5a662a0092eb38346272:0x88d 
0xda23dc1853b12a6d89ae5a662a0092eb38346272:0x88e 
0xda23dc1853b12a6d89ae5a662a0092eb38346272:0x890 
0xda23dc1853b12a6d89ae5a662a0092eb38346272:0x892 
0xda23dc1853b12a6d89ae5a662a0092eb38346272:0x893 
0xda23dc1853b12a6d89ae5a662a0092eb38346272:0x894 
0xda23dc1853b12a6d89ae5a662a0092eb38346272:0x895 
0xda23dc1853b12a6d89ae5a662a0092eb38346272:0x896 
0xda23dc1853b12a6d89ae5a662a0092eb38346272:0x899 
0xda23dc1853b12a6d89ae5a662a0092eb38346272:0x89b 
0xda23dc1853b12a6d89ae5a662a0092eb38346272:0x89c 
0xda23dc1853b12a6d89ae5a662a0092eb38346272:0x89e 
0xda23dc1853b12a6d89ae5a662a0092eb38346272:0x89f 
0xda23dc1853b12a6d89ae5a662a0092eb38346272:0x8a0 
0xda23dc1853b12a6d89ae5a662a0092eb38346272:0x8a1 
0xda23dc1853b12a6d89ae5a662a0092eb38346272:0x8a2 
0xda23dc1853b12a6d89ae5a662a0092eb38346272:0x8a5 
0xda23dc1853b12a6d89ae5a662a0092eb38346272:0x8a6 
0xda23dc1853b12a6d89ae5a662a0092eb38346272:0x8a7 
0xda23dc1853b12a6d89ae5a662a0092eb38346272:0x8a8 
0xda23dc1853b12a6d89ae5a662a0092eb38346272:0x8aa 
0xda23dc1853b12a6d89ae5a662a0092eb38346272:0x8ab 
0xda23dc1853b12a6d89ae5a662a0092eb38346272:0x8ad 
0xda23dc1853b12a6d89ae5a662a0092eb38346272:0x8ae 
0xda23dc1853b12a6d89ae5a662a0092eb38346272:0x8af 
0xda23dc1853b12a6d89ae5a662a0092eb38346272:0x8b0 
0xda23dc1853b12a6d89ae5a662a0092eb38346272:0x8b3 
0xda23dc1853b12a6d89ae5a662a0092eb38346272:0x8b5 
0xda23dc1853b12a6d89ae5a662a0092eb38346272:0x8b6 
0xda23dc1853b12a6d89ae5a662a0092eb38346272:0x8b7 
0xda23dc1853b12a6d89ae5a662a0092eb38346272:0x8b8 
0xda23dc1853b12a6d89ae5a662a0092eb38346272:0x8b9 
0xda23dc1853b12a6d89ae5a662a0092eb38346272:0x8ba 
0xda23dc1853b12a6d89ae5a662a0092eb38346272:0x371 
0xda23dc1853b12a6d89ae5a662a0092eb38346272:0x372 
0xda23dc1853b12a6d89ae5a662a0092eb38346272:0x374 
0xda23dc1853b12a6d89ae5a662a0092eb38346272:0x375 
0xda23dc1853b12a6d89ae5a662a0092eb38346272:0x376 
0xda23dc1853b12a6d89ae5a662a0092eb38346272:0x377 
0xda23dc1853b12a6d89ae5a662a0092eb38346272:0x378 
0xda23dc1853b12a6d89ae5a662a0092eb38346272:0x379 
0xda23dc1853b12a6d89ae5a662a0092eb38346272:0x37a 
0xda23dc1853b12a6d89ae5a662a0092eb38346272:0x37b 
0xda23dc1853b12a6d89ae5a662a0092eb38346272:0x37c 
0xda23dc1853b12a6d89ae5a662a0092eb38346272:0x37d 
0xda23dc1853b12a6d89ae5a662a0092eb38346272:0x37f 
0xda23dc1853b12a6d89ae5a662a0092eb38346272:0x380 
0xda23dc1853b12a6d89ae5a662a0092eb38346272:0x381 
0xda23dc1853b12a6d89ae5a662a0092eb38346272:0x382 
0xda23dc1853b12a6d89ae5a662a0092eb38346272:0x383 
0xda23dc1853b12a6d89ae5a662a0092eb38346272:0x385 
0xda23dc1853b12a6d89ae5a662a0092eb38346272:0x386 
0xda23dc1853b12a6d89ae5a662a0092eb38346272:0x387 
0xda23dc1853b12a6d89ae5a662a0092eb38346272:0x388 
0xda23dc1853b12a6d89ae5a662a0092eb38346272:0x389 
0xda23dc1853b12a6d89ae5a662a0092eb38346272:0x38a 
---
0xda23dc1853b12a6d89ae5a662a0092eb38346272:0x0 
0xda23dc1853b12a6d89ae5a662a0092eb38346272:0x2 
0xda23dc1853b12a6d89ae5a662a0092eb38346272:0x4 
0xda23dc1853b12a6d89ae5a662a0092eb38346272:0x5 
0xda23dc1853b12a6d89ae5a662a0092eb38346272:0x6 
0xda23dc1853b12a6d89ae5a662a0092eb38346272:0x7 
0xda23dc1853b12a6d89ae5a662a0092eb38346272:0x8 
0xda23dc1853b12a6d89ae5a662a0092eb38346272:0xb 
0xda23dc1853b12a6d89ae5a662a0092eb38346272:0x10 
0xda23dc1853b12a6d89ae5a662a0092eb38346272:0x11 
0xda23dc1853b12a6d89ae5a662a0092eb38346272:0x12 
0xda23dc1853b12a6d89ae5a662a0092eb38346272:0x14 
0xda23dc1853b12a6d89ae5a662a0092eb38346272:0x15 
0xda23dc1853b12a6d89ae5a662a0092eb38346272:0x16 
0xda23dc1853b12a6d89ae5a662a0092eb38346272:0x19 
0xda23dc1853b12a6d89ae5a662a0092eb38346272:0x1a 
0xda23dc1853b12a6d89ae5a662a0092eb38346272:0x1c 
0xda23dc1853b12a6d89ae5a662a0092eb38346272:0x1d 
0xda23dc1853b12a6d89ae5a662a0092eb38346272:0x1f 
0xda23dc1853b12a6d89ae5a662a0092eb38346272:0x20 
0xda23dc1853b12a6d89ae5a662a0092eb38346272:0x21 
0xda23dc1853b12a6d89ae5a662a0092eb38346272:0x26 
0xda23dc1853b12a6d89ae5a662a0092eb38346272:0x27 
0xda23dc1853b12a6d89ae5a662a0092eb38346272:0x2a 
0xda23dc1853b12a6d89ae5a662a0092eb38346272:0x8c 
0xda23dc1853b12a6d89ae5a662a0092eb38346272:0x8d 
0xda23dc1853b12a6d89ae5a662a0092eb38346272:0x8e 
0xda23dc1853b12a6d89ae5a662a0092eb38346272:0x93 
0xda23dc1853b12a6d89ae5a662a0092eb38346272:0x94 
0xda23dc1853b12a6d89ae5a662a0092eb38346272:0x97 
0xda23dc1853b12a6d89ae5a662a0092eb38346272:0x98 
0xda23dc1853b12a6d89ae5a662a0092eb38346272:0x99 
0xda23dc1853b12a6d89ae5a662a0092eb38346272:0x9e 
0xda23dc1853b12a6d89ae5a662a0092eb38346272:0x9f 
0xda23dc1853b12a6d89ae5a662a0092eb38346272:0xa2 
0xda23dc1853b12a6d89ae5a662a0092eb38346272:0xa3 
0xda23dc1853b12a6d89ae5a662a0092eb38346272:0xa4 
0xda23dc1853b12a6d89ae5a662a0092eb38346272:0xa9 
0xda23dc1853b12a6d89ae5a662a0092eb38346272:0xaa 
0xda23dc1853b12a6d89ae5a662a0092eb38346272:0xad 
0xda23dc1853b12a6d89ae5a662a0092eb38346272:0xae 
0xda23dc1853b12a6d89ae5a662a0092eb38346272:0xaf 
0xda23dc1853b12a6d89ae5a662a0092eb38346272:0xb4 
0xda23dc1853b12a6d89ae5a662a0092eb38346272:0xb5 
0xda23dc1853b12a6d89ae5a662a0092eb38346272:0xb8 
0xda23dc1853b12a6d89ae5a662a0092eb38346272:0x172 
0xda23dc1853b12a6d89ae5a662a0092eb38346272:0x173 
0xda23dc1853b12a6d89ae5a662a0092eb38346272:0x176 
0xda23dc1853b12a6d89ae5a662a0092eb38346272:0x179 
0xda23dc1853b12a6d89ae5a662a0092eb38346272:0x4d2 
0xda23dc1853b12a6d89ae5a662a0092eb38346272:0x4d3 
0xda23dc1853b12a6d89ae5a662a0092eb38346272:0x4d5 
0xda23dc1853b12a6d89ae5a662a0092eb38346272:0x4d7 
0xda23dc1853b12a6d89ae5a662a0092eb38346272:0x4d8 
0xda23dc1853b12a6d89ae5a662a0092eb38346272:0x4d9 
0xda23dc1853b12a6d89ae5a662a0092eb38346272:0x4da 
0xda23dc1853b12a6d89ae5a662a0092eb38346272:0x4db 
0xda23dc1853b12a6d89ae5a662a0092eb38346272:0x4de 
0xda23dc1853b12a6d89ae5a662a0092eb38346272:0x4e0 
0xda23dc1853b12a6d89ae5a662a0092eb38346272:0x4e1 
0xda23dc1853b12a6d89ae5a662a0092eb38346272:0x4e3 
0xda23dc1853b12a6d89ae5a662a0092eb38346272:0x4e4 
0xda23dc1853b12a6d89ae5a662a0092eb38346272:0x4e5 
0xda23dc1853b12a6d89ae5a662a0092eb38346272:0x4e6 
0xda23dc1853b12a6d89ae5a662a0092eb38346272:0x4e7 
0xda23dc1853b12a6d89ae5a662a0092eb38346272:0x4ea 
0xda23dc1853b12a6d89ae5a662a0092eb38346272:0x4eb 
0xda23dc1853b12a6d89ae5a662a0092eb38346272:0x4ec 
0xda23dc1853b12a6d89ae5a662a0092eb38346272:0x4ed 
0xda23dc1853b12a6d89ae5a662a0092eb38346272:0x4ef 
0xda23dc1853b12a6d89ae5a662a0092eb38346272:0x4f0 
0xda23dc1853b12a6d89ae5a662a0092eb38346272:0x4f2 
0xda23dc1853b12a6d89ae5a662a0092eb38346272:0x4f3 
0xda23dc1853b12a6d89ae5a662a0092eb38346272:0x4f4 
0xda23dc1853b12a6d89ae5a662a0092eb38346272:0x4f5 
0xda23dc1853b12a6d89ae5a662a0092eb38346272:0x4f8 
0xda23dc1853b12a6d89ae5a662a0092eb38346272:0x4fa 
0xda23dc1853b12a6d89ae5a662a0092eb38346272:0x4fb 
0xda23dc1853b12a6d89ae5a662a0092eb38346272:0x4fc 
0xda23dc1853b12a6d89ae5a662a0092eb38346272:0x4fd 
0xda23dc1853b12a6d89ae5a662a0092eb38346272:0x4fe 
0xda23dc1853b12a6d89ae5a662a0092eb38346272:0x4ff 
0xda23dc1853b12a6d89ae5a662a0092eb38346272:0x17a 
0xda23dc1853b12a6d89ae5a662a0092eb38346272:0x17b 
0xda23dc1853b12a6d89ae5a662a0092eb38346272:0x17d 
0xda23dc1853b12a6d89ae5a662a0092eb38346272:0x17e 
0xda23dc1853b12a6d89ae5a662a0092eb38346272:0x17f 
0xda23dc1853b12a6d89ae5a662a0092eb38346272:0x180 
0xda23dc1853b12a6d89ae5a662a0092eb38346272:0x181 
0xda23dc1853b12a6d89ae5a662a0092eb38346272:0x182 
0xda23dc1853b12a6d89ae5a662a0092eb38346272:0x183 
0xda23dc1853b12a6d89ae5a662a0092eb38346272:0x184 
0xda23dc1853b12a6d89ae5a662a0092eb38346272:0x185 
0xda23dc1853b12a6d89ae5a662a0092eb38346272:0x186 
0xda23dc1853b12a6d89ae5a662a0092eb38346272:0x188 
0xda23dc1853b12a6d89ae5a662a0092eb38346272:0x189 
0xda23dc1853b12a6d89ae5a662a0092eb38346272:0x18a 
0xda23dc1853b12a6d89ae5a662a0092eb38346272:0x18b 
0xda23dc1853b12a6d89ae5a662a0092eb38346272:0x18c 
0xda23dc1853b12a6d89ae5a662a0092eb38346272:0x18e 
0xda23dc1853b12a6d89ae5a662a0092eb38346272:0x18f 
0xda23dc1853b12a6d89ae5a662a0092eb38346272:0x190 
0xda23dc1853b12a6d89ae5a662a0092eb38346272:0x191 
0xda23dc1853b12a6d89ae5a662a0092eb38346272:0x192 
0xda23dc1853b12a6d89ae5a662a0092eb38346272:0x193 
---
0xda23dc1853b12a6d89ae5a662a0092eb38346272:0x0 
0xda23dc1853b12a6d89ae5a662a0092eb38346272:0x2 
0xda23dc1853b12a6d89ae5a662a0092eb38346272:0x4 
0xda23dc1853b12a6d89ae5a662a0092eb38346272:0x5 
0xda23dc1853b12a6d89ae5a662a0092eb38346272:0x6 
0xda23dc1853b12a6d89ae5a662a0092eb38346272:0x7 
0xda23dc1853b12a6d89ae5a662a0092eb38346272:0x8 
0xda23dc1853b12a6d89ae5a662a0092eb38346272:0xb 
0xda23dc1853b12a6d89ae5a662a0092eb38346272:0x10 
0xda23dc1853b12a6d89ae5a662a0092eb38346272:0x11 
0xda23dc1853b12a6d89ae5a662a0092eb38346272:0x12 
0xda23dc1853b12a6d89ae5a662a0092eb38346272:0x14 
0xda23dc1853b12a6d89ae5a662a0092eb38346272:0x15 
0xda23dc1853b12a6d89ae5a662a0092eb38346272:0x16 
0xda23dc1853b12a6d89ae5a662a0092eb38346272:0x19 
0xda23dc1853b12a6d89ae5a662a0092eb38346272:0x1a 
0xda23dc1853b12a6d89ae5a662a0092eb38346272:0x1c 
0xda23dc1853b12a6d89ae5a662a0092eb38346272:0x1d 
0xda23dc1853b12a6d89ae5a662a0092eb38346272:0x1f 
0xda23dc1853b12a6d89ae5a662a0092eb38346272:0x20 
0xda23dc1853b12a6d89ae5a662a0092eb38346272:0x21 
0xda23dc1853b12a6d89ae5a662a0092eb38346272:0x26 
0xda23dc1853b12a6d89ae5a662a0092eb38346272:0x27 
0xda23dc1853b12a6d89ae5a662a0092eb38346272:0x2a 
0xda23dc1853b12a6d89ae5a662a0092eb38346272:0x8c 
0xda23dc1853b12a6d89ae5a662a0092eb38346272:0x8d 
0xda23dc1853b12a6d89ae5a662a0092eb38346272:0x8e 
0xda23dc1853b12a6d89ae5a662a0092eb38346272:0x93 
0xda23dc1853b12a6d89ae5a662a0092eb38346272:0x94 
0xda23dc1853b12a6d89ae5a662a0092eb38346272:0x97 
0xda23dc1853b12a6d89ae5a662a0092eb38346272:0x98 
0xda23dc1853b12a6d89ae5a662a0092eb38346272:0x99 
0xda23dc1853b12a6d89ae5a662a0092eb38346272:0x9e 
0xda23dc1853b12a6d89ae5a662a0092eb38346272:0x9f 
0xda23dc1853b12a6d89ae5a662a0092eb38346272:0xa2 
0xda23dc1853b12a6d89ae5a662a0092eb38346272:0x11e 
0xda23dc1853b12a6d89ae5a662a0092eb38346272:0x11f 
0xda23dc1853b12a6d89ae5a662a0092eb38346272:0x122 
0xda23dc1853b12a6d89ae5a662a0092eb38346272:0x125 
0xda23dc1853b12a6d89ae5a662a0092eb38346272:0x3fb 
0xda23dc1853b12a6d89ae5a662a0092eb38346272:0x3fc 
0xda23dc1853b12a6d89ae5a662a0092eb38346272:0x3fd 
0xda23dc1853b12a6d89ae5a662a0092eb38346272:0x412 
0xda23dc1853b12a6d89ae5a662a0092eb38346272:0x413 
0xda23dc1853b12a6d89ae5a662a0092eb38346272:0x415 
0xda23dc1853b12a6d89ae5a662a0092eb38346272:0x417 
0xda23dc1853b12a6d89ae5a662a0092eb38346272:0x418 
0xda23dc1853b12a6d89ae5a662a0092eb38346272:0x419 
0xda23dc1853b12a6d89ae5a662a0092eb38346272:0x41a 
0xda23dc1853b12a6d89ae5a662a0092eb38346272:0x41d 
0xda23dc1853b12a6d89ae5a662a0092eb38346272:0x41e 
0xda23dc1853b12a6d89ae5a662a0092eb38346272:0x41f 
0xda23dc1853b12a6d89ae5a662a0092eb38346272:0x420 
0xda23dc1853b12a6d89ae5a662a0092eb38346272:0x435 
0xda23dc1853b12a6d89ae5a662a0092eb38346272:0x436 
0xda23dc1853b12a6d89ae5a662a0092eb38346272:0x44b 
0xda23dc1853b12a6d89ae5a662a0092eb38346272:0x44c 
0xda23dc1853b12a6d89ae5a662a0092eb38346272:0x44d 
0xda23dc1853b12a6d89ae5a662a0092eb38346272:0x44e 
0xda23dc1853b12a6d89ae5a662a0092eb38346272:0x44f 
0xda23dc1853b12a6d89ae5a662a0092eb38346272:0x452 
0xda23dc1853b12a6d89ae5a662a0092eb38346272:0x453 
0xda23dc1853b12a6d89ae5a662a0092eb38346272:0x454 
0xda23dc1853b12a6d89ae5a662a0092eb38346272:0x456 
0xda23dc1853b12a6d89ae5a662a0092eb38346272:0x458 
0xda23dc1853b12a6d89ae5a662a0092eb38346272:0x459 
0xda23dc1853b12a6d89ae5a662a0092eb38346272:0x45a 
0xda23dc1853b12a6d89ae5a662a0092eb38346272:0x45b 
0xda23dc1853b12a6d89ae5a662a0092eb38346272:0x45e 
0xda23dc1853b12a6d89ae5a662a0092eb38346272:0x460 
0xda23dc1853b12a6d89ae5a662a0092eb38346272:0x461 
0xda23dc1853b12a6d89ae5a662a0092eb38346272:0x463 
0xda23dc1853b12a6d89ae5a662a0092eb38346272:0x464 
0xda23dc1853b12a6d89ae5a662a0092eb38346272:0x465 
0xda23dc1853b12a6d89ae5a662a0092eb38346272:0x466 
0xda23dc1853b12a6d89ae5a662a0092eb38346272:0x467 
0xda23dc1853b12a6d89ae5a662a0092eb38346272:0x46a 
0xda23dc1853b12a6d89ae5a662a0092eb38346272:0x46b 
0xda23dc1853b12a6d89ae5a662a0092eb38346272:0x46c 
0xda23dc1853b12a6d89ae5a662a0092eb38346272:0x46d 
0xda23dc1853b12a6d89ae5a662a0092eb38346272:0x46f 
0xda23dc1853b12a6d89ae5a662a0092eb38346272:0x470 
0xda23dc1853b12a6d89ae5a662a0092eb38346272:0x472 
0xda23dc1853b12a6d89ae5a662a0092eb38346272:0x473 
0xda23dc1853b12a6d89ae5a662a0092eb38346272:0x474 
0xda23dc1853b12a6d89ae5a662a0092eb38346272:0x475 
0xda23dc1853b12a6d89ae5a662a0092eb38346272:0x478 
0xda23dc1853b12a6d89ae5a662a0092eb38346272:0x47a 
0xda23dc1853b12a6d89ae5a662a0092eb38346272:0x47b 
0xda23dc1853b12a6d89ae5a662a0092eb38346272:0x47c 
0xda23dc1853b12a6d89ae5a662a0092eb38346272:0x47d 
0xda23dc1853b12a6d89ae5a662a0092eb38346272:0x47e 
0xda23dc1853b12a6d89ae5a662a0092eb38346272:0x47f 
0xda23dc1853b12a6d89ae5a662a0092eb38346272:0x482 
0xda23dc1853b12a6d89ae5a662a0092eb38346272:0x487 
0xda23dc1853b12a6d89ae5a662a0092eb38346272:0x488 
0xda23dc1853b12a6d89ae5a662a0092eb38346272:0x48a 
0xda23dc1853b12a6d89ae5a662a0092eb38346272:0x48c 
0xda23dc1853b12a6d89ae5a662a0092eb38346272:0x48d 
0xda23dc1853b12a6d89ae5a662a0092eb38346272:0x490 
0xda23dc1853b12a6d89ae5a662a0092eb38346272:0x491 
0xda23dc1853b12a6d89ae5a662a0092eb38346272:0x492 
0xda23dc1853b12a6d89ae5a662a0092eb38346272:0x493 
0xda23dc1853b12a6d89ae5a662a0092eb38346272:0x494 
0xda23dc1853b12a6d89ae5a662a0092eb38346272:0x496 
0xda23dc1853b12a6d89ae5a662a0092eb38346272:0x497 
0xda23dc1853b12a6d89ae5a662a0092eb38346272:0x498 
0xda23dc1853b12a6d89ae5a662a0092eb38346272:0x499 
0xda23dc1853b12a6d89ae5a662a0092eb38346272:0x49a 
0xda23dc1853b12a6d89ae5a662a0092eb38346272:0x49b 
0xda23dc1853b12a6d89ae5a662a0092eb38346272:0x49d 
0xda23dc1853b12a6d89ae5a662a0092eb38346272:0x49e 
0xda23dc1853b12a6d89ae5a662a0092eb38346272:0x49f 
0xda23dc1853b12a6d89ae5a662a0092eb38346272:0x4a0 
0xda23dc1853b12a6d89ae5a662a0092eb38346272:0x4a3 
0xda23dc1853b12a6d89ae5a662a0092eb38346272:0x4a5 
0xda23dc1853b12a6d89ae5a662a0092eb38346272:0x4a6 
0xda23dc1853b12a6d89ae5a662a0092eb38346272:0x4a7 
0xda23dc1853b12a6d89ae5a662a0092eb38346272:0x4a8 
0xda23dc1853b12a6d89ae5a662a0092eb38346272:0x4a9 
0xda23dc1853b12a6d89ae5a662a0092eb38346272:0x4aa 
0xda23dc1853b12a6d89ae5a662a0092eb38346272:0x4ab 
0xda23dc1853b12a6d89ae5a662a0092eb38346272:0x126 
0xda23dc1853b12a6d89ae5a662a0092eb38346272:0x127 
---
0xda23dc1853b12a6d89ae5a662a0092eb38346272:0x0 
0xda23dc1853b12a6d89ae5a662a0092eb38346272:0x2 
0xda23dc1853b12a6d89ae5a662a0092eb38346272:0x4 
0xda23dc1853b12a6d89ae5a662a0092eb38346272:0x5 
0xda23dc1853b12a6d89ae5a662a0092eb38346272:0x6 
0xda23dc1853b12a6d89ae5a662a0092eb38346272:0x7 
0xda23dc1853b12a6d89ae5a662a0092eb38346272:0x8 
0xda23dc1853b12a6d89ae5a662a0092eb38346272:0xb 
0xda23dc1853b12a6d89ae5a662a0092eb38346272:0x10 
0xda23dc1853b12a6d89ae5a662a0092eb38346272:0x11 
0xda23dc1853b12a6d89ae5a662a0092eb38346272:0x12 
0xda23dc1853b12a6d89ae5a662a0092eb38346272:0x14 
0xda23dc1853b12a6d89ae5a662a0092eb38346272:0x15 
0xda23dc1853b12a6d89ae5a662a0092eb38346272:0x16 
0xda23dc1853b12a6d89ae5a662a0092eb38346272:0x19 
0xda23dc1853b12a6d89ae5a662a0092eb38346272:0x1a 
0xda23dc1853b12a6d89ae5a662a0092eb38346272:0x1c 
0xda23dc1853b12a6d89ae5a662a0092eb38346272:0x1d 
0xda23dc1853b12a6d89ae5a662a0092eb38346272:0x1f 
0xda23dc1853b12a6d89ae5a662a0092eb38346272:0x20 
0xda23dc1853b12a6d89ae5a662a0092eb38346272:0x21 
0xda23dc1853b12a6d89ae5a662a0092eb38346272:0x26 
0xda23dc1853b12a6d89ae5a662a0092eb38346272:0x27 
0xda23dc1853b12a6d89ae5a662a0092eb38346272:0x2a 
0xda23dc1853b12a6d89ae5a662a0092eb38346272:0x8c 
0xda23dc1853b12a6d89ae5a662a0092eb38346272:0x8d 
0xda23dc1853b12a6d89ae5a662a0092eb38346272:0x8e 
0xda23dc1853b12a6d89ae5a662a0092eb38346272:0x93 
0xda23dc1853b12a6d89ae5a662a0092eb38346272:0x94 
0xda23dc1853b12a6d89ae5a662a0092eb38346272:0x97 
0xda23dc1853b12a6d89ae5a662a0092eb38346272:0x98 
0xda23dc1853b12a6d89ae5a662a0092eb38346272:0x99 
0xda23dc1853b12a6d89ae5a662a0092eb38346272:0x9e 
0xda23dc1853b12a6d89ae5a662a0092eb38346272:0x9f 
0xda23dc1853b12a6d89ae5a662a0092eb38346272:0xa2 
0xda23dc1853b12a6d89ae5a662a0092eb38346272:0xa3 
0xda23dc1853b12a6d89ae5a662a0092eb38346272:0xa4 
0xda23dc1853b12a6d89ae5a662a0092eb38346272:0xa9 
0xda23dc1853b12a6d89ae5a662a0092eb38346272:0xaa 
0xda23dc1853b12a6d89ae5a662a0092eb38346272:0xad 
0xda23dc1853b12a6d89ae5a662a0092eb38346272:0xae 
0xda23dc1853b12a6d89ae5a662a0092eb38346272:0xaf 
0xda23dc1853b12a6d89ae5a662a0092eb38346272:0xb4 
0xda23dc1853b12a6d89ae5a662a0092eb38346272:0xb5 
0xda23dc1853b12a6d89ae5a662a0092eb38346272:0xb8 
0xda23dc1853b12a6d89ae5a662a0092eb38346272:0xb9 
0xda23dc1853b12a6d89ae5a662a0092eb38346272:0xba 
0xda23dc1853b12a6d89ae5a662a0092eb38346272:0xbf 
0xda23dc1853b12a6d89ae5a662a0092eb38346272:0xc0 
0xda23dc1853b12a6d89ae5a662a0092eb38346272:0xc3 
0xda23dc1853b12a6d89ae5a662a0092eb38346272:0xc4 
0xda23dc1853b12a6d89ae5a662a0092eb38346272:0xc5 
0xda23dc1853b12a6d89ae5a662a0092eb38346272:0xca 
0xda23dc1853b12a6d89ae5a662a0092eb38346272:0xcb 
0xda23dc1853b12a6d89ae5a662a0092eb38346272:0xce 
0xda23dc1853b12a6d89ae5a662a0092eb38346272:0x1c2 
0xda23dc1853b12a6d89ae5a662a0092eb38346272:0x1c3 
0xda23dc1853b12a6d89ae5a662a0092eb38346272:0x1c6 
0xda23dc1853b12a6d89ae5a662a0092eb38346272:0x1c9 
0xda23dc1853b12a6d89ae5a662a0092eb38346272:0x595 
0xda23dc1853b12a6d89ae5a662a0092eb38346272:0x596 
0xda23dc1853b12a6d89ae5a662a0092eb38346272:0x598 
0xda23dc1853b12a6d89ae5a662a0092eb38346272:0x599 
0xda23dc1853b12a6d89ae5a662a0092eb38346272:0x59b 
0xda23dc1853b12a6d89ae5a662a0092eb38346272:0x59c 
0xda23dc1853b12a6d89ae5a662a0092eb38346272:0x59d 
0xda23dc1853b12a6d89ae5a662a0092eb38346272:0x59e 
0xda23dc1853b12a6d89ae5a662a0092eb38346272:0x5a1 
0xda23dc1853b12a6d89ae5a662a0092eb38346272:0x5a3 
0xda23dc1853b12a6d89ae5a662a0092eb38346272:0x5a4 
0xda23dc1853b12a6d89ae5a662a0092eb38346272:0x5a6 
0xda23dc1853b12a6d89ae5a662a0092eb38346272:0x5a7 
0xda23dc1853b12a6d89ae5a662a0092eb38346272:0x5a8 
0xda23dc1853b12a6d89ae5a662a0092eb38346272:0x5a9 
0xda23dc1853b12a6d89ae5a662a0092eb38346272:0x5aa 
0xda23dc1853b12a6d89ae5a662a0092eb38346272:0x5ad 
0xda23dc1853b12a6d89ae5a662a0092eb38346272:0x5ae 
0xda23dc1853b12a6d89ae5a662a0092eb38346272:0x5af 
0xda23dc1853b12a6d89ae5a662a0092eb38346272:0x5b0 
0xda23dc1853b12a6d89ae5a662a0092eb38346272:0x5b2 
0xda23dc1853b12a6d89ae5a662a0092eb38346272:0x5b3 
0xda23dc1853b12a6d89ae5a662a0092eb38346272:0x5b5 
0xda23dc1853b12a6d89ae5a662a0092eb38346272:0x5b6 
0xda23dc1853b12a6d89ae5a662a0092eb38346272:0x5b7 
0xda23dc1853b12a6d89ae5a662a0092eb38346272:0x5b8 
0xda23dc1853b12a6d89ae5a662a0092eb38346272:0x5bb 
0xda23dc1853b12a6d89ae5a662a0092eb38346272:0x5bd 
0xda23dc1853b12a6d89ae5a662a0092eb38346272:0x5be 
0xda23dc1853b12a6d89ae5a662a0092eb38346272:0x5bf 
0xda23dc1853b12a6d89ae5a662a0092eb38346272:0x5c0 
0xda23dc1853b12a6d89ae5a662a0092eb38346272:0x5c1 
0xda23dc1853b12a6d89ae5a662a0092eb38346272:0x5c2 
0xda23dc1853b12a6d89ae5a662a0092eb38346272:0x1ca 
0xda23dc1853b12a6d89ae5a662a0092eb38346272:0x1cb 
0xda23dc1853b12a6d89ae5a662a0092eb38346272:0x1cd 
0xda23dc1853b12a6d89ae5a662a0092eb38346272:0x1ce 
0xda23dc1853b12a6d89ae5a662a0092eb38346272:0x1cf 
0xda23dc1853b12a6d89ae5a662a0092eb38346272:0x1d0 
0xda23dc1853b12a6d89ae5a662a0092eb38346272:0x1d1 
0xda23dc1853b12a6d89ae5a662a0092eb38346272:0x1d2 
0xda23dc1853b12a6d89ae5a662a0092eb38346272:0x1d3 
0xda23dc1853b12a6d89ae5a662a0092eb38346272:0x1d4 
0xda23dc1853b12a6d89ae5a662a0092eb38346272:0x1d5 
0xda23dc1853b12a6d89ae5a662a0092eb38346272:0x1d6 
0xda23dc1853b12a6d89ae5a662a0092eb38346272:0x1d8 
0xda23dc1853b12a6d89ae5a662a0092eb38346272:0x1d9 
0xda23dc1853b12a6d89ae5a662a0092eb38346272:0x1da 
0xda23dc1853b12a6d89ae5a662a0092eb38346272:0x1db 
0xda23dc1853b12a6d89ae5a662a0092eb38346272:0x1dc 
0xda23dc1853b12a6d89ae5a662a0092eb38346272:0x1de 
0xda23dc1853b12a6d89ae5a662a0092eb38346272:0x1df 
0xda23dc1853b12a6d89ae5a662a0092eb38346272:0x1e0 
0xda23dc1853b12a6d89ae5a662a0092eb38346272:0x1e1 
0xda23dc1853b12a6d89ae5a662a0092eb38346272:0x1e2 
0xda23dc1853b12a6d89ae5a662a0092eb38346272:0x1e3 
---
0xda23dc1853b12a6d89ae5a662a0092eb38346272:0x0 
0xda23dc1853b12a6d89ae5a662a0092eb38346272:0x2 
0xda23dc1853b12a6d89ae5a662a0092eb38346272:0x4 
0xda23dc1853b12a6d89ae5a662a0092eb38346272:0x5 
0xda23dc1853b12a6d89ae5a662a0092eb38346272:0x6 
0xda23dc1853b12a6d89ae5a662a0092eb38346272:0x7 
0xda23dc1853b12a6d89ae5a662a0092eb38346272:0x8 
0xda23dc1853b12a6d89ae5a662a0092eb38346272:0xb 
0xda23dc1853b12a6d89ae5a662a0092eb38346272:0x10 
0xda23dc1853b12a6d89ae5a662a0092eb38346272:0x11 
0xda23dc1853b12a6d89ae5a662a0092eb38346272:0x12 
0xda23dc1853b12a6d89ae5a662a0092eb38346272:0x14 
0xda23dc1853b12a6d89ae5a662a0092eb38346272:0x15 
0xda23dc1853b12a6d89ae5a662a0092eb38346272:0x16 
0xda23dc1853b12a6d89ae5a662a0092eb38346272:0x19 
0xda23dc1853b12a6d89ae5a662a0092eb38346272:0x1a 
0xda23dc1853b12a6d89ae5a662a0092eb38346272:0x1c 
0xda23dc1853b12a6d89ae5a662a0092eb38346272:0x1d 
0xda23dc1853b12a6d89ae5a662a0092eb38346272:0x1f 
0xda23dc1853b12a6d89ae5a662a0092eb38346272:0x20 
0xda23dc1853b12a6d89ae5a662a0092eb38346272:0x21 
0xda23dc1853b12a6d89ae5a662a0092eb38346272:0x26 
0xda23dc1853b12a6d89ae5a662a0092eb38346272:0x27 
0xda23dc1853b12a6d89ae5a662a0092eb38346272:0x2a 
0xda23dc1853b12a6d89ae5a662a0092eb38346272:0x2b 
0xda23dc1853b12a6d89ae5a662a0092eb38346272:0x2c 
0xda23dc1853b12a6d89ae5a662a0092eb38346272:0x31 
0xda23dc1853b12a6d89ae5a662a0092eb38346272:0x32 
0xda23dc1853b12a6d89ae5a662a0092eb38346272:0x35 
0xda23dc1853b12a6d89ae5a662a0092eb38346272:0x36 
0xda23dc1853b12a6d89ae5a662a0092eb38346272:0x37 
0xda23dc1853b12a6d89ae5a662a0092eb38346272:0x3c 
0xda23dc1853b12a6d89ae5a662a0092eb38346272:0x3d 
0xda23dc1853b12a6d89ae5a662a0092eb38346272:0x40 
0xda23dc1853b12a6d89ae5a662a0092eb38346272:0x41 
0xda23dc1853b12a6d89ae5a662a0092eb38346272:0x42 
0xda23dc1853b12a6d89ae5a662a0092eb38346272:0x47 
0xda23dc1853b12a6d89ae5a662a0092eb38346272:0x48 
0xda23dc1853b12a6d89ae5a662a0092eb38346272:0x4b 
0xda23dc1853b12a6d89ae5a662a0092eb38346272:0x369 
0xda23dc1853b12a6d89ae5a662a0092eb38346272:0x36a 
0xda23dc1853b12a6d89ae5a662a0092eb38346272:0x36d 
0xda23dc1853b12a6d89ae5a662a0092eb38346272:0x370 
0xda23dc1853b12a6d89ae5a662a0092eb38346272:0x88d 
0xda23dc1853b12a6d89ae5a662a0092eb38346272:0x88e 
0xda23dc1853b12a6d89ae5a662a0092eb38346272:0x890 
0xda23dc1853b12a6d89ae5a662a0092eb38346272:0x892 
0xda23dc1853b12a6d89ae5a662a0092eb38346272:0x893 
0xda23dc1853b12a6d89ae5a662a0092eb38346272:0x894 
0xda23dc1853b12a6d89ae5a662a0092eb38346272:0x895 
0xda23dc1853b12a6d89ae5a662a0092eb38346272:0x896 
0xda23dc1853b12a6d89ae5a662a0092eb38346272:0x899 
0xda23dc1853b12a6d89ae5a662a0092eb38346272:0x89b 
0xda23dc1853b12a6d89ae5a662a0092eb38346272:0x89c 
0xda23dc1853b12a6d89ae5a662a0092eb38346272:0x89e 
0xda23dc1853b12a6d89ae5a662a0092eb38346272:0x89f 
0xda23dc1853b12a6d89ae5a662a0092eb38346272:0x8a0 
0xda23dc1853b12a6d89ae5a662a0092eb38346272:0x8a1 
0xda23dc1853b12a6d89ae5a662a0092eb38346272:0x8a2 
0xda23dc1853b12a6d89ae5a662a0092eb38346272:0x8a5 
0xda23dc1853b12a6d89ae5a662a0092eb38346272:0x8a6 
0xda23dc1853b12a6d89ae5a662a0092eb38346272:0x8a7 
0xda23dc1853b12a6d89ae5a662a0092eb38346272:0x8a8 
0xda23dc1853b12a6d89ae5a662a0092eb38346272:0x8aa 
0xda23dc1853b12a6d89ae5a662a0092eb38346272:0x8ab 
0xda23dc1853b12a6d89ae5a662a0092eb38346272:0x8ad 
0xda23dc1853b12a6d89ae5a662a0092eb38346272:0x8ae 
0xda23dc1853b12a6d89ae5a662a0092eb38346272:0x8af 
0xda23dc1853b12a6d89ae5a662a0092eb38346272:0x8b0 
0xda23dc1853b12a6d89ae5a662a0092eb38346272:0x8b3 
0xda23dc1853b12a6d89ae5a662a0092eb38346272:0x8b5 
0xda23dc1853b12a6d89ae5a662a0092eb38346272:0x8b6 
0xda23dc1853b12a6d89ae5a662a0092eb38346272:0x8b7 
0xda23dc1853b12a6d89ae5a662a0092eb38346272:0x8b8 
0xda23dc1853b12a6d89ae5a662a0092eb38346272:0x8b9 
0xda23dc1853b12a6d89ae5a662a0092eb38346272:0x8ba 
0xda23dc1853b12a6d89ae5a662a0092eb38346272:0x371 
0xda23dc1853b12a6d89ae5a662a0092eb38346272:0x372 
0xda23dc1853b12a6d89ae5a662a0092eb38346272:0x374 
0xda23dc1853b12a6d89ae5a662a0092eb38346272:0x375 
0xda23dc1853b12a6d89ae5a662a0092eb38346272:0x376 
0xda23dc1853b12a6d89ae5a662a0092eb38346272:0x377 
0xda23dc1853b12a6d89ae5a662a0092eb38346272:0x378 
0xda23dc1853b12a6d89ae5a662a0092eb38346272:0x379 
0xda23dc1853b12a6d89ae5a662a0092eb38346272:0x37a 
0xda23dc1853b12a6d89ae5a662a0092eb38346272:0x37b 
0xda23dc1853b12a6d89ae5a662a0092eb38346272:0x37c 
0xda23dc1853b12a6d89ae5a662a0092eb38346272:0x37d 
0xda23dc1853b12a6d89ae5a662a0092eb38346272:0x37f 
0xda23dc1853b12a6d89ae5a662a0092eb38346272:0x380 
0xda23dc1853b12a6d89ae5a662a0092eb38346272:0x381 
0xda23dc1853b12a6d89ae5a662a0092eb38346272:0x382 
0xda23dc1853b12a6d89ae5a662a0092eb38346272:0x383 
0xda23dc1853b12a6d89ae5a662a0092eb38346272:0x385 
0xda23dc1853b12a6d89ae5a662a0092eb38346272:0x386 
0xda23dc1853b12a6d89ae5a662a0092eb38346272:0x387 
0xda23dc1853b12a6d89ae5a662a0092eb38346272:0x388 
0xda23dc1853b12a6d89ae5a662a0092eb38346272:0x389 
0xda23dc1853b12a6d89ae5a662a0092eb38346272:0x38a 
---
0xda23dc1853b12a6d89ae5a662a0092eb38346272:0x0 
0xda23dc1853b12a6d89ae5a662a0092eb38346272:0x2 
0xda23dc1853b12a6d89ae5a662a0092eb38346272:0x4 
0xda23dc1853b12a6d89ae5a662a0092eb38346272:0x5 
0xda23dc1853b12a6d89ae5a662a0092eb38346272:0x6 
0xda23dc1853b12a6d89ae5a662a0092eb38346272:0x7 
0xda23dc1853b12a6d89ae5a662a0092eb38346272:0x8 
0xda23dc1853b12a6d89ae5a662a0092eb38346272:0xb 
0xda23dc1853b12a6d89ae5a662a0092eb38346272:0x10 
0xda23dc1853b12a6d89ae5a662a0092eb38346272:0x11 
0xda23dc1853b12a6d89ae5a662a0092eb38346272:0x12 
0xda23dc1853b12a6d89ae5a662a0092eb38346272:0x14 
0xda23dc1853b12a6d89ae5a662a0092eb38346272:0x15 
0xda23dc1853b12a6d89ae5a662a0092eb38346272:0x16 
0xda23dc1853b12a6d89ae5a662a0092eb38346272:0x19 
0xda23dc1853b12a6d89ae5a662a0092eb38346272:0x1a 
0xda23dc1853b12a6d89ae5a662a0092eb38346272:0x1c 
0xda23dc1853b12a6d89ae5a662a0092eb38346272:0x1d 
0xda23dc1853b12a6d89ae5a662a0092eb38346272:0x1f 
0xda23dc1853b12a6d89ae5a662a0092eb38346272:0x20 
0xda23dc1853b12a6d89ae5a662a0092eb38346272:0x21 
0xda23dc1853b12a6d89ae5a662a0092eb38346272:0x26 
0xda23dc1853b12a6d89ae5a662a0092eb38346272:0x27 
0xda23dc1853b12a6d89ae5a662a0092eb38346272:0x2a 
0xda23dc1853b12a6d89ae5a662a0092eb38346272:0x8c 
0xda23dc1853b12a6d89ae5a662a0092eb38346272:0x8d 
0xda23dc1853b12a6d89ae5a662a0092eb38346272:0x8e 
0xda23dc1853b12a6d89ae5a662a0092eb38346272:0x93 
0xda23dc1853b12a6d89ae5a662a0092eb38346272:0x94 
0xda23dc1853b12a6d89ae5a662a0092eb38346272:0x97 
0xda23dc1853b12a6d89ae5a662a0092eb38346272:0x98 
0xda23dc1853b12a6d89ae5a662a0092eb38346272:0x99 
0xda23dc1853b12a6d89ae5a662a0092eb38346272:0x9e 
0xda23dc1853b12a6d89ae5a662a0092eb38346272:0x9f 
0xda23dc1853b12a6d89ae5a662a0092eb38346272:0xa2 
0xda23dc1853b12a6d89ae5a662a0092eb38346272:0xa3 
0xda23dc1853b12a6d89ae5a662a0092eb38346272:0xa4 
0xda23dc1853b12a6d89ae5a662a0092eb38346272:0xa9 
0xda23dc1853b12a6d89ae5a662a0092eb38346272:0xaa 
0xda23dc1853b12a6d89ae5a662a0092eb38346272:0xad 
0xda23dc1853b12a6d89ae5a662a0092eb38346272:0xae 
0xda23dc1853b12a6d89ae5a662a0092eb38346272:0xaf 
0xda23dc1853b12a6d89ae5a662a0092eb38346272:0xb4 
0xda23dc1853b12a6d89ae5a662a0092eb38346272:0xb5 
0xda23dc1853b12a6d89ae5a662a0092eb38346272:0xb8 
0xda23dc1853b12a6d89ae5a662a0092eb38346272:0x172 
0xda23dc1853b12a6d89ae5a662a0092eb38346272:0x173 
0xda23dc1853b12a6d89ae5a662a0092eb38346272:0x176 
0xda23dc1853b12a6d89ae5a662a0092eb38346272:0x179 
0xda23dc1853b12a6d89ae5a662a0092eb38346272:0x4d2 
0xda23dc1853b12a6d89ae5a662a0092eb38346272:0x4d3 
0xda23dc1853b12a6d89ae5a662a0092eb38346272:0x4d5 
0xda23dc1853b12a6d89ae5a662a0092eb38346272:0x4d7 
0xda23dc1853b12a6d89ae5a662a0092eb38346272:0x4d8 
0xda23dc1853b12a6d89ae5a662a0092eb38346272:0x4d9 
0xda23dc1853b12a6d89ae5a662a0092eb38346272:0x4da 
0xda23dc1853b12a6d89ae5a662a0092eb38346272:0x4db 
0xda23dc1853b12a6d89ae5a662a0092eb38346272:0x4de 
0xda23dc1853b12a6d89ae5a662a0092eb38346272:0x4e0 
0xda23dc1853b12a6d89ae5a662a0092eb38346272:0x4e1 
0xda23dc1853b12a6d89ae5a662a0092eb38346272:0x4e3 
0xda23dc1853b12a6d89ae5a662a0092eb38346272:0x4e4 
0xda23dc1853b12a6d89ae5a662a0092eb38346272:0x4e5 
0xda23dc1853b12a6d89ae5a662a0092eb38346272:0x4e6 
0xda23dc1853b12a6d89ae5a662a0092eb38346272:0x4e7 
0xda23dc1853b12a6d89ae5a662a0092eb38346272:0x4ea 
0xda23dc1853b12a6d89ae5a662a0092eb38346272:0x4eb 
0xda23dc1853b12a6d89ae5a662a0092eb38346272:0x4ec 
0xda23dc1853b12a6d89ae5a662a0092eb38346272:0x4ed 
0xda23dc1853b12a6d89ae5a662a0092eb38346272:0x4ef 
0xda23dc1853b12a6d89ae5a662a0092eb38346272:0x4f0 
0xda23dc1853b12a6d89ae5a662a0092eb38346272:0x4f2 
0xda23dc1853b12a6d89ae5a662a0092eb38346272:0x4f3 
0xda23dc1853b12a6d89ae5a662a0092eb38346272:0x4f4 
0xda23dc1853b12a6d89ae5a662a0092eb38346272:0x4f5 
0xda23dc1853b12a6d89ae5a662a0092eb38346272:0x4f8 
0xda23dc1853b12a6d89ae5a662a0092eb38346272:0x4fa 
0xda23dc1853b12a6d89ae5a662a0092eb38346272:0x4fb 
0xda23dc1853b12a6d89ae5a662a0092eb38346272:0x4fc 
0xda23dc1853b12a6d89ae5a662a0092eb38346272:0x4fd 
0xda23dc1853b12a6d89ae5a662a0092eb38346272:0x4fe 
0xda23dc1853b12a6d89ae5a662a0092eb38346272:0x4ff 
0xda23dc1853b12a6d89ae5a662a0092eb38346272:0x17a 
0xda23dc1853b12a6d89ae5a662a0092eb38346272:0x17b 
0xda23dc1853b12a6d89ae5a662a0092eb38346272:0x17d 
0xda23dc1853b12a6d89ae5a662a0092eb38346272:0x17e 
0xda23dc1853b12a6d89ae5a662a0092eb38346272:0x17f 
0xda23dc1853b12a6d89ae5a662a0092eb38346272:0x180 
0xda23dc1853b12a6d89ae5a662a0092eb38346272:0x181 
0xda23dc1853b12a6d89ae5a662a0092eb38346272:0x182 
0xda23dc1853b12a6d89ae5a662a0092eb38346272:0x183 
0xda23dc1853b12a6d89ae5a662a0092eb38346272:0x184 
0xda23dc1853b12a6d89ae5a662a0092eb38346272:0x185 
0xda23dc1853b12a6d89ae5a662a0092eb38346272:0x186 
0xda23dc1853b12a6d89ae5a662a0092eb38346272:0x188 
0xda23dc1853b12a6d89ae5a662a0092eb38346272:0x189 
0xda23dc1853b12a6d89ae5a662a0092eb38346272:0x18a 
0xda23dc1853b12a6d89ae5a662a0092eb38346272:0x18b 
0xda23dc1853b12a6d89ae5a662a0092eb38346272:0x18c 
0xda23dc1853b12a6d89ae5a662a0092eb38346272:0x18e 
0xda23dc1853b12a6d89ae5a662a0092eb38346272:0x18f 
0xda23dc1853b12a6d89ae5a662a0092eb38346272:0x190 
0xda23dc1853b12a6d89ae5a662a0092eb38346272:0x191 
0xda23dc1853b12a6d89ae5a662a0092eb38346272:0x192 
0xda23dc1853b12a6d89ae5a662a0092eb38346272:0x193 
