---
0x950f4b70fd3afd4e12ccdbf724b7a800cf02021f:0x0 *
0x950f4b70fd3afd4e12ccdbf724b7a800cf02021f:0x2 *
0x950f4b70fd3afd4e12ccdbf724b7a800cf02021f:0x4 *
0x950f4b70fd3afd4e12ccdbf724b7a800cf02021f:0x5 *
0x950f4b70fd3afd4e12ccdbf724b7a800cf02021f:0x6 *
0x950f4b70fd3afd4e12ccdbf724b7a800cf02021f:0x7 *
0x950f4b70fd3afd4e12ccdbf724b7a800cf02021f:0x8 *
0x950f4b70fd3afd4e12ccdbf724b7a800cf02021f:0xb *
0x950f4b70fd3afd4e12ccdbf724b7a800cf02021f:0x10 *
0x950f4b70fd3afd4e12ccdbf724b7a800cf02021f:0x11 *
0x950f4b70fd3afd4e12ccdbf724b7a800cf02021f:0x12 *
0x950f4b70fd3afd4e12ccdbf724b7a800cf02021f:0x14 *
0x950f4b70fd3afd4e12ccdbf724b7a800cf02021f:0x15 *
0x950f4b70fd3afd4e12ccdbf724b7a800cf02021f:0x18 *
0x950f4b70fd3afd4e12ccdbf724b7a800cf02021f:0x19 *
0x950f4b70fd3afd4e12ccdbf724b7a800cf02021f:0x1a *
0x950f4b70fd3afd4e12ccdbf724b7a800cf02021f:0x1b *
0x950f4b70fd3afd4e12ccdbf724b7a800cf02021f:0x1e *
0x950f4b70fd3afd4e12ccdbf724b7a800cf02021f:0x1f *
0x950f4b70fd3afd4e12ccdbf724b7a800cf02021f:0x20 *
0x950f4b70fd3afd4e12ccdbf724b7a800cf02021f:0x21 *
0x950f4b70fd3afd4e12ccdbf724b7a800cf02021f:0x22 *
0x950f4b70fd3afd4e12ccdbf724b7a800cf02021f:0x23 *
0x950f4b70fd3afd4e12ccdbf724b7a800cf02021f:0x25 *
0x950f4b70fd3afd4e12ccdbf724b7a800cf02021f:0x26 *
0x950f4b70fd3afd4e12ccdbf724b7a800cf02021f:0x28 *
0x950f4b70fd3afd4e12ccdbf724b7a800cf02021f:0x29 *
0x950f4b70fd3afd4e12ccdbf724b7a800cf02021f:0x2a *
0x950f4b70fd3afd4e12ccdbf724b7a800cf02021f:0x2b *
0x950f4b70fd3afd4e12ccdbf724b7a800cf02021f:0x2e *
0x950f4b70fd3afd4e12ccdbf724b7a800cf02021f:0x33 *
0x950f4b70fd3afd4e12ccdbf724b7a800cf02021f:0x34 *
0x950f4b70fd3afd4e12ccdbf724b7a800cf02021f:0x35 *
0x950f4b70fd3afd4e12ccdbf724b7a800cf02021f:0x36 *
0x950f4b70fd3afd4e12ccdbf724b7a800cf02021f:0x37 *
0x950f4b70fd3afd4e12ccdbf724b7a800cf02021f:0x38 *
0x950f4b70fd3afd4e12ccdbf724b7a800cf02021f:0x39 *
0x950f4b70fd3afd4e12ccdbf724b7a800cf02021f:0x3a *
0x950f4b70fd3afd4e12ccdbf724b7a800cf02021f:0x3b *
0x950f4b70fd3afd4e12ccdbf724b7a800cf02021f:0x3d *
0x950f4b70fd3afd4e12ccdbf724b7a800cf02021f:0x3e *
0x950f4b70fd3afd4e12ccdbf724b7a800cf02021f:0x3f *
0x950f4b70fd3afd4e12ccdbf724b7a800cf02021f:0x40 *
0x950f4b70fd3afd4e12ccdbf724b7a800cf02021f:0x41 *
0x950f4b70fd3afd4e12ccdbf724b7a800cf02021f:0x42 *
0x950f4b70fd3afd4e12ccdbf724b7a800cf02021f:0x43 *
0x950f4b70fd3afd4e12ccdbf724b7a800cf02021f:0x44 *
0x950f4b70fd3afd4e12ccdbf724b7a800cf02021f:0x45 *
0x950f4b70fd3afd4e12ccdbf724b7a800cf02021f:0x47 *
0x950f4b70fd3afd4e12ccdbf724b7a800cf02021f:0x48 *
0x950f4b70fd3afd4e12ccdbf724b7a800cf02021f:0x49 *
0x950f4b70fd3afd4e12ccdbf724b7a800cf02021f:0x4a *
0x950f4b70fd3afd4e12ccdbf724b7a800cf02021f:0x4b *
0x950f4b70fd3afd4e12ccdbf724b7a800cf02021f:0x4c *
0x950f4b70fd3afd4e12ccdbf724b7a800cf02021f:0x4d *
0x950f4b70fd3afd4e12ccdbf724b7a800cf02021f:0x4e *
0x950f4b70fd3afd4e12ccdbf724b7a800cf02021f:0x4f *
0x950f4b70fd3afd4e12ccdbf724b7a800cf02021f:0x50 *
0x950f4b70fd3afd4e12ccdbf724b7a800cf02021f:0x52 *
0x950f4b70fd3afd4e12ccdbf724b7a800cf02021f:0x54 *
0x950f4b70fd3afd4e12ccdbf724b7a800cf02021f:0x57 *
0x950f4b70fd3afd4e12ccdbf724b7a800cf02021f:0x58 *
0x950f4b70fd3afd4e12ccdbf724b7a800cf02021f:0x59 *
0x950f4b70fd3afd4e12ccdbf724b7a800cf02021f:0x5a *
0x950f4b70fd3afd4e12ccdbf724b7a800cf02021f:0x5b *
0x950f4b70fd3afd4e12ccdbf724b7a800cf02021f:0x70 *
0x950f4b70fd3afd4e12ccdbf724b7a800cf02021f:0x71 *
0x950f4b70fd3afd4e12ccdbf724b7a800cf02021f:0x72 *
0x950f4b70fd3afd4e12ccdbf724b7a800cf02021f:0x73 *
0x950f4b70fd3afd4e12ccdbf724b7a800cf02021f:0x74 *
0x950f4b70fd3afd4e12ccdbf724b7a800cf02021f:0x75 *
0x950f4b70fd3afd4e12ccdbf724b7a800cf02021f:0x8a *
0x950f4b70fd3afd4e12ccdbf724b7a800cf02021f:0x8b *
0x950f4b70fd3afd4e12ccdbf724b7a800cf02021f:0x8c *
0x950f4b70fd3afd4e12ccdbf724b7a800cf02021f:0x8d *
0x950f4b70fd3afd4e12ccdbf724b7a800cf02021f:0x8e *
0x950f4b70fd3afd4e12ccdbf724b7a800cf02021f:0x8f *
0x950f4b70fd3afd4e12ccdbf724b7a800cf02021f:0x90 *
0x950f4b70fd3afd4e12ccdbf724b7a800cf02021f:0x91 *
0x950f4b70fd3afd4e12ccdbf724b7a800cf02021f:0x93 *
0x950f4b70fd3afd4e12ccdbf724b7a800cf02021f:0x95 *
0x950f4b70fd3afd4e12ccdbf724b7a800cf02021f:0x98 *
0x950f4b70fd3afd4e12ccdbf724b7a800cf02021f:0x99 *
0x950f4b70fd3afd4e12ccdbf724b7a800cf02021f:0x9a *
0x950f4b70fd3afd4e12ccdbf724b7a800cf02021f:0x9b *
0x950f4b70fd3afd4e12ccdbf724b7a800cf02021f:0x9c *
0x950f4b70fd3afd4e12ccdbf724b7a800cf02021f:0xb1 *
0x950f4b70fd3afd4e12ccdbf724b7a800cf02021f:0xb2 *
0x950f4b70fd3afd4e12ccdbf724b7a800cf02021f:0xb3 *
0x950f4b70fd3afd4e12ccdbf724b7a800cf02021f:0xb4 *
0x950f4b70fd3afd4e12ccdbf724b7a800cf02021f:0xb5 *
0x950f4b70fd3afd4e12ccdbf724b7a800cf02021f:0xb6 *
0x950f4b70fd3afd4e12ccdbf724b7a800cf02021f:0xcb *
0x950f4b70fd3afd4e12ccdbf724b7a800cf02021f:0xcc *
0x950f4b70fd3afd4e12ccdbf724b7a800cf02021f:0xcd *
0x950f4b70fd3afd4e12ccdbf724b7a800cf02021f:0xce *
0x950f4b70fd3afd4e12ccdbf724b7a800cf02021f:0xcf *
0x950f4b70fd3afd4e12ccdbf724b7a800cf02021f:0xd0 *
0x950f4b70fd3afd4e12ccdbf724b7a800cf02021f:0xd1 *
0x950f4b70fd3afd4e12ccdbf724b7a800cf02021f:0xd3 *
0x950f4b70fd3afd4e12ccdbf724b7a800cf02021f:0xd5 *
0x950f4b70fd3afd4e12ccdbf724b7a800cf02021f:0xd6 *
0x950f4b70fd3afd4e12ccdbf724b7a800cf02021f:0xd7 *
0x950f4b70fd3afd4e12ccdbf724b7a800cf02021f:0xd8 *
0x950f4b70fd3afd4e12ccdbf724b7a800cf02021f:0xd9 *
0x950f4b70fd3afd4e12ccdbf724b7a800cf02021f:0xdb *
0x950f4b70fd3afd4e12ccdbf724b7a800cf02021f:0xdc *
0x950f4b70fd3afd4e12ccdbf724b7a800cf02021f:0xde *
0x950f4b70fd3afd4e12ccdbf724b7a800cf02021f:0xe1 *
0x950f4b70fd3afd4e12ccdbf724b7a800cf02021f:0xe2 *
0x950f4b70fd3afd4e12ccdbf724b7a800cf02021f:0xe3 *
0x950f4b70fd3afd4e12ccdbf724b7a800cf02021f:0xe4 *
0x950f4b70fd3afd4e12ccdbf724b7a800cf02021f:0xe5 *
0x950f4b70fd3afd4e12ccdbf724b7a800cf02021f:0xe7 *
0x950f4b70fd3afd4e12ccdbf724b7a800cf02021f:0xe8 *
0x950f4b70fd3afd4e12ccdbf724b7a800cf02021f:0xe9 *
0x950f4b70fd3afd4e12ccdbf724b7a800cf02021f:0xea *
0x950f4b70fd3afd4e12ccdbf724b7a800cf02021f:0xeb *
0x950f4b70fd3afd4e12ccdbf724b7a800cf02021f:0xec *
0x950f4b70fd3afd4e12ccdbf724b7a800cf02021f:0xee *
0x950f4b70fd3afd4e12ccdbf724b7a800cf02021f:0xef *
0x950f4b70fd3afd4e12ccdbf724b7a800cf02021f:0xf0 *
0x950f4b70fd3afd4e12ccdbf724b7a800cf02021f:0xf1 *
0x950f4b70fd3afd4e12ccdbf724b7a800cf02021f:0xf4 *
0x950f4b70fd3afd4e12ccdbf724b7a800cf02021f:0xf6 *
0x950f4b70fd3afd4e12ccdbf724b7a800cf02021f:0xf7 *
0x950f4b70fd3afd4e12ccdbf724b7a800cf02021f:0xf8 *
0x950f4b70fd3afd4e12ccdbf724b7a800cf02021f:0xf9 *
0x950f4b70fd3afd4e12ccdbf724b7a800cf02021f:0xfa *
0x950f4b70fd3afd4e12ccdbf724b7a800cf02021f:0xfb *
0x950f4b70fd3afd4e12ccdbf724b7a800cf02021f:0xfc *
0x950f4b70fd3afd4e12ccdbf724b7a800cf02021f:0xfd *
0x950f4b70fd3afd4e12ccdbf724b7a800cf02021f:0xfe *
0x950f4b70fd3afd4e12ccdbf724b7a800cf02021f:0x101 *
0x950f4b70fd3afd4e12ccdbf724b7a800cf02021f:0x102 *
0x950f4b70fd3afd4e12ccdbf724b7a800cf02021f:0x105 *
0x950f4b70fd3afd4e12ccdbf724b7a800cf02021f:0x107 *
0x950f4b70fd3afd4e12ccdbf724b7a800cf02021f:0x108 *
0x950f4b70fd3afd4e12ccdbf724b7a800cf02021f:0x10a *
---
0x950f4b70fd3afd4e12ccdbf724b7a800cf02021f:0x0 
0x950f4b70fd3afd4e12ccdbf724b7a800cf02021f:0x2 
0x950f4b70fd3afd4e12ccdbf724b7a800cf02021f:0x4 
0x950f4b70fd3afd4e12ccdbf724b7a800cf02021f:0x5 
0x950f4b70fd3afd4e12ccdbf724b7a800cf02021f:0x6 
0x950f4b70fd3afd4e12ccdbf724b7a800cf02021f:0x7 
0x950f4b70fd3afd4e12ccdbf724b7a800cf02021f:0x8 
0x950f4b70fd3afd4e12ccdbf724b7a800cf02021f:0xb 
0x950f4b70fd3afd4e12ccdbf724b7a800cf02021f:0x10 
0x950f4b70fd3afd4e12ccdbf724b7a800cf02021f:0x11 
0x950f4b70fd3afd4e12ccdbf724b7a800cf02021f:0x12 
0x950f4b70fd3afd4e12ccdbf724b7a800cf02021f:0x14 
0x950f4b70fd3afd4e12ccdbf724b7a800cf02021f:0x15 
0x950f4b70fd3afd4e12ccdbf724b7a800cf02021f:0x16 
0x950f4b70fd3afd4e12ccdbf724b7a800cf02021f:0x19 
0x950f4b70fd3afd4e12ccdbf724b7a800cf02021f:0x1a 
0x950f4b70fd3afd4e12ccdbf724b7a800cf02021f:0x1c 
0x950f4b70fd3afd4e12ccdbf724b7a800cf02021f:0x1d 
0x950f4b70fd3afd4e12ccdbf724b7a800cf02021f:0x1f 
0x950f4b70fd3afd4e12ccdbf724b7a800cf02021f:0x20 
0x950f4b70fd3afd4e12ccdbf724b7a800cf02021f:0x21 
0x950f4b70fd3afd4e12ccdbf724b7a800cf02021f:0x26 
0x950f4b70fd3afd4e12ccdbf724b7a800cf02021f:0x27 
0x950f4b70fd3afd4e12ccdbf724b7a800cf02021f:0x2a 
0x950f4b70fd3afd4e12ccdbf724b7a800cf02021f:0x8c 
0x950f4b70fd3afd4e12ccdbf724b7a800cf02021f:0x8d 
0x950f4b70fd3afd4e12ccdbf724b7a800cf02021f:0x8e 
0x950f4b70fd3afd4e12ccdbf724b7a800cf02021f:0x93 
0x950f4b70fd3afd4e12ccdbf724b7a800cf02021f:0x94 
0x950f4b70fd3afd4e12ccdbf724b7a800cf02021f:0x97 
0x950f4b70fd3afd4e12ccdbf724b7a800cf02021f:0x98 
0x950f4b70fd3afd4e12ccdbf724b7a800cf02021f:0x99 
0x950f4b70fd3afd4e12ccdbf724b7a800cf02021f:0x9e 
0x950f4b70fd3afd4e12ccdbf724b7a800cf02021f:0x9f 
0x950f4b70fd3afd4e12ccdbf724b7a800cf02021f:0xa2 
0x950f4b70fd3afd4e12ccdbf724b7a800cf02021f:0xa3 
0x950f4b70fd3afd4e12ccdbf724b7a800cf02021f:0xa4 
0x950f4b70fd3afd4e12ccdbf724b7a800cf02021f:0xa9 
0x950f4b70fd3afd4e12ccdbf724b7a800cf02021f:0xaa 
0x950f4b70fd3afd4e12ccdbf724b7a800cf02021f:0xad 
0x950f4b70fd3afd4e12ccdbf724b7a800cf02021f:0xae 
0x950f4b70fd3afd4e12ccdbf724b7a800cf02021f:0xaf 
0x950f4b70fd3afd4e12ccdbf724b7a800cf02021f:0xb4 
0x950f4b70fd3afd4e12ccdbf724b7a800cf02021f:0xb5 
0x950f4b70fd3afd4e12ccdbf724b7a800cf02021f:0xb8 
0x950f4b70fd3afd4e12ccdbf724b7a800cf02021f:0xb9 
0x950f4b70fd3afd4e12ccdbf724b7a800cf02021f:0xba 
0x950f4b70fd3afd4e12ccdbf724b7a800cf02021f:0xbf 
0x950f4b70fd3afd4e12ccdbf724b7a800cf02021f:0xc0 
0x950f4b70fd3afd4e12ccdbf724b7a800cf02021f:0xc3 
0x950f4b70fd3afd4e12ccdbf724b7a800cf02021f:0xc4 
0x950f4b70fd3afd4e12ccdbf724b7a800cf02021f:0xc5 
0x950f4b70fd3afd4e12ccdbf724b7a800cf02021f:0xca 
0x950f4b70fd3afd4e12ccdbf724b7a800cf02021f:0xcb 
0x950f4b70fd3afd4e12ccdbf724b7a800cf02021f:0xce 
0x950f4b70fd3afd4e12ccdbf724b7a800cf02021f:0x1c2 
0x950f4b70fd3afd4e12ccdbf724b7a800cf02021f:0x1c3 
0x950f4b70fd3afd4e12ccdbf724b7a800cf02021f:0x1c6 
0x950f4b70fd3afd4e12ccdbf724b7a800cf02021f:0x1c9 
0x950f4b70fd3afd4e12ccdbf724b7a800cf02021f:0x595 
0x950f4b70fd3afd4e12ccdbf724b7a800cf02021f:0x596 
0x950f4b70fd3afd4e12ccdbf724b7a800cf02021f:0x598 
0x950f4b70fd3afd4e12ccdbf724b7a800cf02021f:0x599 
0x950f4b70fd3afd4e12ccdbf724b7a800cf02021f:0x59b 
0x950f4b70fd3afd4e12ccdbf724b7a800cf02021f:0x59c 
0x950f4b70fd3afd4e12ccdbf724b7a800cf02021f:0x59d 
0x950f4b70fd3afd4e12ccdbf724b7a800cf02021f:0x59e 
0x950f4b70fd3afd4e12ccdbf724b7a800cf02021f:0x5a1 
0x950f4b70fd3afd4e12ccdbf724b7a800cf02021f:0x5a3 
0x950f4b70fd3afd4e12ccdbf724b7a800cf02021f:0x5a4 
0x950f4b70fd3afd4e12ccdbf724b7a800cf02021f:0x5a6 
0x950f4b70fd3afd4e12ccdbf724b7a800cf02021f:0x5a7 
0x950f4b70fd3afd4e12ccdbf724b7a800cf02021f:0x5a8 
0x950f4b70fd3afd4e12ccdbf724b7a800cf02021f:0x5a9 
0x950f4b70fd3afd4e12ccdbf724b7a800cf02021f:0x5aa 
0x950f4b70fd3afd4e12ccdbf724b7a800cf02021f:0x5ad 
0x950f4b70fd3afd4e12ccdbf724b7a800cf02021f:0x5ae 
0x950f4b70fd3afd4e12ccdbf724b7a800cf02021f:0x5af 
0x950f4b70fd3afd4e12ccdbf724b7a800cf02021f:0x5b0 
0x950f4b70fd3afd4e12ccdbf724b7a800cf02021f:0x5b2 
0x950f4b70fd3afd4e12ccdbf724b7a800cf02021f:0x5b3 
0x950f4b70fd3afd4e12ccdbf724b7a800cf02021f:0x5b5 
0x950f4b70fd3afd4e12ccdbf724b7a800cf02021f:0x5b6 
0x950f4b70fd3afd4e12ccdbf724b7a800cf02021f:0x5b7 
0x950f4b70fd3afd4e12ccdbf724b7a800cf02021f:0x5b8 
0x950f4b70fd3afd4e12ccdbf724b7a800cf02021f:0x5bb 
0x950f4b70fd3afd4e12ccdbf724b7a800cf02021f:0x5bd 
0x950f4b70fd3afd4e12ccdbf724b7a800cf02021f:0x5be 
0x950f4b70fd3afd4e12ccdbf724b7a800cf02021f:0x5bf 
0x950f4b70fd3afd4e12ccdbf724b7a800cf02021f:0x5c0 
0x950f4b70fd3afd4e12ccdbf724b7a800cf02021f:0x5c1 
0x950f4b70fd3afd4e12ccdbf724b7a800cf02021f:0x5c2 
0x950f4b70fd3afd4e12ccdbf724b7a800cf02021f:0x1ca 
0x950f4b70fd3afd4e12ccdbf724b7a800cf02021f:0x1cb 
0x950f4b70fd3afd4e12ccdbf724b7a800cf02021f:0x1cd 
0x950f4b70fd3afd4e12ccdbf724b7a800cf02021f:0x1ce 
0x950f4b70fd3afd4e12ccdbf724b7a800cf02021f:0x1cf 
0x950f4b70fd3afd4e12ccdbf724b7a800cf02021f:0x1d0 
0x950f4b70fd3afd4e12ccdbf724b7a800cf02021f:0x1d1 
0x950f4b70fd3afd4e12ccdbf724b7a800cf02021f:0x1d2 
0x950f4b70fd3afd4e12ccdbf724b7a800cf02021f:0x1d3 
0x950f4b70fd3afd4e12ccdbf724b7a800cf02021f:0x1d4 
0x950f4b70fd3afd4e12ccdbf724b7a800cf02021f:0x1d5 
0x950f4b70fd3afd4e12ccdbf724b7a800cf02021f:0x1d6 
0x950f4b70fd3afd4e12ccdbf724b7a800cf02021f:0x1d8 
0x950f4b70fd3afd4e12ccdbf724b7a800cf02021f:0x1d9 
0x950f4b70fd3afd4e12ccdbf724b7a800cf02021f:0x1da 
0x950f4b70fd3afd4e12ccdbf724b7a800cf02021f:0x1db 
0x950f4b70fd3afd4e12ccdbf724b7a800cf02021f:0x1dc 
0x950f4b70fd3afd4e12ccdbf724b7a800cf02021f:0x1de 
0x950f4b70fd3afd4e12ccdbf724b7a800cf02021f:0x1df 
0x950f4b70fd3afd4e12ccdbf724b7a800cf02021f:0x1e0 
0x950f4b70fd3afd4e12ccdbf724b7a800cf02021f:0x1e1 
0x950f4b70fd3afd4e12ccdbf724b7a800cf02021f:0x1e2 
0x950f4b70fd3afd4e12ccdbf724b7a800cf02021f:0x1e3 
---
0x950f4b70fd3afd4e12ccdbf724b7a800cf02021f:0x0 
0x950f4b70fd3afd4e12ccdbf724b7a800cf02021f:0x2 
0x950f4b70fd3afd4e12ccdbf724b7a800cf02021f:0x4 
0x950f4b70fd3afd4e12ccdbf724b7a800cf02021f:0x5 
0x950f4b70fd3afd4e12ccdbf724b7a800cf02021f:0x6 
0x950f4b70fd3afd4e12ccdbf724b7a800cf02021f:0x7 
0x950f4b70fd3afd4e12ccdbf724b7a800cf02021f:0x8 
0x950f4b70fd3afd4e12ccdbf724b7a800cf02021f:0xb 
0x950f4b70fd3afd4e12ccdbf724b7a800cf02021f:0x10 
0x950f4b70fd3afd4e12ccdbf724b7a800cf02021f:0x11 
0x950f4b70fd3afd4e12ccdbf724b7a800cf02021f:0x12 
0x950f4b70fd3afd4e12ccdbf724b7a800cf02021f:0x14 
0x950f4b70fd3afd4e12ccdbf724b7a800cf02021f:0x15 
0x950f4b70fd3afd4e12ccdbf724b7a800cf02021f:0x16 
0x950f4b70fd3afd4e12ccdbf724b7a800cf02021f:0x19 
0x950f4b70fd3afd4e12ccdbf724b7a800cf02021f:0x1a 
0x950f4b70fd3afd4e12ccdbf724b7a800cf02021f:0x1c 
0x950f4b70fd3afd4e12ccdbf724b7a800cf02021f:0x1d 
0x950f4b70fd3afd4e12ccdbf724b7a800cf02021f:0x1f 
0x950f4b70fd3afd4e12ccdbf724b7a800cf02021f:0x20 
0x950f4b70fd3afd4e12ccdbf724b7a800cf02021f:0x21 
0x950f4b70fd3afd4e12ccdbf724b7a800cf02021f:0x26 
0x950f4b70fd3afd4e12ccdbf724b7a800cf02021f:0x27 
0x950f4b70fd3afd4e12ccdbf724b7a800cf02021f:0x2a 
0x950f4b70fd3afd4e12ccdbf724b7a800cf02021f:0x2b 
0x950f4b70fd3afd4e12ccdbf724b7a800cf02021f:0x2c 
0x950f4b70fd3afd4e12ccdbf724b7a800cf02021f:0x31 
0x950f4b70fd3afd4e12ccdbf724b7a800cf02021f:0x32 
0x950f4b70fd3afd4e12ccdbf724b7a800cf02021f:0x35 
0x950f4b70fd3afd4e12ccdbf724b7a800cf02021f:0x36 
0x950f4b70fd3afd4e12ccdbf724b7a800cf02021f:0x37 
0x950f4b70fd3afd4e12ccdbf724b7a800cf02021f:0x3c 
0x950f4b70fd3afd4e12ccdbf724b7a800cf02021f:0x3d 
0x950f4b70fd3afd4e12ccdbf724b7a800cf02021f:0x40 
0x950f4b70fd3afd4e12ccdbf724b7a800cf02021f:0x41 
0x950f4b70fd3afd4e12ccdbf724b7a800cf02021f:0x42 
0x950f4b70fd3afd4e12ccdbf724b7a800cf02021f:0x47 
0x950f4b70fd3afd4e12ccdbf724b7a800cf02021f:0x48 
0x950f4b70fd3afd4e12ccdbf724b7a800cf02021f:0x4b 
0x950f4b70fd3afd4e12ccdbf724b7a800cf02021f:0x369 
0x950f4b70fd3afd4e12ccdbf724b7a800cf02021f:0x36a 
0x950f4b70fd3afd4e12ccdbf724b7a800cf02021f:0x36d 
0x950f4b70fd3afd4e12ccdbf724b7a800cf02021f:0x370 
0x950f4b70fd3afd4e12ccdbf724b7a800cf02021f:0x88d 
0x950f4b70fd3afd4e12ccdbf724b7a800cf02021f:0x88e 
0x950f4b70fd3afd4e12ccdbf724b7a800cf02021f:0x890 
0x950f4b70fd3afd4e12ccdbf724b7a800cf02021f:0x892 
0x950f4b70fd3afd4e12ccdbf724b7a800cf02021f:0x893 
0x950f4b70fd3afd4e12ccdbf724b7a800cf02021f:0x894 
0x950f4b70fd3afd4e12ccdbf724b7a800cf02021f:0x895 
0x950f4b70fd3afd4e12ccdbf724b7a800cf02021f:0x896 
0x950f4b70fd3afd4e12ccdbf724b7a800cf02021f:0x899 
0x950f4b70fd3afd4e12ccdbf724b7a800cf02021f:0x89b 
0x950f4b70fd3afd4e12ccdbf724b7a800cf02021f:0x89c 
0x950f4b70fd3afd4e12ccdbf724b7a800cf02021f:0x89e 
0x950f4b70fd3afd4e12ccdbf724b7a800cf02021f:0x89f 
0x950f4b70fd3afd4e12ccdbf724b7a800cf02021f:0x8a0 
0x950f4b70fd3afd4e12ccdbf724b7a800cf02021f:0x8a1 
0x950f4b70fd3afd4e12ccdbf724b7a800cf02021f:0x8a2 
0x950f4b70fd3afd4e12ccdbf724b7a800cf02021f:0x8a5 
0x950f4b70fd3afd4e12ccdbf724b7a800cf02021f:0x8a6 
0x950f4b70fd3afd4e12ccdbf724b7a800cf02021f:0x8a7 
0x950f4b70fd3afd4e12ccdbf724b7a800cf02021f:0x8a8 
0x950f4b70fd3afd4e12ccdbf724b7a800cf02021f:0x8aa 
0x950f4b70fd3afd4e12ccdbf724b7a800cf02021f:0x8ab 
0x950f4b70fd3afd4e12ccdbf724b7a800cf02021f:0x8ad 
0x950f4b70fd3afd4e12ccdbf724b7a800cf02021f:0x8ae 
0x950f4b70fd3afd4e12ccdbf724b7a800cf02021f:0x8af 
0x950f4b70fd3afd4e12ccdbf724b7a800cf02021f:0x8b0 
0x950f4b70fd3afd4e12ccdbf724b7a800cf02021f:0x8b3 
0x950f4b70fd3afd4e12ccdbf724b7a800cf02021f:0x8b5 
0x950f4b70fd3afd4e12ccdbf724b7a800cf02021f:0x8b6 
0x950f4b70fd3afd4e12ccdbf724b7a800cf02021f:0x8b7 
0x950f4b70fd3afd4e12ccdbf724b7a800cf02021f:0x8b8 
0x950f4b70fd3afd4e12ccdbf724b7a800cf02021f:0x8b9 
0x950f4b70fd3afd4e12ccdbf724b7a800cf02021f:0x8ba 
0x950f4b70fd3afd4e12ccdbf724b7a800cf02021f:0x371 
0x950f4b70fd3afd4e12ccdbf724b7a800cf02021f:0x372 
0x950f4b70fd3afd4e12ccdbf724b7a800cf02021f:0x374 
0x950f4b70fd3afd4e12ccdbf724b7a800cf02021f:0x375 
0x950f4b70fd3afd4e12ccdbf724b7a800cf02021f:0x376 
0x950f4b70fd3afd4e12ccdbf724b7a800cf02021f:0x377 
0x950f4b70fd3afd4e12ccdbf724b7a800cf02021f:0x378 
0x950f4b70fd3afd4e12ccdbf724b7a800cf02021f:0x379 
0x950f4b70fd3afd4e12ccdbf724b7a800cf02021f:0x37a 
0x950f4b70fd3afd4e12ccdbf724b7a800cf02021f:0x37b 
0x950f4b70fd3afd4e12ccdbf724b7a800cf02021f:0x37c 
0x950f4b70fd3afd4e12ccdbf724b7a800cf02021f:0x37d 
0x950f4b70fd3afd4e12ccdbf724b7a800cf02021f:0x37f 
0x950f4b70fd3afd4e12ccdbf724b7a800cf02021f:0x380 
0x950f4b70fd3afd4e12ccdbf724b7a800cf02021f:0x381 
0x950f4b70fd3afd4e12ccdbf724b7a800cf02021f:0x382 
0x950f4b70fd3afd4e12ccdbf724b7a800cf02021f:0x383 
0x950f4b70fd3afd4e12ccdbf724b7a800cf02021f:0x385 
0x950f4b70fd3afd4e12ccdbf724b7a800cf02021f:0x386 
0x950f4b70fd3afd4e12ccdbf724b7a800cf02021f:0x387 
0x950f4b70fd3afd4e12ccdbf724b7a800cf02021f:0x388 
0x950f4b70fd3afd4e12ccdbf724b7a800cf02021f:0x389 
0x950f4b70fd3afd4e12ccdbf724b7a800cf02021f:0x38a 
---
0x950f4b70fd3afd4e12ccdbf724b7a800cf02021f:0x0 
0x950f4b70fd3afd4e12ccdbf724b7a800cf02021f:0x2 
0x950f4b70fd3afd4e12ccdbf724b7a800cf02021f:0x4 
0x950f4b70fd3afd4e12ccdbf724b7a800cf02021f:0x5 
0x950f4b70fd3afd4e12ccdbf724b7a800cf02021f:0x6 
0x950f4b70fd3afd4e12ccdbf724b7a800cf02021f:0x7 
0x950f4b70fd3afd4e12ccdbf724b7a800cf02021f:0x8 
0x950f4b70fd3afd4e12ccdbf724b7a800cf02021f:0xb 
0x950f4b70fd3afd4e12ccdbf724b7a800cf02021f:0x10 
0x950f4b70fd3afd4e12ccdbf724b7a800cf02021f:0x11 
0x950f4b70fd3afd4e12ccdbf724b7a800cf02021f:0x12 
0x950f4b70fd3afd4e12ccdbf724b7a800cf02021f:0x14 
0x950f4b70fd3afd4e12ccdbf724b7a800cf02021f:0x15 
0x950f4b70fd3afd4e12ccdbf724b7a800cf02021f:0x16 
0x950f4b70fd3afd4e12ccdbf724b7a800cf02021f:0x19 
0x950f4b70fd3afd4e12ccdbf724b7a800cf02021f:0x1a 
0x950f4b70fd3afd4e12ccdbf724b7a800cf02021f:0x1c 
0x950f4b70fd3afd4e12ccdbf724b7a800cf02021f:0x1d 
0x950f4b70fd3afd4e12ccdbf724b7a800cf02021f:0x1f 
0x950f4b70fd3afd4e12ccdbf724b7a800cf02021f:0x20 
0x950f4b70fd3afd4e12ccdbf724b7a800cf02021f:0x21 
0x950f4b70fd3afd4e12ccdbf724b7a800cf02021f:0x26 
0x950f4b70fd3afd4e12ccdbf724b7a800cf02021f:0x27 
0x950f4b70fd3afd4e12ccdbf724b7a800cf02021f:0x2a 
0x950f4b70fd3afd4e12ccdbf724b7a800cf02021f:0x8c 
0x950f4b70fd3afd4e12ccdbf724b7a800cf02021f:0x8d 
0x950f4b70fd3afd4e12ccdbf724b7a800cf02021f:0x8e 
0x950f4b70fd3afd4e12ccdbf724b7a800cf02021f:0x93 
0x950f4b70fd3afd4e12ccdbf724b7a800cf02021f:0x94 
0x950f4b70fd3afd4e12ccdbf724b7a800cf02021f:0x97 
0x950f4b70fd3afd4e12ccdbf724b7a800cf02021f:0x98 
0x950f4b70fd3afd4e12ccdbf724b7a800cf02021f:0x99 
0x950f4b70fd3afd4e12ccdbf724b7a800cf02021f:0x9e 
0x950f4b70fd3afd4e12ccdbf724b7a800cf02021f:0x9f 
0x950f4b70fd3afd4e12ccdbf724b7a800cf02021f:0xa2 
0x950f4b70fd3afd4e12ccdbf724b7a800cf02021f:0xa3 
0x950f4b70fd3afd4e12ccdbf724b7a800cf02021f:0xa4 
0x950f4b70fd3afd4e12ccdbf724b7a800cf02021f:0xa9 
0x950f4b70fd3afd4e12ccdbf724b7a800cf02021f:0xaa 
0x950f4b70fd3afd4e12ccdbf724b7a800cf02021f:0xad 
0x950f4b70fd3afd4e12ccdbf724b7a800cf02021f:0xae 
0x950f4b70fd3afd4e12ccdbf724b7a800cf02021f:0xaf 
0x950f4b70fd3afd4e12ccdbf724b7a800cf02021f:0xb4 
0x950f4b70fd3afd4e12ccdbf724b7a800cf02021f:0xb5 
0x950f4b70fd3afd4e12ccdbf724b7a800cf02021f:0xb8 
0x950f4b70fd3afd4e12ccdbf724b7a800cf02021f:0x172 
0x950f4b70fd3afd4e12ccdbf724b7a800cf02021f:0x173 
0x950f4b70fd3afd4e12ccdbf724b7a800cf02021f:0x176 
0x950f4b70fd3afd4e12ccdbf724b7a800cf02021f:0x179 
0x950f4b70fd3afd4e12ccdbf724b7a800cf02021f:0x4d2 
0x950f4b70fd3afd4e12ccdbf724b7a800cf02021f:0x4d3 
0x950f4b70fd3afd4e12ccdbf724b7a800cf02021f:0x4d5 
0x950f4b70fd3afd4e12ccdbf724b7a800cf02021f:0x4d7 
0x950f4b70fd3afd4e12ccdbf724b7a800cf02021f:0x4d8 
0x950f4b70fd3afd4e12ccdbf724b7a800cf02021f:0x4d9 
0x950f4b70fd3afd4e12ccdbf724b7a800cf02021f:0x4da 
0x950f4b70fd3afd4e12ccdbf724b7a800cf02021f:0x4db 
0x950f4b70fd3afd4e12ccdbf724b7a800cf02021f:0x4de 
0x950f4b70fd3afd4e12ccdbf724b7a800cf02021f:0x4e0 
0x950f4b70fd3afd4e12ccdbf724b7a800cf02021f:0x4e1 
0x950f4b70fd3afd4e12ccdbf724b7a800cf02021f:0x4e3 
0x950f4b70fd3afd4e12ccdbf724b7a800cf02021f:0x4e4 
0x950f4b70fd3afd4e12ccdbf724b7a800cf02021f:0x4e5 
0x950f4b70fd3afd4e12ccdbf724b7a800cf02021f:0x4e6 
0x950f4b70fd3afd4e12ccdbf724b7a800cf02021f:0x4e7 
0x950f4b70fd3afd4e12ccdbf724b7a800cf02021f:0x4ea 
0x950f4b70fd3afd4e12ccdbf724b7a800cf02021f:0x4eb 
0x950f4b70fd3afd4e12ccdbf724b7a800cf02021f:0x4ec 
0x950f4b70fd3afd4e12ccdbf724b7a800cf02021f:0x4ed 
0x950f4b70fd3afd4e12ccdbf724b7a800cf02021f:0x4ef 
0x950f4b70fd3afd4e12ccdbf724b7a800cf02021f:0x4f0 
0x950f4b70fd3afd4e12ccdbf724b7a800cf02021f:0x4f2 
0x950f4b70fd3afd4e12ccdbf724b7a800cf02021f:0x4f3 
0x950f4b70fd3afd4e12ccdbf724b7a800cf02021f:0x4f4 
0x950f4b70fd3afd4e12ccdbf724b7a800cf02021f:0x4f5 
0x950f4b70fd3afd4e12ccdbf724b7a800cf02021f:0x4f8 
0x950f4b70fd3afd4e12ccdbf724b7a800cf02021f:0x4fa 
0x950f4b70fd3afd4e12ccdbf724b7a800cf02021f:0x4fb 
0x950f4b70fd3afd4e12ccdbf724b7a800cf02021f:0x4fc 
0x950f4b70fd3afd4e12ccdbf724b7a800cf02021f:0x4fd 
0x950f4b70fd3afd4e12ccdbf724b7a800cf02021f:0x4fe 
0x950f4b70fd3afd4e12ccdbf724b7a800cf02021f:0x4ff 
0x950f4b70fd3afd4e12ccdbf724b7a800cf02021f:0x17a 
0x950f4b70fd3afd4e12ccdbf724b7a800cf02021f:0x17b 
0x950f4b70fd3afd4e12ccdbf724b7a800cf02021f:0x17d 
0x950f4b70fd3afd4e12ccdbf724b7a800cf02021f:0x17e 
0x950f4b70fd3afd4e12ccdbf724b7a800cf02021f:0x17f 
0x950f4b70fd3afd4e12ccdbf724b7a800cf02021f:0x180 
0x950f4b70fd3afd4e12ccdbf724b7a800cf02021f:0x181 
0x950f4b70fd3afd4e12ccdbf724b7a800cf02021f:0x182 
0x950f4b70fd3afd4e12ccdbf724b7a800cf02021f:0x183 
0x950f4b70fd3afd4e12ccdbf724b7a800cf02021f:0x184 
0x950f4b70fd3afd4e12ccdbf724b7a800cf02021f:0x185 
0x950f4b70fd3afd4e12ccdbf724b7a800cf02021f:0x186 
0x950f4b70fd3afd4e12ccdbf724b7a800cf02021f:0x188 
0x950f4b70fd3afd4e12ccdbf724b7a800cf02021f:0x189 
0x950f4b70fd3afd4e12ccdbf724b7a800cf02021f:0x18a 
0x950f4b70fd3afd4e12ccdbf724b7a800cf02021f:0x18b 
0x950f4b70fd3afd4e12ccdbf724b7a800cf02021f:0x18c 
0x950f4b70fd3afd4e12ccdbf724b7a800cf02021f:0x18e 
0x950f4b70fd3afd4e12ccdbf724b7a800cf02021f:0x18f 
0x950f4b70fd3afd4e12ccdbf724b7a800cf02021f:0x190 
0x950f4b70fd3afd4e12ccdbf724b7a800cf02021f:0x191 
0x950f4b70fd3afd4e12ccdbf724b7a800cf02021f:0x192 
0x950f4b70fd3afd4e12ccdbf724b7a800cf02021f:0x193 
---
0x950f4b70fd3afd4e12ccdbf724b7a800cf02021f:0x0 
0x950f4b70fd3afd4e12ccdbf724b7a800cf02021f:0x2 
0x950f4b70fd3afd4e12ccdbf724b7a800cf02021f:0x4 
0x950f4b70fd3afd4e12ccdbf724b7a800cf02021f:0x5 
0x950f4b70fd3afd4e12ccdbf724b7a800cf02021f:0x6 
0x950f4b70fd3afd4e12ccdbf724b7a800cf02021f:0x7 
0x950f4b70fd3afd4e12ccdbf724b7a800cf02021f:0x8 
0x950f4b70fd3afd4e12ccdbf724b7a800cf02021f:0xb 
0x950f4b70fd3afd4e12ccdbf724b7a800cf02021f:0x10 
0x950f4b70fd3afd4e12ccdbf724b7a800cf02021f:0x11 
0x950f4b70fd3afd4e12ccdbf724b7a800cf02021f:0x12 
0x950f4b70fd3afd4e12ccdbf724b7a800cf02021f:0x14 
0x950f4b70fd3afd4e12ccdbf724b7a800cf02021f:0x15 
0x950f4b70fd3afd4e12ccdbf724b7a800cf02021f:0x16 
0x950f4b70fd3afd4e12ccdbf724b7a800cf02021f:0x19 
0x950f4b70fd3afd4e12ccdbf724b7a800cf02021f:0x1a 
0x950f4b70fd3afd4e12ccdbf724b7a800cf02021f:0x1c 
0x950f4b70fd3afd4e12ccdbf724b7a800cf02021f:0x1d 
0x950f4b70fd3afd4e12ccdbf724b7a800cf02021f:0x1f 
0x950f4b70fd3afd4e12ccdbf724b7a800cf02021f:0x20 
0x950f4b70fd3afd4e12ccdbf724b7a800cf02021f:0x21 
0x950f4b70fd3afd4e12ccdbf724b7a800cf02021f:0x26 
0x950f4b70fd3afd4e12ccdbf724b7a800cf02021f:0x27 
0x950f4b70fd3afd4e12ccdbf724b7a800cf02021f:0x2a 
0x950f4b70fd3afd4e12ccdbf724b7a800cf02021f:0x8c 
0x950f4b70fd3afd4e12ccdbf724b7a800cf02021f:0x8d 
0x950f4b70fd3afd4e12ccdbf724b7a800cf02021f:0x8e 
0x950f4b70fd3afd4e12ccdbf724b7a800cf02021f:0x93 
0x950f4b70fd3afd4e12ccdbf724b7a800cf02021f:0x94 
0x950f4b70fd3afd4e12ccdbf724b7a800cf02021f:0x97 
0x950f4b70fd3afd4e12ccdbf724b7a800cf02021f:0x98 
0x950f4b70fd3afd4e12ccdbf724b7a800cf02021f:0x99 
0x950f4b70fd3afd4e12ccdbf724b7a800cf02021f:0x9e 
0x950f4b70fd3afd4e12ccdbf724b7a800cf02021f:0x9f 
0x950f4b70fd3afd4e12ccdbf724b7a800cf02021f:0xa2 
0x950f4b70fd3afd4e12ccdbf724b7a800cf02021f:0x11e 
0x950f4b70fd3afd4e12ccdbf724b7a800cf02021f:0x11f 
0x950f4b70fd3afd4e12ccdbf724b7a800cf02021f:0x122 
0x950f4b70fd3afd4e12ccdbf724b7a800cf02021f:0x125 
0x950f4b70fd3afd4e12ccdbf724b7a800cf02021f:0x3fb 
0x950f4b70fd3afd4e12ccdbf724b7a800cf02021f:0x3fc 
0x950f4b70fd3afd4e12ccdbf724b7a800cf02021f:0x3fd 
0x950f4b70fd3afd4e12ccdbf724b7a800cf02021f:0x412 
0x950f4b70fd3afd4e12ccdbf724b7a800cf02021f:0x413 
0x950f4b70fd3afd4e12ccdbf724b7a800cf02021f:0x415 
0x950f4b70fd3afd4e12ccdbf724b7a800cf02021f:0x417 
0x950f4b70fd3afd4e12ccdbf724b7a800cf02021f:0x418 
0x950f4b70fd3afd4e12ccdbf724b7a800cf02021f:0x419 
0x950f4b70fd3afd4e12ccdbf724b7a800cf02021f:0x41a 
0x950f4b70fd3afd4e12ccdbf724b7a800cf02021f:0x41d 
0x950f4b70fd3afd4e12ccdbf724b7a800cf02021f:0x41e 
0x950f4b70fd3afd4e12ccdbf724b7a800cf02021f:0x41f 
0x950f4b70fd3afd4e12ccdbf724b7a800cf02021f:0x420 
0x950f4b70fd3afd4e12ccdbf724b7a800cf02021f:0x435 
0x950f4b70fd3afd4e12ccdbf724b7a800cf02021f:0x436 
0x950f4b70fd3afd4e12ccdbf724b7a800cf02021f:0x44b 
0x950f4b70fd3afd4e12ccdbf724b7a800cf02021f:0x44c 
0x950f4b70fd3afd4e12ccdbf724b7a800cf02021f:0x44d 
0x950f4b70fd3afd4e12ccdbf724b7a800cf02021f:0x44e 
0x950f4b70fd3afd4e12ccdbf724b7a800cf02021f:0x44f 
0x950f4b70fd3afd4e12ccdbf724b7a800cf02021f:0x452 
0x950f4b70fd3afd4e12ccdbf724b7a800cf02021f:0x453 
0x950f4b70fd3afd4e12ccdbf724b7a800cf02021f:0x454 
0x950f4b70fd3afd4e12ccdbf724b7a800cf02021f:0x456 
0x950f4b70fd3afd4e12ccdbf724b7a800cf02021f:0x458 
0x950f4b70fd3afd4e12ccdbf724b7a800cf02021f:0x459 
0x950f4b70fd3afd4e12ccdbf724b7a800cf02021f:0x45a 
0x950f4b70fd3afd4e12ccdbf724b7a800cf02021f:0x45b 
0x950f4b70fd3afd4e12ccdbf724b7a800cf02021f:0x45e 
0x950f4b70fd3afd4e12ccdbf724b7a800cf02021f:0x460 
0x950f4b70fd3afd4e12ccdbf724b7a800cf02021f:0x461 
0x950f4b70fd3afd4e12ccdbf724b7a800cf02021f:0x463 
0x950f4b70fd3afd4e12ccdbf724b7a800cf02021f:0x464 
0x950f4b70fd3afd4e12ccdbf724b7a800cf02021f:0x465 
0x950f4b70fd3afd4e12ccdbf724b7a800cf02021f:0x466 
0x950f4b70fd3afd4e12ccdbf724b7a800cf02021f:0x467 
0x950f4b70fd3afd4e12ccdbf724b7a800cf02021f:0x46a 
0x950f4b70fd3afd4e12ccdbf724b7a800cf02021f:0x46b 
0x950f4b70fd3afd4e12ccdbf724b7a800cf02021f:0x46c 
0x950f4b70fd3afd4e12ccdbf724b7a800cf02021f:0x46d 
0x950f4b70fd3afd4e12ccdbf724b7a800cf02021f:0x46f 
0x950f4b70fd3afd4e12ccdbf724b7a800cf02021f:0x470 
0x950f4b70fd3afd4e12ccdbf724b7a800cf02021f:0x472 
0x950f4b70fd3afd4e12ccdbf724b7a800cf02021f:0x473 
0x950f4b70fd3afd4e12ccdbf724b7a800cf02021f:0x474 
0x950f4b70fd3afd4e12ccdbf724b7a800cf02021f:0x475 
0x950f4b70fd3afd4e12ccdbf724b7a800cf02021f:0x478 
0x950f4b70fd3afd4e12ccdbf724b7a800cf02021f:0x47a 
0x950f4b70fd3afd4e12ccdbf724b7a800cf02021f:0x47b 
0x950f4b70fd3afd4e12ccdbf724b7a800cf02021f:0x47c 
0x950f4b70fd3afd4e12ccdbf724b7a800cf02021f:0x47d 
0x950f4b70fd3afd4e12ccdbf724b7a800cf02021f:0x47e 
0x950f4b70fd3afd4e12ccdbf724b7a800cf02021f:0x47f 
0x950f4b70fd3afd4e12ccdbf724b7a800cf02021f:0x482 
0x950f4b70fd3afd4e12ccdbf724b7a800cf02021f:0x487 
0x950f4b70fd3afd4e12ccdbf724b7a800cf02021f:0x488 
0x950f4b70fd3afd4e12ccdbf724b7a800cf02021f:0x48a 
0x950f4b70fd3afd4e12ccdbf724b7a800cf02021f:0x48c 
0x950f4b70fd3afd4e12ccdbf724b7a800cf02021f:0x48d 
0x950f4b70fd3afd4e12ccdbf724b7a800cf02021f:0x490 
0x950f4b70fd3afd4e12ccdbf724b7a800cf02021f:0x491 
0x950f4b70fd3afd4e12ccdbf724b7a800cf02021f:0x492 
0x950f4b70fd3afd4e12ccdbf724b7a800cf02021f:0x493 
0x950f4b70fd3afd4e12ccdbf724b7a800cf02021f:0x494 
0x950f4b70fd3afd4e12ccdbf724b7a800cf02021f:0x496 
0x950f4b70fd3afd4e12ccdbf724b7a800cf02021f:0x497 
0x950f4b70fd3afd4e12ccdbf724b7a800cf02021f:0x498 
0x950f4b70fd3afd4e12ccdbf724b7a800cf02021f:0x499 
0x950f4b70fd3afd4e12ccdbf724b7a800cf02021f:0x49a 
0x950f4b70fd3afd4e12ccdbf724b7a800cf02021f:0x49b 
0x950f4b70fd3afd4e12ccdbf724b7a800cf02021f:0x49d 
0x950f4b70fd3afd4e12ccdbf724b7a800cf02021f:0x49e 
0x950f4b70fd3afd4e12ccdbf724b7a800cf02021f:0x49f 
0x950f4b70fd3afd4e12ccdbf724b7a800cf02021f:0x4a0 
0x950f4b70fd3afd4e12ccdbf724b7a800cf02021f:0x4a3 
0x950f4b70fd3afd4e12ccdbf724b7a800cf02021f:0x4a5 
0x950f4b70fd3afd4e12ccdbf724b7a800cf02021f:0x4a6 
0x950f4b70fd3afd4e12ccdbf724b7a800cf02021f:0x4a7 
0x950f4b70fd3afd4e12ccdbf724b7a800cf02021f:0x4a8 
0x950f4b70fd3afd4e12ccdbf724b7a800cf02021f:0x4a9 
0x950f4b70fd3afd4e12ccdbf724b7a800cf02021f:0x4aa 
0x950f4b70fd3afd4e12ccdbf724b7a800cf02021f:0x4ab 
0x950f4b70fd3afd4e12ccdbf724b7a800cf02021f:0x126 
0x950f4b70fd3afd4e12ccdbf724b7a800cf02021f:0x127 
---
0x950f4b70fd3afd4e12ccdbf724b7a800cf02021f:0x0 
0x950f4b70fd3afd4e12ccdbf724b7a800cf02021f:0x2 
0x950f4b70fd3afd4e12ccdbf724b7a800cf02021f:0x4 
0x950f4b70fd3afd4e12ccdbf724b7a800cf02021f:0x5 
0x950f4b70fd3afd4e12ccdbf724b7a800cf02021f:0x6 
0x950f4b70fd3afd4e12ccdbf724b7a800cf02021f:0x7 
0x950f4b70fd3afd4e12ccdbf724b7a800cf02021f:0x8 
0x950f4b70fd3afd4e12ccdbf724b7a800cf02021f:0xb 
0x950f4b70fd3afd4e12ccdbf724b7a800cf02021f:0x10 
0x950f4b70fd3afd4e12ccdbf724b7a800cf02021f:0x11 
0x950f4b70fd3afd4e12ccdbf724b7a800cf02021f:0x12 
0x950f4b70fd3afd4e12ccdbf724b7a800cf02021f:0x14 
0x950f4b70fd3afd4e12ccdbf724b7a800cf02021f:0x15 
0x950f4b70fd3afd4e12ccdbf724b7a800cf02021f:0x16 
0x950f4b70fd3afd4e12ccdbf724b7a800cf02021f:0x19 
0x950f4b70fd3afd4e12ccdbf724b7a800cf02021f:0x1a 
0x950f4b70fd3afd4e12ccdbf724b7a800cf02021f:0x1c 
0x950f4b70fd3afd4e12ccdbf724b7a800cf02021f:0x1d 
0x950f4b70fd3afd4e12ccdbf724b7a800cf02021f:0x1f 
0x950f4b70fd3afd4e12ccdbf724b7a800cf02021f:0x20 
0x950f4b70fd3afd4e12ccdbf724b7a800cf02021f:0x21 
0x950f4b70fd3afd4e12ccdbf724b7a800cf02021f:0x26 
0x950f4b70fd3afd4e12ccdbf724b7a800cf02021f:0x27 
0x950f4b70fd3afd4e12ccdbf724b7a800cf02021f:0x2a 
0x950f4b70fd3afd4e12ccdbf724b7a800cf02021f:0x8c 
0x950f4b70fd3afd4e12ccdbf724b7a800cf02021f:0x8d 
0x950f4b70fd3afd4e12ccdbf724b7a800cf02021f:0x8e 
0x950f4b70fd3afd4e12ccdbf724b7a800cf02021f:0x93 
0x950f4b70fd3afd4e12ccdbf724b7a800cf02021f:0x94 
0x950f4b70fd3afd4e12ccdbf724b7a800cf02021f:0x97 
0x950f4b70fd3afd4e12ccdbf724b7a800cf02021f:0x98 
0x950f4b70fd3afd4e12ccdbf724b7a800cf02021f:0x99 
0x950f4b70fd3afd4e12ccdbf724b7a800cf02021f:0x9e 
0x950f4b70fd3afd4e12ccdbf724b7a800cf02021f:0x9f 
0x950f4b70fd3afd4e12ccdbf724b7a800cf02021f:0xa2 
0x950f4b70fd3afd4e12ccdbf724b7a800cf02021f:0xa3 
0x950f4b70fd3afd4e12ccdbf724b7a800cf02021f:0xa4 
0x950f4b70fd3afd4e12ccdbf724b7a800cf02021f:0xa9 
0x950f4b70fd3afd4e12ccdbf724b7a800cf02021f:0xaa 
0x950f4b70fd3afd4e12ccdbf724b7a800cf02021f:0xad 
0x950f4b70fd3afd4e12ccdbf724b7a800cf02021f:0xae 
0x950f4b70fd3afd4e12ccdbf724b7a800cf02021f:0xaf 
0x950f4b70fd3afd4e12ccdbf724b7a800cf02021f:0xb4 
0x950f4b70fd3afd4e12ccdbf724b7a800cf02021f:0xb5 
0x950f4b70fd3afd4e12ccdbf724b7a800cf02021f:0xb8 
0x950f4b70fd3afd4e12ccdbf724b7a800cf02021f:0xb9 
0x950f4b70fd3afd4e12ccdbf724b7a800cf02021f:0xba 
0x950f4b70fd3afd4e12ccdbf724b7a800cf02021f:0xbf 
0x950f4b70fd3afd4e12ccdbf724b7a800cf02021f:0xc0 
0x950f4b70fd3afd4e12ccdbf724b7a800cf02021f:0xc3 
0x950f4b70fd3afd4e12ccdbf724b7a800cf02021f:0xc4 
0x950f4b70fd3afd4e12ccdbf724b7a800cf02021f:0xc5 
0x950f4b70fd3afd4e12ccdbf724b7a800cf02021f:0xca 
0x950f4b70fd3afd4e12ccdbf724b7a800cf02021f:0xcb 
0x950f4b70fd3afd4e12ccdbf724b7a800cf02021f:0xce 
0x950f4b70fd3afd4e12ccdbf724b7a800cf02021f:0x1c2 
0x950f4b70fd3afd4e12ccdbf724b7a800cf02021f:0x1c3 
0x950f4b70fd3afd4e12ccdbf724b7a800cf02021f:0x1c6 
0x950f4b70fd3afd4e12ccdbf724b7a800cf02021f:0x1c9 
0x950f4b70fd3afd4e12ccdbf724b7a800cf02021f:0x595 
0x950f4b70fd3afd4e12ccdbf724b7a800cf02021f:0x596 
0x950f4b70fd3afd4e12ccdbf724b7a800cf02021f:0x598 
0x950f4b70fd3afd4e12ccdbf724b7a800cf02021f:0x599 
0x950f4b70fd3afd4e12ccdbf724b7a800cf02021f:0x59b 
0x950f4b70fd3afd4e12ccdbf724b7a800cf02021f:0x59c 
0x950f4b70fd3afd4e12ccdbf724b7a800cf02021f:0x59d 
0x950f4b70fd3afd4e12ccdbf724b7a800cf02021f:0x59e 
0x950f4b70fd3afd4e12ccdbf724b7a800cf02021f:0x5a1 
0x950f4b70fd3afd4e12ccdbf724b7a800cf02021f:0x5a3 
0x950f4b70fd3afd4e12ccdbf724b7a800cf02021f:0x5a4 
0x950f4b70fd3afd4e12ccdbf724b7a800cf02021f:0x5a6 
0x950f4b70fd3afd4e12ccdbf724b7a800cf02021f:0x5a7 
0x950f4b70fd3afd4e12ccdbf724b7a800cf02021f:0x5a8 
0x950f4b70fd3afd4e12ccdbf724b7a800cf02021f:0x5a9 
0x950f4b70fd3afd4e12ccdbf724b7a800cf02021f:0x5aa 
0x950f4b70fd3afd4e12ccdbf724b7a800cf02021f:0x5ad 
0x950f4b70fd3afd4e12ccdbf724b7a800cf02021f:0x5ae 
0x950f4b70fd3afd4e12ccdbf724b7a800cf02021f:0x5af 
0x950f4b70fd3afd4e12ccdbf724b7a800cf02021f:0x5b0 
0x950f4b70fd3afd4e12ccdbf724b7a800cf02021f:0x5b2 
0x950f4b70fd3afd4e12ccdbf724b7a800cf02021f:0x5b3 
0x950f4b70fd3afd4e12ccdbf724b7a800cf02021f:0x5b5 
0x950f4b70fd3afd4e12ccdbf724b7a800cf02021f:0x5b6 
0x950f4b70fd3afd4e12ccdbf724b7a800cf02021f:0x5b7 
0x950f4b70fd3afd4e12ccdbf724b7a800cf02021f:0x5b8 
0x950f4b70fd3afd4e12ccdbf724b7a800cf02021f:0x5bb 
0x950f4b70fd3afd4e12ccdbf724b7a800cf02021f:0x5bd 
0x950f4b70fd3afd4e12ccdbf724b7a800cf02021f:0x5be 
0x950f4b70fd3afd4e12ccdbf724b7a800cf02021f:0x5bf 
0x950f4b70fd3afd4e12ccdbf724b7a800cf02021f:0x5c0 
0x950f4b70fd3afd4e12ccdbf724b7a800cf02021f:0x5c1 
0x950f4b70fd3afd4e12ccdbf724b7a800cf02021f:0x5c2 
0x950f4b70fd3afd4e12ccdbf724b7a800cf02021f:0x1ca 
0x950f4b70fd3afd4e12ccdbf724b7a800cf02021f:0x1cb 
0x950f4b70fd3afd4e12ccdbf724b7a800cf02021f:0x1cd 
0x950f4b70fd3afd4e12ccdbf724b7a800cf02021f:0x1ce 
0x950f4b70fd3afd4e12ccdbf724b7a800cf02021f:0x1cf 
0x950f4b70fd3afd4e12ccdbf724b7a800cf02021f:0x1d0 
0x950f4b70fd3afd4e12ccdbf724b7a800cf02021f:0x1d1 
0x950f4b70fd3afd4e12ccdbf724b7a800cf02021f:0x1d2 
0x950f4b70fd3afd4e12ccdbf724b7a800cf02021f:0x1d3 
0x950f4b70fd3afd4e12ccdbf724b7a800cf02021f:0x1d4 
0x950f4b70fd3afd4e12ccdbf724b7a800cf02021f:0x1d5 
0x950f4b70fd3afd4e12ccdbf724b7a800cf02021f:0x1d6 
0x950f4b70fd3afd4e12ccdbf724b7a800cf02021f:0x1d8 
0x950f4b70fd3afd4e12ccdbf724b7a800cf02021f:0x1d9 
0x950f4b70fd3afd4e12ccdbf724b7a800cf02021f:0x1da 
0x950f4b70fd3afd4e12ccdbf724b7a800cf02021f:0x1db 
0x950f4b70fd3afd4e12ccdbf724b7a800cf02021f:0x1dc 
0x950f4b70fd3afd4e12ccdbf724b7a800cf02021f:0x1de 
0x950f4b70fd3afd4e12ccdbf724b7a800cf02021f:0x1df 
0x950f4b70fd3afd4e12ccdbf724b7a800cf02021f:0x1e0 
0x950f4b70fd3afd4e12ccdbf724b7a800cf02021f:0x1e1 
0x950f4b70fd3afd4e12ccdbf724b7a800cf02021f:0x1e2 
0x950f4b70fd3afd4e12ccdbf724b7a800cf02021f:0x1e3 
---
0x950f4b70fd3afd4e12ccdbf724b7a800cf02021f:0x0 
0x950f4b70fd3afd4e12ccdbf724b7a800cf02021f:0x2 
0x950f4b70fd3afd4e12ccdbf724b7a800cf02021f:0x4 
0x950f4b70fd3afd4e12ccdbf724b7a800cf02021f:0x5 
0x950f4b70fd3afd4e12ccdbf724b7a800cf02021f:0x6 
0x950f4b70fd3afd4e12ccdbf724b7a800cf02021f:0x7 
0x950f4b70fd3afd4e12ccdbf724b7a800cf02021f:0x8 
0x950f4b70fd3afd4e12ccdbf724b7a800cf02021f:0xb 
0x950f4b70fd3afd4e12ccdbf724b7a800cf02021f:0x10 
0x950f4b70fd3afd4e12ccdbf724b7a800cf02021f:0x11 
0x950f4b70fd3afd4e12ccdbf724b7a800cf02021f:0x12 
0x950f4b70fd3afd4e12ccdbf724b7a800cf02021f:0x14 
0x950f4b70fd3afd4e12ccdbf724b7a800cf02021f:0x15 
0x950f4b70fd3afd4e12ccdbf724b7a800cf02021f:0x16 
0x950f4b70fd3afd4e12ccdbf724b7a800cf02021f:0x19 
0x950f4b70fd3afd4e12ccdbf724b7a800cf02021f:0x1a 
0x950f4b70fd3afd4e12ccdbf724b7a800cf02021f:0x1c 
0x950f4b70fd3afd4e12ccdbf724b7a800cf02021f:0x1d 
0x950f4b70fd3afd4e12ccdbf724b7a800cf02021f:0x1f 
0x950f4b70fd3afd4e12ccdbf724b7a800cf02021f:0x20 
0x950f4b70fd3afd4e12ccdbf724b7a800cf02021f:0x21 
0x950f4b70fd3afd4e12ccdbf724b7a800cf02021f:0x26 
0x950f4b70fd3afd4e12ccdbf724b7a800cf02021f:0x27 
0x950f4b70fd3afd4e12ccdbf724b7a800cf02021f:0x2a 
0x950f4b70fd3afd4e12ccdbf724b7a800cf02021f:0x2b 
0x950f4b70fd3afd4e12ccdbf724b7a800cf02021f:0x2c 
0x950f4b70fd3afd4e12ccdbf724b7a800cf02021f:0x31 
0x950f4b70fd3afd4e12ccdbf724b7a800cf02021f:0x32 
0x950f4b70fd3afd4e12ccdbf724b7a800cf02021f:0x35 
0x950f4b70fd3afd4e12ccdbf724b7a800cf02021f:0x36 
0x950f4b70fd3afd4e12ccdbf724b7a800cf02021f:0x37 
0x950f4b70fd3afd4e12ccdbf724b7a800cf02021f:0x3c 
0x950f4b70fd3afd4e12ccdbf724b7a800cf02021f:0x3d 
0x950f4b70fd3afd4e12ccdbf724b7a800cf02021f:0x40 
0x950f4b70fd3afd4e12ccdbf724b7a800cf02021f:0x41 
0x950f4b70fd3afd4e12ccdbf724b7a800cf02021f:0x42 
0x950f4b70fd3afd4e12ccdbf724b7a800cf02021f:0x47 
0x950f4b70fd3afd4e12ccdbf724b7a800cf02021f:0x48 
0x950f4b70fd3afd4e12ccdbf724b7a800cf02021f:0x4b 
0x950f4b70fd3afd4e12ccdbf724b7a800cf02021f:0x369 
0x950f4b70fd3afd4e12ccdbf724b7a800cf02021f:0x36a 
0x950f4b70fd3afd4e12ccdbf724b7a800cf02021f:0x36d 
0x950f4b70fd3afd4e12ccdbf724b7a800cf02021f:0x370 
0x950f4b70fd3afd4e12ccdbf724b7a800cf02021f:0x88d 
0x950f4b70fd3afd4e12ccdbf724b7a800cf02021f:0x88e 
0x950f4b70fd3afd4e12ccdbf724b7a800cf02021f:0x890 
0x950f4b70fd3afd4e12ccdbf724b7a800cf02021f:0x892 
0x950f4b70fd3afd4e12ccdbf724b7a800cf02021f:0x893 
0x950f4b70fd3afd4e12ccdbf724b7a800cf02021f:0x894 
0x950f4b70fd3afd4e12ccdbf724b7a800cf02021f:0x895 
0x950f4b70fd3afd4e12ccdbf724b7a800cf02021f:0x896 
0x950f4b70fd3afd4e12ccdbf724b7a800cf02021f:0x899 
0x950f4b70fd3afd4e12ccdbf724b7a800cf02021f:0x89b 
0x950f4b70fd3afd4e12ccdbf724b7a800cf02021f:0x89c 
0x950f4b70fd3afd4e12ccdbf724b7a800cf02021f:0x89e 
0x950f4b70fd3afd4e12ccdbf724b7a800cf02021f:0x89f 
0x950f4b70fd3afd4e12ccdbf724b7a800cf02021f:0x8a0 
0x950f4b70fd3afd4e12ccdbf724b7a800cf02021f:0x8a1 
0x950f4b70fd3afd4e12ccdbf724b7a800cf02021f:0x8a2 
0x950f4b70fd3afd4e12ccdbf724b7a800cf02021f:0x8a5 
0x950f4b70fd3afd4e12ccdbf724b7a800cf02021f:0x8a6 
0x950f4b70fd3afd4e12ccdbf724b7a800cf02021f:0x8a7 
0x950f4b70fd3afd4e12ccdbf724b7a800cf02021f:0x8a8 
0x950f4b70fd3afd4e12ccdbf724b7a800cf02021f:0x8aa 
0x950f4b70fd3afd4e12ccdbf724b7a800cf02021f:0x8ab 
0x950f4b70fd3afd4e12ccdbf724b7a800cf02021f:0x8ad 
0x950f4b70fd3afd4e12ccdbf724b7a800cf02021f:0x8ae 
0x950f4b70fd3afd4e12ccdbf724b7a800cf02021f:0x8af 
0x950f4b70fd3afd4e12ccdbf724b7a800cf02021f:0x8b0 
0x950f4b70fd3afd4e12ccdbf724b7a800cf02021f:0x8b3 
0x950f4b70fd3afd4e12ccdbf724b7a800cf02021f:0x8b5 
0x950f4b70fd3afd4e12ccdbf724b7a800cf02021f:0x8b6 
0x950f4b70fd3afd4e12ccdbf724b7a800cf02021f:0x8b7 
0x950f4b70fd3afd4e12ccdbf724b7a800cf02021f:0x8b8 
0x950f4b70fd3afd4e12ccdbf724b7a800cf02021f:0x8b9 
0x950f4b70fd3afd4e12ccdbf724b7a800cf02021f:0x8ba 
0x950f4b70fd3afd4e12ccdbf724b7a800cf02021f:0x371 
0x950f4b70fd3afd4e12ccdbf724b7a800cf02021f:0x372 
0x950f4b70fd3afd4e12ccdbf724b7a800cf02021f:0x374 
0x950f4b70fd3afd4e12ccdbf724b7a800cf02021f:0x375 
0x950f4b70fd3afd4e12ccdbf724b7a800cf02021f:0x376 
0x950f4b70fd3afd4e12ccdbf724b7a800cf02021f:0x377 
0x950f4b70fd3afd4e12ccdbf724b7a800cf02021f:0x378 
0x950f4b70fd3afd4e12ccdbf724b7a800cf02021f:0x379 
0x950f4b70fd3afd4e12ccdbf724b7a800cf02021f:0x37a 
0x950f4b70fd3afd4e12ccdbf724b7a800cf02021f:0x37b 
0x950f4b70fd3afd4e12ccdbf724b7a800cf02021f:0x37c 
0x950f4b70fd3afd4e12ccdbf724b7a800cf02021f:0x37d 
0x950f4b70fd3afd4e12ccdbf724b7a800cf02021f:0x37f 
0x950f4b70fd3afd4e12ccdbf724b7a800cf02021f:0x380 
0x950f4b70fd3afd4e12ccdbf724b7a800cf02021f:0x381 
0x950f4b70fd3afd4e12ccdbf724b7a800cf02021f:0x382 
0x950f4b70fd3afd4e12ccdbf724b7a800cf02021f:0x383 
0x950f4b70fd3afd4e12ccdbf724b7a800cf02021f:0x385 
0x950f4b70fd3afd4e12ccdbf724b7a800cf02021f:0x386 
0x950f4b70fd3afd4e12ccdbf724b7a800cf02021f:0x387 
0x950f4b70fd3afd4e12ccdbf724b7a800cf02021f:0x388 
0x950f4b70fd3afd4e12ccdbf724b7a800cf02021f:0x389 
0x950f4b70fd3afd4e12ccdbf724b7a800cf02021f:0x38a 
---
0x950f4b70fd3afd4e12ccdbf724b7a800cf02021f:0x0 
0x950f4b70fd3afd4e12ccdbf724b7a800cf02021f:0x2 
0x950f4b70fd3afd4e12ccdbf724b7a800cf02021f:0x4 
0x950f4b70fd3afd4e12ccdbf724b7a800cf02021f:0x5 
0x950f4b70fd3afd4e12ccdbf724b7a800cf02021f:0x6 
0x950f4b70fd3afd4e12ccdbf724b7a800cf02021f:0x7 
0x950f4b70fd3afd4e12ccdbf724b7a800cf02021f:0x8 
0x950f4b70fd3afd4e12ccdbf724b7a800cf02021f:0xb 
0x950f4b70fd3afd4e12ccdbf724b7a800cf02021f:0x10 
0x950f4b70fd3afd4e12ccdbf724b7a800cf02021f:0x11 
0x950f4b70fd3afd4e12ccdbf724b7a800cf02021f:0x12 
0x950f4b70fd3afd4e12ccdbf724b7a800cf02021f:0x14 
0x950f4b70fd3afd4e12ccdbf724b7a800cf02021f:0x15 
0x950f4b70fd3afd4e12ccdbf724b7a800cf02021f:0x16 
0x950f4b70fd3afd4e12ccdbf724b7a800cf02021f:0x19 
0x950f4b70fd3afd4e12ccdbf724b7a800cf02021f:0x1a 
0x950f4b70fd3afd4e12ccdbf724b7a800cf02021f:0x1c 
0x950f4b70fd3afd4e12ccdbf724b7a800cf02021f:0x1d 
0x950f4b70fd3afd4e12ccdbf724b7a800cf02021f:0x1f 
0x950f4b70fd3afd4e12ccdbf724b7a800cf02021f:0x20 
0x950f4b70fd3afd4e12ccdbf724b7a800cf02021f:0x21 
0x950f4b70fd3afd4e12ccdbf724b7a800cf02021f:0x26 
0x950f4b70fd3afd4e12ccdbf724b7a800cf02021f:0x27 
0x950f4b70fd3afd4e12ccdbf724b7a800cf02021f:0x2a 
0x950f4b70fd3afd4e12ccdbf724b7a800cf02021f:0x8c 
0x950f4b70fd3afd4e12ccdbf724b7a800cf02021f:0x8d 
0x950f4b70fd3afd4e12ccdbf724b7a800cf02021f:0x8e 
0x950f4b70fd3afd4e12ccdbf724b7a800cf02021f:0x93 
0x950f4b70fd3afd4e12ccdbf724b7a800cf02021f:0x94 
0x950f4b70fd3afd4e12ccdbf724b7a800cf02021f:0x97 
0x950f4b70fd3afd4e12ccdbf724b7a800cf02021f:0x98 
0x950f4b70fd3afd4e12ccdbf724b7a800cf02021f:0x99 
0x950f4b70fd3afd4e12ccdbf724b7a800cf02021f:0x9e 
0x950f4b70fd3afd4e12ccdbf724b7a800cf02021f:0x9f 
0x950f4b70fd3afd4e12ccdbf724b7a800cf02021f:0xa2 
0x950f4b70fd3afd4e12ccdbf724b7a800cf02021f:0xa3 
0x950f4b70fd3afd4e12ccdbf724b7a800cf02021f:0xa4 
0x950f4b70fd3afd4e12ccdbf724b7a800cf02021f:0xa9 
0x950f4b70fd3afd4e12ccdbf724b7a800cf02021f:0xaa 
0x950f4b70fd3afd4e12ccdbf724b7a800cf02021f:0xad 
0x950f4b70fd3afd4e12ccdbf724b7a800cf02021f:0xae 
0x950f4b70fd3afd4e12ccdbf724b7a800cf02021f:0xaf 
0x950f4b70fd3afd4e12ccdbf724b7a800cf02021f:0xb4 
0x950f4b70fd3afd4e12ccdbf724b7a800cf02021f:0xb5 
0x950f4b70fd3afd4e12ccdbf724b7a800cf02021f:0xb8 
0x950f4b70fd3afd4e12ccdbf724b7a800cf02021f:0x172 
0x950f4b70fd3afd4e12ccdbf724b7a800cf02021f:0x173 
0x950f4b70fd3afd4e12ccdbf724b7a800cf02021f:0x176 
0x950f4b70fd3afd4e12ccdbf724b7a800cf02021f:0x179 
0x950f4b70fd3afd4e12ccdbf724b7a800cf02021f:0x4d2 
0x950f4b70fd3afd4e12ccdbf724b7a800cf02021f:0x4d3 
0x950f4b70fd3afd4e12ccdbf724b7a800cf02021f:0x4d5 
0x950f4b70fd3afd4e12ccdbf724b7a800cf02021f:0x4d7 
0x950f4b70fd3afd4e12ccdbf724b7a800cf02021f:0x4d8 
0x950f4b70fd3afd4e12ccdbf724b7a800cf02021f:0x4d9 
0x950f4b70fd3afd4e12ccdbf724b7a800cf02021f:0x4da 
0x950f4b70fd3afd4e12ccdbf724b7a800cf02021f:0x4db 
0x950f4b70fd3afd4e12ccdbf724b7a800cf02021f:0x4de 
0x950f4b70fd3afd4e12ccdbf724b7a800cf02021f:0x4e0 
0x950f4b70fd3afd4e12ccdbf724b7a800cf02021f:0x4e1 
0x950f4b70fd3afd4e12ccdbf724b7a800cf02021f:0x4e3 
0x950f4b70fd3afd4e12ccdbf724b7a800cf02021f:0x4e4 
0x950f4b70fd3afd4e12ccdbf724b7a800cf02021f:0x4e5 
0x950f4b70fd3afd4e12ccdbf724b7a800cf02021f:0x4e6 
0x950f4b70fd3afd4e12ccdbf724b7a800cf02021f:0x4e7 
0x950f4b70fd3afd4e12ccdbf724b7a800cf02021f:0x4ea 
0x950f4b70fd3afd4e12ccdbf724b7a800cf02021f:0x4eb 
0x950f4b70fd3afd4e12ccdbf724b7a800cf02021f:0x4ec 
0x950f4b70fd3afd4e12ccdbf724b7a800cf02021f:0x4ed 
0x950f4b70fd3afd4e12ccdbf724b7a800cf02021f:0x4ef 
0x950f4b70fd3afd4e12ccdbf724b7a800cf02021f:0x4f0 
0x950f4b70fd3afd4e12ccdbf724b7a800cf02021f:0x4f2 
0x950f4b70fd3afd4e12ccdbf724b7a800cf02021f:0x4f3 
0x950f4b70fd3afd4e12ccdbf724b7a800cf02021f:0x4f4 
0x950f4b70fd3afd4e12ccdbf724b7a800cf02021f:0x4f5 
0x950f4b70fd3afd4e12ccdbf724b7a800cf02021f:0x4f8 
0x950f4b70fd3afd4e12ccdbf724b7a800cf02021f:0x4fa 
0x950f4b70fd3afd4e12ccdbf724b7a800cf02021f:0x4fb 
0x950f4b70fd3afd4e12ccdbf724b7a800cf02021f:0x4fc 
0x950f4b70fd3afd4e12ccdbf724b7a800cf02021f:0x4fd 
0x950f4b70fd3afd4e12ccdbf724b7a800cf02021f:0x4fe 
0x950f4b70fd3afd4e12ccdbf724b7a800cf02021f:0x4ff 
0x950f4b70fd3afd4e12ccdbf724b7a800cf02021f:0x17a 
0x950f4b70fd3afd4e12ccdbf724b7a800cf02021f:0x17b 
0x950f4b70fd3afd4e12ccdbf724b7a800cf02021f:0x17d 
0x950f4b70fd3afd4e12ccdbf724b7a800cf02021f:0x17e 
0x950f4b70fd3afd4e12ccdbf724b7a800cf02021f:0x17f 
0x950f4b70fd3afd4e12ccdbf724b7a800cf02021f:0x180 
0x950f4b70fd3afd4e12ccdbf724b7a800cf02021f:0x181 
0x950f4b70fd3afd4e12ccdbf724b7a800cf02021f:0x182 
0x950f4b70fd3afd4e12ccdbf724b7a800cf02021f:0x183 
0x950f4b70fd3afd4e12ccdbf724b7a800cf02021f:0x184 
0x950f4b70fd3afd4e12ccdbf724b7a800cf02021f:0x185 
0x950f4b70fd3afd4e12ccdbf724b7a800cf02021f:0x186 
0x950f4b70fd3afd4e12ccdbf724b7a800cf02021f:0x188 
0x950f4b70fd3afd4e12ccdbf724b7a800cf02021f:0x189 
0x950f4b70fd3afd4e12ccdbf724b7a800cf02021f:0x18a 
0x950f4b70fd3afd4e12ccdbf724b7a800cf02021f:0x18b 
0x950f4b70fd3afd4e12ccdbf724b7a800cf02021f:0x18c 
0x950f4b70fd3afd4e12ccdbf724b7a800cf02021f:0x18e 
0x950f4b70fd3afd4e12ccdbf724b7a800cf02021f:0x18f 
0x950f4b70fd3afd4e12ccdbf724b7a800cf02021f:0x190 
0x950f4b70fd3afd4e12ccdbf724b7a800cf02021f:0x191 
0x950f4b70fd3afd4e12ccdbf724b7a800cf02021f:0x192 
0x950f4b70fd3afd4e12ccdbf724b7a800cf02021f:0x193 
