---
0xc06eeae7dec7946e64f8ff8000e25be9d69d91e3:0x0 *
0xc06eeae7dec7946e64f8ff8000e25be9d69d91e3:0x2 *
0xc06eeae7dec7946e64f8ff8000e25be9d69d91e3:0x4 *
0xc06eeae7dec7946e64f8ff8000e25be9d69d91e3:0x5 *
0xc06eeae7dec7946e64f8ff8000e25be9d69d91e3:0x6 *
0xc06eeae7dec7946e64f8ff8000e25be9d69d91e3:0x7 *
0xc06eeae7dec7946e64f8ff8000e25be9d69d91e3:0x8 *
0xc06eeae7dec7946e64f8ff8000e25be9d69d91e3:0xb *
0xc06eeae7dec7946e64f8ff8000e25be9d69d91e3:0x10 *
0xc06eeae7dec7946e64f8ff8000e25be9d69d91e3:0x11 *
0xc06eeae7dec7946e64f8ff8000e25be9d69d91e3:0x12 *
0xc06eeae7dec7946e64f8ff8000e25be9d69d91e3:0x14 *
0xc06eeae7dec7946e64f8ff8000e25be9d69d91e3:0x16 *
0xc06eeae7dec7946e64f8ff8000e25be9d69d91e3:0x17 *
0xc06eeae7dec7946e64f8ff8000e25be9d69d91e3:0x18 *
0xc06eeae7dec7946e64f8ff8000e25be9d69d91e3:0x19 *
0xc06eeae7dec7946e64f8ff8000e25be9d69d91e3:0x1a *
0xc06eeae7dec7946e64f8ff8000e25be9d69d91e3:0x1c *
0xc06eeae7dec7946e64f8ff8000e25be9d69d91e3:0x1d *
0xc06eeae7dec7946e64f8ff8000e25be9d69d91e3:0x20 *
0xc06eeae7dec7946e64f8ff8000e25be9d69d91e3:0x22 *
0xc06eeae7dec7946e64f8ff8000e25be9d69d91e3:0x23 *
0xc06eeae7dec7946e64f8ff8000e25be9d69d91e3:0x25 *
---
0xc06eeae7dec7946e64f8ff8000e25be9d69d91e3:0x0 
0xc06eeae7dec7946e64f8ff8000e25be9d69d91e3:0x2 
0xc06eeae7dec7946e64f8ff8000e25be9d69d91e3:0x4 
0xc06eeae7dec7946e64f8ff8000e25be9d69d91e3:0x5 
0xc06eeae7dec7946e64f8ff8000e25be9d69d91e3:0x7 
0xc06eeae7dec7946e64f8ff8000e25be9d69d91e3:0x8 
0xc06eeae7dec7946e64f8ff8000e25be9d69d91e3:0x9 
0xc06eeae7dec7946e64f8ff8000e25be9d69d91e3:0xb 
0xc06eeae7dec7946e64f8ff8000e25be9d69d91e3:0xc 
0xc06eeae7dec7946e64f8ff8000e25be9d69d91e3:0xe 
0xc06eeae7dec7946e64f8ff8000e25be9d69d91e3:0xf 
0xc06eeae7dec7946e64f8ff8000e25be9d69d91e3:0x2d 
0xc06eeae7dec7946e64f8ff8000e25be9d69d91e3:0x2e 
0xc06eeae7dec7946e64f8ff8000e25be9d69d91e3:0x2f 
0xc06eeae7dec7946e64f8ff8000e25be9d69d91e3:0x34 
0xc06eeae7dec7946e64f8ff8000e25be9d69d91e3:0x35 
0xc06eeae7dec7946e64f8ff8000e25be9d69d91e3:0x36 
0xc06eeae7dec7946e64f8ff8000e25be9d69d91e3:0x3b 
0xc06eeae7dec7946e64f8ff8000e25be9d69d91e3:0x3c 
0xc06eeae7dec7946e64f8ff8000e25be9d69d91e3:0x3e 
0xc06eeae7dec7946e64f8ff8000e25be9d69d91e3:0x4e 
0xc06eeae7dec7946e64f8ff8000e25be9d69d91e3:0x4f 
0xc06eeae7dec7946e64f8ff8000e25be9d69d91e3:0x50 
0xc06eeae7dec7946e64f8ff8000e25be9d69d91e3:0x51 
0xc06eeae7dec7946e64f8ff8000e25be9d69d91e3:0x52 
0xc06eeae7dec7946e64f8ff8000e25be9d69d91e3:0x54 
0xc06eeae7dec7946e64f8ff8000e25be9d69d91e3:0x59 
0xc06eeae7dec7946e64f8ff8000e25be9d69d91e3:0x5a 
0xc06eeae7dec7946e64f8ff8000e25be9d69d91e3:0x5b 
0xc06eeae7dec7946e64f8ff8000e25be9d69d91e3:0x5d 
0xc06eeae7dec7946e64f8ff8000e25be9d69d91e3:0x5f 
0xc06eeae7dec7946e64f8ff8000e25be9d69d91e3:0x9e 
0xc06eeae7dec7946e64f8ff8000e25be9d69d91e3:0x9f 
0xc06eeae7dec7946e64f8ff8000e25be9d69d91e3:0xa1 
0xc06eeae7dec7946e64f8ff8000e25be9d69d91e3:0xa2 
0xc06eeae7dec7946e64f8ff8000e25be9d69d91e3:0xa3 
0xc06eeae7dec7946e64f8ff8000e25be9d69d91e3:0xa4 
0xc06eeae7dec7946e64f8ff8000e25be9d69d91e3:0xa5 
0xc06eeae7dec7946e64f8ff8000e25be9d69d91e3:0x60 
0xc06eeae7dec7946e64f8ff8000e25be9d69d91e3:0x61 
0xc06eeae7dec7946e64f8ff8000e25be9d69d91e3:0x63 
0xc06eeae7dec7946e64f8ff8000e25be9d69d91e3:0x64 
0xc06eeae7dec7946e64f8ff8000e25be9d69d91e3:0x65 
0xc06eeae7dec7946e64f8ff8000e25be9d69d91e3:0x66 
0xc06eeae7dec7946e64f8ff8000e25be9d69d91e3:0x67 
0xc06eeae7dec7946e64f8ff8000e25be9d69d91e3:0x68 
0xc06eeae7dec7946e64f8ff8000e25be9d69d91e3:0x6a 
0xc06eeae7dec7946e64f8ff8000e25be9d69d91e3:0x6b 
0xc06eeae7dec7946e64f8ff8000e25be9d69d91e3:0x6c 
0xc06eeae7dec7946e64f8ff8000e25be9d69d91e3:0x6d 
0xc06eeae7dec7946e64f8ff8000e25be9d69d91e3:0x6e 
0xc06eeae7dec7946e64f8ff8000e25be9d69d91e3:0x70 
0xc06eeae7dec7946e64f8ff8000e25be9d69d91e3:0x71 
0xc06eeae7dec7946e64f8ff8000e25be9d69d91e3:0x72 
0xc06eeae7dec7946e64f8ff8000e25be9d69d91e3:0x73 
0xc06eeae7dec7946e64f8ff8000e25be9d69d91e3:0x74 
0xc06eeae7dec7946e64f8ff8000e25be9d69d91e3:0x75 
---
0xc06eeae7dec7946e64f8ff8000e25be9d69d91e3:0x0 
0xc06eeae7dec7946e64f8ff8000e25be9d69d91e3:0x2 
0xc06eeae7dec7946e64f8ff8000e25be9d69d91e3:0x4 
0xc06eeae7dec7946e64f8ff8000e25be9d69d91e3:0x5 
0xc06eeae7dec7946e64f8ff8000e25be9d69d91e3:0x7 
0xc06eeae7dec7946e64f8ff8000e25be9d69d91e3:0x8 
0xc06eeae7dec7946e64f8ff8000e25be9d69d91e3:0x9 
0xc06eeae7dec7946e64f8ff8000e25be9d69d91e3:0xb 
0xc06eeae7dec7946e64f8ff8000e25be9d69d91e3:0xc 
0xc06eeae7dec7946e64f8ff8000e25be9d69d91e3:0xe 
0xc06eeae7dec7946e64f8ff8000e25be9d69d91e3:0xf 
0xc06eeae7dec7946e64f8ff8000e25be9d69d91e3:0x2d 
0xc06eeae7dec7946e64f8ff8000e25be9d69d91e3:0x2e 
0xc06eeae7dec7946e64f8ff8000e25be9d69d91e3:0x2f 
0xc06eeae7dec7946e64f8ff8000e25be9d69d91e3:0x34 
0xc06eeae7dec7946e64f8ff8000e25be9d69d91e3:0x35 
0xc06eeae7dec7946e64f8ff8000e25be9d69d91e3:0x36 
0xc06eeae7dec7946e64f8ff8000e25be9d69d91e3:0x3b 
0xc06eeae7dec7946e64f8ff8000e25be9d69d91e3:0x3c 
0xc06eeae7dec7946e64f8ff8000e25be9d69d91e3:0x3e 
0xc06eeae7dec7946e64f8ff8000e25be9d69d91e3:0x3f 
0xc06eeae7dec7946e64f8ff8000e25be9d69d91e3:0x40 
0xc06eeae7dec7946e64f8ff8000e25be9d69d91e3:0x45 
0xc06eeae7dec7946e64f8ff8000e25be9d69d91e3:0x46 
0xc06eeae7dec7946e64f8ff8000e25be9d69d91e3:0x48 
0xc06eeae7dec7946e64f8ff8000e25be9d69d91e3:0x76 
0xc06eeae7dec7946e64f8ff8000e25be9d69d91e3:0x77 
0xc06eeae7dec7946e64f8ff8000e25be9d69d91e3:0x78 
0xc06eeae7dec7946e64f8ff8000e25be9d69d91e3:0x79 
0xc06eeae7dec7946e64f8ff8000e25be9d69d91e3:0x7a 
0xc06eeae7dec7946e64f8ff8000e25be9d69d91e3:0x7c 
0xc06eeae7dec7946e64f8ff8000e25be9d69d91e3:0x81 
0xc06eeae7dec7946e64f8ff8000e25be9d69d91e3:0x82 
0xc06eeae7dec7946e64f8ff8000e25be9d69d91e3:0x83 
0xc06eeae7dec7946e64f8ff8000e25be9d69d91e3:0x85 
0xc06eeae7dec7946e64f8ff8000e25be9d69d91e3:0x87 
0xc06eeae7dec7946e64f8ff8000e25be9d69d91e3:0xa6 
0xc06eeae7dec7946e64f8ff8000e25be9d69d91e3:0xa7 
0xc06eeae7dec7946e64f8ff8000e25be9d69d91e3:0xa9 
0xc06eeae7dec7946e64f8ff8000e25be9d69d91e3:0xab 
0xc06eeae7dec7946e64f8ff8000e25be9d69d91e3:0xac 
0xc06eeae7dec7946e64f8ff8000e25be9d69d91e3:0xad 
0xc06eeae7dec7946e64f8ff8000e25be9d69d91e3:0xae 
0xc06eeae7dec7946e64f8ff8000e25be9d69d91e3:0xb0 
0xc06eeae7dec7946e64f8ff8000e25be9d69d91e3:0xb8 
0xc06eeae7dec7946e64f8ff8000e25be9d69d91e3:0xb9 
0xc06eeae7dec7946e64f8ff8000e25be9d69d91e3:0xbb 
0xc06eeae7dec7946e64f8ff8000e25be9d69d91e3:0xbc 
0xc06eeae7dec7946e64f8ff8000e25be9d69d91e3:0xbd 
0xc06eeae7dec7946e64f8ff8000e25be9d69d91e3:0xbe 
0xc06eeae7dec7946e64f8ff8000e25be9d69d91e3:0xbf 
0xc06eeae7dec7946e64f8ff8000e25be9d69d91e3:0x88 
0xc06eeae7dec7946e64f8ff8000e25be9d69d91e3:0x89 
0xc06eeae7dec7946e64f8ff8000e25be9d69d91e3:0x8b 
0xc06eeae7dec7946e64f8ff8000e25be9d69d91e3:0x8c 
0xc06eeae7dec7946e64f8ff8000e25be9d69d91e3:0x8d 
0xc06eeae7dec7946e64f8ff8000e25be9d69d91e3:0x8e 
0xc06eeae7dec7946e64f8ff8000e25be9d69d91e3:0x8f 
0xc06eeae7dec7946e64f8ff8000e25be9d69d91e3:0x90 
0xc06eeae7dec7946e64f8ff8000e25be9d69d91e3:0x92 
0xc06eeae7dec7946e64f8ff8000e25be9d69d91e3:0x93 
0xc06eeae7dec7946e64f8ff8000e25be9d69d91e3:0x94 
0xc06eeae7dec7946e64f8ff8000e25be9d69d91e3:0x95 
0xc06eeae7dec7946e64f8ff8000e25be9d69d91e3:0x96 
0xc06eeae7dec7946e64f8ff8000e25be9d69d91e3:0x98 
0xc06eeae7dec7946e64f8ff8000e25be9d69d91e3:0x99 
0xc06eeae7dec7946e64f8ff8000e25be9d69d91e3:0x9a 
0xc06eeae7dec7946e64f8ff8000e25be9d69d91e3:0x9b 
0xc06eeae7dec7946e64f8ff8000e25be9d69d91e3:0x9c 
0xc06eeae7dec7946e64f8ff8000e25be9d69d91e3:0x9d 
---
0xc06eeae7dec7946e64f8ff8000e25be9d69d91e3:0x0 
0xc06eeae7dec7946e64f8ff8000e25be9d69d91e3:0x2 
0xc06eeae7dec7946e64f8ff8000e25be9d69d91e3:0x4 
0xc06eeae7dec7946e64f8ff8000e25be9d69d91e3:0x5 
0xc06eeae7dec7946e64f8ff8000e25be9d69d91e3:0x7 
0xc06eeae7dec7946e64f8ff8000e25be9d69d91e3:0x8 
0xc06eeae7dec7946e64f8ff8000e25be9d69d91e3:0x9 
0xc06eeae7dec7946e64f8ff8000e25be9d69d91e3:0xb 
0xc06eeae7dec7946e64f8ff8000e25be9d69d91e3:0xc 
0xc06eeae7dec7946e64f8ff8000e25be9d69d91e3:0xe 
0xc06eeae7dec7946e64f8ff8000e25be9d69d91e3:0xf 
0xc06eeae7dec7946e64f8ff8000e25be9d69d91e3:0x2d 
0xc06eeae7dec7946e64f8ff8000e25be9d69d91e3:0x2e 
0xc06eeae7dec7946e64f8ff8000e25be9d69d91e3:0x2f 
0xc06eeae7dec7946e64f8ff8000e25be9d69d91e3:0x34 
0xc06eeae7dec7946e64f8ff8000e25be9d69d91e3:0x35 
0xc06eeae7dec7946e64f8ff8000e25be9d69d91e3:0x36 
0xc06eeae7dec7946e64f8ff8000e25be9d69d91e3:0x3b 
0xc06eeae7dec7946e64f8ff8000e25be9d69d91e3:0x3c 
0xc06eeae7dec7946e64f8ff8000e25be9d69d91e3:0x3e 
0xc06eeae7dec7946e64f8ff8000e25be9d69d91e3:0x4e 
0xc06eeae7dec7946e64f8ff8000e25be9d69d91e3:0x4f 
0xc06eeae7dec7946e64f8ff8000e25be9d69d91e3:0x50 
0xc06eeae7dec7946e64f8ff8000e25be9d69d91e3:0x51 
0xc06eeae7dec7946e64f8ff8000e25be9d69d91e3:0x52 
0xc06eeae7dec7946e64f8ff8000e25be9d69d91e3:0x54 
0xc06eeae7dec7946e64f8ff8000e25be9d69d91e3:0x59 
0xc06eeae7dec7946e64f8ff8000e25be9d69d91e3:0x5a 
0xc06eeae7dec7946e64f8ff8000e25be9d69d91e3:0x5b 
0xc06eeae7dec7946e64f8ff8000e25be9d69d91e3:0x5d 
0xc06eeae7dec7946e64f8ff8000e25be9d69d91e3:0x5f 
0xc06eeae7dec7946e64f8ff8000e25be9d69d91e3:0x9e 
0xc06eeae7dec7946e64f8ff8000e25be9d69d91e3:0x9f 
0xc06eeae7dec7946e64f8ff8000e25be9d69d91e3:0xa1 
0xc06eeae7dec7946e64f8ff8000e25be9d69d91e3:0xa2 
0xc06eeae7dec7946e64f8ff8000e25be9d69d91e3:0xa3 
0xc06eeae7dec7946e64f8ff8000e25be9d69d91e3:0xa4 
0xc06eeae7dec7946e64f8ff8000e25be9d69d91e3:0xa5 
0xc06eeae7dec7946e64f8ff8000e25be9d69d91e3:0x60 
0xc06eeae7dec7946e64f8ff8000e25be9d69d91e3:0x61 
0xc06eeae7dec7946e64f8ff8000e25be9d69d91e3:0x63 
0xc06eeae7dec7946e64f8ff8000e25be9d69d91e3:0x64 
0xc06eeae7dec7946e64f8ff8000e25be9d69d91e3:0x65 
0xc06eeae7dec7946e64f8ff8000e25be9d69d91e3:0x66 
0xc06eeae7dec7946e64f8ff8000e25be9d69d91e3:0x67 
0xc06eeae7dec7946e64f8ff8000e25be9d69d91e3:0x68 
0xc06eeae7dec7946e64f8ff8000e25be9d69d91e3:0x6a 
0xc06eeae7dec7946e64f8ff8000e25be9d69d91e3:0x6b 
0xc06eeae7dec7946e64f8ff8000e25be9d69d91e3:0x6c 
0xc06eeae7dec7946e64f8ff8000e25be9d69d91e3:0x6d 
0xc06eeae7dec7946e64f8ff8000e25be9d69d91e3:0x6e 
0xc06eeae7dec7946e64f8ff8000e25be9d69d91e3:0x70 
0xc06eeae7dec7946e64f8ff8000e25be9d69d91e3:0x71 
0xc06eeae7dec7946e64f8ff8000e25be9d69d91e3:0x72 
0xc06eeae7dec7946e64f8ff8000e25be9d69d91e3:0x73 
0xc06eeae7dec7946e64f8ff8000e25be9d69d91e3:0x74 
0xc06eeae7dec7946e64f8ff8000e25be9d69d91e3:0x75 
---
0xc06eeae7dec7946e64f8ff8000e25be9d69d91e3:0x0 
0xc06eeae7dec7946e64f8ff8000e25be9d69d91e3:0x2 
0xc06eeae7dec7946e64f8ff8000e25be9d69d91e3:0x4 
0xc06eeae7dec7946e64f8ff8000e25be9d69d91e3:0x5 
0xc06eeae7dec7946e64f8ff8000e25be9d69d91e3:0x7 
0xc06eeae7dec7946e64f8ff8000e25be9d69d91e3:0x8 
0xc06eeae7dec7946e64f8ff8000e25be9d69d91e3:0x9 
0xc06eeae7dec7946e64f8ff8000e25be9d69d91e3:0xb 
0xc06eeae7dec7946e64f8ff8000e25be9d69d91e3:0xc 
0xc06eeae7dec7946e64f8ff8000e25be9d69d91e3:0xe 
0xc06eeae7dec7946e64f8ff8000e25be9d69d91e3:0xf 
0xc06eeae7dec7946e64f8ff8000e25be9d69d91e3:0x2d 
0xc06eeae7dec7946e64f8ff8000e25be9d69d91e3:0x2e 
0xc06eeae7dec7946e64f8ff8000e25be9d69d91e3:0x2f 
0xc06eeae7dec7946e64f8ff8000e25be9d69d91e3:0x34 
0xc06eeae7dec7946e64f8ff8000e25be9d69d91e3:0x35 
0xc06eeae7dec7946e64f8ff8000e25be9d69d91e3:0x36 
0xc06eeae7dec7946e64f8ff8000e25be9d69d91e3:0x3b 
0xc06eeae7dec7946e64f8ff8000e25be9d69d91e3:0x3c 
0xc06eeae7dec7946e64f8ff8000e25be9d69d91e3:0x3e 
0xc06eeae7dec7946e64f8ff8000e25be9d69d91e3:0x3f 
0xc06eeae7dec7946e64f8ff8000e25be9d69d91e3:0x40 
0xc06eeae7dec7946e64f8ff8000e25be9d69d91e3:0x45 
0xc06eeae7dec7946e64f8ff8000e25be9d69d91e3:0x46 
0xc06eeae7dec7946e64f8ff8000e25be9d69d91e3:0x48 
0xc06eeae7dec7946e64f8ff8000e25be9d69d91e3:0x76 
0xc06eeae7dec7946e64f8ff8000e25be9d69d91e3:0x77 
0xc06eeae7dec7946e64f8ff8000e25be9d69d91e3:0x78 
0xc06eeae7dec7946e64f8ff8000e25be9d69d91e3:0x79 
0xc06eeae7dec7946e64f8ff8000e25be9d69d91e3:0x7a 
0xc06eeae7dec7946e64f8ff8000e25be9d69d91e3:0x7c 
0xc06eeae7dec7946e64f8ff8000e25be9d69d91e3:0x81 
0xc06eeae7dec7946e64f8ff8000e25be9d69d91e3:0x82 
0xc06eeae7dec7946e64f8ff8000e25be9d69d91e3:0x83 
0xc06eeae7dec7946e64f8ff8000e25be9d69d91e3:0x85 
0xc06eeae7dec7946e64f8ff8000e25be9d69d91e3:0x87 
0xc06eeae7dec7946e64f8ff8000e25be9d69d91e3:0xa6 
0xc06eeae7dec7946e64f8ff8000e25be9d69d91e3:0xa7 
0xc06eeae7dec7946e64f8ff8000e25be9d69d91e3:0xa9 
0xc06eeae7dec7946e64f8ff8000e25be9d69d91e3:0xab 
0xc06eeae7dec7946e64f8ff8000e25be9d69d91e3:0xac 
0xc06eeae7dec7946e64f8ff8000e25be9d69d91e3:0xad 
0xc06eeae7dec7946e64f8ff8000e25be9d69d91e3:0xae 
0xc06eeae7dec7946e64f8ff8000e25be9d69d91e3:0xb0 
0xc06eeae7dec7946e64f8ff8000e25be9d69d91e3:0xb8 
0xc06eeae7dec7946e64f8ff8000e25be9d69d91e3:0xb9 
0xc06eeae7dec7946e64f8ff8000e25be9d69d91e3:0xbb 
0xc06eeae7dec7946e64f8ff8000e25be9d69d91e3:0xbc 
0xc06eeae7dec7946e64f8ff8000e25be9d69d91e3:0xbd 
0xc06eeae7dec7946e64f8ff8000e25be9d69d91e3:0xbe 
0xc06eeae7dec7946e64f8ff8000e25be9d69d91e3:0xbf 
0xc06eeae7dec7946e64f8ff8000e25be9d69d91e3:0x88 
0xc06eeae7dec7946e64f8ff8000e25be9d69d91e3:0x89 
0xc06eeae7dec7946e64f8ff8000e25be9d69d91e3:0x8b 
0xc06eeae7dec7946e64f8ff8000e25be9d69d91e3:0x8c 
0xc06eeae7dec7946e64f8ff8000e25be9d69d91e3:0x8d 
0xc06eeae7dec7946e64f8ff8000e25be9d69d91e3:0x8e 
0xc06eeae7dec7946e64f8ff8000e25be9d69d91e3:0x8f 
0xc06eeae7dec7946e64f8ff8000e25be9d69d91e3:0x90 
0xc06eeae7dec7946e64f8ff8000e25be9d69d91e3:0x92 
0xc06eeae7dec7946e64f8ff8000e25be9d69d91e3:0x93 
0xc06eeae7dec7946e64f8ff8000e25be9d69d91e3:0x94 
0xc06eeae7dec7946e64f8ff8000e25be9d69d91e3:0x95 
0xc06eeae7dec7946e64f8ff8000e25be9d69d91e3:0x96 
0xc06eeae7dec7946e64f8ff8000e25be9d69d91e3:0x98 
0xc06eeae7dec7946e64f8ff8000e25be9d69d91e3:0x99 
0xc06eeae7dec7946e64f8ff8000e25be9d69d91e3:0x9a 
0xc06eeae7dec7946e64f8ff8000e25be9d69d91e3:0x9b 
0xc06eeae7dec7946e64f8ff8000e25be9d69d91e3:0x9c 
0xc06eeae7dec7946e64f8ff8000e25be9d69d91e3:0x9d 
