---
0x360b61d2f73333fd0c0ee4a051112d10eb6806e7:0x0 *
0x360b61d2f73333fd0c0ee4a051112d10eb6806e7:0x2 *
0x360b61d2f73333fd0c0ee4a051112d10eb6806e7:0x4 *
0x360b61d2f73333fd0c0ee4a051112d10eb6806e7:0x5 *
0x360b61d2f73333fd0c0ee4a051112d10eb6806e7:0x6 *
0x360b61d2f73333fd0c0ee4a051112d10eb6806e7:0x7 *
0x360b61d2f73333fd0c0ee4a051112d10eb6806e7:0x8 *
0x360b61d2f73333fd0c0ee4a051112d10eb6806e7:0xb *
0x360b61d2f73333fd0c0ee4a051112d10eb6806e7:0x10 *
0x360b61d2f73333fd0c0ee4a051112d10eb6806e7:0x11 *
0x360b61d2f73333fd0c0ee4a051112d10eb6806e7:0x12 *
0x360b61d2f73333fd0c0ee4a051112d10eb6806e7:0x14 *
0x360b61d2f73333fd0c0ee4a051112d10eb6806e7:0x15 *
0x360b61d2f73333fd0c0ee4a051112d10eb6806e7:0x18 *
0x360b61d2f73333fd0c0ee4a051112d10eb6806e7:0x19 *
0x360b61d2f73333fd0c0ee4a051112d10eb6806e7:0x1a *
0x360b61d2f73333fd0c0ee4a051112d10eb6806e7:0x1b *
0x360b61d2f73333fd0c0ee4a051112d10eb6806e7:0x1e *
0x360b61d2f73333fd0c0ee4a051112d10eb6806e7:0x1f *
0x360b61d2f73333fd0c0ee4a051112d10eb6806e7:0x20 *
0x360b61d2f73333fd0c0ee4a051112d10eb6806e7:0x21 *
0x360b61d2f73333fd0c0ee4a051112d10eb6806e7:0x22 *
0x360b61d2f73333fd0c0ee4a051112d10eb6806e7:0x23 *
0x360b61d2f73333fd0c0ee4a051112d10eb6806e7:0x25 *
0x360b61d2f73333fd0c0ee4a051112d10eb6806e7:0x26 *
0x360b61d2f73333fd0c0ee4a051112d10eb6806e7:0x28 *
0x360b61d2f73333fd0c0ee4a051112d10eb6806e7:0x29 *
0x360b61d2f73333fd0c0ee4a051112d10eb6806e7:0x2a *
0x360b61d2f73333fd0c0ee4a051112d10eb6806e7:0x2b *
0x360b61d2f73333fd0c0ee4a051112d10eb6806e7:0x2e *
0x360b61d2f73333fd0c0ee4a051112d10eb6806e7:0x33 *
0x360b61d2f73333fd0c0ee4a051112d10eb6806e7:0x34 *
0x360b61d2f73333fd0c0ee4a051112d10eb6806e7:0x35 *
0x360b61d2f73333fd0c0ee4a051112d10eb6806e7:0x36 *
0x360b61d2f73333fd0c0ee4a051112d10eb6806e7:0x37 *
0x360b61d2f73333fd0c0ee4a051112d10eb6806e7:0x38 *
0x360b61d2f73333fd0c0ee4a051112d10eb6806e7:0x39 *
0x360b61d2f73333fd0c0ee4a051112d10eb6806e7:0x3a *
0x360b61d2f73333fd0c0ee4a051112d10eb6806e7:0x3b *
0x360b61d2f73333fd0c0ee4a051112d10eb6806e7:0x3d *
0x360b61d2f73333fd0c0ee4a051112d10eb6806e7:0x3e *
0x360b61d2f73333fd0c0ee4a051112d10eb6806e7:0x3f *
0x360b61d2f73333fd0c0ee4a051112d10eb6806e7:0x40 *
0x360b61d2f73333fd0c0ee4a051112d10eb6806e7:0x41 *
0x360b61d2f73333fd0c0ee4a051112d10eb6806e7:0x42 *
0x360b61d2f73333fd0c0ee4a051112d10eb6806e7:0x43 *
0x360b61d2f73333fd0c0ee4a051112d10eb6806e7:0x44 *
0x360b61d2f73333fd0c0ee4a051112d10eb6806e7:0x45 *
0x360b61d2f73333fd0c0ee4a051112d10eb6806e7:0x46 *
0x360b61d2f73333fd0c0ee4a051112d10eb6806e7:0x57 *
0x360b61d2f73333fd0c0ee4a051112d10eb6806e7:0x58 *
0x360b61d2f73333fd0c0ee4a051112d10eb6806e7:0x5a *
0x360b61d2f73333fd0c0ee4a051112d10eb6806e7:0x5b *
0x360b61d2f73333fd0c0ee4a051112d10eb6806e7:0x5c *
0x360b61d2f73333fd0c0ee4a051112d10eb6806e7:0x5d *
0x360b61d2f73333fd0c0ee4a051112d10eb6806e7:0x5e *
0x360b61d2f73333fd0c0ee4a051112d10eb6806e7:0x60 *
0x360b61d2f73333fd0c0ee4a051112d10eb6806e7:0x61 *
0x360b61d2f73333fd0c0ee4a051112d10eb6806e7:0x62 *
0x360b61d2f73333fd0c0ee4a051112d10eb6806e7:0x63 *
0x360b61d2f73333fd0c0ee4a051112d10eb6806e7:0x64 *
0x360b61d2f73333fd0c0ee4a051112d10eb6806e7:0x65 *
0x360b61d2f73333fd0c0ee4a051112d10eb6806e7:0x66 *
0x360b61d2f73333fd0c0ee4a051112d10eb6806e7:0x69 *
0x360b61d2f73333fd0c0ee4a051112d10eb6806e7:0x6a *
0x360b61d2f73333fd0c0ee4a051112d10eb6806e7:0x6d *
0x360b61d2f73333fd0c0ee4a051112d10eb6806e7:0x6f *
0x360b61d2f73333fd0c0ee4a051112d10eb6806e7:0x70 *
0x360b61d2f73333fd0c0ee4a051112d10eb6806e7:0x72 *
---
0x360b61d2f73333fd0c0ee4a051112d10eb6806e7:0x0 
0x360b61d2f73333fd0c0ee4a051112d10eb6806e7:0x2 
0x360b61d2f73333fd0c0ee4a051112d10eb6806e7:0x4 
0x360b61d2f73333fd0c0ee4a051112d10eb6806e7:0x5 
0x360b61d2f73333fd0c0ee4a051112d10eb6806e7:0x6 
0x360b61d2f73333fd0c0ee4a051112d10eb6806e7:0x7 
0x360b61d2f73333fd0c0ee4a051112d10eb6806e7:0x8 
0x360b61d2f73333fd0c0ee4a051112d10eb6806e7:0xb 
0x360b61d2f73333fd0c0ee4a051112d10eb6806e7:0x10 
0x360b61d2f73333fd0c0ee4a051112d10eb6806e7:0x11 
0x360b61d2f73333fd0c0ee4a051112d10eb6806e7:0x12 
0x360b61d2f73333fd0c0ee4a051112d10eb6806e7:0x14 
0x360b61d2f73333fd0c0ee4a051112d10eb6806e7:0x15 
0x360b61d2f73333fd0c0ee4a051112d10eb6806e7:0x16 
0x360b61d2f73333fd0c0ee4a051112d10eb6806e7:0x19 
0x360b61d2f73333fd0c0ee4a051112d10eb6806e7:0x1a 
0x360b61d2f73333fd0c0ee4a051112d10eb6806e7:0x1c 
0x360b61d2f73333fd0c0ee4a051112d10eb6806e7:0x1d 
0x360b61d2f73333fd0c0ee4a051112d10eb6806e7:0x1f 
0x360b61d2f73333fd0c0ee4a051112d10eb6806e7:0x20 
0x360b61d2f73333fd0c0ee4a051112d10eb6806e7:0x21 
0x360b61d2f73333fd0c0ee4a051112d10eb6806e7:0x26 
0x360b61d2f73333fd0c0ee4a051112d10eb6806e7:0x27 
0x360b61d2f73333fd0c0ee4a051112d10eb6806e7:0x2a 
0x360b61d2f73333fd0c0ee4a051112d10eb6806e7:0x2b 
0x360b61d2f73333fd0c0ee4a051112d10eb6806e7:0x2c 
0x360b61d2f73333fd0c0ee4a051112d10eb6806e7:0x31 
0x360b61d2f73333fd0c0ee4a051112d10eb6806e7:0x32 
0x360b61d2f73333fd0c0ee4a051112d10eb6806e7:0x35 
0x360b61d2f73333fd0c0ee4a051112d10eb6806e7:0x36 
0x360b61d2f73333fd0c0ee4a051112d10eb6806e7:0x37 
0x360b61d2f73333fd0c0ee4a051112d10eb6806e7:0x3c 
0x360b61d2f73333fd0c0ee4a051112d10eb6806e7:0x3d 
0x360b61d2f73333fd0c0ee4a051112d10eb6806e7:0x40 
0x360b61d2f73333fd0c0ee4a051112d10eb6806e7:0x41 
0x360b61d2f73333fd0c0ee4a051112d10eb6806e7:0x42 
0x360b61d2f73333fd0c0ee4a051112d10eb6806e7:0x47 
0x360b61d2f73333fd0c0ee4a051112d10eb6806e7:0x48 
0x360b61d2f73333fd0c0ee4a051112d10eb6806e7:0x4b 
0x360b61d2f73333fd0c0ee4a051112d10eb6806e7:0x4c 
0x360b61d2f73333fd0c0ee4a051112d10eb6806e7:0x4d 
0x360b61d2f73333fd0c0ee4a051112d10eb6806e7:0x52 
0x360b61d2f73333fd0c0ee4a051112d10eb6806e7:0x53 
0x360b61d2f73333fd0c0ee4a051112d10eb6806e7:0x56 
0x360b61d2f73333fd0c0ee4a051112d10eb6806e7:0x31f 
0x360b61d2f73333fd0c0ee4a051112d10eb6806e7:0x320 
0x360b61d2f73333fd0c0ee4a051112d10eb6806e7:0x323 
0x360b61d2f73333fd0c0ee4a051112d10eb6806e7:0x326 
0x360b61d2f73333fd0c0ee4a051112d10eb6806e7:0x48c 
0x360b61d2f73333fd0c0ee4a051112d10eb6806e7:0x48d 
0x360b61d2f73333fd0c0ee4a051112d10eb6806e7:0x48f 
0x360b61d2f73333fd0c0ee4a051112d10eb6806e7:0x491 
0x360b61d2f73333fd0c0ee4a051112d10eb6806e7:0x492 
0x360b61d2f73333fd0c0ee4a051112d10eb6806e7:0x494 
0x360b61d2f73333fd0c0ee4a051112d10eb6806e7:0x495 
0x360b61d2f73333fd0c0ee4a051112d10eb6806e7:0x496 
0x360b61d2f73333fd0c0ee4a051112d10eb6806e7:0x497 
0x360b61d2f73333fd0c0ee4a051112d10eb6806e7:0x498 
0x360b61d2f73333fd0c0ee4a051112d10eb6806e7:0x499 
0x360b61d2f73333fd0c0ee4a051112d10eb6806e7:0x327 
0x360b61d2f73333fd0c0ee4a051112d10eb6806e7:0x328 
0x360b61d2f73333fd0c0ee4a051112d10eb6806e7:0x32a 
0x360b61d2f73333fd0c0ee4a051112d10eb6806e7:0x32b 
0x360b61d2f73333fd0c0ee4a051112d10eb6806e7:0x32c 
0x360b61d2f73333fd0c0ee4a051112d10eb6806e7:0x32d 
0x360b61d2f73333fd0c0ee4a051112d10eb6806e7:0x32e 
0x360b61d2f73333fd0c0ee4a051112d10eb6806e7:0x32f 
0x360b61d2f73333fd0c0ee4a051112d10eb6806e7:0x330 
0x360b61d2f73333fd0c0ee4a051112d10eb6806e7:0x331 
0x360b61d2f73333fd0c0ee4a051112d10eb6806e7:0x332 
0x360b61d2f73333fd0c0ee4a051112d10eb6806e7:0x333 
0x360b61d2f73333fd0c0ee4a051112d10eb6806e7:0x335 
0x360b61d2f73333fd0c0ee4a051112d10eb6806e7:0x336 
0x360b61d2f73333fd0c0ee4a051112d10eb6806e7:0x337 
0x360b61d2f73333fd0c0ee4a051112d10eb6806e7:0x338 
0x360b61d2f73333fd0c0ee4a051112d10eb6806e7:0x339 
0x360b61d2f73333fd0c0ee4a051112d10eb6806e7:0x33b 
0x360b61d2f73333fd0c0ee4a051112d10eb6806e7:0x33c 
0x360b61d2f73333fd0c0ee4a051112d10eb6806e7:0x33d 
0x360b61d2f73333fd0c0ee4a051112d10eb6806e7:0x33e 
0x360b61d2f73333fd0c0ee4a051112d10eb6806e7:0x33f 
0x360b61d2f73333fd0c0ee4a051112d10eb6806e7:0x340 
---
0x360b61d2f73333fd0c0ee4a051112d10eb6806e7:0x0 
0x360b61d2f73333fd0c0ee4a051112d10eb6806e7:0x2 
0x360b61d2f73333fd0c0ee4a051112d10eb6806e7:0x4 
0x360b61d2f73333fd0c0ee4a051112d10eb6806e7:0x5 
0x360b61d2f73333fd0c0ee4a051112d10eb6806e7:0x6 
0x360b61d2f73333fd0c0ee4a051112d10eb6806e7:0x7 
0x360b61d2f73333fd0c0ee4a051112d10eb6806e7:0x8 
0x360b61d2f73333fd0c0ee4a051112d10eb6806e7:0xb 
0x360b61d2f73333fd0c0ee4a051112d10eb6806e7:0x10 
0x360b61d2f73333fd0c0ee4a051112d10eb6806e7:0x11 
0x360b61d2f73333fd0c0ee4a051112d10eb6806e7:0x12 
0x360b61d2f73333fd0c0ee4a051112d10eb6806e7:0x14 
0x360b61d2f73333fd0c0ee4a051112d10eb6806e7:0x15 
0x360b61d2f73333fd0c0ee4a051112d10eb6806e7:0x16 
0x360b61d2f73333fd0c0ee4a051112d10eb6806e7:0x19 
0x360b61d2f73333fd0c0ee4a051112d10eb6806e7:0x1a 
0x360b61d2f73333fd0c0ee4a051112d10eb6806e7:0x1c 
0x360b61d2f73333fd0c0ee4a051112d10eb6806e7:0x1d 
0x360b61d2f73333fd0c0ee4a051112d10eb6806e7:0x1f 
0x360b61d2f73333fd0c0ee4a051112d10eb6806e7:0x20 
0x360b61d2f73333fd0c0ee4a051112d10eb6806e7:0x21 
0x360b61d2f73333fd0c0ee4a051112d10eb6806e7:0x26 
0x360b61d2f73333fd0c0ee4a051112d10eb6806e7:0x27 
0x360b61d2f73333fd0c0ee4a051112d10eb6806e7:0x2a 
0x360b61d2f73333fd0c0ee4a051112d10eb6806e7:0x66 
0x360b61d2f73333fd0c0ee4a051112d10eb6806e7:0x67 
0x360b61d2f73333fd0c0ee4a051112d10eb6806e7:0x68 
0x360b61d2f73333fd0c0ee4a051112d10eb6806e7:0x6d 
0x360b61d2f73333fd0c0ee4a051112d10eb6806e7:0x6e 
0x360b61d2f73333fd0c0ee4a051112d10eb6806e7:0x71 
0x360b61d2f73333fd0c0ee4a051112d10eb6806e7:0x72 
0x360b61d2f73333fd0c0ee4a051112d10eb6806e7:0x73 
0x360b61d2f73333fd0c0ee4a051112d10eb6806e7:0x78 
0x360b61d2f73333fd0c0ee4a051112d10eb6806e7:0x79 
0x360b61d2f73333fd0c0ee4a051112d10eb6806e7:0x7c 
0x360b61d2f73333fd0c0ee4a051112d10eb6806e7:0x7d 
0x360b61d2f73333fd0c0ee4a051112d10eb6806e7:0x7e 
0x360b61d2f73333fd0c0ee4a051112d10eb6806e7:0x83 
0x360b61d2f73333fd0c0ee4a051112d10eb6806e7:0x84 
0x360b61d2f73333fd0c0ee4a051112d10eb6806e7:0x87 
0x360b61d2f73333fd0c0ee4a051112d10eb6806e7:0x88 
0x360b61d2f73333fd0c0ee4a051112d10eb6806e7:0x89 
0x360b61d2f73333fd0c0ee4a051112d10eb6806e7:0x8e 
0x360b61d2f73333fd0c0ee4a051112d10eb6806e7:0x8f 
0x360b61d2f73333fd0c0ee4a051112d10eb6806e7:0x92 
0x360b61d2f73333fd0c0ee4a051112d10eb6806e7:0x93 
0x360b61d2f73333fd0c0ee4a051112d10eb6806e7:0x94 
0x360b61d2f73333fd0c0ee4a051112d10eb6806e7:0x99 
0x360b61d2f73333fd0c0ee4a051112d10eb6806e7:0x9a 
0x360b61d2f73333fd0c0ee4a051112d10eb6806e7:0x9d 
0x360b61d2f73333fd0c0ee4a051112d10eb6806e7:0x293 
0x360b61d2f73333fd0c0ee4a051112d10eb6806e7:0x294 
0x360b61d2f73333fd0c0ee4a051112d10eb6806e7:0x297 
0x360b61d2f73333fd0c0ee4a051112d10eb6806e7:0x29a 
0x360b61d2f73333fd0c0ee4a051112d10eb6806e7:0x3df 
0x360b61d2f73333fd0c0ee4a051112d10eb6806e7:0x3e0 
0x360b61d2f73333fd0c0ee4a051112d10eb6806e7:0x3e2 
0x360b61d2f73333fd0c0ee4a051112d10eb6806e7:0x3e5 
0x360b61d2f73333fd0c0ee4a051112d10eb6806e7:0x3e8 
0x360b61d2f73333fd0c0ee4a051112d10eb6806e7:0x3d3 
0x360b61d2f73333fd0c0ee4a051112d10eb6806e7:0x3d4 
0x360b61d2f73333fd0c0ee4a051112d10eb6806e7:0x3d6 
0x360b61d2f73333fd0c0ee4a051112d10eb6806e7:0x3d7 
0x360b61d2f73333fd0c0ee4a051112d10eb6806e7:0x3d9 
0x360b61d2f73333fd0c0ee4a051112d10eb6806e7:0x3da 
0x360b61d2f73333fd0c0ee4a051112d10eb6806e7:0x3db 
0x360b61d2f73333fd0c0ee4a051112d10eb6806e7:0x3dc 
0x360b61d2f73333fd0c0ee4a051112d10eb6806e7:0x3dd 
0x360b61d2f73333fd0c0ee4a051112d10eb6806e7:0x3de 
0x360b61d2f73333fd0c0ee4a051112d10eb6806e7:0x3e9 
0x360b61d2f73333fd0c0ee4a051112d10eb6806e7:0x3ea 
0x360b61d2f73333fd0c0ee4a051112d10eb6806e7:0x3eb 
0x360b61d2f73333fd0c0ee4a051112d10eb6806e7:0x3ec 
0x360b61d2f73333fd0c0ee4a051112d10eb6806e7:0x3ed 
0x360b61d2f73333fd0c0ee4a051112d10eb6806e7:0x3ee 
0x360b61d2f73333fd0c0ee4a051112d10eb6806e7:0x29b 
0x360b61d2f73333fd0c0ee4a051112d10eb6806e7:0x29c 
0x360b61d2f73333fd0c0ee4a051112d10eb6806e7:0x29e 
0x360b61d2f73333fd0c0ee4a051112d10eb6806e7:0x29f 
0x360b61d2f73333fd0c0ee4a051112d10eb6806e7:0x2a0 
0x360b61d2f73333fd0c0ee4a051112d10eb6806e7:0x2a1 
0x360b61d2f73333fd0c0ee4a051112d10eb6806e7:0x2a2 
0x360b61d2f73333fd0c0ee4a051112d10eb6806e7:0x2a3 
0x360b61d2f73333fd0c0ee4a051112d10eb6806e7:0x2a4 
0x360b61d2f73333fd0c0ee4a051112d10eb6806e7:0x2a5 
0x360b61d2f73333fd0c0ee4a051112d10eb6806e7:0x2a6 
0x360b61d2f73333fd0c0ee4a051112d10eb6806e7:0x2a7 
0x360b61d2f73333fd0c0ee4a051112d10eb6806e7:0x2a9 
0x360b61d2f73333fd0c0ee4a051112d10eb6806e7:0x2aa 
0x360b61d2f73333fd0c0ee4a051112d10eb6806e7:0x2ab 
0x360b61d2f73333fd0c0ee4a051112d10eb6806e7:0x2ac 
0x360b61d2f73333fd0c0ee4a051112d10eb6806e7:0x2ad 
0x360b61d2f73333fd0c0ee4a051112d10eb6806e7:0x2af 
0x360b61d2f73333fd0c0ee4a051112d10eb6806e7:0x2b0 
0x360b61d2f73333fd0c0ee4a051112d10eb6806e7:0x2b1 
0x360b61d2f73333fd0c0ee4a051112d10eb6806e7:0x2b2 
0x360b61d2f73333fd0c0ee4a051112d10eb6806e7:0x2b3 
0x360b61d2f73333fd0c0ee4a051112d10eb6806e7:0x2b4 
