---
0x8f9f2e01e3e0a179bf5326e0a545424e6dc1909e:0x0 *
0x8f9f2e01e3e0a179bf5326e0a545424e6dc1909e:0x2 *
0x8f9f2e01e3e0a179bf5326e0a545424e6dc1909e:0x4 *
0x8f9f2e01e3e0a179bf5326e0a545424e6dc1909e:0x5 *
0x8f9f2e01e3e0a179bf5326e0a545424e6dc1909e:0x6 *
0x8f9f2e01e3e0a179bf5326e0a545424e6dc1909e:0x7 *
0x8f9f2e01e3e0a179bf5326e0a545424e6dc1909e:0x8 *
0x8f9f2e01e3e0a179bf5326e0a545424e6dc1909e:0xb *
0x8f9f2e01e3e0a179bf5326e0a545424e6dc1909e:0x10 *
0x8f9f2e01e3e0a179bf5326e0a545424e6dc1909e:0x11 *
0x8f9f2e01e3e0a179bf5326e0a545424e6dc1909e:0x12 *
0x8f9f2e01e3e0a179bf5326e0a545424e6dc1909e:0x14 *
0x8f9f2e01e3e0a179bf5326e0a545424e6dc1909e:0x15 *
0x8f9f2e01e3e0a179bf5326e0a545424e6dc1909e:0x18 *
0x8f9f2e01e3e0a179bf5326e0a545424e6dc1909e:0x19 *
0x8f9f2e01e3e0a179bf5326e0a545424e6dc1909e:0x1a *
0x8f9f2e01e3e0a179bf5326e0a545424e6dc1909e:0x1b *
0x8f9f2e01e3e0a179bf5326e0a545424e6dc1909e:0x1e *
0x8f9f2e01e3e0a179bf5326e0a545424e6dc1909e:0x1f *
0x8f9f2e01e3e0a179bf5326e0a545424e6dc1909e:0x20 *
0x8f9f2e01e3e0a179bf5326e0a545424e6dc1909e:0x21 *
0x8f9f2e01e3e0a179bf5326e0a545424e6dc1909e:0x22 *
0x8f9f2e01e3e0a179bf5326e0a545424e6dc1909e:0x23 *
0x8f9f2e01e3e0a179bf5326e0a545424e6dc1909e:0x25 *
0x8f9f2e01e3e0a179bf5326e0a545424e6dc1909e:0x26 *
0x8f9f2e01e3e0a179bf5326e0a545424e6dc1909e:0x28 *
0x8f9f2e01e3e0a179bf5326e0a545424e6dc1909e:0x29 *
0x8f9f2e01e3e0a179bf5326e0a545424e6dc1909e:0x2a *
0x8f9f2e01e3e0a179bf5326e0a545424e6dc1909e:0x2b *
0x8f9f2e01e3e0a179bf5326e0a545424e6dc1909e:0x2e *
0x8f9f2e01e3e0a179bf5326e0a545424e6dc1909e:0x33 *
0x8f9f2e01e3e0a179bf5326e0a545424e6dc1909e:0x34 *
0x8f9f2e01e3e0a179bf5326e0a545424e6dc1909e:0x35 *
0x8f9f2e01e3e0a179bf5326e0a545424e6dc1909e:0x36 *
0x8f9f2e01e3e0a179bf5326e0a545424e6dc1909e:0x37 *
0x8f9f2e01e3e0a179bf5326e0a545424e6dc1909e:0x38 *
0x8f9f2e01e3e0a179bf5326e0a545424e6dc1909e:0x39 *
0x8f9f2e01e3e0a179bf5326e0a545424e6dc1909e:0x3a *
0x8f9f2e01e3e0a179bf5326e0a545424e6dc1909e:0x3b *
0x8f9f2e01e3e0a179bf5326e0a545424e6dc1909e:0x3d *
0x8f9f2e01e3e0a179bf5326e0a545424e6dc1909e:0x3e *
0x8f9f2e01e3e0a179bf5326e0a545424e6dc1909e:0x3f *
0x8f9f2e01e3e0a179bf5326e0a545424e6dc1909e:0x40 *
0x8f9f2e01e3e0a179bf5326e0a545424e6dc1909e:0x41 *
0x8f9f2e01e3e0a179bf5326e0a545424e6dc1909e:0x42 *
0x8f9f2e01e3e0a179bf5326e0a545424e6dc1909e:0x43 *
0x8f9f2e01e3e0a179bf5326e0a545424e6dc1909e:0x44 *
0x8f9f2e01e3e0a179bf5326e0a545424e6dc1909e:0x45 *
0x8f9f2e01e3e0a179bf5326e0a545424e6dc1909e:0x46 *
0x8f9f2e01e3e0a179bf5326e0a545424e6dc1909e:0x57 *
0x8f9f2e01e3e0a179bf5326e0a545424e6dc1909e:0x58 *
0x8f9f2e01e3e0a179bf5326e0a545424e6dc1909e:0x5a *
0x8f9f2e01e3e0a179bf5326e0a545424e6dc1909e:0x5b *
0x8f9f2e01e3e0a179bf5326e0a545424e6dc1909e:0x5c *
0x8f9f2e01e3e0a179bf5326e0a545424e6dc1909e:0x5d *
0x8f9f2e01e3e0a179bf5326e0a545424e6dc1909e:0x5e *
0x8f9f2e01e3e0a179bf5326e0a545424e6dc1909e:0x60 *
0x8f9f2e01e3e0a179bf5326e0a545424e6dc1909e:0x61 *
0x8f9f2e01e3e0a179bf5326e0a545424e6dc1909e:0x62 *
0x8f9f2e01e3e0a179bf5326e0a545424e6dc1909e:0x63 *
0x8f9f2e01e3e0a179bf5326e0a545424e6dc1909e:0x64 *
0x8f9f2e01e3e0a179bf5326e0a545424e6dc1909e:0x65 *
0x8f9f2e01e3e0a179bf5326e0a545424e6dc1909e:0x66 *
0x8f9f2e01e3e0a179bf5326e0a545424e6dc1909e:0x69 *
0x8f9f2e01e3e0a179bf5326e0a545424e6dc1909e:0x6a *
0x8f9f2e01e3e0a179bf5326e0a545424e6dc1909e:0x6d *
0x8f9f2e01e3e0a179bf5326e0a545424e6dc1909e:0x6f *
0x8f9f2e01e3e0a179bf5326e0a545424e6dc1909e:0x70 *
0x8f9f2e01e3e0a179bf5326e0a545424e6dc1909e:0x72 *
---
0x8f9f2e01e3e0a179bf5326e0a545424e6dc1909e:0x0 
0x8f9f2e01e3e0a179bf5326e0a545424e6dc1909e:0x2 
0x8f9f2e01e3e0a179bf5326e0a545424e6dc1909e:0x4 
0x8f9f2e01e3e0a179bf5326e0a545424e6dc1909e:0x5 
0x8f9f2e01e3e0a179bf5326e0a545424e6dc1909e:0x6 
0x8f9f2e01e3e0a179bf5326e0a545424e6dc1909e:0x7 
0x8f9f2e01e3e0a179bf5326e0a545424e6dc1909e:0x8 
0x8f9f2e01e3e0a179bf5326e0a545424e6dc1909e:0xb 
0x8f9f2e01e3e0a179bf5326e0a545424e6dc1909e:0x10 
0x8f9f2e01e3e0a179bf5326e0a545424e6dc1909e:0x11 
0x8f9f2e01e3e0a179bf5326e0a545424e6dc1909e:0x12 
0x8f9f2e01e3e0a179bf5326e0a545424e6dc1909e:0x14 
0x8f9f2e01e3e0a179bf5326e0a545424e6dc1909e:0x15 
0x8f9f2e01e3e0a179bf5326e0a545424e6dc1909e:0x16 
0x8f9f2e01e3e0a179bf5326e0a545424e6dc1909e:0x19 
0x8f9f2e01e3e0a179bf5326e0a545424e6dc1909e:0x1a 
0x8f9f2e01e3e0a179bf5326e0a545424e6dc1909e:0x1c 
0x8f9f2e01e3e0a179bf5326e0a545424e6dc1909e:0x1d 
0x8f9f2e01e3e0a179bf5326e0a545424e6dc1909e:0x1f 
0x8f9f2e01e3e0a179bf5326e0a545424e6dc1909e:0x20 
0x8f9f2e01e3e0a179bf5326e0a545424e6dc1909e:0x21 
0x8f9f2e01e3e0a179bf5326e0a545424e6dc1909e:0x26 
0x8f9f2e01e3e0a179bf5326e0a545424e6dc1909e:0x27 
0x8f9f2e01e3e0a179bf5326e0a545424e6dc1909e:0x2a 
0x8f9f2e01e3e0a179bf5326e0a545424e6dc1909e:0x2b 
0x8f9f2e01e3e0a179bf5326e0a545424e6dc1909e:0x2c 
0x8f9f2e01e3e0a179bf5326e0a545424e6dc1909e:0x31 
0x8f9f2e01e3e0a179bf5326e0a545424e6dc1909e:0x32 
0x8f9f2e01e3e0a179bf5326e0a545424e6dc1909e:0x35 
0x8f9f2e01e3e0a179bf5326e0a545424e6dc1909e:0x36 
0x8f9f2e01e3e0a179bf5326e0a545424e6dc1909e:0x37 
0x8f9f2e01e3e0a179bf5326e0a545424e6dc1909e:0x3c 
0x8f9f2e01e3e0a179bf5326e0a545424e6dc1909e:0x3d 
0x8f9f2e01e3e0a179bf5326e0a545424e6dc1909e:0x40 
0x8f9f2e01e3e0a179bf5326e0a545424e6dc1909e:0x41 
0x8f9f2e01e3e0a179bf5326e0a545424e6dc1909e:0x42 
0x8f9f2e01e3e0a179bf5326e0a545424e6dc1909e:0x47 
0x8f9f2e01e3e0a179bf5326e0a545424e6dc1909e:0x48 
0x8f9f2e01e3e0a179bf5326e0a545424e6dc1909e:0x4b 
0x8f9f2e01e3e0a179bf5326e0a545424e6dc1909e:0x4c 
0x8f9f2e01e3e0a179bf5326e0a545424e6dc1909e:0x4d 
0x8f9f2e01e3e0a179bf5326e0a545424e6dc1909e:0x52 
0x8f9f2e01e3e0a179bf5326e0a545424e6dc1909e:0x53 
0x8f9f2e01e3e0a179bf5326e0a545424e6dc1909e:0x56 
0x8f9f2e01e3e0a179bf5326e0a545424e6dc1909e:0x31f 
0x8f9f2e01e3e0a179bf5326e0a545424e6dc1909e:0x320 
0x8f9f2e01e3e0a179bf5326e0a545424e6dc1909e:0x323 
0x8f9f2e01e3e0a179bf5326e0a545424e6dc1909e:0x326 
0x8f9f2e01e3e0a179bf5326e0a545424e6dc1909e:0x478 
0x8f9f2e01e3e0a179bf5326e0a545424e6dc1909e:0x479 
0x8f9f2e01e3e0a179bf5326e0a545424e6dc1909e:0x47b 
0x8f9f2e01e3e0a179bf5326e0a545424e6dc1909e:0x47d 
0x8f9f2e01e3e0a179bf5326e0a545424e6dc1909e:0x47e 
0x8f9f2e01e3e0a179bf5326e0a545424e6dc1909e:0x480 
0x8f9f2e01e3e0a179bf5326e0a545424e6dc1909e:0x481 
0x8f9f2e01e3e0a179bf5326e0a545424e6dc1909e:0x482 
0x8f9f2e01e3e0a179bf5326e0a545424e6dc1909e:0x483 
0x8f9f2e01e3e0a179bf5326e0a545424e6dc1909e:0x484 
0x8f9f2e01e3e0a179bf5326e0a545424e6dc1909e:0x485 
0x8f9f2e01e3e0a179bf5326e0a545424e6dc1909e:0x327 
0x8f9f2e01e3e0a179bf5326e0a545424e6dc1909e:0x328 
0x8f9f2e01e3e0a179bf5326e0a545424e6dc1909e:0x32a 
0x8f9f2e01e3e0a179bf5326e0a545424e6dc1909e:0x32b 
0x8f9f2e01e3e0a179bf5326e0a545424e6dc1909e:0x32c 
0x8f9f2e01e3e0a179bf5326e0a545424e6dc1909e:0x32d 
0x8f9f2e01e3e0a179bf5326e0a545424e6dc1909e:0x32e 
0x8f9f2e01e3e0a179bf5326e0a545424e6dc1909e:0x32f 
0x8f9f2e01e3e0a179bf5326e0a545424e6dc1909e:0x330 
0x8f9f2e01e3e0a179bf5326e0a545424e6dc1909e:0x331 
0x8f9f2e01e3e0a179bf5326e0a545424e6dc1909e:0x332 
0x8f9f2e01e3e0a179bf5326e0a545424e6dc1909e:0x333 
0x8f9f2e01e3e0a179bf5326e0a545424e6dc1909e:0x335 
0x8f9f2e01e3e0a179bf5326e0a545424e6dc1909e:0x336 
0x8f9f2e01e3e0a179bf5326e0a545424e6dc1909e:0x337 
0x8f9f2e01e3e0a179bf5326e0a545424e6dc1909e:0x338 
0x8f9f2e01e3e0a179bf5326e0a545424e6dc1909e:0x339 
0x8f9f2e01e3e0a179bf5326e0a545424e6dc1909e:0x33b 
0x8f9f2e01e3e0a179bf5326e0a545424e6dc1909e:0x33c 
0x8f9f2e01e3e0a179bf5326e0a545424e6dc1909e:0x33d 
0x8f9f2e01e3e0a179bf5326e0a545424e6dc1909e:0x33e 
0x8f9f2e01e3e0a179bf5326e0a545424e6dc1909e:0x33f 
0x8f9f2e01e3e0a179bf5326e0a545424e6dc1909e:0x340 
---
0x8f9f2e01e3e0a179bf5326e0a545424e6dc1909e:0x0 
0x8f9f2e01e3e0a179bf5326e0a545424e6dc1909e:0x2 
0x8f9f2e01e3e0a179bf5326e0a545424e6dc1909e:0x4 
0x8f9f2e01e3e0a179bf5326e0a545424e6dc1909e:0x5 
0x8f9f2e01e3e0a179bf5326e0a545424e6dc1909e:0x6 
0x8f9f2e01e3e0a179bf5326e0a545424e6dc1909e:0x7 
0x8f9f2e01e3e0a179bf5326e0a545424e6dc1909e:0x8 
0x8f9f2e01e3e0a179bf5326e0a545424e6dc1909e:0xb 
0x8f9f2e01e3e0a179bf5326e0a545424e6dc1909e:0x10 
0x8f9f2e01e3e0a179bf5326e0a545424e6dc1909e:0x11 
0x8f9f2e01e3e0a179bf5326e0a545424e6dc1909e:0x12 
0x8f9f2e01e3e0a179bf5326e0a545424e6dc1909e:0x14 
0x8f9f2e01e3e0a179bf5326e0a545424e6dc1909e:0x15 
0x8f9f2e01e3e0a179bf5326e0a545424e6dc1909e:0x16 
0x8f9f2e01e3e0a179bf5326e0a545424e6dc1909e:0x19 
0x8f9f2e01e3e0a179bf5326e0a545424e6dc1909e:0x1a 
0x8f9f2e01e3e0a179bf5326e0a545424e6dc1909e:0x1c 
0x8f9f2e01e3e0a179bf5326e0a545424e6dc1909e:0x1d 
0x8f9f2e01e3e0a179bf5326e0a545424e6dc1909e:0x1f 
0x8f9f2e01e3e0a179bf5326e0a545424e6dc1909e:0x20 
0x8f9f2e01e3e0a179bf5326e0a545424e6dc1909e:0x21 
0x8f9f2e01e3e0a179bf5326e0a545424e6dc1909e:0x26 
0x8f9f2e01e3e0a179bf5326e0a545424e6dc1909e:0x27 
0x8f9f2e01e3e0a179bf5326e0a545424e6dc1909e:0x2a 
0x8f9f2e01e3e0a179bf5326e0a545424e6dc1909e:0x66 
0x8f9f2e01e3e0a179bf5326e0a545424e6dc1909e:0x67 
0x8f9f2e01e3e0a179bf5326e0a545424e6dc1909e:0x68 
0x8f9f2e01e3e0a179bf5326e0a545424e6dc1909e:0x6d 
0x8f9f2e01e3e0a179bf5326e0a545424e6dc1909e:0x6e 
0x8f9f2e01e3e0a179bf5326e0a545424e6dc1909e:0x71 
0x8f9f2e01e3e0a179bf5326e0a545424e6dc1909e:0x72 
0x8f9f2e01e3e0a179bf5326e0a545424e6dc1909e:0x73 
0x8f9f2e01e3e0a179bf5326e0a545424e6dc1909e:0x78 
0x8f9f2e01e3e0a179bf5326e0a545424e6dc1909e:0x79 
0x8f9f2e01e3e0a179bf5326e0a545424e6dc1909e:0x7c 
0x8f9f2e01e3e0a179bf5326e0a545424e6dc1909e:0x7d 
0x8f9f2e01e3e0a179bf5326e0a545424e6dc1909e:0x7e 
0x8f9f2e01e3e0a179bf5326e0a545424e6dc1909e:0x83 
0x8f9f2e01e3e0a179bf5326e0a545424e6dc1909e:0x84 
0x8f9f2e01e3e0a179bf5326e0a545424e6dc1909e:0x87 
0x8f9f2e01e3e0a179bf5326e0a545424e6dc1909e:0x88 
0x8f9f2e01e3e0a179bf5326e0a545424e6dc1909e:0x89 
0x8f9f2e01e3e0a179bf5326e0a545424e6dc1909e:0x8e 
0x8f9f2e01e3e0a179bf5326e0a545424e6dc1909e:0x8f 
0x8f9f2e01e3e0a179bf5326e0a545424e6dc1909e:0x92 
0x8f9f2e01e3e0a179bf5326e0a545424e6dc1909e:0x93 
0x8f9f2e01e3e0a179bf5326e0a545424e6dc1909e:0x94 
0x8f9f2e01e3e0a179bf5326e0a545424e6dc1909e:0x99 
0x8f9f2e01e3e0a179bf5326e0a545424e6dc1909e:0x9a 
0x8f9f2e01e3e0a179bf5326e0a545424e6dc1909e:0x9d 
0x8f9f2e01e3e0a179bf5326e0a545424e6dc1909e:0x293 
0x8f9f2e01e3e0a179bf5326e0a545424e6dc1909e:0x294 
0x8f9f2e01e3e0a179bf5326e0a545424e6dc1909e:0x297 
0x8f9f2e01e3e0a179bf5326e0a545424e6dc1909e:0x29a 
0x8f9f2e01e3e0a179bf5326e0a545424e6dc1909e:0x3cb 
0x8f9f2e01e3e0a179bf5326e0a545424e6dc1909e:0x3cc 
0x8f9f2e01e3e0a179bf5326e0a545424e6dc1909e:0x3ce 
0x8f9f2e01e3e0a179bf5326e0a545424e6dc1909e:0x3d1 
0x8f9f2e01e3e0a179bf5326e0a545424e6dc1909e:0x3d4 
0x8f9f2e01e3e0a179bf5326e0a545424e6dc1909e:0x3bf 
0x8f9f2e01e3e0a179bf5326e0a545424e6dc1909e:0x3c0 
0x8f9f2e01e3e0a179bf5326e0a545424e6dc1909e:0x3c2 
0x8f9f2e01e3e0a179bf5326e0a545424e6dc1909e:0x3c3 
0x8f9f2e01e3e0a179bf5326e0a545424e6dc1909e:0x3c5 
0x8f9f2e01e3e0a179bf5326e0a545424e6dc1909e:0x3c6 
0x8f9f2e01e3e0a179bf5326e0a545424e6dc1909e:0x3c7 
0x8f9f2e01e3e0a179bf5326e0a545424e6dc1909e:0x3c8 
0x8f9f2e01e3e0a179bf5326e0a545424e6dc1909e:0x3c9 
0x8f9f2e01e3e0a179bf5326e0a545424e6dc1909e:0x3ca 
0x8f9f2e01e3e0a179bf5326e0a545424e6dc1909e:0x3d5 
0x8f9f2e01e3e0a179bf5326e0a545424e6dc1909e:0x3d6 
0x8f9f2e01e3e0a179bf5326e0a545424e6dc1909e:0x3d7 
0x8f9f2e01e3e0a179bf5326e0a545424e6dc1909e:0x3d8 
0x8f9f2e01e3e0a179bf5326e0a545424e6dc1909e:0x3d9 
0x8f9f2e01e3e0a179bf5326e0a545424e6dc1909e:0x3da 
0x8f9f2e01e3e0a179bf5326e0a545424e6dc1909e:0x29b 
0x8f9f2e01e3e0a179bf5326e0a545424e6dc1909e:0x29c 
0x8f9f2e01e3e0a179bf5326e0a545424e6dc1909e:0x29e 
0x8f9f2e01e3e0a179bf5326e0a545424e6dc1909e:0x29f 
0x8f9f2e01e3e0a179bf5326e0a545424e6dc1909e:0x2a0 
0x8f9f2e01e3e0a179bf5326e0a545424e6dc1909e:0x2a1 
0x8f9f2e01e3e0a179bf5326e0a545424e6dc1909e:0x2a2 
0x8f9f2e01e3e0a179bf5326e0a545424e6dc1909e:0x2a3 
0x8f9f2e01e3e0a179bf5326e0a545424e6dc1909e:0x2a4 
0x8f9f2e01e3e0a179bf5326e0a545424e6dc1909e:0x2a5 
0x8f9f2e01e3e0a179bf5326e0a545424e6dc1909e:0x2a6 
0x8f9f2e01e3e0a179bf5326e0a545424e6dc1909e:0x2a7 
0x8f9f2e01e3e0a179bf5326e0a545424e6dc1909e:0x2a9 
0x8f9f2e01e3e0a179bf5326e0a545424e6dc1909e:0x2aa 
0x8f9f2e01e3e0a179bf5326e0a545424e6dc1909e:0x2ab 
0x8f9f2e01e3e0a179bf5326e0a545424e6dc1909e:0x2ac 
0x8f9f2e01e3e0a179bf5326e0a545424e6dc1909e:0x2ad 
0x8f9f2e01e3e0a179bf5326e0a545424e6dc1909e:0x2af 
0x8f9f2e01e3e0a179bf5326e0a545424e6dc1909e:0x2b0 
0x8f9f2e01e3e0a179bf5326e0a545424e6dc1909e:0x2b1 
0x8f9f2e01e3e0a179bf5326e0a545424e6dc1909e:0x2b2 
0x8f9f2e01e3e0a179bf5326e0a545424e6dc1909e:0x2b3 
0x8f9f2e01e3e0a179bf5326e0a545424e6dc1909e:0x2b4 
