---
0xfdea25b6ec498e88548b5349c1f071409809b275:0x0 *
0xfdea25b6ec498e88548b5349c1f071409809b275:0x2 *
0xfdea25b6ec498e88548b5349c1f071409809b275:0x4 *
0xfdea25b6ec498e88548b5349c1f071409809b275:0x5 *
0xfdea25b6ec498e88548b5349c1f071409809b275:0x6 *
0xfdea25b6ec498e88548b5349c1f071409809b275:0x7 *
0xfdea25b6ec498e88548b5349c1f071409809b275:0x8 *
0xfdea25b6ec498e88548b5349c1f071409809b275:0xb *
0xfdea25b6ec498e88548b5349c1f071409809b275:0x10 *
0xfdea25b6ec498e88548b5349c1f071409809b275:0x11 *
0xfdea25b6ec498e88548b5349c1f071409809b275:0x12 *
0xfdea25b6ec498e88548b5349c1f071409809b275:0x14 *
0xfdea25b6ec498e88548b5349c1f071409809b275:0x15 *
0xfdea25b6ec498e88548b5349c1f071409809b275:0x18 *
0xfdea25b6ec498e88548b5349c1f071409809b275:0x19 *
0xfdea25b6ec498e88548b5349c1f071409809b275:0x1a *
0xfdea25b6ec498e88548b5349c1f071409809b275:0x1b *
0xfdea25b6ec498e88548b5349c1f071409809b275:0x1e *
0xfdea25b6ec498e88548b5349c1f071409809b275:0x1f *
0xfdea25b6ec498e88548b5349c1f071409809b275:0x20 *
0xfdea25b6ec498e88548b5349c1f071409809b275:0x21 *
0xfdea25b6ec498e88548b5349c1f071409809b275:0x22 *
0xfdea25b6ec498e88548b5349c1f071409809b275:0x23 *
0xfdea25b6ec498e88548b5349c1f071409809b275:0x25 *
0xfdea25b6ec498e88548b5349c1f071409809b275:0x26 *
0xfdea25b6ec498e88548b5349c1f071409809b275:0x28 *
0xfdea25b6ec498e88548b5349c1f071409809b275:0x29 *
0xfdea25b6ec498e88548b5349c1f071409809b275:0x2a *
0xfdea25b6ec498e88548b5349c1f071409809b275:0x2b *
0xfdea25b6ec498e88548b5349c1f071409809b275:0x2e *
0xfdea25b6ec498e88548b5349c1f071409809b275:0x33 *
0xfdea25b6ec498e88548b5349c1f071409809b275:0x34 *
0xfdea25b6ec498e88548b5349c1f071409809b275:0x35 *
0xfdea25b6ec498e88548b5349c1f071409809b275:0x36 *
0xfdea25b6ec498e88548b5349c1f071409809b275:0x37 *
0xfdea25b6ec498e88548b5349c1f071409809b275:0x38 *
0xfdea25b6ec498e88548b5349c1f071409809b275:0x39 *
0xfdea25b6ec498e88548b5349c1f071409809b275:0x3a *
0xfdea25b6ec498e88548b5349c1f071409809b275:0x3b *
0xfdea25b6ec498e88548b5349c1f071409809b275:0x3d *
0xfdea25b6ec498e88548b5349c1f071409809b275:0x3e *
0xfdea25b6ec498e88548b5349c1f071409809b275:0x3f *
0xfdea25b6ec498e88548b5349c1f071409809b275:0x40 *
0xfdea25b6ec498e88548b5349c1f071409809b275:0x41 *
0xfdea25b6ec498e88548b5349c1f071409809b275:0x42 *
0xfdea25b6ec498e88548b5349c1f071409809b275:0x43 *
0xfdea25b6ec498e88548b5349c1f071409809b275:0x44 *
0xfdea25b6ec498e88548b5349c1f071409809b275:0x45 *
0xfdea25b6ec498e88548b5349c1f071409809b275:0x46 *
0xfdea25b6ec498e88548b5349c1f071409809b275:0x57 *
0xfdea25b6ec498e88548b5349c1f071409809b275:0x58 *
0xfdea25b6ec498e88548b5349c1f071409809b275:0x5a *
0xfdea25b6ec498e88548b5349c1f071409809b275:0x5b *
0xfdea25b6ec498e88548b5349c1f071409809b275:0x5c *
0xfdea25b6ec498e88548b5349c1f071409809b275:0x5d *
0xfdea25b6ec498e88548b5349c1f071409809b275:0x5e *
0xfdea25b6ec498e88548b5349c1f071409809b275:0x60 *
0xfdea25b6ec498e88548b5349c1f071409809b275:0x61 *
0xfdea25b6ec498e88548b5349c1f071409809b275:0x62 *
0xfdea25b6ec498e88548b5349c1f071409809b275:0x63 *
0xfdea25b6ec498e88548b5349c1f071409809b275:0x64 *
0xfdea25b6ec498e88548b5349c1f071409809b275:0x65 *
0xfdea25b6ec498e88548b5349c1f071409809b275:0x66 *
0xfdea25b6ec498e88548b5349c1f071409809b275:0x69 *
0xfdea25b6ec498e88548b5349c1f071409809b275:0x6a *
0xfdea25b6ec498e88548b5349c1f071409809b275:0x6d *
0xfdea25b6ec498e88548b5349c1f071409809b275:0x6f *
0xfdea25b6ec498e88548b5349c1f071409809b275:0x70 *
0xfdea25b6ec498e88548b5349c1f071409809b275:0x72 *
---
0xfdea25b6ec498e88548b5349c1f071409809b275:0x0 
0xfdea25b6ec498e88548b5349c1f071409809b275:0x2 
0xfdea25b6ec498e88548b5349c1f071409809b275:0x4 
0xfdea25b6ec498e88548b5349c1f071409809b275:0x5 
0xfdea25b6ec498e88548b5349c1f071409809b275:0x6 
0xfdea25b6ec498e88548b5349c1f071409809b275:0x7 
0xfdea25b6ec498e88548b5349c1f071409809b275:0x8 
0xfdea25b6ec498e88548b5349c1f071409809b275:0xb 
0xfdea25b6ec498e88548b5349c1f071409809b275:0x10 
0xfdea25b6ec498e88548b5349c1f071409809b275:0x11 
0xfdea25b6ec498e88548b5349c1f071409809b275:0x12 
0xfdea25b6ec498e88548b5349c1f071409809b275:0x14 
0xfdea25b6ec498e88548b5349c1f071409809b275:0x15 
0xfdea25b6ec498e88548b5349c1f071409809b275:0x16 
0xfdea25b6ec498e88548b5349c1f071409809b275:0x19 
0xfdea25b6ec498e88548b5349c1f071409809b275:0x1a 
0xfdea25b6ec498e88548b5349c1f071409809b275:0x1c 
0xfdea25b6ec498e88548b5349c1f071409809b275:0x1d 
0xfdea25b6ec498e88548b5349c1f071409809b275:0x1f 
0xfdea25b6ec498e88548b5349c1f071409809b275:0x20 
0xfdea25b6ec498e88548b5349c1f071409809b275:0x21 
0xfdea25b6ec498e88548b5349c1f071409809b275:0x26 
0xfdea25b6ec498e88548b5349c1f071409809b275:0x27 
0xfdea25b6ec498e88548b5349c1f071409809b275:0x2a 
0xfdea25b6ec498e88548b5349c1f071409809b275:0x2b 
0xfdea25b6ec498e88548b5349c1f071409809b275:0x2c 
0xfdea25b6ec498e88548b5349c1f071409809b275:0x31 
0xfdea25b6ec498e88548b5349c1f071409809b275:0x32 
0xfdea25b6ec498e88548b5349c1f071409809b275:0x35 
0xfdea25b6ec498e88548b5349c1f071409809b275:0x36 
0xfdea25b6ec498e88548b5349c1f071409809b275:0x37 
0xfdea25b6ec498e88548b5349c1f071409809b275:0x3c 
0xfdea25b6ec498e88548b5349c1f071409809b275:0x3d 
0xfdea25b6ec498e88548b5349c1f071409809b275:0x40 
0xfdea25b6ec498e88548b5349c1f071409809b275:0x41 
0xfdea25b6ec498e88548b5349c1f071409809b275:0x42 
0xfdea25b6ec498e88548b5349c1f071409809b275:0x47 
0xfdea25b6ec498e88548b5349c1f071409809b275:0x48 
0xfdea25b6ec498e88548b5349c1f071409809b275:0x4b 
0xfdea25b6ec498e88548b5349c1f071409809b275:0x4c 
0xfdea25b6ec498e88548b5349c1f071409809b275:0x4d 
0xfdea25b6ec498e88548b5349c1f071409809b275:0x52 
0xfdea25b6ec498e88548b5349c1f071409809b275:0x53 
0xfdea25b6ec498e88548b5349c1f071409809b275:0x56 
0xfdea25b6ec498e88548b5349c1f071409809b275:0x31f 
0xfdea25b6ec498e88548b5349c1f071409809b275:0x320 
0xfdea25b6ec498e88548b5349c1f071409809b275:0x323 
0xfdea25b6ec498e88548b5349c1f071409809b275:0x326 
0xfdea25b6ec498e88548b5349c1f071409809b275:0x48c 
0xfdea25b6ec498e88548b5349c1f071409809b275:0x48d 
0xfdea25b6ec498e88548b5349c1f071409809b275:0x48f 
0xfdea25b6ec498e88548b5349c1f071409809b275:0x491 
0xfdea25b6ec498e88548b5349c1f071409809b275:0x492 
0xfdea25b6ec498e88548b5349c1f071409809b275:0x494 
0xfdea25b6ec498e88548b5349c1f071409809b275:0x495 
0xfdea25b6ec498e88548b5349c1f071409809b275:0x496 
0xfdea25b6ec498e88548b5349c1f071409809b275:0x497 
0xfdea25b6ec498e88548b5349c1f071409809b275:0x498 
0xfdea25b6ec498e88548b5349c1f071409809b275:0x499 
0xfdea25b6ec498e88548b5349c1f071409809b275:0x327 
0xfdea25b6ec498e88548b5349c1f071409809b275:0x328 
0xfdea25b6ec498e88548b5349c1f071409809b275:0x32a 
0xfdea25b6ec498e88548b5349c1f071409809b275:0x32b 
0xfdea25b6ec498e88548b5349c1f071409809b275:0x32c 
0xfdea25b6ec498e88548b5349c1f071409809b275:0x32d 
0xfdea25b6ec498e88548b5349c1f071409809b275:0x32e 
0xfdea25b6ec498e88548b5349c1f071409809b275:0x32f 
0xfdea25b6ec498e88548b5349c1f071409809b275:0x330 
0xfdea25b6ec498e88548b5349c1f071409809b275:0x331 
0xfdea25b6ec498e88548b5349c1f071409809b275:0x332 
0xfdea25b6ec498e88548b5349c1f071409809b275:0x333 
0xfdea25b6ec498e88548b5349c1f071409809b275:0x335 
0xfdea25b6ec498e88548b5349c1f071409809b275:0x336 
0xfdea25b6ec498e88548b5349c1f071409809b275:0x337 
0xfdea25b6ec498e88548b5349c1f071409809b275:0x338 
0xfdea25b6ec498e88548b5349c1f071409809b275:0x339 
0xfdea25b6ec498e88548b5349c1f071409809b275:0x33b 
0xfdea25b6ec498e88548b5349c1f071409809b275:0x33c 
0xfdea25b6ec498e88548b5349c1f071409809b275:0x33d 
0xfdea25b6ec498e88548b5349c1f071409809b275:0x33e 
0xfdea25b6ec498e88548b5349c1f071409809b275:0x33f 
0xfdea25b6ec498e88548b5349c1f071409809b275:0x340 
---
0xfdea25b6ec498e88548b5349c1f071409809b275:0x0 
0xfdea25b6ec498e88548b5349c1f071409809b275:0x2 
0xfdea25b6ec498e88548b5349c1f071409809b275:0x4 
0xfdea25b6ec498e88548b5349c1f071409809b275:0x5 
0xfdea25b6ec498e88548b5349c1f071409809b275:0x6 
0xfdea25b6ec498e88548b5349c1f071409809b275:0x7 
0xfdea25b6ec498e88548b5349c1f071409809b275:0x8 
0xfdea25b6ec498e88548b5349c1f071409809b275:0xb 
0xfdea25b6ec498e88548b5349c1f071409809b275:0x10 
0xfdea25b6ec498e88548b5349c1f071409809b275:0x11 
0xfdea25b6ec498e88548b5349c1f071409809b275:0x12 
0xfdea25b6ec498e88548b5349c1f071409809b275:0x14 
0xfdea25b6ec498e88548b5349c1f071409809b275:0x15 
0xfdea25b6ec498e88548b5349c1f071409809b275:0x16 
0xfdea25b6ec498e88548b5349c1f071409809b275:0x19 
0xfdea25b6ec498e88548b5349c1f071409809b275:0x1a 
0xfdea25b6ec498e88548b5349c1f071409809b275:0x1c 
0xfdea25b6ec498e88548b5349c1f071409809b275:0x1d 
0xfdea25b6ec498e88548b5349c1f071409809b275:0x1f 
0xfdea25b6ec498e88548b5349c1f071409809b275:0x20 
0xfdea25b6ec498e88548b5349c1f071409809b275:0x21 
0xfdea25b6ec498e88548b5349c1f071409809b275:0x26 
0xfdea25b6ec498e88548b5349c1f071409809b275:0x27 
0xfdea25b6ec498e88548b5349c1f071409809b275:0x2a 
0xfdea25b6ec498e88548b5349c1f071409809b275:0x66 
0xfdea25b6ec498e88548b5349c1f071409809b275:0x67 
0xfdea25b6ec498e88548b5349c1f071409809b275:0x68 
0xfdea25b6ec498e88548b5349c1f071409809b275:0x6d 
0xfdea25b6ec498e88548b5349c1f071409809b275:0x6e 
0xfdea25b6ec498e88548b5349c1f071409809b275:0x71 
0xfdea25b6ec498e88548b5349c1f071409809b275:0x72 
0xfdea25b6ec498e88548b5349c1f071409809b275:0x73 
0xfdea25b6ec498e88548b5349c1f071409809b275:0x78 
0xfdea25b6ec498e88548b5349c1f071409809b275:0x79 
0xfdea25b6ec498e88548b5349c1f071409809b275:0x7c 
0xfdea25b6ec498e88548b5349c1f071409809b275:0x7d 
0xfdea25b6ec498e88548b5349c1f071409809b275:0x7e 
0xfdea25b6ec498e88548b5349c1f071409809b275:0x83 
0xfdea25b6ec498e88548b5349c1f071409809b275:0x84 
0xfdea25b6ec498e88548b5349c1f071409809b275:0x87 
0xfdea25b6ec498e88548b5349c1f071409809b275:0x88 
0xfdea25b6ec498e88548b5349c1f071409809b275:0x89 
0xfdea25b6ec498e88548b5349c1f071409809b275:0x8e 
0xfdea25b6ec498e88548b5349c1f071409809b275:0x8f 
0xfdea25b6ec498e88548b5349c1f071409809b275:0x92 
0xfdea25b6ec498e88548b5349c1f071409809b275:0x93 
0xfdea25b6ec498e88548b5349c1f071409809b275:0x94 
0xfdea25b6ec498e88548b5349c1f071409809b275:0x99 
0xfdea25b6ec498e88548b5349c1f071409809b275:0x9a 
0xfdea25b6ec498e88548b5349c1f071409809b275:0x9d 
0xfdea25b6ec498e88548b5349c1f071409809b275:0x293 
0xfdea25b6ec498e88548b5349c1f071409809b275:0x294 
0xfdea25b6ec498e88548b5349c1f071409809b275:0x297 
0xfdea25b6ec498e88548b5349c1f071409809b275:0x29a 
0xfdea25b6ec498e88548b5349c1f071409809b275:0x3df 
0xfdea25b6ec498e88548b5349c1f071409809b275:0x3e0 
0xfdea25b6ec498e88548b5349c1f071409809b275:0x3e2 
0xfdea25b6ec498e88548b5349c1f071409809b275:0x3e5 
0xfdea25b6ec498e88548b5349c1f071409809b275:0x3e8 
0xfdea25b6ec498e88548b5349c1f071409809b275:0x3d3 
0xfdea25b6ec498e88548b5349c1f071409809b275:0x3d4 
0xfdea25b6ec498e88548b5349c1f071409809b275:0x3d6 
0xfdea25b6ec498e88548b5349c1f071409809b275:0x3d7 
0xfdea25b6ec498e88548b5349c1f071409809b275:0x3d9 
0xfdea25b6ec498e88548b5349c1f071409809b275:0x3da 
0xfdea25b6ec498e88548b5349c1f071409809b275:0x3db 
0xfdea25b6ec498e88548b5349c1f071409809b275:0x3dc 
0xfdea25b6ec498e88548b5349c1f071409809b275:0x3dd 
0xfdea25b6ec498e88548b5349c1f071409809b275:0x3de 
0xfdea25b6ec498e88548b5349c1f071409809b275:0x3e9 
0xfdea25b6ec498e88548b5349c1f071409809b275:0x3ea 
0xfdea25b6ec498e88548b5349c1f071409809b275:0x3eb 
0xfdea25b6ec498e88548b5349c1f071409809b275:0x3ec 
0xfdea25b6ec498e88548b5349c1f071409809b275:0x3ed 
0xfdea25b6ec498e88548b5349c1f071409809b275:0x3ee 
0xfdea25b6ec498e88548b5349c1f071409809b275:0x29b 
0xfdea25b6ec498e88548b5349c1f071409809b275:0x29c 
0xfdea25b6ec498e88548b5349c1f071409809b275:0x29e 
0xfdea25b6ec498e88548b5349c1f071409809b275:0x29f 
0xfdea25b6ec498e88548b5349c1f071409809b275:0x2a0 
0xfdea25b6ec498e88548b5349c1f071409809b275:0x2a1 
0xfdea25b6ec498e88548b5349c1f071409809b275:0x2a2 
0xfdea25b6ec498e88548b5349c1f071409809b275:0x2a3 
0xfdea25b6ec498e88548b5349c1f071409809b275:0x2a4 
0xfdea25b6ec498e88548b5349c1f071409809b275:0x2a5 
0xfdea25b6ec498e88548b5349c1f071409809b275:0x2a6 
0xfdea25b6ec498e88548b5349c1f071409809b275:0x2a7 
0xfdea25b6ec498e88548b5349c1f071409809b275:0x2a9 
0xfdea25b6ec498e88548b5349c1f071409809b275:0x2aa 
0xfdea25b6ec498e88548b5349c1f071409809b275:0x2ab 
0xfdea25b6ec498e88548b5349c1f071409809b275:0x2ac 
0xfdea25b6ec498e88548b5349c1f071409809b275:0x2ad 
0xfdea25b6ec498e88548b5349c1f071409809b275:0x2af 
0xfdea25b6ec498e88548b5349c1f071409809b275:0x2b0 
0xfdea25b6ec498e88548b5349c1f071409809b275:0x2b1 
0xfdea25b6ec498e88548b5349c1f071409809b275:0x2b2 
0xfdea25b6ec498e88548b5349c1f071409809b275:0x2b3 
0xfdea25b6ec498e88548b5349c1f071409809b275:0x2b4 
