---
0xd9a5b525a5c308d9a18f6c0dc63502852d305b19:0x0 *
0xd9a5b525a5c308d9a18f6c0dc63502852d305b19:0x2 *
0xd9a5b525a5c308d9a18f6c0dc63502852d305b19:0x4 *
0xd9a5b525a5c308d9a18f6c0dc63502852d305b19:0x5 *
0xd9a5b525a5c308d9a18f6c0dc63502852d305b19:0x6 *
0xd9a5b525a5c308d9a18f6c0dc63502852d305b19:0x7 *
0xd9a5b525a5c308d9a18f6c0dc63502852d305b19:0x8 *
0xd9a5b525a5c308d9a18f6c0dc63502852d305b19:0xb *
0xd9a5b525a5c308d9a18f6c0dc63502852d305b19:0x10 *
0xd9a5b525a5c308d9a18f6c0dc63502852d305b19:0x11 *
0xd9a5b525a5c308d9a18f6c0dc63502852d305b19:0x12 *
0xd9a5b525a5c308d9a18f6c0dc63502852d305b19:0x14 *
0xd9a5b525a5c308d9a18f6c0dc63502852d305b19:0x15 *
0xd9a5b525a5c308d9a18f6c0dc63502852d305b19:0x18 *
0xd9a5b525a5c308d9a18f6c0dc63502852d305b19:0x19 *
0xd9a5b525a5c308d9a18f6c0dc63502852d305b19:0x1a *
0xd9a5b525a5c308d9a18f6c0dc63502852d305b19:0x1b *
0xd9a5b525a5c308d9a18f6c0dc63502852d305b19:0x1e *
0xd9a5b525a5c308d9a18f6c0dc63502852d305b19:0x1f *
0xd9a5b525a5c308d9a18f6c0dc63502852d305b19:0x20 *
0xd9a5b525a5c308d9a18f6c0dc63502852d305b19:0x21 *
0xd9a5b525a5c308d9a18f6c0dc63502852d305b19:0x22 *
0xd9a5b525a5c308d9a18f6c0dc63502852d305b19:0x23 *
0xd9a5b525a5c308d9a18f6c0dc63502852d305b19:0x25 *
0xd9a5b525a5c308d9a18f6c0dc63502852d305b19:0x26 *
0xd9a5b525a5c308d9a18f6c0dc63502852d305b19:0x28 *
0xd9a5b525a5c308d9a18f6c0dc63502852d305b19:0x29 *
0xd9a5b525a5c308d9a18f6c0dc63502852d305b19:0x2a *
0xd9a5b525a5c308d9a18f6c0dc63502852d305b19:0x2b *
0xd9a5b525a5c308d9a18f6c0dc63502852d305b19:0x2e *
0xd9a5b525a5c308d9a18f6c0dc63502852d305b19:0x33 *
0xd9a5b525a5c308d9a18f6c0dc63502852d305b19:0x34 *
0xd9a5b525a5c308d9a18f6c0dc63502852d305b19:0x35 *
0xd9a5b525a5c308d9a18f6c0dc63502852d305b19:0x36 *
0xd9a5b525a5c308d9a18f6c0dc63502852d305b19:0x37 *
0xd9a5b525a5c308d9a18f6c0dc63502852d305b19:0x38 *
0xd9a5b525a5c308d9a18f6c0dc63502852d305b19:0x39 *
0xd9a5b525a5c308d9a18f6c0dc63502852d305b19:0x3a *
0xd9a5b525a5c308d9a18f6c0dc63502852d305b19:0x3b *
0xd9a5b525a5c308d9a18f6c0dc63502852d305b19:0x3d *
0xd9a5b525a5c308d9a18f6c0dc63502852d305b19:0x3e *
0xd9a5b525a5c308d9a18f6c0dc63502852d305b19:0x3f *
0xd9a5b525a5c308d9a18f6c0dc63502852d305b19:0x40 *
0xd9a5b525a5c308d9a18f6c0dc63502852d305b19:0x41 *
0xd9a5b525a5c308d9a18f6c0dc63502852d305b19:0x42 *
0xd9a5b525a5c308d9a18f6c0dc63502852d305b19:0x43 *
0xd9a5b525a5c308d9a18f6c0dc63502852d305b19:0x44 *
0xd9a5b525a5c308d9a18f6c0dc63502852d305b19:0x45 *
0xd9a5b525a5c308d9a18f6c0dc63502852d305b19:0x46 *
0xd9a5b525a5c308d9a18f6c0dc63502852d305b19:0x57 *
0xd9a5b525a5c308d9a18f6c0dc63502852d305b19:0x58 *
0xd9a5b525a5c308d9a18f6c0dc63502852d305b19:0x5a *
0xd9a5b525a5c308d9a18f6c0dc63502852d305b19:0x5b *
0xd9a5b525a5c308d9a18f6c0dc63502852d305b19:0x5c *
0xd9a5b525a5c308d9a18f6c0dc63502852d305b19:0x5d *
0xd9a5b525a5c308d9a18f6c0dc63502852d305b19:0x5e *
0xd9a5b525a5c308d9a18f6c0dc63502852d305b19:0x60 *
0xd9a5b525a5c308d9a18f6c0dc63502852d305b19:0x61 *
0xd9a5b525a5c308d9a18f6c0dc63502852d305b19:0x62 *
0xd9a5b525a5c308d9a18f6c0dc63502852d305b19:0x63 *
0xd9a5b525a5c308d9a18f6c0dc63502852d305b19:0x64 *
0xd9a5b525a5c308d9a18f6c0dc63502852d305b19:0x65 *
0xd9a5b525a5c308d9a18f6c0dc63502852d305b19:0x66 *
0xd9a5b525a5c308d9a18f6c0dc63502852d305b19:0x69 *
0xd9a5b525a5c308d9a18f6c0dc63502852d305b19:0x6a *
0xd9a5b525a5c308d9a18f6c0dc63502852d305b19:0x6d *
0xd9a5b525a5c308d9a18f6c0dc63502852d305b19:0x6f *
0xd9a5b525a5c308d9a18f6c0dc63502852d305b19:0x70 *
0xd9a5b525a5c308d9a18f6c0dc63502852d305b19:0x72 *
---
0xd9a5b525a5c308d9a18f6c0dc63502852d305b19:0x0 
0xd9a5b525a5c308d9a18f6c0dc63502852d305b19:0x2 
0xd9a5b525a5c308d9a18f6c0dc63502852d305b19:0x4 
0xd9a5b525a5c308d9a18f6c0dc63502852d305b19:0x5 
0xd9a5b525a5c308d9a18f6c0dc63502852d305b19:0x6 
0xd9a5b525a5c308d9a18f6c0dc63502852d305b19:0x7 
0xd9a5b525a5c308d9a18f6c0dc63502852d305b19:0x8 
0xd9a5b525a5c308d9a18f6c0dc63502852d305b19:0xb 
0xd9a5b525a5c308d9a18f6c0dc63502852d305b19:0x10 
0xd9a5b525a5c308d9a18f6c0dc63502852d305b19:0x11 
0xd9a5b525a5c308d9a18f6c0dc63502852d305b19:0x12 
0xd9a5b525a5c308d9a18f6c0dc63502852d305b19:0x14 
0xd9a5b525a5c308d9a18f6c0dc63502852d305b19:0x15 
0xd9a5b525a5c308d9a18f6c0dc63502852d305b19:0x16 
0xd9a5b525a5c308d9a18f6c0dc63502852d305b19:0x19 
0xd9a5b525a5c308d9a18f6c0dc63502852d305b19:0x1a 
0xd9a5b525a5c308d9a18f6c0dc63502852d305b19:0x1c 
0xd9a5b525a5c308d9a18f6c0dc63502852d305b19:0x1d 
0xd9a5b525a5c308d9a18f6c0dc63502852d305b19:0x1f 
0xd9a5b525a5c308d9a18f6c0dc63502852d305b19:0x20 
0xd9a5b525a5c308d9a18f6c0dc63502852d305b19:0x21 
0xd9a5b525a5c308d9a18f6c0dc63502852d305b19:0x26 
0xd9a5b525a5c308d9a18f6c0dc63502852d305b19:0x27 
0xd9a5b525a5c308d9a18f6c0dc63502852d305b19:0x2a 
0xd9a5b525a5c308d9a18f6c0dc63502852d305b19:0x2b 
0xd9a5b525a5c308d9a18f6c0dc63502852d305b19:0x2c 
0xd9a5b525a5c308d9a18f6c0dc63502852d305b19:0x31 
0xd9a5b525a5c308d9a18f6c0dc63502852d305b19:0x32 
0xd9a5b525a5c308d9a18f6c0dc63502852d305b19:0x35 
0xd9a5b525a5c308d9a18f6c0dc63502852d305b19:0x36 
0xd9a5b525a5c308d9a18f6c0dc63502852d305b19:0x37 
0xd9a5b525a5c308d9a18f6c0dc63502852d305b19:0x3c 
0xd9a5b525a5c308d9a18f6c0dc63502852d305b19:0x3d 
0xd9a5b525a5c308d9a18f6c0dc63502852d305b19:0x40 
0xd9a5b525a5c308d9a18f6c0dc63502852d305b19:0x41 
0xd9a5b525a5c308d9a18f6c0dc63502852d305b19:0x42 
0xd9a5b525a5c308d9a18f6c0dc63502852d305b19:0x47 
0xd9a5b525a5c308d9a18f6c0dc63502852d305b19:0x48 
0xd9a5b525a5c308d9a18f6c0dc63502852d305b19:0x4b 
0xd9a5b525a5c308d9a18f6c0dc63502852d305b19:0x4c 
0xd9a5b525a5c308d9a18f6c0dc63502852d305b19:0x4d 
0xd9a5b525a5c308d9a18f6c0dc63502852d305b19:0x52 
0xd9a5b525a5c308d9a18f6c0dc63502852d305b19:0x53 
0xd9a5b525a5c308d9a18f6c0dc63502852d305b19:0x56 
0xd9a5b525a5c308d9a18f6c0dc63502852d305b19:0x31f 
0xd9a5b525a5c308d9a18f6c0dc63502852d305b19:0x320 
0xd9a5b525a5c308d9a18f6c0dc63502852d305b19:0x323 
0xd9a5b525a5c308d9a18f6c0dc63502852d305b19:0x326 
0xd9a5b525a5c308d9a18f6c0dc63502852d305b19:0x48c 
0xd9a5b525a5c308d9a18f6c0dc63502852d305b19:0x48d 
0xd9a5b525a5c308d9a18f6c0dc63502852d305b19:0x48f 
0xd9a5b525a5c308d9a18f6c0dc63502852d305b19:0x491 
0xd9a5b525a5c308d9a18f6c0dc63502852d305b19:0x492 
0xd9a5b525a5c308d9a18f6c0dc63502852d305b19:0x494 
0xd9a5b525a5c308d9a18f6c0dc63502852d305b19:0x495 
0xd9a5b525a5c308d9a18f6c0dc63502852d305b19:0x496 
0xd9a5b525a5c308d9a18f6c0dc63502852d305b19:0x497 
0xd9a5b525a5c308d9a18f6c0dc63502852d305b19:0x498 
0xd9a5b525a5c308d9a18f6c0dc63502852d305b19:0x499 
0xd9a5b525a5c308d9a18f6c0dc63502852d305b19:0x327 
0xd9a5b525a5c308d9a18f6c0dc63502852d305b19:0x328 
0xd9a5b525a5c308d9a18f6c0dc63502852d305b19:0x32a 
0xd9a5b525a5c308d9a18f6c0dc63502852d305b19:0x32b 
0xd9a5b525a5c308d9a18f6c0dc63502852d305b19:0x32c 
0xd9a5b525a5c308d9a18f6c0dc63502852d305b19:0x32d 
0xd9a5b525a5c308d9a18f6c0dc63502852d305b19:0x32e 
0xd9a5b525a5c308d9a18f6c0dc63502852d305b19:0x32f 
0xd9a5b525a5c308d9a18f6c0dc63502852d305b19:0x330 
0xd9a5b525a5c308d9a18f6c0dc63502852d305b19:0x331 
0xd9a5b525a5c308d9a18f6c0dc63502852d305b19:0x332 
0xd9a5b525a5c308d9a18f6c0dc63502852d305b19:0x333 
0xd9a5b525a5c308d9a18f6c0dc63502852d305b19:0x335 
0xd9a5b525a5c308d9a18f6c0dc63502852d305b19:0x336 
0xd9a5b525a5c308d9a18f6c0dc63502852d305b19:0x337 
0xd9a5b525a5c308d9a18f6c0dc63502852d305b19:0x338 
0xd9a5b525a5c308d9a18f6c0dc63502852d305b19:0x339 
0xd9a5b525a5c308d9a18f6c0dc63502852d305b19:0x33b 
0xd9a5b525a5c308d9a18f6c0dc63502852d305b19:0x33c 
0xd9a5b525a5c308d9a18f6c0dc63502852d305b19:0x33d 
0xd9a5b525a5c308d9a18f6c0dc63502852d305b19:0x33e 
0xd9a5b525a5c308d9a18f6c0dc63502852d305b19:0x33f 
0xd9a5b525a5c308d9a18f6c0dc63502852d305b19:0x340 
---
0xd9a5b525a5c308d9a18f6c0dc63502852d305b19:0x0 
0xd9a5b525a5c308d9a18f6c0dc63502852d305b19:0x2 
0xd9a5b525a5c308d9a18f6c0dc63502852d305b19:0x4 
0xd9a5b525a5c308d9a18f6c0dc63502852d305b19:0x5 
0xd9a5b525a5c308d9a18f6c0dc63502852d305b19:0x6 
0xd9a5b525a5c308d9a18f6c0dc63502852d305b19:0x7 
0xd9a5b525a5c308d9a18f6c0dc63502852d305b19:0x8 
0xd9a5b525a5c308d9a18f6c0dc63502852d305b19:0xb 
0xd9a5b525a5c308d9a18f6c0dc63502852d305b19:0x10 
0xd9a5b525a5c308d9a18f6c0dc63502852d305b19:0x11 
0xd9a5b525a5c308d9a18f6c0dc63502852d305b19:0x12 
0xd9a5b525a5c308d9a18f6c0dc63502852d305b19:0x14 
0xd9a5b525a5c308d9a18f6c0dc63502852d305b19:0x15 
0xd9a5b525a5c308d9a18f6c0dc63502852d305b19:0x16 
0xd9a5b525a5c308d9a18f6c0dc63502852d305b19:0x19 
0xd9a5b525a5c308d9a18f6c0dc63502852d305b19:0x1a 
0xd9a5b525a5c308d9a18f6c0dc63502852d305b19:0x1c 
0xd9a5b525a5c308d9a18f6c0dc63502852d305b19:0x1d 
0xd9a5b525a5c308d9a18f6c0dc63502852d305b19:0x1f 
0xd9a5b525a5c308d9a18f6c0dc63502852d305b19:0x20 
0xd9a5b525a5c308d9a18f6c0dc63502852d305b19:0x21 
0xd9a5b525a5c308d9a18f6c0dc63502852d305b19:0x26 
0xd9a5b525a5c308d9a18f6c0dc63502852d305b19:0x27 
0xd9a5b525a5c308d9a18f6c0dc63502852d305b19:0x2a 
0xd9a5b525a5c308d9a18f6c0dc63502852d305b19:0x66 
0xd9a5b525a5c308d9a18f6c0dc63502852d305b19:0x67 
0xd9a5b525a5c308d9a18f6c0dc63502852d305b19:0x68 
0xd9a5b525a5c308d9a18f6c0dc63502852d305b19:0x6d 
0xd9a5b525a5c308d9a18f6c0dc63502852d305b19:0x6e 
0xd9a5b525a5c308d9a18f6c0dc63502852d305b19:0x71 
0xd9a5b525a5c308d9a18f6c0dc63502852d305b19:0x72 
0xd9a5b525a5c308d9a18f6c0dc63502852d305b19:0x73 
0xd9a5b525a5c308d9a18f6c0dc63502852d305b19:0x78 
0xd9a5b525a5c308d9a18f6c0dc63502852d305b19:0x79 
0xd9a5b525a5c308d9a18f6c0dc63502852d305b19:0x7c 
0xd9a5b525a5c308d9a18f6c0dc63502852d305b19:0x7d 
0xd9a5b525a5c308d9a18f6c0dc63502852d305b19:0x7e 
0xd9a5b525a5c308d9a18f6c0dc63502852d305b19:0x83 
0xd9a5b525a5c308d9a18f6c0dc63502852d305b19:0x84 
0xd9a5b525a5c308d9a18f6c0dc63502852d305b19:0x87 
0xd9a5b525a5c308d9a18f6c0dc63502852d305b19:0x88 
0xd9a5b525a5c308d9a18f6c0dc63502852d305b19:0x89 
0xd9a5b525a5c308d9a18f6c0dc63502852d305b19:0x8e 
0xd9a5b525a5c308d9a18f6c0dc63502852d305b19:0x8f 
0xd9a5b525a5c308d9a18f6c0dc63502852d305b19:0x92 
0xd9a5b525a5c308d9a18f6c0dc63502852d305b19:0x93 
0xd9a5b525a5c308d9a18f6c0dc63502852d305b19:0x94 
0xd9a5b525a5c308d9a18f6c0dc63502852d305b19:0x99 
0xd9a5b525a5c308d9a18f6c0dc63502852d305b19:0x9a 
0xd9a5b525a5c308d9a18f6c0dc63502852d305b19:0x9d 
0xd9a5b525a5c308d9a18f6c0dc63502852d305b19:0x293 
0xd9a5b525a5c308d9a18f6c0dc63502852d305b19:0x294 
0xd9a5b525a5c308d9a18f6c0dc63502852d305b19:0x297 
0xd9a5b525a5c308d9a18f6c0dc63502852d305b19:0x29a 
0xd9a5b525a5c308d9a18f6c0dc63502852d305b19:0x3df 
0xd9a5b525a5c308d9a18f6c0dc63502852d305b19:0x3e0 
0xd9a5b525a5c308d9a18f6c0dc63502852d305b19:0x3e2 
0xd9a5b525a5c308d9a18f6c0dc63502852d305b19:0x3e5 
0xd9a5b525a5c308d9a18f6c0dc63502852d305b19:0x3e8 
0xd9a5b525a5c308d9a18f6c0dc63502852d305b19:0x3d3 
0xd9a5b525a5c308d9a18f6c0dc63502852d305b19:0x3d4 
0xd9a5b525a5c308d9a18f6c0dc63502852d305b19:0x3d6 
0xd9a5b525a5c308d9a18f6c0dc63502852d305b19:0x3d7 
0xd9a5b525a5c308d9a18f6c0dc63502852d305b19:0x3d9 
0xd9a5b525a5c308d9a18f6c0dc63502852d305b19:0x3da 
0xd9a5b525a5c308d9a18f6c0dc63502852d305b19:0x3db 
0xd9a5b525a5c308d9a18f6c0dc63502852d305b19:0x3dc 
0xd9a5b525a5c308d9a18f6c0dc63502852d305b19:0x3dd 
0xd9a5b525a5c308d9a18f6c0dc63502852d305b19:0x3de 
0xd9a5b525a5c308d9a18f6c0dc63502852d305b19:0x3e9 
0xd9a5b525a5c308d9a18f6c0dc63502852d305b19:0x3ea 
0xd9a5b525a5c308d9a18f6c0dc63502852d305b19:0x3eb 
0xd9a5b525a5c308d9a18f6c0dc63502852d305b19:0x3ec 
0xd9a5b525a5c308d9a18f6c0dc63502852d305b19:0x3ed 
0xd9a5b525a5c308d9a18f6c0dc63502852d305b19:0x3ee 
0xd9a5b525a5c308d9a18f6c0dc63502852d305b19:0x29b 
0xd9a5b525a5c308d9a18f6c0dc63502852d305b19:0x29c 
0xd9a5b525a5c308d9a18f6c0dc63502852d305b19:0x29e 
0xd9a5b525a5c308d9a18f6c0dc63502852d305b19:0x29f 
0xd9a5b525a5c308d9a18f6c0dc63502852d305b19:0x2a0 
0xd9a5b525a5c308d9a18f6c0dc63502852d305b19:0x2a1 
0xd9a5b525a5c308d9a18f6c0dc63502852d305b19:0x2a2 
0xd9a5b525a5c308d9a18f6c0dc63502852d305b19:0x2a3 
0xd9a5b525a5c308d9a18f6c0dc63502852d305b19:0x2a4 
0xd9a5b525a5c308d9a18f6c0dc63502852d305b19:0x2a5 
0xd9a5b525a5c308d9a18f6c0dc63502852d305b19:0x2a6 
0xd9a5b525a5c308d9a18f6c0dc63502852d305b19:0x2a7 
0xd9a5b525a5c308d9a18f6c0dc63502852d305b19:0x2a9 
0xd9a5b525a5c308d9a18f6c0dc63502852d305b19:0x2aa 
0xd9a5b525a5c308d9a18f6c0dc63502852d305b19:0x2ab 
0xd9a5b525a5c308d9a18f6c0dc63502852d305b19:0x2ac 
0xd9a5b525a5c308d9a18f6c0dc63502852d305b19:0x2ad 
0xd9a5b525a5c308d9a18f6c0dc63502852d305b19:0x2af 
0xd9a5b525a5c308d9a18f6c0dc63502852d305b19:0x2b0 
0xd9a5b525a5c308d9a18f6c0dc63502852d305b19:0x2b1 
0xd9a5b525a5c308d9a18f6c0dc63502852d305b19:0x2b2 
0xd9a5b525a5c308d9a18f6c0dc63502852d305b19:0x2b3 
0xd9a5b525a5c308d9a18f6c0dc63502852d305b19:0x2b4 
