---
0x611d165a50676c747b1186dbdbc6023c6cbc7ea9:0x0 *
0x611d165a50676c747b1186dbdbc6023c6cbc7ea9:0x2 *
0x611d165a50676c747b1186dbdbc6023c6cbc7ea9:0x4 *
0x611d165a50676c747b1186dbdbc6023c6cbc7ea9:0x5 *
0x611d165a50676c747b1186dbdbc6023c6cbc7ea9:0x6 *
0x611d165a50676c747b1186dbdbc6023c6cbc7ea9:0x7 *
0x611d165a50676c747b1186dbdbc6023c6cbc7ea9:0x8 *
0x611d165a50676c747b1186dbdbc6023c6cbc7ea9:0xb *
0x611d165a50676c747b1186dbdbc6023c6cbc7ea9:0x10 *
0x611d165a50676c747b1186dbdbc6023c6cbc7ea9:0x11 *
0x611d165a50676c747b1186dbdbc6023c6cbc7ea9:0x12 *
0x611d165a50676c747b1186dbdbc6023c6cbc7ea9:0x14 *
0x611d165a50676c747b1186dbdbc6023c6cbc7ea9:0x15 *
0x611d165a50676c747b1186dbdbc6023c6cbc7ea9:0x18 *
0x611d165a50676c747b1186dbdbc6023c6cbc7ea9:0x19 *
0x611d165a50676c747b1186dbdbc6023c6cbc7ea9:0x1a *
0x611d165a50676c747b1186dbdbc6023c6cbc7ea9:0x1b *
0x611d165a50676c747b1186dbdbc6023c6cbc7ea9:0x1e *
0x611d165a50676c747b1186dbdbc6023c6cbc7ea9:0x1f *
0x611d165a50676c747b1186dbdbc6023c6cbc7ea9:0x20 *
0x611d165a50676c747b1186dbdbc6023c6cbc7ea9:0x21 *
0x611d165a50676c747b1186dbdbc6023c6cbc7ea9:0x22 *
0x611d165a50676c747b1186dbdbc6023c6cbc7ea9:0x23 *
0x611d165a50676c747b1186dbdbc6023c6cbc7ea9:0x25 *
0x611d165a50676c747b1186dbdbc6023c6cbc7ea9:0x26 *
0x611d165a50676c747b1186dbdbc6023c6cbc7ea9:0x28 *
0x611d165a50676c747b1186dbdbc6023c6cbc7ea9:0x29 *
0x611d165a50676c747b1186dbdbc6023c6cbc7ea9:0x2a *
0x611d165a50676c747b1186dbdbc6023c6cbc7ea9:0x2b *
0x611d165a50676c747b1186dbdbc6023c6cbc7ea9:0x2e *
0x611d165a50676c747b1186dbdbc6023c6cbc7ea9:0x33 *
0x611d165a50676c747b1186dbdbc6023c6cbc7ea9:0x34 *
0x611d165a50676c747b1186dbdbc6023c6cbc7ea9:0x35 *
0x611d165a50676c747b1186dbdbc6023c6cbc7ea9:0x36 *
0x611d165a50676c747b1186dbdbc6023c6cbc7ea9:0x37 *
0x611d165a50676c747b1186dbdbc6023c6cbc7ea9:0x38 *
0x611d165a50676c747b1186dbdbc6023c6cbc7ea9:0x39 *
0x611d165a50676c747b1186dbdbc6023c6cbc7ea9:0x3a *
0x611d165a50676c747b1186dbdbc6023c6cbc7ea9:0x3b *
0x611d165a50676c747b1186dbdbc6023c6cbc7ea9:0x3d *
0x611d165a50676c747b1186dbdbc6023c6cbc7ea9:0x3e *
0x611d165a50676c747b1186dbdbc6023c6cbc7ea9:0x3f *
0x611d165a50676c747b1186dbdbc6023c6cbc7ea9:0x40 *
0x611d165a50676c747b1186dbdbc6023c6cbc7ea9:0x41 *
0x611d165a50676c747b1186dbdbc6023c6cbc7ea9:0x42 *
0x611d165a50676c747b1186dbdbc6023c6cbc7ea9:0x43 *
0x611d165a50676c747b1186dbdbc6023c6cbc7ea9:0x44 *
0x611d165a50676c747b1186dbdbc6023c6cbc7ea9:0x45 *
0x611d165a50676c747b1186dbdbc6023c6cbc7ea9:0x46 *
0x611d165a50676c747b1186dbdbc6023c6cbc7ea9:0x57 *
0x611d165a50676c747b1186dbdbc6023c6cbc7ea9:0x58 *
0x611d165a50676c747b1186dbdbc6023c6cbc7ea9:0x5a *
0x611d165a50676c747b1186dbdbc6023c6cbc7ea9:0x5b *
0x611d165a50676c747b1186dbdbc6023c6cbc7ea9:0x5c *
0x611d165a50676c747b1186dbdbc6023c6cbc7ea9:0x5d *
0x611d165a50676c747b1186dbdbc6023c6cbc7ea9:0x5e *
0x611d165a50676c747b1186dbdbc6023c6cbc7ea9:0x60 *
0x611d165a50676c747b1186dbdbc6023c6cbc7ea9:0x61 *
0x611d165a50676c747b1186dbdbc6023c6cbc7ea9:0x62 *
0x611d165a50676c747b1186dbdbc6023c6cbc7ea9:0x63 *
0x611d165a50676c747b1186dbdbc6023c6cbc7ea9:0x64 *
0x611d165a50676c747b1186dbdbc6023c6cbc7ea9:0x65 *
0x611d165a50676c747b1186dbdbc6023c6cbc7ea9:0x66 *
0x611d165a50676c747b1186dbdbc6023c6cbc7ea9:0x69 *
0x611d165a50676c747b1186dbdbc6023c6cbc7ea9:0x6a *
0x611d165a50676c747b1186dbdbc6023c6cbc7ea9:0x6d *
0x611d165a50676c747b1186dbdbc6023c6cbc7ea9:0x6f *
0x611d165a50676c747b1186dbdbc6023c6cbc7ea9:0x70 *
0x611d165a50676c747b1186dbdbc6023c6cbc7ea9:0x72 *
---
0x611d165a50676c747b1186dbdbc6023c6cbc7ea9:0x0 
0x611d165a50676c747b1186dbdbc6023c6cbc7ea9:0x2 
0x611d165a50676c747b1186dbdbc6023c6cbc7ea9:0x4 
0x611d165a50676c747b1186dbdbc6023c6cbc7ea9:0x5 
0x611d165a50676c747b1186dbdbc6023c6cbc7ea9:0x6 
0x611d165a50676c747b1186dbdbc6023c6cbc7ea9:0x7 
0x611d165a50676c747b1186dbdbc6023c6cbc7ea9:0x8 
0x611d165a50676c747b1186dbdbc6023c6cbc7ea9:0xb 
0x611d165a50676c747b1186dbdbc6023c6cbc7ea9:0x10 
0x611d165a50676c747b1186dbdbc6023c6cbc7ea9:0x11 
0x611d165a50676c747b1186dbdbc6023c6cbc7ea9:0x12 
0x611d165a50676c747b1186dbdbc6023c6cbc7ea9:0x14 
0x611d165a50676c747b1186dbdbc6023c6cbc7ea9:0x15 
0x611d165a50676c747b1186dbdbc6023c6cbc7ea9:0x16 
0x611d165a50676c747b1186dbdbc6023c6cbc7ea9:0x19 
0x611d165a50676c747b1186dbdbc6023c6cbc7ea9:0x1a 
0x611d165a50676c747b1186dbdbc6023c6cbc7ea9:0x1c 
0x611d165a50676c747b1186dbdbc6023c6cbc7ea9:0x1d 
0x611d165a50676c747b1186dbdbc6023c6cbc7ea9:0x1f 
0x611d165a50676c747b1186dbdbc6023c6cbc7ea9:0x20 
0x611d165a50676c747b1186dbdbc6023c6cbc7ea9:0x21 
0x611d165a50676c747b1186dbdbc6023c6cbc7ea9:0x26 
0x611d165a50676c747b1186dbdbc6023c6cbc7ea9:0x27 
0x611d165a50676c747b1186dbdbc6023c6cbc7ea9:0x2a 
0x611d165a50676c747b1186dbdbc6023c6cbc7ea9:0x2b 
0x611d165a50676c747b1186dbdbc6023c6cbc7ea9:0x2c 
0x611d165a50676c747b1186dbdbc6023c6cbc7ea9:0x31 
0x611d165a50676c747b1186dbdbc6023c6cbc7ea9:0x32 
0x611d165a50676c747b1186dbdbc6023c6cbc7ea9:0x35 
0x611d165a50676c747b1186dbdbc6023c6cbc7ea9:0x36 
0x611d165a50676c747b1186dbdbc6023c6cbc7ea9:0x37 
0x611d165a50676c747b1186dbdbc6023c6cbc7ea9:0x3c 
0x611d165a50676c747b1186dbdbc6023c6cbc7ea9:0x3d 
0x611d165a50676c747b1186dbdbc6023c6cbc7ea9:0x40 
0x611d165a50676c747b1186dbdbc6023c6cbc7ea9:0x41 
0x611d165a50676c747b1186dbdbc6023c6cbc7ea9:0x42 
0x611d165a50676c747b1186dbdbc6023c6cbc7ea9:0x47 
0x611d165a50676c747b1186dbdbc6023c6cbc7ea9:0x48 
0x611d165a50676c747b1186dbdbc6023c6cbc7ea9:0x4b 
0x611d165a50676c747b1186dbdbc6023c6cbc7ea9:0x23b 
0x611d165a50676c747b1186dbdbc6023c6cbc7ea9:0x23c 
0x611d165a50676c747b1186dbdbc6023c6cbc7ea9:0x23f 
0x611d165a50676c747b1186dbdbc6023c6cbc7ea9:0x242 
0x611d165a50676c747b1186dbdbc6023c6cbc7ea9:0x386 
0x611d165a50676c747b1186dbdbc6023c6cbc7ea9:0x387 
0x611d165a50676c747b1186dbdbc6023c6cbc7ea9:0x389 
0x611d165a50676c747b1186dbdbc6023c6cbc7ea9:0x38b 
0x611d165a50676c747b1186dbdbc6023c6cbc7ea9:0x38c 
0x611d165a50676c747b1186dbdbc6023c6cbc7ea9:0x38e 
0x611d165a50676c747b1186dbdbc6023c6cbc7ea9:0x38f 
0x611d165a50676c747b1186dbdbc6023c6cbc7ea9:0x390 
0x611d165a50676c747b1186dbdbc6023c6cbc7ea9:0x391 
0x611d165a50676c747b1186dbdbc6023c6cbc7ea9:0x392 
0x611d165a50676c747b1186dbdbc6023c6cbc7ea9:0x393 
0x611d165a50676c747b1186dbdbc6023c6cbc7ea9:0x243 
0x611d165a50676c747b1186dbdbc6023c6cbc7ea9:0x244 
0x611d165a50676c747b1186dbdbc6023c6cbc7ea9:0x246 
0x611d165a50676c747b1186dbdbc6023c6cbc7ea9:0x247 
0x611d165a50676c747b1186dbdbc6023c6cbc7ea9:0x248 
0x611d165a50676c747b1186dbdbc6023c6cbc7ea9:0x249 
0x611d165a50676c747b1186dbdbc6023c6cbc7ea9:0x24a 
0x611d165a50676c747b1186dbdbc6023c6cbc7ea9:0x24b 
0x611d165a50676c747b1186dbdbc6023c6cbc7ea9:0x24c 
0x611d165a50676c747b1186dbdbc6023c6cbc7ea9:0x24d 
0x611d165a50676c747b1186dbdbc6023c6cbc7ea9:0x24e 
0x611d165a50676c747b1186dbdbc6023c6cbc7ea9:0x24f 
0x611d165a50676c747b1186dbdbc6023c6cbc7ea9:0x251 
0x611d165a50676c747b1186dbdbc6023c6cbc7ea9:0x252 
0x611d165a50676c747b1186dbdbc6023c6cbc7ea9:0x253 
0x611d165a50676c747b1186dbdbc6023c6cbc7ea9:0x254 
0x611d165a50676c747b1186dbdbc6023c6cbc7ea9:0x255 
0x611d165a50676c747b1186dbdbc6023c6cbc7ea9:0x257 
0x611d165a50676c747b1186dbdbc6023c6cbc7ea9:0x258 
0x611d165a50676c747b1186dbdbc6023c6cbc7ea9:0x259 
0x611d165a50676c747b1186dbdbc6023c6cbc7ea9:0x25a 
0x611d165a50676c747b1186dbdbc6023c6cbc7ea9:0x25b 
0x611d165a50676c747b1186dbdbc6023c6cbc7ea9:0x25c 
---
0x611d165a50676c747b1186dbdbc6023c6cbc7ea9:0x0 
0x611d165a50676c747b1186dbdbc6023c6cbc7ea9:0x2 
0x611d165a50676c747b1186dbdbc6023c6cbc7ea9:0x4 
0x611d165a50676c747b1186dbdbc6023c6cbc7ea9:0x5 
0x611d165a50676c747b1186dbdbc6023c6cbc7ea9:0x6 
0x611d165a50676c747b1186dbdbc6023c6cbc7ea9:0x7 
0x611d165a50676c747b1186dbdbc6023c6cbc7ea9:0x8 
0x611d165a50676c747b1186dbdbc6023c6cbc7ea9:0xb 
0x611d165a50676c747b1186dbdbc6023c6cbc7ea9:0x10 
0x611d165a50676c747b1186dbdbc6023c6cbc7ea9:0x11 
0x611d165a50676c747b1186dbdbc6023c6cbc7ea9:0x12 
0x611d165a50676c747b1186dbdbc6023c6cbc7ea9:0x14 
0x611d165a50676c747b1186dbdbc6023c6cbc7ea9:0x15 
0x611d165a50676c747b1186dbdbc6023c6cbc7ea9:0x16 
0x611d165a50676c747b1186dbdbc6023c6cbc7ea9:0x19 
0x611d165a50676c747b1186dbdbc6023c6cbc7ea9:0x1a 
0x611d165a50676c747b1186dbdbc6023c6cbc7ea9:0x1c 
0x611d165a50676c747b1186dbdbc6023c6cbc7ea9:0x1d 
0x611d165a50676c747b1186dbdbc6023c6cbc7ea9:0x1f 
0x611d165a50676c747b1186dbdbc6023c6cbc7ea9:0x20 
0x611d165a50676c747b1186dbdbc6023c6cbc7ea9:0x21 
0x611d165a50676c747b1186dbdbc6023c6cbc7ea9:0x26 
0x611d165a50676c747b1186dbdbc6023c6cbc7ea9:0x27 
0x611d165a50676c747b1186dbdbc6023c6cbc7ea9:0x2a 
0x611d165a50676c747b1186dbdbc6023c6cbc7ea9:0x66 
0x611d165a50676c747b1186dbdbc6023c6cbc7ea9:0x67 
0x611d165a50676c747b1186dbdbc6023c6cbc7ea9:0x68 
0x611d165a50676c747b1186dbdbc6023c6cbc7ea9:0x6d 
0x611d165a50676c747b1186dbdbc6023c6cbc7ea9:0x6e 
0x611d165a50676c747b1186dbdbc6023c6cbc7ea9:0x71 
0x611d165a50676c747b1186dbdbc6023c6cbc7ea9:0x72 
0x611d165a50676c747b1186dbdbc6023c6cbc7ea9:0x73 
0x611d165a50676c747b1186dbdbc6023c6cbc7ea9:0x78 
0x611d165a50676c747b1186dbdbc6023c6cbc7ea9:0x79 
0x611d165a50676c747b1186dbdbc6023c6cbc7ea9:0x7c 
0x611d165a50676c747b1186dbdbc6023c6cbc7ea9:0x7d 
0x611d165a50676c747b1186dbdbc6023c6cbc7ea9:0x7e 
0x611d165a50676c747b1186dbdbc6023c6cbc7ea9:0x83 
0x611d165a50676c747b1186dbdbc6023c6cbc7ea9:0x84 
0x611d165a50676c747b1186dbdbc6023c6cbc7ea9:0x87 
0x611d165a50676c747b1186dbdbc6023c6cbc7ea9:0x88 
0x611d165a50676c747b1186dbdbc6023c6cbc7ea9:0x89 
0x611d165a50676c747b1186dbdbc6023c6cbc7ea9:0x8e 
0x611d165a50676c747b1186dbdbc6023c6cbc7ea9:0x8f 
0x611d165a50676c747b1186dbdbc6023c6cbc7ea9:0x92 
0x611d165a50676c747b1186dbdbc6023c6cbc7ea9:0x1af 
0x611d165a50676c747b1186dbdbc6023c6cbc7ea9:0x1b0 
0x611d165a50676c747b1186dbdbc6023c6cbc7ea9:0x1b3 
0x611d165a50676c747b1186dbdbc6023c6cbc7ea9:0x1b6 
0x611d165a50676c747b1186dbdbc6023c6cbc7ea9:0x2d9 
0x611d165a50676c747b1186dbdbc6023c6cbc7ea9:0x2da 
0x611d165a50676c747b1186dbdbc6023c6cbc7ea9:0x2dc 
0x611d165a50676c747b1186dbdbc6023c6cbc7ea9:0x2df 
0x611d165a50676c747b1186dbdbc6023c6cbc7ea9:0x2e2 
0x611d165a50676c747b1186dbdbc6023c6cbc7ea9:0x2cd 
0x611d165a50676c747b1186dbdbc6023c6cbc7ea9:0x2ce 
0x611d165a50676c747b1186dbdbc6023c6cbc7ea9:0x2d0 
0x611d165a50676c747b1186dbdbc6023c6cbc7ea9:0x2d1 
0x611d165a50676c747b1186dbdbc6023c6cbc7ea9:0x2d3 
0x611d165a50676c747b1186dbdbc6023c6cbc7ea9:0x2d4 
0x611d165a50676c747b1186dbdbc6023c6cbc7ea9:0x2d5 
0x611d165a50676c747b1186dbdbc6023c6cbc7ea9:0x2d6 
0x611d165a50676c747b1186dbdbc6023c6cbc7ea9:0x2d7 
0x611d165a50676c747b1186dbdbc6023c6cbc7ea9:0x2d8 
0x611d165a50676c747b1186dbdbc6023c6cbc7ea9:0x2e3 
0x611d165a50676c747b1186dbdbc6023c6cbc7ea9:0x2e4 
0x611d165a50676c747b1186dbdbc6023c6cbc7ea9:0x2e5 
0x611d165a50676c747b1186dbdbc6023c6cbc7ea9:0x2e6 
0x611d165a50676c747b1186dbdbc6023c6cbc7ea9:0x2e7 
0x611d165a50676c747b1186dbdbc6023c6cbc7ea9:0x2e8 
0x611d165a50676c747b1186dbdbc6023c6cbc7ea9:0x1b7 
0x611d165a50676c747b1186dbdbc6023c6cbc7ea9:0x1b8 
0x611d165a50676c747b1186dbdbc6023c6cbc7ea9:0x1ba 
0x611d165a50676c747b1186dbdbc6023c6cbc7ea9:0x1bb 
0x611d165a50676c747b1186dbdbc6023c6cbc7ea9:0x1bc 
0x611d165a50676c747b1186dbdbc6023c6cbc7ea9:0x1bd 
0x611d165a50676c747b1186dbdbc6023c6cbc7ea9:0x1be 
0x611d165a50676c747b1186dbdbc6023c6cbc7ea9:0x1bf 
0x611d165a50676c747b1186dbdbc6023c6cbc7ea9:0x1c0 
0x611d165a50676c747b1186dbdbc6023c6cbc7ea9:0x1c1 
0x611d165a50676c747b1186dbdbc6023c6cbc7ea9:0x1c2 
0x611d165a50676c747b1186dbdbc6023c6cbc7ea9:0x1c3 
0x611d165a50676c747b1186dbdbc6023c6cbc7ea9:0x1c5 
0x611d165a50676c747b1186dbdbc6023c6cbc7ea9:0x1c6 
0x611d165a50676c747b1186dbdbc6023c6cbc7ea9:0x1c7 
0x611d165a50676c747b1186dbdbc6023c6cbc7ea9:0x1c8 
0x611d165a50676c747b1186dbdbc6023c6cbc7ea9:0x1c9 
0x611d165a50676c747b1186dbdbc6023c6cbc7ea9:0x1cb 
0x611d165a50676c747b1186dbdbc6023c6cbc7ea9:0x1cc 
0x611d165a50676c747b1186dbdbc6023c6cbc7ea9:0x1cd 
0x611d165a50676c747b1186dbdbc6023c6cbc7ea9:0x1ce 
0x611d165a50676c747b1186dbdbc6023c6cbc7ea9:0x1cf 
0x611d165a50676c747b1186dbdbc6023c6cbc7ea9:0x1d0 
