---
0x11beee61266e6cd60a85c66276aada30c73a7801:0x0 *
0x11beee61266e6cd60a85c66276aada30c73a7801:0x2 *
0x11beee61266e6cd60a85c66276aada30c73a7801:0x4 *
0x11beee61266e6cd60a85c66276aada30c73a7801:0x5 *
0x11beee61266e6cd60a85c66276aada30c73a7801:0x6 *
0x11beee61266e6cd60a85c66276aada30c73a7801:0x7 *
0x11beee61266e6cd60a85c66276aada30c73a7801:0x8 *
0x11beee61266e6cd60a85c66276aada30c73a7801:0xb *
0x11beee61266e6cd60a85c66276aada30c73a7801:0x10 *
0x11beee61266e6cd60a85c66276aada30c73a7801:0x11 *
0x11beee61266e6cd60a85c66276aada30c73a7801:0x12 *
0x11beee61266e6cd60a85c66276aada30c73a7801:0x14 *
0x11beee61266e6cd60a85c66276aada30c73a7801:0x15 *
0x11beee61266e6cd60a85c66276aada30c73a7801:0x18 *
0x11beee61266e6cd60a85c66276aada30c73a7801:0x19 *
0x11beee61266e6cd60a85c66276aada30c73a7801:0x1a *
0x11beee61266e6cd60a85c66276aada30c73a7801:0x1b *
0x11beee61266e6cd60a85c66276aada30c73a7801:0x1e *
0x11beee61266e6cd60a85c66276aada30c73a7801:0x1f *
0x11beee61266e6cd60a85c66276aada30c73a7801:0x20 *
0x11beee61266e6cd60a85c66276aada30c73a7801:0x21 *
0x11beee61266e6cd60a85c66276aada30c73a7801:0x22 *
0x11beee61266e6cd60a85c66276aada30c73a7801:0x23 *
0x11beee61266e6cd60a85c66276aada30c73a7801:0x25 *
0x11beee61266e6cd60a85c66276aada30c73a7801:0x26 *
0x11beee61266e6cd60a85c66276aada30c73a7801:0x28 *
0x11beee61266e6cd60a85c66276aada30c73a7801:0x29 *
0x11beee61266e6cd60a85c66276aada30c73a7801:0x2a *
0x11beee61266e6cd60a85c66276aada30c73a7801:0x2b *
0x11beee61266e6cd60a85c66276aada30c73a7801:0x2e *
0x11beee61266e6cd60a85c66276aada30c73a7801:0x33 *
0x11beee61266e6cd60a85c66276aada30c73a7801:0x34 *
0x11beee61266e6cd60a85c66276aada30c73a7801:0x35 *
0x11beee61266e6cd60a85c66276aada30c73a7801:0x36 *
0x11beee61266e6cd60a85c66276aada30c73a7801:0x37 *
0x11beee61266e6cd60a85c66276aada30c73a7801:0x38 *
0x11beee61266e6cd60a85c66276aada30c73a7801:0x39 *
0x11beee61266e6cd60a85c66276aada30c73a7801:0x3a *
0x11beee61266e6cd60a85c66276aada30c73a7801:0x3b *
0x11beee61266e6cd60a85c66276aada30c73a7801:0x3d *
0x11beee61266e6cd60a85c66276aada30c73a7801:0x3e *
0x11beee61266e6cd60a85c66276aada30c73a7801:0x3f *
0x11beee61266e6cd60a85c66276aada30c73a7801:0x40 *
0x11beee61266e6cd60a85c66276aada30c73a7801:0x41 *
0x11beee61266e6cd60a85c66276aada30c73a7801:0x42 *
0x11beee61266e6cd60a85c66276aada30c73a7801:0x43 *
0x11beee61266e6cd60a85c66276aada30c73a7801:0x44 *
0x11beee61266e6cd60a85c66276aada30c73a7801:0x45 *
0x11beee61266e6cd60a85c66276aada30c73a7801:0x46 *
0x11beee61266e6cd60a85c66276aada30c73a7801:0x57 *
0x11beee61266e6cd60a85c66276aada30c73a7801:0x58 *
0x11beee61266e6cd60a85c66276aada30c73a7801:0x5a *
0x11beee61266e6cd60a85c66276aada30c73a7801:0x5b *
0x11beee61266e6cd60a85c66276aada30c73a7801:0x5c *
0x11beee61266e6cd60a85c66276aada30c73a7801:0x5d *
0x11beee61266e6cd60a85c66276aada30c73a7801:0x5e *
0x11beee61266e6cd60a85c66276aada30c73a7801:0x60 *
0x11beee61266e6cd60a85c66276aada30c73a7801:0x61 *
0x11beee61266e6cd60a85c66276aada30c73a7801:0x62 *
0x11beee61266e6cd60a85c66276aada30c73a7801:0x63 *
0x11beee61266e6cd60a85c66276aada30c73a7801:0x64 *
0x11beee61266e6cd60a85c66276aada30c73a7801:0x65 *
0x11beee61266e6cd60a85c66276aada30c73a7801:0x66 *
0x11beee61266e6cd60a85c66276aada30c73a7801:0x69 *
0x11beee61266e6cd60a85c66276aada30c73a7801:0x6a *
0x11beee61266e6cd60a85c66276aada30c73a7801:0x6d *
0x11beee61266e6cd60a85c66276aada30c73a7801:0x6f *
0x11beee61266e6cd60a85c66276aada30c73a7801:0x70 *
0x11beee61266e6cd60a85c66276aada30c73a7801:0x72 *
---
0x11beee61266e6cd60a85c66276aada30c73a7801:0x0 
0x11beee61266e6cd60a85c66276aada30c73a7801:0x2 
0x11beee61266e6cd60a85c66276aada30c73a7801:0x4 
0x11beee61266e6cd60a85c66276aada30c73a7801:0x5 
0x11beee61266e6cd60a85c66276aada30c73a7801:0x6 
0x11beee61266e6cd60a85c66276aada30c73a7801:0x7 
0x11beee61266e6cd60a85c66276aada30c73a7801:0x8 
0x11beee61266e6cd60a85c66276aada30c73a7801:0xb 
0x11beee61266e6cd60a85c66276aada30c73a7801:0x10 
0x11beee61266e6cd60a85c66276aada30c73a7801:0x11 
0x11beee61266e6cd60a85c66276aada30c73a7801:0x12 
0x11beee61266e6cd60a85c66276aada30c73a7801:0x14 
0x11beee61266e6cd60a85c66276aada30c73a7801:0x15 
0x11beee61266e6cd60a85c66276aada30c73a7801:0x16 
0x11beee61266e6cd60a85c66276aada30c73a7801:0x19 
0x11beee61266e6cd60a85c66276aada30c73a7801:0x1a 
0x11beee61266e6cd60a85c66276aada30c73a7801:0x1c 
0x11beee61266e6cd60a85c66276aada30c73a7801:0x1d 
0x11beee61266e6cd60a85c66276aada30c73a7801:0x1f 
0x11beee61266e6cd60a85c66276aada30c73a7801:0x20 
0x11beee61266e6cd60a85c66276aada30c73a7801:0x21 
0x11beee61266e6cd60a85c66276aada30c73a7801:0x26 
0x11beee61266e6cd60a85c66276aada30c73a7801:0x27 
0x11beee61266e6cd60a85c66276aada30c73a7801:0x2a 
0x11beee61266e6cd60a85c66276aada30c73a7801:0x2b 
0x11beee61266e6cd60a85c66276aada30c73a7801:0x2c 
0x11beee61266e6cd60a85c66276aada30c73a7801:0x31 
0x11beee61266e6cd60a85c66276aada30c73a7801:0x32 
0x11beee61266e6cd60a85c66276aada30c73a7801:0x35 
0x11beee61266e6cd60a85c66276aada30c73a7801:0x36 
0x11beee61266e6cd60a85c66276aada30c73a7801:0x37 
0x11beee61266e6cd60a85c66276aada30c73a7801:0x3c 
0x11beee61266e6cd60a85c66276aada30c73a7801:0x3d 
0x11beee61266e6cd60a85c66276aada30c73a7801:0x40 
0x11beee61266e6cd60a85c66276aada30c73a7801:0x41 
0x11beee61266e6cd60a85c66276aada30c73a7801:0x42 
0x11beee61266e6cd60a85c66276aada30c73a7801:0x47 
0x11beee61266e6cd60a85c66276aada30c73a7801:0x48 
0x11beee61266e6cd60a85c66276aada30c73a7801:0x4b 
0x11beee61266e6cd60a85c66276aada30c73a7801:0x4c 
0x11beee61266e6cd60a85c66276aada30c73a7801:0x4d 
0x11beee61266e6cd60a85c66276aada30c73a7801:0x52 
0x11beee61266e6cd60a85c66276aada30c73a7801:0x53 
0x11beee61266e6cd60a85c66276aada30c73a7801:0x56 
0x11beee61266e6cd60a85c66276aada30c73a7801:0x31f 
0x11beee61266e6cd60a85c66276aada30c73a7801:0x320 
0x11beee61266e6cd60a85c66276aada30c73a7801:0x323 
0x11beee61266e6cd60a85c66276aada30c73a7801:0x326 
0x11beee61266e6cd60a85c66276aada30c73a7801:0x48c 
0x11beee61266e6cd60a85c66276aada30c73a7801:0x48d 
0x11beee61266e6cd60a85c66276aada30c73a7801:0x48f 
0x11beee61266e6cd60a85c66276aada30c73a7801:0x491 
0x11beee61266e6cd60a85c66276aada30c73a7801:0x492 
0x11beee61266e6cd60a85c66276aada30c73a7801:0x494 
0x11beee61266e6cd60a85c66276aada30c73a7801:0x495 
0x11beee61266e6cd60a85c66276aada30c73a7801:0x496 
0x11beee61266e6cd60a85c66276aada30c73a7801:0x497 
0x11beee61266e6cd60a85c66276aada30c73a7801:0x498 
0x11beee61266e6cd60a85c66276aada30c73a7801:0x499 
0x11beee61266e6cd60a85c66276aada30c73a7801:0x327 
0x11beee61266e6cd60a85c66276aada30c73a7801:0x328 
0x11beee61266e6cd60a85c66276aada30c73a7801:0x32a 
0x11beee61266e6cd60a85c66276aada30c73a7801:0x32b 
0x11beee61266e6cd60a85c66276aada30c73a7801:0x32c 
0x11beee61266e6cd60a85c66276aada30c73a7801:0x32d 
0x11beee61266e6cd60a85c66276aada30c73a7801:0x32e 
0x11beee61266e6cd60a85c66276aada30c73a7801:0x32f 
0x11beee61266e6cd60a85c66276aada30c73a7801:0x330 
0x11beee61266e6cd60a85c66276aada30c73a7801:0x331 
0x11beee61266e6cd60a85c66276aada30c73a7801:0x332 
0x11beee61266e6cd60a85c66276aada30c73a7801:0x333 
0x11beee61266e6cd60a85c66276aada30c73a7801:0x335 
0x11beee61266e6cd60a85c66276aada30c73a7801:0x336 
0x11beee61266e6cd60a85c66276aada30c73a7801:0x337 
0x11beee61266e6cd60a85c66276aada30c73a7801:0x338 
0x11beee61266e6cd60a85c66276aada30c73a7801:0x339 
0x11beee61266e6cd60a85c66276aada30c73a7801:0x33b 
0x11beee61266e6cd60a85c66276aada30c73a7801:0x33c 
0x11beee61266e6cd60a85c66276aada30c73a7801:0x33d 
0x11beee61266e6cd60a85c66276aada30c73a7801:0x33e 
0x11beee61266e6cd60a85c66276aada30c73a7801:0x33f 
0x11beee61266e6cd60a85c66276aada30c73a7801:0x340 
---
0x11beee61266e6cd60a85c66276aada30c73a7801:0x0 
0x11beee61266e6cd60a85c66276aada30c73a7801:0x2 
0x11beee61266e6cd60a85c66276aada30c73a7801:0x4 
0x11beee61266e6cd60a85c66276aada30c73a7801:0x5 
0x11beee61266e6cd60a85c66276aada30c73a7801:0x6 
0x11beee61266e6cd60a85c66276aada30c73a7801:0x7 
0x11beee61266e6cd60a85c66276aada30c73a7801:0x8 
0x11beee61266e6cd60a85c66276aada30c73a7801:0xb 
0x11beee61266e6cd60a85c66276aada30c73a7801:0x10 
0x11beee61266e6cd60a85c66276aada30c73a7801:0x11 
0x11beee61266e6cd60a85c66276aada30c73a7801:0x12 
0x11beee61266e6cd60a85c66276aada30c73a7801:0x14 
0x11beee61266e6cd60a85c66276aada30c73a7801:0x15 
0x11beee61266e6cd60a85c66276aada30c73a7801:0x16 
0x11beee61266e6cd60a85c66276aada30c73a7801:0x19 
0x11beee61266e6cd60a85c66276aada30c73a7801:0x1a 
0x11beee61266e6cd60a85c66276aada30c73a7801:0x1c 
0x11beee61266e6cd60a85c66276aada30c73a7801:0x1d 
0x11beee61266e6cd60a85c66276aada30c73a7801:0x1f 
0x11beee61266e6cd60a85c66276aada30c73a7801:0x20 
0x11beee61266e6cd60a85c66276aada30c73a7801:0x21 
0x11beee61266e6cd60a85c66276aada30c73a7801:0x26 
0x11beee61266e6cd60a85c66276aada30c73a7801:0x27 
0x11beee61266e6cd60a85c66276aada30c73a7801:0x2a 
0x11beee61266e6cd60a85c66276aada30c73a7801:0x66 
0x11beee61266e6cd60a85c66276aada30c73a7801:0x67 
0x11beee61266e6cd60a85c66276aada30c73a7801:0x68 
0x11beee61266e6cd60a85c66276aada30c73a7801:0x6d 
0x11beee61266e6cd60a85c66276aada30c73a7801:0x6e 
0x11beee61266e6cd60a85c66276aada30c73a7801:0x71 
0x11beee61266e6cd60a85c66276aada30c73a7801:0x72 
0x11beee61266e6cd60a85c66276aada30c73a7801:0x73 
0x11beee61266e6cd60a85c66276aada30c73a7801:0x78 
0x11beee61266e6cd60a85c66276aada30c73a7801:0x79 
0x11beee61266e6cd60a85c66276aada30c73a7801:0x7c 
0x11beee61266e6cd60a85c66276aada30c73a7801:0x7d 
0x11beee61266e6cd60a85c66276aada30c73a7801:0x7e 
0x11beee61266e6cd60a85c66276aada30c73a7801:0x83 
0x11beee61266e6cd60a85c66276aada30c73a7801:0x84 
0x11beee61266e6cd60a85c66276aada30c73a7801:0x87 
0x11beee61266e6cd60a85c66276aada30c73a7801:0x88 
0x11beee61266e6cd60a85c66276aada30c73a7801:0x89 
0x11beee61266e6cd60a85c66276aada30c73a7801:0x8e 
0x11beee61266e6cd60a85c66276aada30c73a7801:0x8f 
0x11beee61266e6cd60a85c66276aada30c73a7801:0x92 
0x11beee61266e6cd60a85c66276aada30c73a7801:0x93 
0x11beee61266e6cd60a85c66276aada30c73a7801:0x94 
0x11beee61266e6cd60a85c66276aada30c73a7801:0x99 
0x11beee61266e6cd60a85c66276aada30c73a7801:0x9a 
0x11beee61266e6cd60a85c66276aada30c73a7801:0x9d 
0x11beee61266e6cd60a85c66276aada30c73a7801:0x293 
0x11beee61266e6cd60a85c66276aada30c73a7801:0x294 
0x11beee61266e6cd60a85c66276aada30c73a7801:0x297 
0x11beee61266e6cd60a85c66276aada30c73a7801:0x29a 
0x11beee61266e6cd60a85c66276aada30c73a7801:0x3df 
0x11beee61266e6cd60a85c66276aada30c73a7801:0x3e0 
0x11beee61266e6cd60a85c66276aada30c73a7801:0x3e2 
0x11beee61266e6cd60a85c66276aada30c73a7801:0x3e5 
0x11beee61266e6cd60a85c66276aada30c73a7801:0x3e8 
0x11beee61266e6cd60a85c66276aada30c73a7801:0x3d3 
0x11beee61266e6cd60a85c66276aada30c73a7801:0x3d4 
0x11beee61266e6cd60a85c66276aada30c73a7801:0x3d6 
0x11beee61266e6cd60a85c66276aada30c73a7801:0x3d7 
0x11beee61266e6cd60a85c66276aada30c73a7801:0x3d9 
0x11beee61266e6cd60a85c66276aada30c73a7801:0x3da 
0x11beee61266e6cd60a85c66276aada30c73a7801:0x3db 
0x11beee61266e6cd60a85c66276aada30c73a7801:0x3dc 
0x11beee61266e6cd60a85c66276aada30c73a7801:0x3dd 
0x11beee61266e6cd60a85c66276aada30c73a7801:0x3de 
0x11beee61266e6cd60a85c66276aada30c73a7801:0x3e9 
0x11beee61266e6cd60a85c66276aada30c73a7801:0x3ea 
0x11beee61266e6cd60a85c66276aada30c73a7801:0x3eb 
0x11beee61266e6cd60a85c66276aada30c73a7801:0x3ec 
0x11beee61266e6cd60a85c66276aada30c73a7801:0x3ed 
0x11beee61266e6cd60a85c66276aada30c73a7801:0x3ee 
0x11beee61266e6cd60a85c66276aada30c73a7801:0x29b 
0x11beee61266e6cd60a85c66276aada30c73a7801:0x29c 
0x11beee61266e6cd60a85c66276aada30c73a7801:0x29e 
0x11beee61266e6cd60a85c66276aada30c73a7801:0x29f 
0x11beee61266e6cd60a85c66276aada30c73a7801:0x2a0 
0x11beee61266e6cd60a85c66276aada30c73a7801:0x2a1 
0x11beee61266e6cd60a85c66276aada30c73a7801:0x2a2 
0x11beee61266e6cd60a85c66276aada30c73a7801:0x2a3 
0x11beee61266e6cd60a85c66276aada30c73a7801:0x2a4 
0x11beee61266e6cd60a85c66276aada30c73a7801:0x2a5 
0x11beee61266e6cd60a85c66276aada30c73a7801:0x2a6 
0x11beee61266e6cd60a85c66276aada30c73a7801:0x2a7 
0x11beee61266e6cd60a85c66276aada30c73a7801:0x2a9 
0x11beee61266e6cd60a85c66276aada30c73a7801:0x2aa 
0x11beee61266e6cd60a85c66276aada30c73a7801:0x2ab 
0x11beee61266e6cd60a85c66276aada30c73a7801:0x2ac 
0x11beee61266e6cd60a85c66276aada30c73a7801:0x2ad 
0x11beee61266e6cd60a85c66276aada30c73a7801:0x2af 
0x11beee61266e6cd60a85c66276aada30c73a7801:0x2b0 
0x11beee61266e6cd60a85c66276aada30c73a7801:0x2b1 
0x11beee61266e6cd60a85c66276aada30c73a7801:0x2b2 
0x11beee61266e6cd60a85c66276aada30c73a7801:0x2b3 
0x11beee61266e6cd60a85c66276aada30c73a7801:0x2b4 
---
0x11beee61266e6cd60a85c66276aada30c73a7801:0x0 
0x11beee61266e6cd60a85c66276aada30c73a7801:0x2 
0x11beee61266e6cd60a85c66276aada30c73a7801:0x4 
0x11beee61266e6cd60a85c66276aada30c73a7801:0x5 
0x11beee61266e6cd60a85c66276aada30c73a7801:0x6 
0x11beee61266e6cd60a85c66276aada30c73a7801:0x7 
0x11beee61266e6cd60a85c66276aada30c73a7801:0x8 
0x11beee61266e6cd60a85c66276aada30c73a7801:0xb 
0x11beee61266e6cd60a85c66276aada30c73a7801:0x10 
0x11beee61266e6cd60a85c66276aada30c73a7801:0x11 
0x11beee61266e6cd60a85c66276aada30c73a7801:0x12 
0x11beee61266e6cd60a85c66276aada30c73a7801:0x14 
0x11beee61266e6cd60a85c66276aada30c73a7801:0x15 
0x11beee61266e6cd60a85c66276aada30c73a7801:0x16 
0x11beee61266e6cd60a85c66276aada30c73a7801:0x19 
0x11beee61266e6cd60a85c66276aada30c73a7801:0x1a 
0x11beee61266e6cd60a85c66276aada30c73a7801:0x1c 
0x11beee61266e6cd60a85c66276aada30c73a7801:0x1d 
0x11beee61266e6cd60a85c66276aada30c73a7801:0x1f 
0x11beee61266e6cd60a85c66276aada30c73a7801:0x20 
0x11beee61266e6cd60a85c66276aada30c73a7801:0x21 
0x11beee61266e6cd60a85c66276aada30c73a7801:0x26 
0x11beee61266e6cd60a85c66276aada30c73a7801:0x27 
0x11beee61266e6cd60a85c66276aada30c73a7801:0x2a 
0x11beee61266e6cd60a85c66276aada30c73a7801:0x2b 
0x11beee61266e6cd60a85c66276aada30c73a7801:0x2c 
0x11beee61266e6cd60a85c66276aada30c73a7801:0x31 
0x11beee61266e6cd60a85c66276aada30c73a7801:0x32 
0x11beee61266e6cd60a85c66276aada30c73a7801:0x35 
0x11beee61266e6cd60a85c66276aada30c73a7801:0x36 
0x11beee61266e6cd60a85c66276aada30c73a7801:0x37 
0x11beee61266e6cd60a85c66276aada30c73a7801:0x3c 
0x11beee61266e6cd60a85c66276aada30c73a7801:0x3d 
0x11beee61266e6cd60a85c66276aada30c73a7801:0x40 
0x11beee61266e6cd60a85c66276aada30c73a7801:0x2d3 
0x11beee61266e6cd60a85c66276aada30c73a7801:0x2d4 
0x11beee61266e6cd60a85c66276aada30c73a7801:0x2d7 
0x11beee61266e6cd60a85c66276aada30c73a7801:0x2d9 
0x11beee61266e6cd60a85c66276aada30c73a7801:0x2da 
0x11beee61266e6cd60a85c66276aada30c73a7801:0x2db 
0x11beee61266e6cd60a85c66276aada30c73a7801:0x2dc 
0x11beee61266e6cd60a85c66276aada30c73a7801:0x2de 
0x11beee61266e6cd60a85c66276aada30c73a7801:0x2df 
0x11beee61266e6cd60a85c66276aada30c73a7801:0x2e0 
0x11beee61266e6cd60a85c66276aada30c73a7801:0x2e1 
0x11beee61266e6cd60a85c66276aada30c73a7801:0x2e4 
0x11beee61266e6cd60a85c66276aada30c73a7801:0x2e9 
0x11beee61266e6cd60a85c66276aada30c73a7801:0x2ea 
0x11beee61266e6cd60a85c66276aada30c73a7801:0x2eb 
0x11beee61266e6cd60a85c66276aada30c73a7801:0x2ec 
0x11beee61266e6cd60a85c66276aada30c73a7801:0x2ed 
0x11beee61266e6cd60a85c66276aada30c73a7801:0x2ee 
0x11beee61266e6cd60a85c66276aada30c73a7801:0x2ef 
0x11beee61266e6cd60a85c66276aada30c73a7801:0x2f0 
0x11beee61266e6cd60a85c66276aada30c73a7801:0x2f1 
0x11beee61266e6cd60a85c66276aada30c73a7801:0x2f3 
0x11beee61266e6cd60a85c66276aada30c73a7801:0x2f4 
0x11beee61266e6cd60a85c66276aada30c73a7801:0x2f5 
0x11beee61266e6cd60a85c66276aada30c73a7801:0x2f6 
0x11beee61266e6cd60a85c66276aada30c73a7801:0x2f7 
0x11beee61266e6cd60a85c66276aada30c73a7801:0x2f8 
0x11beee61266e6cd60a85c66276aada30c73a7801:0x2f9 
0x11beee61266e6cd60a85c66276aada30c73a7801:0x2fa 
0x11beee61266e6cd60a85c66276aada30c73a7801:0x2fb 
0x11beee61266e6cd60a85c66276aada30c73a7801:0x2fe 
0x11beee61266e6cd60a85c66276aada30c73a7801:0x3f5 
0x11beee61266e6cd60a85c66276aada30c73a7801:0x3f6 
0x11beee61266e6cd60a85c66276aada30c73a7801:0x3f8 
0x11beee61266e6cd60a85c66276aada30c73a7801:0x3f9 
0x11beee61266e6cd60a85c66276aada30c73a7801:0x3fb 
0x11beee61266e6cd60a85c66276aada30c73a7801:0x3fc 
0x11beee61266e6cd60a85c66276aada30c73a7801:0x3fd 
0x11beee61266e6cd60a85c66276aada30c73a7801:0x400 
0x11beee61266e6cd60a85c66276aada30c73a7801:0x405 
0x11beee61266e6cd60a85c66276aada30c73a7801:0x406 
0x11beee61266e6cd60a85c66276aada30c73a7801:0x408 
0x11beee61266e6cd60a85c66276aada30c73a7801:0x409 
0x11beee61266e6cd60a85c66276aada30c73a7801:0x40a 
0x11beee61266e6cd60a85c66276aada30c73a7801:0x40b 
0x11beee61266e6cd60a85c66276aada30c73a7801:0x40d 
0x11beee61266e6cd60a85c66276aada30c73a7801:0x40e 
0x11beee61266e6cd60a85c66276aada30c73a7801:0x40f 
0x11beee61266e6cd60a85c66276aada30c73a7801:0x410 
0x11beee61266e6cd60a85c66276aada30c73a7801:0x411 
0x11beee61266e6cd60a85c66276aada30c73a7801:0x412 
0x11beee61266e6cd60a85c66276aada30c73a7801:0x413 
0x11beee61266e6cd60a85c66276aada30c73a7801:0x414 
0x11beee61266e6cd60a85c66276aada30c73a7801:0x415 
0x11beee61266e6cd60a85c66276aada30c73a7801:0x416 
0x11beee61266e6cd60a85c66276aada30c73a7801:0x417 
0x11beee61266e6cd60a85c66276aada30c73a7801:0x418 
0x11beee61266e6cd60a85c66276aada30c73a7801:0x41a 
0x11beee61266e6cd60a85c66276aada30c73a7801:0x41b 
0x11beee61266e6cd60a85c66276aada30c73a7801:0x41c 
0x11beee61266e6cd60a85c66276aada30c73a7801:0x41d 
0x11beee61266e6cd60a85c66276aada30c73a7801:0x41f 
0x11beee61266e6cd60a85c66276aada30c73a7801:0x420 
0x11beee61266e6cd60a85c66276aada30c73a7801:0x422 
0x11beee61266e6cd60a85c66276aada30c73a7801:0x424 
0x11beee61266e6cd60a85c66276aada30c73a7801:0x425 
0x11beee61266e6cd60a85c66276aada30c73a7801:0x426 
0x11beee61266e6cd60a85c66276aada30c73a7801:0x428 
0x11beee61266e6cd60a85c66276aada30c73a7801:0x429 
0x11beee61266e6cd60a85c66276aada30c73a7801:0x42a 
0x11beee61266e6cd60a85c66276aada30c73a7801:0x42b 
0x11beee61266e6cd60a85c66276aada30c73a7801:0x42c 
0x11beee61266e6cd60a85c66276aada30c73a7801:0x42d 
0x11beee61266e6cd60a85c66276aada30c73a7801:0x42e 
0x11beee61266e6cd60a85c66276aada30c73a7801:0x42f 
0x11beee61266e6cd60a85c66276aada30c73a7801:0x430 
0x11beee61266e6cd60a85c66276aada30c73a7801:0x431 
0x11beee61266e6cd60a85c66276aada30c73a7801:0x432 
0x11beee61266e6cd60a85c66276aada30c73a7801:0x434 
0x11beee61266e6cd60a85c66276aada30c73a7801:0x436 
0x11beee61266e6cd60a85c66276aada30c73a7801:0x437 
0x11beee61266e6cd60a85c66276aada30c73a7801:0x438 
0x11beee61266e6cd60a85c66276aada30c73a7801:0x439 
0x11beee61266e6cd60a85c66276aada30c73a7801:0x43a 
0x11beee61266e6cd60a85c66276aada30c73a7801:0x43b 
0x11beee61266e6cd60a85c66276aada30c73a7801:0x43c 
0x11beee61266e6cd60a85c66276aada30c73a7801:0x43d 
0x11beee61266e6cd60a85c66276aada30c73a7801:0x43e 
0x11beee61266e6cd60a85c66276aada30c73a7801:0x43f 
0x11beee61266e6cd60a85c66276aada30c73a7801:0x440 
0x11beee61266e6cd60a85c66276aada30c73a7801:0x441 
0x11beee61266e6cd60a85c66276aada30c73a7801:0x442 
0x11beee61266e6cd60a85c66276aada30c73a7801:0x443 
0x11beee61266e6cd60a85c66276aada30c73a7801:0x2ff 
0x11beee61266e6cd60a85c66276aada30c73a7801:0x300 
---
0x11beee61266e6cd60a85c66276aada30c73a7801:0x0 
0x11beee61266e6cd60a85c66276aada30c73a7801:0x2 
0x11beee61266e6cd60a85c66276aada30c73a7801:0x4 
0x11beee61266e6cd60a85c66276aada30c73a7801:0x5 
0x11beee61266e6cd60a85c66276aada30c73a7801:0x6 
0x11beee61266e6cd60a85c66276aada30c73a7801:0x7 
0x11beee61266e6cd60a85c66276aada30c73a7801:0x8 
0x11beee61266e6cd60a85c66276aada30c73a7801:0xb 
0x11beee61266e6cd60a85c66276aada30c73a7801:0x10 
0x11beee61266e6cd60a85c66276aada30c73a7801:0x11 
0x11beee61266e6cd60a85c66276aada30c73a7801:0x12 
0x11beee61266e6cd60a85c66276aada30c73a7801:0x14 
0x11beee61266e6cd60a85c66276aada30c73a7801:0x15 
0x11beee61266e6cd60a85c66276aada30c73a7801:0x16 
0x11beee61266e6cd60a85c66276aada30c73a7801:0x19 
0x11beee61266e6cd60a85c66276aada30c73a7801:0x1a 
0x11beee61266e6cd60a85c66276aada30c73a7801:0x1c 
0x11beee61266e6cd60a85c66276aada30c73a7801:0x1d 
0x11beee61266e6cd60a85c66276aada30c73a7801:0x1f 
0x11beee61266e6cd60a85c66276aada30c73a7801:0x20 
0x11beee61266e6cd60a85c66276aada30c73a7801:0x21 
0x11beee61266e6cd60a85c66276aada30c73a7801:0x26 
0x11beee61266e6cd60a85c66276aada30c73a7801:0x27 
0x11beee61266e6cd60a85c66276aada30c73a7801:0x2a 
0x11beee61266e6cd60a85c66276aada30c73a7801:0x2b 
0x11beee61266e6cd60a85c66276aada30c73a7801:0x2c 
0x11beee61266e6cd60a85c66276aada30c73a7801:0x31 
0x11beee61266e6cd60a85c66276aada30c73a7801:0x32 
0x11beee61266e6cd60a85c66276aada30c73a7801:0x35 
0x11beee61266e6cd60a85c66276aada30c73a7801:0x36 
0x11beee61266e6cd60a85c66276aada30c73a7801:0x37 
0x11beee61266e6cd60a85c66276aada30c73a7801:0x3c 
0x11beee61266e6cd60a85c66276aada30c73a7801:0x3d 
0x11beee61266e6cd60a85c66276aada30c73a7801:0x40 
0x11beee61266e6cd60a85c66276aada30c73a7801:0x41 
0x11beee61266e6cd60a85c66276aada30c73a7801:0x42 
0x11beee61266e6cd60a85c66276aada30c73a7801:0x47 
0x11beee61266e6cd60a85c66276aada30c73a7801:0x48 
0x11beee61266e6cd60a85c66276aada30c73a7801:0x4b 
0x11beee61266e6cd60a85c66276aada30c73a7801:0x4c 
0x11beee61266e6cd60a85c66276aada30c73a7801:0x4d 
0x11beee61266e6cd60a85c66276aada30c73a7801:0x52 
0x11beee61266e6cd60a85c66276aada30c73a7801:0x53 
0x11beee61266e6cd60a85c66276aada30c73a7801:0x56 
0x11beee61266e6cd60a85c66276aada30c73a7801:0x31f 
0x11beee61266e6cd60a85c66276aada30c73a7801:0x320 
0x11beee61266e6cd60a85c66276aada30c73a7801:0x323 
0x11beee61266e6cd60a85c66276aada30c73a7801:0x326 
0x11beee61266e6cd60a85c66276aada30c73a7801:0x48c 
0x11beee61266e6cd60a85c66276aada30c73a7801:0x48d 
0x11beee61266e6cd60a85c66276aada30c73a7801:0x48f 
0x11beee61266e6cd60a85c66276aada30c73a7801:0x491 
0x11beee61266e6cd60a85c66276aada30c73a7801:0x492 
0x11beee61266e6cd60a85c66276aada30c73a7801:0x494 
0x11beee61266e6cd60a85c66276aada30c73a7801:0x495 
0x11beee61266e6cd60a85c66276aada30c73a7801:0x496 
0x11beee61266e6cd60a85c66276aada30c73a7801:0x497 
0x11beee61266e6cd60a85c66276aada30c73a7801:0x498 
0x11beee61266e6cd60a85c66276aada30c73a7801:0x499 
0x11beee61266e6cd60a85c66276aada30c73a7801:0x327 
0x11beee61266e6cd60a85c66276aada30c73a7801:0x328 
0x11beee61266e6cd60a85c66276aada30c73a7801:0x32a 
0x11beee61266e6cd60a85c66276aada30c73a7801:0x32b 
0x11beee61266e6cd60a85c66276aada30c73a7801:0x32c 
0x11beee61266e6cd60a85c66276aada30c73a7801:0x32d 
0x11beee61266e6cd60a85c66276aada30c73a7801:0x32e 
0x11beee61266e6cd60a85c66276aada30c73a7801:0x32f 
0x11beee61266e6cd60a85c66276aada30c73a7801:0x330 
0x11beee61266e6cd60a85c66276aada30c73a7801:0x331 
0x11beee61266e6cd60a85c66276aada30c73a7801:0x332 
0x11beee61266e6cd60a85c66276aada30c73a7801:0x333 
0x11beee61266e6cd60a85c66276aada30c73a7801:0x335 
0x11beee61266e6cd60a85c66276aada30c73a7801:0x336 
0x11beee61266e6cd60a85c66276aada30c73a7801:0x337 
0x11beee61266e6cd60a85c66276aada30c73a7801:0x338 
0x11beee61266e6cd60a85c66276aada30c73a7801:0x339 
0x11beee61266e6cd60a85c66276aada30c73a7801:0x33b 
0x11beee61266e6cd60a85c66276aada30c73a7801:0x33c 
0x11beee61266e6cd60a85c66276aada30c73a7801:0x33d 
0x11beee61266e6cd60a85c66276aada30c73a7801:0x33e 
0x11beee61266e6cd60a85c66276aada30c73a7801:0x33f 
0x11beee61266e6cd60a85c66276aada30c73a7801:0x340 
---
0x11beee61266e6cd60a85c66276aada30c73a7801:0x0 
0x11beee61266e6cd60a85c66276aada30c73a7801:0x2 
0x11beee61266e6cd60a85c66276aada30c73a7801:0x4 
0x11beee61266e6cd60a85c66276aada30c73a7801:0x5 
0x11beee61266e6cd60a85c66276aada30c73a7801:0x6 
0x11beee61266e6cd60a85c66276aada30c73a7801:0x7 
0x11beee61266e6cd60a85c66276aada30c73a7801:0x8 
0x11beee61266e6cd60a85c66276aada30c73a7801:0xb 
0x11beee61266e6cd60a85c66276aada30c73a7801:0x10 
0x11beee61266e6cd60a85c66276aada30c73a7801:0x11 
0x11beee61266e6cd60a85c66276aada30c73a7801:0x12 
0x11beee61266e6cd60a85c66276aada30c73a7801:0x14 
0x11beee61266e6cd60a85c66276aada30c73a7801:0x15 
0x11beee61266e6cd60a85c66276aada30c73a7801:0x16 
0x11beee61266e6cd60a85c66276aada30c73a7801:0x19 
0x11beee61266e6cd60a85c66276aada30c73a7801:0x1a 
0x11beee61266e6cd60a85c66276aada30c73a7801:0x1c 
0x11beee61266e6cd60a85c66276aada30c73a7801:0x1d 
0x11beee61266e6cd60a85c66276aada30c73a7801:0x1f 
0x11beee61266e6cd60a85c66276aada30c73a7801:0x20 
0x11beee61266e6cd60a85c66276aada30c73a7801:0x21 
0x11beee61266e6cd60a85c66276aada30c73a7801:0x26 
0x11beee61266e6cd60a85c66276aada30c73a7801:0x27 
0x11beee61266e6cd60a85c66276aada30c73a7801:0x2a 
0x11beee61266e6cd60a85c66276aada30c73a7801:0x66 
0x11beee61266e6cd60a85c66276aada30c73a7801:0x67 
0x11beee61266e6cd60a85c66276aada30c73a7801:0x68 
0x11beee61266e6cd60a85c66276aada30c73a7801:0x6d 
0x11beee61266e6cd60a85c66276aada30c73a7801:0x6e 
0x11beee61266e6cd60a85c66276aada30c73a7801:0x71 
0x11beee61266e6cd60a85c66276aada30c73a7801:0x72 
0x11beee61266e6cd60a85c66276aada30c73a7801:0x73 
0x11beee61266e6cd60a85c66276aada30c73a7801:0x78 
0x11beee61266e6cd60a85c66276aada30c73a7801:0x79 
0x11beee61266e6cd60a85c66276aada30c73a7801:0x7c 
0x11beee61266e6cd60a85c66276aada30c73a7801:0x7d 
0x11beee61266e6cd60a85c66276aada30c73a7801:0x7e 
0x11beee61266e6cd60a85c66276aada30c73a7801:0x83 
0x11beee61266e6cd60a85c66276aada30c73a7801:0x84 
0x11beee61266e6cd60a85c66276aada30c73a7801:0x87 
0x11beee61266e6cd60a85c66276aada30c73a7801:0x88 
0x11beee61266e6cd60a85c66276aada30c73a7801:0x89 
0x11beee61266e6cd60a85c66276aada30c73a7801:0x8e 
0x11beee61266e6cd60a85c66276aada30c73a7801:0x8f 
0x11beee61266e6cd60a85c66276aada30c73a7801:0x92 
0x11beee61266e6cd60a85c66276aada30c73a7801:0x93 
0x11beee61266e6cd60a85c66276aada30c73a7801:0x94 
0x11beee61266e6cd60a85c66276aada30c73a7801:0x99 
0x11beee61266e6cd60a85c66276aada30c73a7801:0x9a 
0x11beee61266e6cd60a85c66276aada30c73a7801:0x9d 
0x11beee61266e6cd60a85c66276aada30c73a7801:0x293 
0x11beee61266e6cd60a85c66276aada30c73a7801:0x294 
0x11beee61266e6cd60a85c66276aada30c73a7801:0x297 
0x11beee61266e6cd60a85c66276aada30c73a7801:0x29a 
0x11beee61266e6cd60a85c66276aada30c73a7801:0x3df 
0x11beee61266e6cd60a85c66276aada30c73a7801:0x3e0 
0x11beee61266e6cd60a85c66276aada30c73a7801:0x3e2 
0x11beee61266e6cd60a85c66276aada30c73a7801:0x3e5 
0x11beee61266e6cd60a85c66276aada30c73a7801:0x3e8 
0x11beee61266e6cd60a85c66276aada30c73a7801:0x3d3 
0x11beee61266e6cd60a85c66276aada30c73a7801:0x3d4 
0x11beee61266e6cd60a85c66276aada30c73a7801:0x3d6 
0x11beee61266e6cd60a85c66276aada30c73a7801:0x3d7 
0x11beee61266e6cd60a85c66276aada30c73a7801:0x3d9 
0x11beee61266e6cd60a85c66276aada30c73a7801:0x3da 
0x11beee61266e6cd60a85c66276aada30c73a7801:0x3db 
0x11beee61266e6cd60a85c66276aada30c73a7801:0x3dc 
0x11beee61266e6cd60a85c66276aada30c73a7801:0x3dd 
0x11beee61266e6cd60a85c66276aada30c73a7801:0x3de 
0x11beee61266e6cd60a85c66276aada30c73a7801:0x3e9 
0x11beee61266e6cd60a85c66276aada30c73a7801:0x3ea 
0x11beee61266e6cd60a85c66276aada30c73a7801:0x3eb 
0x11beee61266e6cd60a85c66276aada30c73a7801:0x3ec 
0x11beee61266e6cd60a85c66276aada30c73a7801:0x3ed 
0x11beee61266e6cd60a85c66276aada30c73a7801:0x3ee 
0x11beee61266e6cd60a85c66276aada30c73a7801:0x29b 
0x11beee61266e6cd60a85c66276aada30c73a7801:0x29c 
0x11beee61266e6cd60a85c66276aada30c73a7801:0x29e 
0x11beee61266e6cd60a85c66276aada30c73a7801:0x29f 
0x11beee61266e6cd60a85c66276aada30c73a7801:0x2a0 
0x11beee61266e6cd60a85c66276aada30c73a7801:0x2a1 
0x11beee61266e6cd60a85c66276aada30c73a7801:0x2a2 
0x11beee61266e6cd60a85c66276aada30c73a7801:0x2a3 
0x11beee61266e6cd60a85c66276aada30c73a7801:0x2a4 
0x11beee61266e6cd60a85c66276aada30c73a7801:0x2a5 
0x11beee61266e6cd60a85c66276aada30c73a7801:0x2a6 
0x11beee61266e6cd60a85c66276aada30c73a7801:0x2a7 
0x11beee61266e6cd60a85c66276aada30c73a7801:0x2a9 
0x11beee61266e6cd60a85c66276aada30c73a7801:0x2aa 
0x11beee61266e6cd60a85c66276aada30c73a7801:0x2ab 
0x11beee61266e6cd60a85c66276aada30c73a7801:0x2ac 
0x11beee61266e6cd60a85c66276aada30c73a7801:0x2ad 
0x11beee61266e6cd60a85c66276aada30c73a7801:0x2af 
0x11beee61266e6cd60a85c66276aada30c73a7801:0x2b0 
0x11beee61266e6cd60a85c66276aada30c73a7801:0x2b1 
0x11beee61266e6cd60a85c66276aada30c73a7801:0x2b2 
0x11beee61266e6cd60a85c66276aada30c73a7801:0x2b3 
0x11beee61266e6cd60a85c66276aada30c73a7801:0x2b4 
