---
0xece06ff5caa6797b874667520cc8df8e34dd650c:0x0 *
0xece06ff5caa6797b874667520cc8df8e34dd650c:0x2 *
0xece06ff5caa6797b874667520cc8df8e34dd650c:0x4 *
0xece06ff5caa6797b874667520cc8df8e34dd650c:0x5 *
0xece06ff5caa6797b874667520cc8df8e34dd650c:0x6 *
0xece06ff5caa6797b874667520cc8df8e34dd650c:0x7 *
0xece06ff5caa6797b874667520cc8df8e34dd650c:0x8 *
0xece06ff5caa6797b874667520cc8df8e34dd650c:0xb *
0xece06ff5caa6797b874667520cc8df8e34dd650c:0x10 *
0xece06ff5caa6797b874667520cc8df8e34dd650c:0x11 *
0xece06ff5caa6797b874667520cc8df8e34dd650c:0x12 *
0xece06ff5caa6797b874667520cc8df8e34dd650c:0x14 *
0xece06ff5caa6797b874667520cc8df8e34dd650c:0x15 *
0xece06ff5caa6797b874667520cc8df8e34dd650c:0x18 *
0xece06ff5caa6797b874667520cc8df8e34dd650c:0x19 *
0xece06ff5caa6797b874667520cc8df8e34dd650c:0x1a *
0xece06ff5caa6797b874667520cc8df8e34dd650c:0x1b *
0xece06ff5caa6797b874667520cc8df8e34dd650c:0x1e *
0xece06ff5caa6797b874667520cc8df8e34dd650c:0x1f *
0xece06ff5caa6797b874667520cc8df8e34dd650c:0x20 *
0xece06ff5caa6797b874667520cc8df8e34dd650c:0x21 *
0xece06ff5caa6797b874667520cc8df8e34dd650c:0x22 *
0xece06ff5caa6797b874667520cc8df8e34dd650c:0x23 *
0xece06ff5caa6797b874667520cc8df8e34dd650c:0x25 *
0xece06ff5caa6797b874667520cc8df8e34dd650c:0x26 *
0xece06ff5caa6797b874667520cc8df8e34dd650c:0x28 *
0xece06ff5caa6797b874667520cc8df8e34dd650c:0x29 *
0xece06ff5caa6797b874667520cc8df8e34dd650c:0x2a *
0xece06ff5caa6797b874667520cc8df8e34dd650c:0x2b *
0xece06ff5caa6797b874667520cc8df8e34dd650c:0x2e *
0xece06ff5caa6797b874667520cc8df8e34dd650c:0x33 *
0xece06ff5caa6797b874667520cc8df8e34dd650c:0x34 *
0xece06ff5caa6797b874667520cc8df8e34dd650c:0x35 *
0xece06ff5caa6797b874667520cc8df8e34dd650c:0x36 *
0xece06ff5caa6797b874667520cc8df8e34dd650c:0x37 *
0xece06ff5caa6797b874667520cc8df8e34dd650c:0x38 *
0xece06ff5caa6797b874667520cc8df8e34dd650c:0x39 *
0xece06ff5caa6797b874667520cc8df8e34dd650c:0x3a *
0xece06ff5caa6797b874667520cc8df8e34dd650c:0x3b *
0xece06ff5caa6797b874667520cc8df8e34dd650c:0x3d *
0xece06ff5caa6797b874667520cc8df8e34dd650c:0x3e *
0xece06ff5caa6797b874667520cc8df8e34dd650c:0x3f *
0xece06ff5caa6797b874667520cc8df8e34dd650c:0x40 *
0xece06ff5caa6797b874667520cc8df8e34dd650c:0x41 *
0xece06ff5caa6797b874667520cc8df8e34dd650c:0x42 *
0xece06ff5caa6797b874667520cc8df8e34dd650c:0x43 *
0xece06ff5caa6797b874667520cc8df8e34dd650c:0x44 *
0xece06ff5caa6797b874667520cc8df8e34dd650c:0x45 *
0xece06ff5caa6797b874667520cc8df8e34dd650c:0x46 *
0xece06ff5caa6797b874667520cc8df8e34dd650c:0x57 *
0xece06ff5caa6797b874667520cc8df8e34dd650c:0x58 *
0xece06ff5caa6797b874667520cc8df8e34dd650c:0x5a *
0xece06ff5caa6797b874667520cc8df8e34dd650c:0x5b *
0xece06ff5caa6797b874667520cc8df8e34dd650c:0x5c *
0xece06ff5caa6797b874667520cc8df8e34dd650c:0x5d *
0xece06ff5caa6797b874667520cc8df8e34dd650c:0x5e *
0xece06ff5caa6797b874667520cc8df8e34dd650c:0x60 *
0xece06ff5caa6797b874667520cc8df8e34dd650c:0x61 *
0xece06ff5caa6797b874667520cc8df8e34dd650c:0x62 *
0xece06ff5caa6797b874667520cc8df8e34dd650c:0x63 *
0xece06ff5caa6797b874667520cc8df8e34dd650c:0x64 *
0xece06ff5caa6797b874667520cc8df8e34dd650c:0x65 *
0xece06ff5caa6797b874667520cc8df8e34dd650c:0x66 *
0xece06ff5caa6797b874667520cc8df8e34dd650c:0x69 *
0xece06ff5caa6797b874667520cc8df8e34dd650c:0x6a *
0xece06ff5caa6797b874667520cc8df8e34dd650c:0x6d *
0xece06ff5caa6797b874667520cc8df8e34dd650c:0x6f *
0xece06ff5caa6797b874667520cc8df8e34dd650c:0x70 *
0xece06ff5caa6797b874667520cc8df8e34dd650c:0x72 *
---
0xece06ff5caa6797b874667520cc8df8e34dd650c:0x0 
0xece06ff5caa6797b874667520cc8df8e34dd650c:0x2 
0xece06ff5caa6797b874667520cc8df8e34dd650c:0x4 
0xece06ff5caa6797b874667520cc8df8e34dd650c:0x5 
0xece06ff5caa6797b874667520cc8df8e34dd650c:0x6 
0xece06ff5caa6797b874667520cc8df8e34dd650c:0x7 
0xece06ff5caa6797b874667520cc8df8e34dd650c:0x8 
0xece06ff5caa6797b874667520cc8df8e34dd650c:0xb 
0xece06ff5caa6797b874667520cc8df8e34dd650c:0x10 
0xece06ff5caa6797b874667520cc8df8e34dd650c:0x11 
0xece06ff5caa6797b874667520cc8df8e34dd650c:0x12 
0xece06ff5caa6797b874667520cc8df8e34dd650c:0x14 
0xece06ff5caa6797b874667520cc8df8e34dd650c:0x15 
0xece06ff5caa6797b874667520cc8df8e34dd650c:0x16 
0xece06ff5caa6797b874667520cc8df8e34dd650c:0x19 
0xece06ff5caa6797b874667520cc8df8e34dd650c:0x1a 
0xece06ff5caa6797b874667520cc8df8e34dd650c:0x1c 
0xece06ff5caa6797b874667520cc8df8e34dd650c:0x1d 
0xece06ff5caa6797b874667520cc8df8e34dd650c:0x1f 
0xece06ff5caa6797b874667520cc8df8e34dd650c:0x20 
0xece06ff5caa6797b874667520cc8df8e34dd650c:0x21 
0xece06ff5caa6797b874667520cc8df8e34dd650c:0x26 
0xece06ff5caa6797b874667520cc8df8e34dd650c:0x27 
0xece06ff5caa6797b874667520cc8df8e34dd650c:0x2a 
0xece06ff5caa6797b874667520cc8df8e34dd650c:0x2b 
0xece06ff5caa6797b874667520cc8df8e34dd650c:0x2c 
0xece06ff5caa6797b874667520cc8df8e34dd650c:0x31 
0xece06ff5caa6797b874667520cc8df8e34dd650c:0x32 
0xece06ff5caa6797b874667520cc8df8e34dd650c:0x35 
0xece06ff5caa6797b874667520cc8df8e34dd650c:0x36 
0xece06ff5caa6797b874667520cc8df8e34dd650c:0x37 
0xece06ff5caa6797b874667520cc8df8e34dd650c:0x3c 
0xece06ff5caa6797b874667520cc8df8e34dd650c:0x3d 
0xece06ff5caa6797b874667520cc8df8e34dd650c:0x40 
0xece06ff5caa6797b874667520cc8df8e34dd650c:0x41 
0xece06ff5caa6797b874667520cc8df8e34dd650c:0x42 
0xece06ff5caa6797b874667520cc8df8e34dd650c:0x47 
0xece06ff5caa6797b874667520cc8df8e34dd650c:0x48 
0xece06ff5caa6797b874667520cc8df8e34dd650c:0x4b 
0xece06ff5caa6797b874667520cc8df8e34dd650c:0x23b 
0xece06ff5caa6797b874667520cc8df8e34dd650c:0x23c 
0xece06ff5caa6797b874667520cc8df8e34dd650c:0x23f 
0xece06ff5caa6797b874667520cc8df8e34dd650c:0x242 
0xece06ff5caa6797b874667520cc8df8e34dd650c:0x386 
0xece06ff5caa6797b874667520cc8df8e34dd650c:0x387 
0xece06ff5caa6797b874667520cc8df8e34dd650c:0x389 
0xece06ff5caa6797b874667520cc8df8e34dd650c:0x38b 
0xece06ff5caa6797b874667520cc8df8e34dd650c:0x38c 
0xece06ff5caa6797b874667520cc8df8e34dd650c:0x38e 
0xece06ff5caa6797b874667520cc8df8e34dd650c:0x38f 
0xece06ff5caa6797b874667520cc8df8e34dd650c:0x390 
0xece06ff5caa6797b874667520cc8df8e34dd650c:0x391 
0xece06ff5caa6797b874667520cc8df8e34dd650c:0x392 
0xece06ff5caa6797b874667520cc8df8e34dd650c:0x393 
0xece06ff5caa6797b874667520cc8df8e34dd650c:0x243 
0xece06ff5caa6797b874667520cc8df8e34dd650c:0x244 
0xece06ff5caa6797b874667520cc8df8e34dd650c:0x246 
0xece06ff5caa6797b874667520cc8df8e34dd650c:0x247 
0xece06ff5caa6797b874667520cc8df8e34dd650c:0x248 
0xece06ff5caa6797b874667520cc8df8e34dd650c:0x249 
0xece06ff5caa6797b874667520cc8df8e34dd650c:0x24a 
0xece06ff5caa6797b874667520cc8df8e34dd650c:0x24b 
0xece06ff5caa6797b874667520cc8df8e34dd650c:0x24c 
0xece06ff5caa6797b874667520cc8df8e34dd650c:0x24d 
0xece06ff5caa6797b874667520cc8df8e34dd650c:0x24e 
0xece06ff5caa6797b874667520cc8df8e34dd650c:0x24f 
0xece06ff5caa6797b874667520cc8df8e34dd650c:0x251 
0xece06ff5caa6797b874667520cc8df8e34dd650c:0x252 
0xece06ff5caa6797b874667520cc8df8e34dd650c:0x253 
0xece06ff5caa6797b874667520cc8df8e34dd650c:0x254 
0xece06ff5caa6797b874667520cc8df8e34dd650c:0x255 
0xece06ff5caa6797b874667520cc8df8e34dd650c:0x257 
0xece06ff5caa6797b874667520cc8df8e34dd650c:0x258 
0xece06ff5caa6797b874667520cc8df8e34dd650c:0x259 
0xece06ff5caa6797b874667520cc8df8e34dd650c:0x25a 
0xece06ff5caa6797b874667520cc8df8e34dd650c:0x25b 
0xece06ff5caa6797b874667520cc8df8e34dd650c:0x25c 
---
0xece06ff5caa6797b874667520cc8df8e34dd650c:0x0 
0xece06ff5caa6797b874667520cc8df8e34dd650c:0x2 
0xece06ff5caa6797b874667520cc8df8e34dd650c:0x4 
0xece06ff5caa6797b874667520cc8df8e34dd650c:0x5 
0xece06ff5caa6797b874667520cc8df8e34dd650c:0x6 
0xece06ff5caa6797b874667520cc8df8e34dd650c:0x7 
0xece06ff5caa6797b874667520cc8df8e34dd650c:0x8 
0xece06ff5caa6797b874667520cc8df8e34dd650c:0xb 
0xece06ff5caa6797b874667520cc8df8e34dd650c:0x10 
0xece06ff5caa6797b874667520cc8df8e34dd650c:0x11 
0xece06ff5caa6797b874667520cc8df8e34dd650c:0x12 
0xece06ff5caa6797b874667520cc8df8e34dd650c:0x14 
0xece06ff5caa6797b874667520cc8df8e34dd650c:0x15 
0xece06ff5caa6797b874667520cc8df8e34dd650c:0x16 
0xece06ff5caa6797b874667520cc8df8e34dd650c:0x19 
0xece06ff5caa6797b874667520cc8df8e34dd650c:0x1a 
0xece06ff5caa6797b874667520cc8df8e34dd650c:0x1c 
0xece06ff5caa6797b874667520cc8df8e34dd650c:0x1d 
0xece06ff5caa6797b874667520cc8df8e34dd650c:0x1f 
0xece06ff5caa6797b874667520cc8df8e34dd650c:0x20 
0xece06ff5caa6797b874667520cc8df8e34dd650c:0x21 
0xece06ff5caa6797b874667520cc8df8e34dd650c:0x26 
0xece06ff5caa6797b874667520cc8df8e34dd650c:0x27 
0xece06ff5caa6797b874667520cc8df8e34dd650c:0x2a 
0xece06ff5caa6797b874667520cc8df8e34dd650c:0x66 
0xece06ff5caa6797b874667520cc8df8e34dd650c:0x67 
0xece06ff5caa6797b874667520cc8df8e34dd650c:0x68 
0xece06ff5caa6797b874667520cc8df8e34dd650c:0x6d 
0xece06ff5caa6797b874667520cc8df8e34dd650c:0x6e 
0xece06ff5caa6797b874667520cc8df8e34dd650c:0x71 
0xece06ff5caa6797b874667520cc8df8e34dd650c:0x72 
0xece06ff5caa6797b874667520cc8df8e34dd650c:0x73 
0xece06ff5caa6797b874667520cc8df8e34dd650c:0x78 
0xece06ff5caa6797b874667520cc8df8e34dd650c:0x79 
0xece06ff5caa6797b874667520cc8df8e34dd650c:0x7c 
0xece06ff5caa6797b874667520cc8df8e34dd650c:0x7d 
0xece06ff5caa6797b874667520cc8df8e34dd650c:0x7e 
0xece06ff5caa6797b874667520cc8df8e34dd650c:0x83 
0xece06ff5caa6797b874667520cc8df8e34dd650c:0x84 
0xece06ff5caa6797b874667520cc8df8e34dd650c:0x87 
0xece06ff5caa6797b874667520cc8df8e34dd650c:0x88 
0xece06ff5caa6797b874667520cc8df8e34dd650c:0x89 
0xece06ff5caa6797b874667520cc8df8e34dd650c:0x8e 
0xece06ff5caa6797b874667520cc8df8e34dd650c:0x8f 
0xece06ff5caa6797b874667520cc8df8e34dd650c:0x92 
0xece06ff5caa6797b874667520cc8df8e34dd650c:0x1af 
0xece06ff5caa6797b874667520cc8df8e34dd650c:0x1b0 
0xece06ff5caa6797b874667520cc8df8e34dd650c:0x1b3 
0xece06ff5caa6797b874667520cc8df8e34dd650c:0x1b6 
0xece06ff5caa6797b874667520cc8df8e34dd650c:0x2d9 
0xece06ff5caa6797b874667520cc8df8e34dd650c:0x2da 
0xece06ff5caa6797b874667520cc8df8e34dd650c:0x2dc 
0xece06ff5caa6797b874667520cc8df8e34dd650c:0x2df 
0xece06ff5caa6797b874667520cc8df8e34dd650c:0x2e2 
0xece06ff5caa6797b874667520cc8df8e34dd650c:0x2cd 
0xece06ff5caa6797b874667520cc8df8e34dd650c:0x2ce 
0xece06ff5caa6797b874667520cc8df8e34dd650c:0x2d0 
0xece06ff5caa6797b874667520cc8df8e34dd650c:0x2d1 
0xece06ff5caa6797b874667520cc8df8e34dd650c:0x2d3 
0xece06ff5caa6797b874667520cc8df8e34dd650c:0x2d4 
0xece06ff5caa6797b874667520cc8df8e34dd650c:0x2d5 
0xece06ff5caa6797b874667520cc8df8e34dd650c:0x2d6 
0xece06ff5caa6797b874667520cc8df8e34dd650c:0x2d7 
0xece06ff5caa6797b874667520cc8df8e34dd650c:0x2d8 
0xece06ff5caa6797b874667520cc8df8e34dd650c:0x2e3 
0xece06ff5caa6797b874667520cc8df8e34dd650c:0x2e4 
0xece06ff5caa6797b874667520cc8df8e34dd650c:0x2e5 
0xece06ff5caa6797b874667520cc8df8e34dd650c:0x2e6 
0xece06ff5caa6797b874667520cc8df8e34dd650c:0x2e7 
0xece06ff5caa6797b874667520cc8df8e34dd650c:0x2e8 
0xece06ff5caa6797b874667520cc8df8e34dd650c:0x1b7 
0xece06ff5caa6797b874667520cc8df8e34dd650c:0x1b8 
0xece06ff5caa6797b874667520cc8df8e34dd650c:0x1ba 
0xece06ff5caa6797b874667520cc8df8e34dd650c:0x1bb 
0xece06ff5caa6797b874667520cc8df8e34dd650c:0x1bc 
0xece06ff5caa6797b874667520cc8df8e34dd650c:0x1bd 
0xece06ff5caa6797b874667520cc8df8e34dd650c:0x1be 
0xece06ff5caa6797b874667520cc8df8e34dd650c:0x1bf 
0xece06ff5caa6797b874667520cc8df8e34dd650c:0x1c0 
0xece06ff5caa6797b874667520cc8df8e34dd650c:0x1c1 
0xece06ff5caa6797b874667520cc8df8e34dd650c:0x1c2 
0xece06ff5caa6797b874667520cc8df8e34dd650c:0x1c3 
0xece06ff5caa6797b874667520cc8df8e34dd650c:0x1c5 
0xece06ff5caa6797b874667520cc8df8e34dd650c:0x1c6 
0xece06ff5caa6797b874667520cc8df8e34dd650c:0x1c7 
0xece06ff5caa6797b874667520cc8df8e34dd650c:0x1c8 
0xece06ff5caa6797b874667520cc8df8e34dd650c:0x1c9 
0xece06ff5caa6797b874667520cc8df8e34dd650c:0x1cb 
0xece06ff5caa6797b874667520cc8df8e34dd650c:0x1cc 
0xece06ff5caa6797b874667520cc8df8e34dd650c:0x1cd 
0xece06ff5caa6797b874667520cc8df8e34dd650c:0x1ce 
0xece06ff5caa6797b874667520cc8df8e34dd650c:0x1cf 
0xece06ff5caa6797b874667520cc8df8e34dd650c:0x1d0 
