---
0xece06ff5caa6797b874667520cc8df8e34dd650c:0x0 *
0xece06ff5caa6797b874667520cc8df8e34dd650c:0x2 *
0xece06ff5caa6797b874667520cc8df8e34dd650c:0x4 *
0xece06ff5caa6797b874667520cc8df8e34dd650c:0x5 *
0xece06ff5caa6797b874667520cc8df8e34dd650c:0x6 *
0xece06ff5caa6797b874667520cc8df8e34dd650c:0x7 *
0xece06ff5caa6797b874667520cc8df8e34dd650c:0x8 *
0xece06ff5caa6797b874667520cc8df8e34dd650c:0xb *
0xece06ff5caa6797b874667520cc8df8e34dd650c:0x10 *
0xece06ff5caa6797b874667520cc8df8e34dd650c:0x11 *
0xece06ff5caa6797b874667520cc8df8e34dd650c:0x12 *
0xece06ff5caa6797b874667520cc8df8e34dd650c:0x14 *
0xece06ff5caa6797b874667520cc8df8e34dd650c:0x15 *
0xece06ff5caa6797b874667520cc8df8e34dd650c:0x18 *
0xece06ff5caa6797b874667520cc8df8e34dd650c:0x19 *
0xece06ff5caa6797b874667520cc8df8e34dd650c:0x1a *
0xece06ff5caa6797b874667520cc8df8e34dd650c:0x1b *
0xece06ff5caa6797b874667520cc8df8e34dd650c:0x1e *
0xece06ff5caa6797b874667520cc8df8e34dd650c:0x1f *
0xece06ff5caa6797b874667520cc8df8e34dd650c:0x20 *
0xece06ff5caa6797b874667520cc8df8e34dd650c:0x21 *
0xece06ff5caa6797b874667520cc8df8e34dd650c:0x22 *
0xece06ff5caa6797b874667520cc8df8e34dd650c:0x23 *
0xece06ff5caa6797b874667520cc8df8e34dd650c:0x25 *
0xece06ff5caa6797b874667520cc8df8e34dd650c:0x26 *
0xece06ff5caa6797b874667520cc8df8e34dd650c:0x28 *
0xece06ff5caa6797b874667520cc8df8e34dd650c:0x29 *
0xece06ff5caa6797b874667520cc8df8e34dd650c:0x2a *
0xece06ff5caa6797b874667520cc8df8e34dd650c:0x2b *
0xece06ff5caa6797b874667520cc8df8e34dd650c:0x2e *
0xece06ff5caa6797b874667520cc8df8e34dd650c:0x33 *
0xece06ff5caa6797b874667520cc8df8e34dd650c:0x34 *
0xece06ff5caa6797b874667520cc8df8e34dd650c:0x35 *
0xece06ff5caa6797b874667520cc8df8e34dd650c:0x36 *
0xece06ff5caa6797b874667520cc8df8e34dd650c:0x37 *
0xece06ff5caa6797b874667520cc8df8e34dd650c:0x38 *
0xece06ff5caa6797b874667520cc8df8e34dd650c:0x39 *
0xece06ff5caa6797b874667520cc8df8e34dd650c:0x3a *
0xece06ff5caa6797b874667520cc8df8e34dd650c:0x3b *
0xece06ff5caa6797b874667520cc8df8e34dd650c:0x3d *
0xece06ff5caa6797b874667520cc8df8e34dd650c:0x3e *
0xece06ff5caa6797b874667520cc8df8e34dd650c:0x3f *
0xece06ff5caa6797b874667520cc8df8e34dd650c:0x40 *
0xece06ff5caa6797b874667520cc8df8e34dd650c:0x41 *
0xece06ff5caa6797b874667520cc8df8e34dd650c:0x42 *
0xece06ff5caa6797b874667520cc8df8e34dd650c:0x43 *
0xece06ff5caa6797b874667520cc8df8e34dd650c:0x44 *
0xece06ff5caa6797b874667520cc8df8e34dd650c:0x45 *
0xece06ff5caa6797b874667520cc8df8e34dd650c:0x46 *
0xece06ff5caa6797b874667520cc8df8e34dd650c:0x57 *
0xece06ff5caa6797b874667520cc8df8e34dd650c:0x58 *
0xece06ff5caa6797b874667520cc8df8e34dd650c:0x5a *
0xece06ff5caa6797b874667520cc8df8e34dd650c:0x5b *
0xece06ff5caa6797b874667520cc8df8e34dd650c:0x5c *
0xece06ff5caa6797b874667520cc8df8e34dd650c:0x5d *
0xece06ff5caa6797b874667520cc8df8e34dd650c:0x5e *
0xece06ff5caa6797b874667520cc8df8e34dd650c:0x60 *
0xece06ff5caa6797b874667520cc8df8e34dd650c:0x61 *
0xece06ff5caa6797b874667520cc8df8e34dd650c:0x62 *
0xece06ff5caa6797b874667520cc8df8e34dd650c:0x63 *
0xece06ff5caa6797b874667520cc8df8e34dd650c:0x64 *
0xece06ff5caa6797b874667520cc8df8e34dd650c:0x65 *
0xece06ff5caa6797b874667520cc8df8e34dd650c:0x66 *
0xece06ff5caa6797b874667520cc8df8e34dd650c:0x69 *
0xece06ff5caa6797b874667520cc8df8e34dd650c:0x6a *
0xece06ff5caa6797b874667520cc8df8e34dd650c:0x6d *
0xece06ff5caa6797b874667520cc8df8e34dd650c:0x6f *
0xece06ff5caa6797b874667520cc8df8e34dd650c:0x70 *
0xece06ff5caa6797b874667520cc8df8e34dd650c:0x72 *
---
0xece06ff5caa6797b874667520cc8df8e34dd650c:0x0 
0xece06ff5caa6797b874667520cc8df8e34dd650c:0x2 
0xece06ff5caa6797b874667520cc8df8e34dd650c:0x4 
0xece06ff5caa6797b874667520cc8df8e34dd650c:0x5 
0xece06ff5caa6797b874667520cc8df8e34dd650c:0x6 
0xece06ff5caa6797b874667520cc8df8e34dd650c:0x7 
0xece06ff5caa6797b874667520cc8df8e34dd650c:0x8 
0xece06ff5caa6797b874667520cc8df8e34dd650c:0xb 
0xece06ff5caa6797b874667520cc8df8e34dd650c:0x10 
0xece06ff5caa6797b874667520cc8df8e34dd650c:0x11 
0xece06ff5caa6797b874667520cc8df8e34dd650c:0x12 
0xece06ff5caa6797b874667520cc8df8e34dd650c:0x14 
0xece06ff5caa6797b874667520cc8df8e34dd650c:0x15 
0xece06ff5caa6797b874667520cc8df8e34dd650c:0x16 
0xece06ff5caa6797b874667520cc8df8e34dd650c:0x19 
0xece06ff5caa6797b874667520cc8df8e34dd650c:0x1a 
0xece06ff5caa6797b874667520cc8df8e34dd650c:0x1c 
0xece06ff5caa6797b874667520cc8df8e34dd650c:0x1d 
0xece06ff5caa6797b874667520cc8df8e34dd650c:0x1f 
0xece06ff5caa6797b874667520cc8df8e34dd650c:0x20 
0xece06ff5caa6797b874667520cc8df8e34dd650c:0x21 
0xece06ff5caa6797b874667520cc8df8e34dd650c:0x26 
0xece06ff5caa6797b874667520cc8df8e34dd650c:0x27 
0xece06ff5caa6797b874667520cc8df8e34dd650c:0x2a 
0xece06ff5caa6797b874667520cc8df8e34dd650c:0x66 
0xece06ff5caa6797b874667520cc8df8e34dd650c:0x67 
0xece06ff5caa6797b874667520cc8df8e34dd650c:0x68 
0xece06ff5caa6797b874667520cc8df8e34dd650c:0x6d 
0xece06ff5caa6797b874667520cc8df8e34dd650c:0x6e 
0xece06ff5caa6797b874667520cc8df8e34dd650c:0x71 
0xece06ff5caa6797b874667520cc8df8e34dd650c:0xa3 
0xece06ff5caa6797b874667520cc8df8e34dd650c:0xa4 
0xece06ff5caa6797b874667520cc8df8e34dd650c:0xa7 
0xece06ff5caa6797b874667520cc8df8e34dd650c:0xa9 
0xece06ff5caa6797b874667520cc8df8e34dd650c:0xaa 
0xece06ff5caa6797b874667520cc8df8e34dd650c:0xab 
0xece06ff5caa6797b874667520cc8df8e34dd650c:0xac 
0xece06ff5caa6797b874667520cc8df8e34dd650c:0xae 
0xece06ff5caa6797b874667520cc8df8e34dd650c:0xaf 
0xece06ff5caa6797b874667520cc8df8e34dd650c:0xb0 
0xece06ff5caa6797b874667520cc8df8e34dd650c:0xb1 
0xece06ff5caa6797b874667520cc8df8e34dd650c:0xb4 
0xece06ff5caa6797b874667520cc8df8e34dd650c:0xb9 
0xece06ff5caa6797b874667520cc8df8e34dd650c:0xba 
0xece06ff5caa6797b874667520cc8df8e34dd650c:0xbb 
0xece06ff5caa6797b874667520cc8df8e34dd650c:0xbc 
0xece06ff5caa6797b874667520cc8df8e34dd650c:0xbd 
0xece06ff5caa6797b874667520cc8df8e34dd650c:0xbe 
0xece06ff5caa6797b874667520cc8df8e34dd650c:0xbf 
0xece06ff5caa6797b874667520cc8df8e34dd650c:0xc0 
0xece06ff5caa6797b874667520cc8df8e34dd650c:0xc1 
0xece06ff5caa6797b874667520cc8df8e34dd650c:0xc3 
0xece06ff5caa6797b874667520cc8df8e34dd650c:0xc4 
0xece06ff5caa6797b874667520cc8df8e34dd650c:0xc5 
0xece06ff5caa6797b874667520cc8df8e34dd650c:0xc6 
0xece06ff5caa6797b874667520cc8df8e34dd650c:0xc7 
0xece06ff5caa6797b874667520cc8df8e34dd650c:0xc8 
0xece06ff5caa6797b874667520cc8df8e34dd650c:0xc9 
0xece06ff5caa6797b874667520cc8df8e34dd650c:0xca 
0xece06ff5caa6797b874667520cc8df8e34dd650c:0xcb 
0xece06ff5caa6797b874667520cc8df8e34dd650c:0xcd 
0xece06ff5caa6797b874667520cc8df8e34dd650c:0xce 
0xece06ff5caa6797b874667520cc8df8e34dd650c:0xcf 
0xece06ff5caa6797b874667520cc8df8e34dd650c:0xd0 
0xece06ff5caa6797b874667520cc8df8e34dd650c:0xd1 
0xece06ff5caa6797b874667520cc8df8e34dd650c:0xd2 
0xece06ff5caa6797b874667520cc8df8e34dd650c:0xd3 
0xece06ff5caa6797b874667520cc8df8e34dd650c:0xd4 
0xece06ff5caa6797b874667520cc8df8e34dd650c:0xd5 
0xece06ff5caa6797b874667520cc8df8e34dd650c:0xd7 
0xece06ff5caa6797b874667520cc8df8e34dd650c:0xd8 
0xece06ff5caa6797b874667520cc8df8e34dd650c:0xd9 
0xece06ff5caa6797b874667520cc8df8e34dd650c:0xdf 
0xece06ff5caa6797b874667520cc8df8e34dd650c:0xe0 
0xece06ff5caa6797b874667520cc8df8e34dd650c:0xe1 
0xece06ff5caa6797b874667520cc8df8e34dd650c:0xe2 
0xece06ff5caa6797b874667520cc8df8e34dd650c:0xe5 
0xece06ff5caa6797b874667520cc8df8e34dd650c:0xea 
0xece06ff5caa6797b874667520cc8df8e34dd650c:0xeb 
0xece06ff5caa6797b874667520cc8df8e34dd650c:0xec 
0xece06ff5caa6797b874667520cc8df8e34dd650c:0xed 
0xece06ff5caa6797b874667520cc8df8e34dd650c:0xee 
0xece06ff5caa6797b874667520cc8df8e34dd650c:0xf0 
0xece06ff5caa6797b874667520cc8df8e34dd650c:0xf1 
0xece06ff5caa6797b874667520cc8df8e34dd650c:0xf2 
0xece06ff5caa6797b874667520cc8df8e34dd650c:0xf3 
0xece06ff5caa6797b874667520cc8df8e34dd650c:0xf4 
0xece06ff5caa6797b874667520cc8df8e34dd650c:0xf7 
0xece06ff5caa6797b874667520cc8df8e34dd650c:0xfc 
0xece06ff5caa6797b874667520cc8df8e34dd650c:0xfd 
0xece06ff5caa6797b874667520cc8df8e34dd650c:0xfe 
0xece06ff5caa6797b874667520cc8df8e34dd650c:0xff 
0xece06ff5caa6797b874667520cc8df8e34dd650c:0x100 
0xece06ff5caa6797b874667520cc8df8e34dd650c:0x102 
0xece06ff5caa6797b874667520cc8df8e34dd650c:0x103 
0xece06ff5caa6797b874667520cc8df8e34dd650c:0x104 
0xece06ff5caa6797b874667520cc8df8e34dd650c:0x105 
0xece06ff5caa6797b874667520cc8df8e34dd650c:0x107 
0xece06ff5caa6797b874667520cc8df8e34dd650c:0x108 
0xece06ff5caa6797b874667520cc8df8e34dd650c:0x109 
0xece06ff5caa6797b874667520cc8df8e34dd650c:0x10a 
0xece06ff5caa6797b874667520cc8df8e34dd650c:0x10b 
0xece06ff5caa6797b874667520cc8df8e34dd650c:0x10c 
0xece06ff5caa6797b874667520cc8df8e34dd650c:0x112 
0xece06ff5caa6797b874667520cc8df8e34dd650c:0x113 
0xece06ff5caa6797b874667520cc8df8e34dd650c:0x114 
0xece06ff5caa6797b874667520cc8df8e34dd650c:0x115 
0xece06ff5caa6797b874667520cc8df8e34dd650c:0x116 
0xece06ff5caa6797b874667520cc8df8e34dd650c:0x119 
0xece06ff5caa6797b874667520cc8df8e34dd650c:0x11e 
0xece06ff5caa6797b874667520cc8df8e34dd650c:0x11f 
0xece06ff5caa6797b874667520cc8df8e34dd650c:0x120 
0xece06ff5caa6797b874667520cc8df8e34dd650c:0x121 
0xece06ff5caa6797b874667520cc8df8e34dd650c:0x122 
0xece06ff5caa6797b874667520cc8df8e34dd650c:0x123 
0xece06ff5caa6797b874667520cc8df8e34dd650c:0x125 
0xece06ff5caa6797b874667520cc8df8e34dd650c:0x126 
0xece06ff5caa6797b874667520cc8df8e34dd650c:0x128 
0xece06ff5caa6797b874667520cc8df8e34dd650c:0x129 
0xece06ff5caa6797b874667520cc8df8e34dd650c:0x12b 
0xece06ff5caa6797b874667520cc8df8e34dd650c:0x12c 
0xece06ff5caa6797b874667520cc8df8e34dd650c:0x12d 
0xece06ff5caa6797b874667520cc8df8e34dd650c:0x12e 
0xece06ff5caa6797b874667520cc8df8e34dd650c:0x12f 
0xece06ff5caa6797b874667520cc8df8e34dd650c:0x131 
0xece06ff5caa6797b874667520cc8df8e34dd650c:0x132 
0xece06ff5caa6797b874667520cc8df8e34dd650c:0x133 
0xece06ff5caa6797b874667520cc8df8e34dd650c:0x134 
0xece06ff5caa6797b874667520cc8df8e34dd650c:0x135 
0xece06ff5caa6797b874667520cc8df8e34dd650c:0x136 
0xece06ff5caa6797b874667520cc8df8e34dd650c:0x137 
0xece06ff5caa6797b874667520cc8df8e34dd650c:0x138 
0xece06ff5caa6797b874667520cc8df8e34dd650c:0x139 
0xece06ff5caa6797b874667520cc8df8e34dd650c:0x13a 
0xece06ff5caa6797b874667520cc8df8e34dd650c:0x13c 
0xece06ff5caa6797b874667520cc8df8e34dd650c:0x13d 
0xece06ff5caa6797b874667520cc8df8e34dd650c:0x13e 
0xece06ff5caa6797b874667520cc8df8e34dd650c:0x13f 
0xece06ff5caa6797b874667520cc8df8e34dd650c:0x141 
0xece06ff5caa6797b874667520cc8df8e34dd650c:0x142 
0xece06ff5caa6797b874667520cc8df8e34dd650c:0x143 
0xece06ff5caa6797b874667520cc8df8e34dd650c:0x144 
0xece06ff5caa6797b874667520cc8df8e34dd650c:0x145 
0xece06ff5caa6797b874667520cc8df8e34dd650c:0x146 
0xece06ff5caa6797b874667520cc8df8e34dd650c:0x148 
0xece06ff5caa6797b874667520cc8df8e34dd650c:0x149 
0xece06ff5caa6797b874667520cc8df8e34dd650c:0x14a 
0xece06ff5caa6797b874667520cc8df8e34dd650c:0x14b 
0xece06ff5caa6797b874667520cc8df8e34dd650c:0x14c 
0xece06ff5caa6797b874667520cc8df8e34dd650c:0x14e 
0xece06ff5caa6797b874667520cc8df8e34dd650c:0x14f 
0xece06ff5caa6797b874667520cc8df8e34dd650c:0x151 
0xece06ff5caa6797b874667520cc8df8e34dd650c:0x152 
0xece06ff5caa6797b874667520cc8df8e34dd650c:0x153 
0xece06ff5caa6797b874667520cc8df8e34dd650c:0x154 
0xece06ff5caa6797b874667520cc8df8e34dd650c:0x155 
0xece06ff5caa6797b874667520cc8df8e34dd650c:0x156 
0xece06ff5caa6797b874667520cc8df8e34dd650c:0x157 
0xece06ff5caa6797b874667520cc8df8e34dd650c:0x158 
0xece06ff5caa6797b874667520cc8df8e34dd650c:0x159 
0xece06ff5caa6797b874667520cc8df8e34dd650c:0x15a 
0xece06ff5caa6797b874667520cc8df8e34dd650c:0x15b 
0xece06ff5caa6797b874667520cc8df8e34dd650c:0x15c 
0xece06ff5caa6797b874667520cc8df8e34dd650c:0x15d 
0xece06ff5caa6797b874667520cc8df8e34dd650c:0x15e 
0xece06ff5caa6797b874667520cc8df8e34dd650c:0x15f 
0xece06ff5caa6797b874667520cc8df8e34dd650c:0x160 
0xece06ff5caa6797b874667520cc8df8e34dd650c:0x161 
0xece06ff5caa6797b874667520cc8df8e34dd650c:0x162 
0xece06ff5caa6797b874667520cc8df8e34dd650c:0x163 
0xece06ff5caa6797b874667520cc8df8e34dd650c:0x164 
0xece06ff5caa6797b874667520cc8df8e34dd650c:0x165 
0xece06ff5caa6797b874667520cc8df8e34dd650c:0x166 
0xece06ff5caa6797b874667520cc8df8e34dd650c:0x167 
0xece06ff5caa6797b874667520cc8df8e34dd650c:0x168 
0xece06ff5caa6797b874667520cc8df8e34dd650c:0x169 
0xece06ff5caa6797b874667520cc8df8e34dd650c:0x16c 
0xece06ff5caa6797b874667520cc8df8e34dd650c:0x29d 
0xece06ff5caa6797b874667520cc8df8e34dd650c:0x29e 
0xece06ff5caa6797b874667520cc8df8e34dd650c:0x29f 
0xece06ff5caa6797b874667520cc8df8e34dd650c:0x2a1 
0xece06ff5caa6797b874667520cc8df8e34dd650c:0x2a2 
0xece06ff5caa6797b874667520cc8df8e34dd650c:0x2a3 
0xece06ff5caa6797b874667520cc8df8e34dd650c:0x2a4 
0xece06ff5caa6797b874667520cc8df8e34dd650c:0x2a5 
0xece06ff5caa6797b874667520cc8df8e34dd650c:0x2a6 
0xece06ff5caa6797b874667520cc8df8e34dd650c:0x2a8 
0xece06ff5caa6797b874667520cc8df8e34dd650c:0x2a9 
0xece06ff5caa6797b874667520cc8df8e34dd650c:0x2aa 
0xece06ff5caa6797b874667520cc8df8e34dd650c:0x2ab 
0xece06ff5caa6797b874667520cc8df8e34dd650c:0x2ac 
0xece06ff5caa6797b874667520cc8df8e34dd650c:0x2ad 
0xece06ff5caa6797b874667520cc8df8e34dd650c:0x2af 
0xece06ff5caa6797b874667520cc8df8e34dd650c:0x2b0 
0xece06ff5caa6797b874667520cc8df8e34dd650c:0x2b1 
0xece06ff5caa6797b874667520cc8df8e34dd650c:0x2b2 
0xece06ff5caa6797b874667520cc8df8e34dd650c:0x2b3 
0xece06ff5caa6797b874667520cc8df8e34dd650c:0x2b5 
0xece06ff5caa6797b874667520cc8df8e34dd650c:0x2b6 
0xece06ff5caa6797b874667520cc8df8e34dd650c:0x2b7 
0xece06ff5caa6797b874667520cc8df8e34dd650c:0x2ba 
0xece06ff5caa6797b874667520cc8df8e34dd650c:0x2bb 
0xece06ff5caa6797b874667520cc8df8e34dd650c:0x2bc 
0xece06ff5caa6797b874667520cc8df8e34dd650c:0x2bd 
0xece06ff5caa6797b874667520cc8df8e34dd650c:0x2c0 
0xece06ff5caa6797b874667520cc8df8e34dd650c:0x401 
0xece06ff5caa6797b874667520cc8df8e34dd650c:0x402 
0xece06ff5caa6797b874667520cc8df8e34dd650c:0x403 
0xece06ff5caa6797b874667520cc8df8e34dd650c:0x404 
0xece06ff5caa6797b874667520cc8df8e34dd650c:0x405 
0xece06ff5caa6797b874667520cc8df8e34dd650c:0x406 
0xece06ff5caa6797b874667520cc8df8e34dd650c:0x407 
0xece06ff5caa6797b874667520cc8df8e34dd650c:0x408 
0xece06ff5caa6797b874667520cc8df8e34dd650c:0x409 
0xece06ff5caa6797b874667520cc8df8e34dd650c:0x40b 
0xece06ff5caa6797b874667520cc8df8e34dd650c:0x40c 
0xece06ff5caa6797b874667520cc8df8e34dd650c:0x40e 
0xece06ff5caa6797b874667520cc8df8e34dd650c:0x410 
0xece06ff5caa6797b874667520cc8df8e34dd650c:0x411 
0xece06ff5caa6797b874667520cc8df8e34dd650c:0x412 
0xece06ff5caa6797b874667520cc8df8e34dd650c:0x413 
0xece06ff5caa6797b874667520cc8df8e34dd650c:0x414 
0xece06ff5caa6797b874667520cc8df8e34dd650c:0x415 
0xece06ff5caa6797b874667520cc8df8e34dd650c:0x416 
0xece06ff5caa6797b874667520cc8df8e34dd650c:0x417 
0xece06ff5caa6797b874667520cc8df8e34dd650c:0x41a 
0xece06ff5caa6797b874667520cc8df8e34dd650c:0x41b 
0xece06ff5caa6797b874667520cc8df8e34dd650c:0x41c 
0xece06ff5caa6797b874667520cc8df8e34dd650c:0x41e 
0xece06ff5caa6797b874667520cc8df8e34dd650c:0x41f 
0xece06ff5caa6797b874667520cc8df8e34dd650c:0x420 
0xece06ff5caa6797b874667520cc8df8e34dd650c:0x421 
0xece06ff5caa6797b874667520cc8df8e34dd650c:0x422 
0xece06ff5caa6797b874667520cc8df8e34dd650c:0x423 
0xece06ff5caa6797b874667520cc8df8e34dd650c:0x424 
0xece06ff5caa6797b874667520cc8df8e34dd650c:0x425 
0xece06ff5caa6797b874667520cc8df8e34dd650c:0x426 
0xece06ff5caa6797b874667520cc8df8e34dd650c:0x429 
0xece06ff5caa6797b874667520cc8df8e34dd650c:0x42a 
0xece06ff5caa6797b874667520cc8df8e34dd650c:0x42b 
0xece06ff5caa6797b874667520cc8df8e34dd650c:0x42c 
0xece06ff5caa6797b874667520cc8df8e34dd650c:0x42d 
0xece06ff5caa6797b874667520cc8df8e34dd650c:0x42e 
0xece06ff5caa6797b874667520cc8df8e34dd650c:0x42f 
0xece06ff5caa6797b874667520cc8df8e34dd650c:0x431 
0xece06ff5caa6797b874667520cc8df8e34dd650c:0x432 
0xece06ff5caa6797b874667520cc8df8e34dd650c:0x433 
0xece06ff5caa6797b874667520cc8df8e34dd650c:0x434 
0xece06ff5caa6797b874667520cc8df8e34dd650c:0x436 
0xece06ff5caa6797b874667520cc8df8e34dd650c:0x437 
0xece06ff5caa6797b874667520cc8df8e34dd650c:0x438 
0xece06ff5caa6797b874667520cc8df8e34dd650c:0x43b 
0xece06ff5caa6797b874667520cc8df8e34dd650c:0x421 
0xece06ff5caa6797b874667520cc8df8e34dd650c:0x422 
0xece06ff5caa6797b874667520cc8df8e34dd650c:0x423 
0xece06ff5caa6797b874667520cc8df8e34dd650c:0x424 
0xece06ff5caa6797b874667520cc8df8e34dd650c:0x425 
0xece06ff5caa6797b874667520cc8df8e34dd650c:0x426 
0xece06ff5caa6797b874667520cc8df8e34dd650c:0x429 
0xece06ff5caa6797b874667520cc8df8e34dd650c:0x42a 
0xece06ff5caa6797b874667520cc8df8e34dd650c:0x42b 
0xece06ff5caa6797b874667520cc8df8e34dd650c:0x42c 
0xece06ff5caa6797b874667520cc8df8e34dd650c:0x42d 
0xece06ff5caa6797b874667520cc8df8e34dd650c:0x42e 
0xece06ff5caa6797b874667520cc8df8e34dd650c:0x42f 
0xece06ff5caa6797b874667520cc8df8e34dd650c:0x431 
0xece06ff5caa6797b874667520cc8df8e34dd650c:0x432 
0xece06ff5caa6797b874667520cc8df8e34dd650c:0x433 
0xece06ff5caa6797b874667520cc8df8e34dd650c:0x434 
0xece06ff5caa6797b874667520cc8df8e34dd650c:0x436 
0xece06ff5caa6797b874667520cc8df8e34dd650c:0x437 
0xece06ff5caa6797b874667520cc8df8e34dd650c:0x438 
0xece06ff5caa6797b874667520cc8df8e34dd650c:0x43b 
0xece06ff5caa6797b874667520cc8df8e34dd650c:0x421 
0xece06ff5caa6797b874667520cc8df8e34dd650c:0x422 
0xece06ff5caa6797b874667520cc8df8e34dd650c:0x423 
0xece06ff5caa6797b874667520cc8df8e34dd650c:0x424 
0xece06ff5caa6797b874667520cc8df8e34dd650c:0x425 
0xece06ff5caa6797b874667520cc8df8e34dd650c:0x426 
0xece06ff5caa6797b874667520cc8df8e34dd650c:0x429 
0xece06ff5caa6797b874667520cc8df8e34dd650c:0x42a 
0xece06ff5caa6797b874667520cc8df8e34dd650c:0x42b 
0xece06ff5caa6797b874667520cc8df8e34dd650c:0x42c 
0xece06ff5caa6797b874667520cc8df8e34dd650c:0x42d 
0xece06ff5caa6797b874667520cc8df8e34dd650c:0x42e 
0xece06ff5caa6797b874667520cc8df8e34dd650c:0x42f 
0xece06ff5caa6797b874667520cc8df8e34dd650c:0x431 
0xece06ff5caa6797b874667520cc8df8e34dd650c:0x432 
0xece06ff5caa6797b874667520cc8df8e34dd650c:0x433 
0xece06ff5caa6797b874667520cc8df8e34dd650c:0x434 
0xece06ff5caa6797b874667520cc8df8e34dd650c:0x436 
0xece06ff5caa6797b874667520cc8df8e34dd650c:0x437 
0xece06ff5caa6797b874667520cc8df8e34dd650c:0x438 
0xece06ff5caa6797b874667520cc8df8e34dd650c:0x43b 
0xece06ff5caa6797b874667520cc8df8e34dd650c:0x421 
0xece06ff5caa6797b874667520cc8df8e34dd650c:0x422 
0xece06ff5caa6797b874667520cc8df8e34dd650c:0x423 
0xece06ff5caa6797b874667520cc8df8e34dd650c:0x424 
0xece06ff5caa6797b874667520cc8df8e34dd650c:0x425 
0xece06ff5caa6797b874667520cc8df8e34dd650c:0x426 
0xece06ff5caa6797b874667520cc8df8e34dd650c:0x429 
0xece06ff5caa6797b874667520cc8df8e34dd650c:0x42a 
0xece06ff5caa6797b874667520cc8df8e34dd650c:0x42b 
0xece06ff5caa6797b874667520cc8df8e34dd650c:0x42c 
0xece06ff5caa6797b874667520cc8df8e34dd650c:0x42d 
0xece06ff5caa6797b874667520cc8df8e34dd650c:0x42e 
0xece06ff5caa6797b874667520cc8df8e34dd650c:0x42f 
0xece06ff5caa6797b874667520cc8df8e34dd650c:0x431 
0xece06ff5caa6797b874667520cc8df8e34dd650c:0x432 
0xece06ff5caa6797b874667520cc8df8e34dd650c:0x433 
0xece06ff5caa6797b874667520cc8df8e34dd650c:0x434 
0xece06ff5caa6797b874667520cc8df8e34dd650c:0x436 
0xece06ff5caa6797b874667520cc8df8e34dd650c:0x437 
0xece06ff5caa6797b874667520cc8df8e34dd650c:0x438 
0xece06ff5caa6797b874667520cc8df8e34dd650c:0x43b 
0xece06ff5caa6797b874667520cc8df8e34dd650c:0x421 
0xece06ff5caa6797b874667520cc8df8e34dd650c:0x422 
0xece06ff5caa6797b874667520cc8df8e34dd650c:0x423 
0xece06ff5caa6797b874667520cc8df8e34dd650c:0x424 
0xece06ff5caa6797b874667520cc8df8e34dd650c:0x425 
0xece06ff5caa6797b874667520cc8df8e34dd650c:0x426 
0xece06ff5caa6797b874667520cc8df8e34dd650c:0x429 
0xece06ff5caa6797b874667520cc8df8e34dd650c:0x42a 
0xece06ff5caa6797b874667520cc8df8e34dd650c:0x42b 
0xece06ff5caa6797b874667520cc8df8e34dd650c:0x42c 
0xece06ff5caa6797b874667520cc8df8e34dd650c:0x42d 
0xece06ff5caa6797b874667520cc8df8e34dd650c:0x42e 
0xece06ff5caa6797b874667520cc8df8e34dd650c:0x42f 
0xece06ff5caa6797b874667520cc8df8e34dd650c:0x431 
0xece06ff5caa6797b874667520cc8df8e34dd650c:0x432 
0xece06ff5caa6797b874667520cc8df8e34dd650c:0x433 
0xece06ff5caa6797b874667520cc8df8e34dd650c:0x434 
0xece06ff5caa6797b874667520cc8df8e34dd650c:0x436 
0xece06ff5caa6797b874667520cc8df8e34dd650c:0x437 
0xece06ff5caa6797b874667520cc8df8e34dd650c:0x438 
0xece06ff5caa6797b874667520cc8df8e34dd650c:0x43b 
0xece06ff5caa6797b874667520cc8df8e34dd650c:0x421 
0xece06ff5caa6797b874667520cc8df8e34dd650c:0x422 
0xece06ff5caa6797b874667520cc8df8e34dd650c:0x423 
0xece06ff5caa6797b874667520cc8df8e34dd650c:0x424 
0xece06ff5caa6797b874667520cc8df8e34dd650c:0x425 
0xece06ff5caa6797b874667520cc8df8e34dd650c:0x426 
0xece06ff5caa6797b874667520cc8df8e34dd650c:0x429 
0xece06ff5caa6797b874667520cc8df8e34dd650c:0x42a 
0xece06ff5caa6797b874667520cc8df8e34dd650c:0x42b 
0xece06ff5caa6797b874667520cc8df8e34dd650c:0x42c 
0xece06ff5caa6797b874667520cc8df8e34dd650c:0x42d 
0xece06ff5caa6797b874667520cc8df8e34dd650c:0x42e 
0xece06ff5caa6797b874667520cc8df8e34dd650c:0x42f 
0xece06ff5caa6797b874667520cc8df8e34dd650c:0x431 
0xece06ff5caa6797b874667520cc8df8e34dd650c:0x432 
0xece06ff5caa6797b874667520cc8df8e34dd650c:0x433 
0xece06ff5caa6797b874667520cc8df8e34dd650c:0x434 
0xece06ff5caa6797b874667520cc8df8e34dd650c:0x436 
0xece06ff5caa6797b874667520cc8df8e34dd650c:0x437 
0xece06ff5caa6797b874667520cc8df8e34dd650c:0x438 
0xece06ff5caa6797b874667520cc8df8e34dd650c:0x43b 
0xece06ff5caa6797b874667520cc8df8e34dd650c:0x421 
0xece06ff5caa6797b874667520cc8df8e34dd650c:0x422 
0xece06ff5caa6797b874667520cc8df8e34dd650c:0x423 
0xece06ff5caa6797b874667520cc8df8e34dd650c:0x424 
0xece06ff5caa6797b874667520cc8df8e34dd650c:0x425 
0xece06ff5caa6797b874667520cc8df8e34dd650c:0x426 
0xece06ff5caa6797b874667520cc8df8e34dd650c:0x429 
0xece06ff5caa6797b874667520cc8df8e34dd650c:0x42a 
0xece06ff5caa6797b874667520cc8df8e34dd650c:0x42b 
0xece06ff5caa6797b874667520cc8df8e34dd650c:0x42c 
0xece06ff5caa6797b874667520cc8df8e34dd650c:0x42d 
0xece06ff5caa6797b874667520cc8df8e34dd650c:0x42e 
0xece06ff5caa6797b874667520cc8df8e34dd650c:0x42f 
0xece06ff5caa6797b874667520cc8df8e34dd650c:0x431 
0xece06ff5caa6797b874667520cc8df8e34dd650c:0x432 
0xece06ff5caa6797b874667520cc8df8e34dd650c:0x433 
0xece06ff5caa6797b874667520cc8df8e34dd650c:0x434 
0xece06ff5caa6797b874667520cc8df8e34dd650c:0x436 
0xece06ff5caa6797b874667520cc8df8e34dd650c:0x437 
0xece06ff5caa6797b874667520cc8df8e34dd650c:0x438 
0xece06ff5caa6797b874667520cc8df8e34dd650c:0x43b 
0xece06ff5caa6797b874667520cc8df8e34dd650c:0x421 
0xece06ff5caa6797b874667520cc8df8e34dd650c:0x422 
0xece06ff5caa6797b874667520cc8df8e34dd650c:0x423 
0xece06ff5caa6797b874667520cc8df8e34dd650c:0x424 
0xece06ff5caa6797b874667520cc8df8e34dd650c:0x425 
0xece06ff5caa6797b874667520cc8df8e34dd650c:0x426 
0xece06ff5caa6797b874667520cc8df8e34dd650c:0x429 
0xece06ff5caa6797b874667520cc8df8e34dd650c:0x42a 
0xece06ff5caa6797b874667520cc8df8e34dd650c:0x42b 
0xece06ff5caa6797b874667520cc8df8e34dd650c:0x42c 
0xece06ff5caa6797b874667520cc8df8e34dd650c:0x42d 
0xece06ff5caa6797b874667520cc8df8e34dd650c:0x42e 
0xece06ff5caa6797b874667520cc8df8e34dd650c:0x42f 
0xece06ff5caa6797b874667520cc8df8e34dd650c:0x431 
0xece06ff5caa6797b874667520cc8df8e34dd650c:0x432 
0xece06ff5caa6797b874667520cc8df8e34dd650c:0x433 
0xece06ff5caa6797b874667520cc8df8e34dd650c:0x434 
0xece06ff5caa6797b874667520cc8df8e34dd650c:0x436 
0xece06ff5caa6797b874667520cc8df8e34dd650c:0x437 
0xece06ff5caa6797b874667520cc8df8e34dd650c:0x438 
0xece06ff5caa6797b874667520cc8df8e34dd650c:0x43b 
0xece06ff5caa6797b874667520cc8df8e34dd650c:0x421 
0xece06ff5caa6797b874667520cc8df8e34dd650c:0x422 
0xece06ff5caa6797b874667520cc8df8e34dd650c:0x423 
0xece06ff5caa6797b874667520cc8df8e34dd650c:0x424 
0xece06ff5caa6797b874667520cc8df8e34dd650c:0x425 
0xece06ff5caa6797b874667520cc8df8e34dd650c:0x426 
0xece06ff5caa6797b874667520cc8df8e34dd650c:0x429 
0xece06ff5caa6797b874667520cc8df8e34dd650c:0x42a 
0xece06ff5caa6797b874667520cc8df8e34dd650c:0x42b 
0xece06ff5caa6797b874667520cc8df8e34dd650c:0x42c 
0xece06ff5caa6797b874667520cc8df8e34dd650c:0x42d 
0xece06ff5caa6797b874667520cc8df8e34dd650c:0x42e 
0xece06ff5caa6797b874667520cc8df8e34dd650c:0x42f 
0xece06ff5caa6797b874667520cc8df8e34dd650c:0x431 
0xece06ff5caa6797b874667520cc8df8e34dd650c:0x432 
0xece06ff5caa6797b874667520cc8df8e34dd650c:0x433 
0xece06ff5caa6797b874667520cc8df8e34dd650c:0x434 
0xece06ff5caa6797b874667520cc8df8e34dd650c:0x436 
0xece06ff5caa6797b874667520cc8df8e34dd650c:0x437 
0xece06ff5caa6797b874667520cc8df8e34dd650c:0x438 
0xece06ff5caa6797b874667520cc8df8e34dd650c:0x43b 
0xece06ff5caa6797b874667520cc8df8e34dd650c:0x421 
0xece06ff5caa6797b874667520cc8df8e34dd650c:0x422 
0xece06ff5caa6797b874667520cc8df8e34dd650c:0x423 
0xece06ff5caa6797b874667520cc8df8e34dd650c:0x424 
0xece06ff5caa6797b874667520cc8df8e34dd650c:0x425 
0xece06ff5caa6797b874667520cc8df8e34dd650c:0x426 
0xece06ff5caa6797b874667520cc8df8e34dd650c:0x429 
0xece06ff5caa6797b874667520cc8df8e34dd650c:0x42a 
0xece06ff5caa6797b874667520cc8df8e34dd650c:0x42b 
0xece06ff5caa6797b874667520cc8df8e34dd650c:0x42c 
0xece06ff5caa6797b874667520cc8df8e34dd650c:0x42d 
0xece06ff5caa6797b874667520cc8df8e34dd650c:0x42e 
0xece06ff5caa6797b874667520cc8df8e34dd650c:0x42f 
0xece06ff5caa6797b874667520cc8df8e34dd650c:0x431 
0xece06ff5caa6797b874667520cc8df8e34dd650c:0x432 
0xece06ff5caa6797b874667520cc8df8e34dd650c:0x433 
0xece06ff5caa6797b874667520cc8df8e34dd650c:0x434 
0xece06ff5caa6797b874667520cc8df8e34dd650c:0x436 
0xece06ff5caa6797b874667520cc8df8e34dd650c:0x437 
0xece06ff5caa6797b874667520cc8df8e34dd650c:0x438 
0xece06ff5caa6797b874667520cc8df8e34dd650c:0x43b 
0xece06ff5caa6797b874667520cc8df8e34dd650c:0x421 
0xece06ff5caa6797b874667520cc8df8e34dd650c:0x422 
0xece06ff5caa6797b874667520cc8df8e34dd650c:0x423 
0xece06ff5caa6797b874667520cc8df8e34dd650c:0x424 
0xece06ff5caa6797b874667520cc8df8e34dd650c:0x425 
0xece06ff5caa6797b874667520cc8df8e34dd650c:0x426 
0xece06ff5caa6797b874667520cc8df8e34dd650c:0x429 
0xece06ff5caa6797b874667520cc8df8e34dd650c:0x43c 
0xece06ff5caa6797b874667520cc8df8e34dd650c:0x43d 
0xece06ff5caa6797b874667520cc8df8e34dd650c:0x43e 
0xece06ff5caa6797b874667520cc8df8e34dd650c:0x43f 
0xece06ff5caa6797b874667520cc8df8e34dd650c:0x440 
0xece06ff5caa6797b874667520cc8df8e34dd650c:0x441 
0xece06ff5caa6797b874667520cc8df8e34dd650c:0x444 
0xece06ff5caa6797b874667520cc8df8e34dd650c:0x445 
0xece06ff5caa6797b874667520cc8df8e34dd650c:0x446 
0xece06ff5caa6797b874667520cc8df8e34dd650c:0x449 
0xece06ff5caa6797b874667520cc8df8e34dd650c:0x44e 
0xece06ff5caa6797b874667520cc8df8e34dd650c:0x44f 
0xece06ff5caa6797b874667520cc8df8e34dd650c:0x452 
0xece06ff5caa6797b874667520cc8df8e34dd650c:0x453 
0xece06ff5caa6797b874667520cc8df8e34dd650c:0x454 
0xece06ff5caa6797b874667520cc8df8e34dd650c:0x455 
0xece06ff5caa6797b874667520cc8df8e34dd650c:0x456 
0xece06ff5caa6797b874667520cc8df8e34dd650c:0x457 
0xece06ff5caa6797b874667520cc8df8e34dd650c:0x458 
0xece06ff5caa6797b874667520cc8df8e34dd650c:0x459 
0xece06ff5caa6797b874667520cc8df8e34dd650c:0x45c 
0xece06ff5caa6797b874667520cc8df8e34dd650c:0x46c 
0xece06ff5caa6797b874667520cc8df8e34dd650c:0x46d 
0xece06ff5caa6797b874667520cc8df8e34dd650c:0x46e 
0xece06ff5caa6797b874667520cc8df8e34dd650c:0x46f 
0xece06ff5caa6797b874667520cc8df8e34dd650c:0x470 
0xece06ff5caa6797b874667520cc8df8e34dd650c:0x471 
0xece06ff5caa6797b874667520cc8df8e34dd650c:0x472 
0xece06ff5caa6797b874667520cc8df8e34dd650c:0x44a 
0xece06ff5caa6797b874667520cc8df8e34dd650c:0x44b 
0xece06ff5caa6797b874667520cc8df8e34dd650c:0x44c 
0xece06ff5caa6797b874667520cc8df8e34dd650c:0x44d 
0xece06ff5caa6797b874667520cc8df8e34dd650c:0x2c1 
0xece06ff5caa6797b874667520cc8df8e34dd650c:0x2c2 
0xece06ff5caa6797b874667520cc8df8e34dd650c:0x2c3 
0xece06ff5caa6797b874667520cc8df8e34dd650c:0x2c4 
0xece06ff5caa6797b874667520cc8df8e34dd650c:0x2c5 
0xece06ff5caa6797b874667520cc8df8e34dd650c:0x2c6 
0xece06ff5caa6797b874667520cc8df8e34dd650c:0x16d 
0xece06ff5caa6797b874667520cc8df8e34dd650c:0x16e 
---
0xece06ff5caa6797b874667520cc8df8e34dd650c:0x0 
0xece06ff5caa6797b874667520cc8df8e34dd650c:0x2 
0xece06ff5caa6797b874667520cc8df8e34dd650c:0x4 
0xece06ff5caa6797b874667520cc8df8e34dd650c:0x5 
0xece06ff5caa6797b874667520cc8df8e34dd650c:0x6 
0xece06ff5caa6797b874667520cc8df8e34dd650c:0x7 
0xece06ff5caa6797b874667520cc8df8e34dd650c:0x8 
0xece06ff5caa6797b874667520cc8df8e34dd650c:0xb 
0xece06ff5caa6797b874667520cc8df8e34dd650c:0x10 
0xece06ff5caa6797b874667520cc8df8e34dd650c:0x11 
0xece06ff5caa6797b874667520cc8df8e34dd650c:0x12 
0xece06ff5caa6797b874667520cc8df8e34dd650c:0x14 
0xece06ff5caa6797b874667520cc8df8e34dd650c:0x15 
0xece06ff5caa6797b874667520cc8df8e34dd650c:0x16 
0xece06ff5caa6797b874667520cc8df8e34dd650c:0x19 
0xece06ff5caa6797b874667520cc8df8e34dd650c:0x1a 
0xece06ff5caa6797b874667520cc8df8e34dd650c:0x1c 
0xece06ff5caa6797b874667520cc8df8e34dd650c:0x1d 
0xece06ff5caa6797b874667520cc8df8e34dd650c:0x1f 
0xece06ff5caa6797b874667520cc8df8e34dd650c:0x20 
0xece06ff5caa6797b874667520cc8df8e34dd650c:0x21 
0xece06ff5caa6797b874667520cc8df8e34dd650c:0x26 
0xece06ff5caa6797b874667520cc8df8e34dd650c:0x27 
0xece06ff5caa6797b874667520cc8df8e34dd650c:0x2a 
0xece06ff5caa6797b874667520cc8df8e34dd650c:0x2b 
0xece06ff5caa6797b874667520cc8df8e34dd650c:0x2c 
0xece06ff5caa6797b874667520cc8df8e34dd650c:0x31 
0xece06ff5caa6797b874667520cc8df8e34dd650c:0x32 
0xece06ff5caa6797b874667520cc8df8e34dd650c:0x35 
0xece06ff5caa6797b874667520cc8df8e34dd650c:0x36 
0xece06ff5caa6797b874667520cc8df8e34dd650c:0x37 
0xece06ff5caa6797b874667520cc8df8e34dd650c:0x3c 
0xece06ff5caa6797b874667520cc8df8e34dd650c:0x3d 
0xece06ff5caa6797b874667520cc8df8e34dd650c:0x40 
0xece06ff5caa6797b874667520cc8df8e34dd650c:0x41 
0xece06ff5caa6797b874667520cc8df8e34dd650c:0x42 
0xece06ff5caa6797b874667520cc8df8e34dd650c:0x47 
0xece06ff5caa6797b874667520cc8df8e34dd650c:0x48 
0xece06ff5caa6797b874667520cc8df8e34dd650c:0x4b 
0xece06ff5caa6797b874667520cc8df8e34dd650c:0x4c 
0xece06ff5caa6797b874667520cc8df8e34dd650c:0x4d 
0xece06ff5caa6797b874667520cc8df8e34dd650c:0x52 
0xece06ff5caa6797b874667520cc8df8e34dd650c:0x53 
0xece06ff5caa6797b874667520cc8df8e34dd650c:0x56 
0xece06ff5caa6797b874667520cc8df8e34dd650c:0x25d 
0xece06ff5caa6797b874667520cc8df8e34dd650c:0x25e 
0xece06ff5caa6797b874667520cc8df8e34dd650c:0x261 
0xece06ff5caa6797b874667520cc8df8e34dd650c:0x264 
0xece06ff5caa6797b874667520cc8df8e34dd650c:0x394 
0xece06ff5caa6797b874667520cc8df8e34dd650c:0x395 
0xece06ff5caa6797b874667520cc8df8e34dd650c:0x397 
0xece06ff5caa6797b874667520cc8df8e34dd650c:0x398 
0xece06ff5caa6797b874667520cc8df8e34dd650c:0x39a 
0xece06ff5caa6797b874667520cc8df8e34dd650c:0x39b 
0xece06ff5caa6797b874667520cc8df8e34dd650c:0x39c 
0xece06ff5caa6797b874667520cc8df8e34dd650c:0x39d 
0xece06ff5caa6797b874667520cc8df8e34dd650c:0x39e 
0xece06ff5caa6797b874667520cc8df8e34dd650c:0x39f 
0xece06ff5caa6797b874667520cc8df8e34dd650c:0x3a0 
0xece06ff5caa6797b874667520cc8df8e34dd650c:0x3a3 
0xece06ff5caa6797b874667520cc8df8e34dd650c:0x3a4 
0xece06ff5caa6797b874667520cc8df8e34dd650c:0x3a5 
0xece06ff5caa6797b874667520cc8df8e34dd650c:0x3a7 
0xece06ff5caa6797b874667520cc8df8e34dd650c:0x3a8 
0xece06ff5caa6797b874667520cc8df8e34dd650c:0x3aa 
0xece06ff5caa6797b874667520cc8df8e34dd650c:0x3ab 
0xece06ff5caa6797b874667520cc8df8e34dd650c:0x3ac 
0xece06ff5caa6797b874667520cc8df8e34dd650c:0x3ad 
0xece06ff5caa6797b874667520cc8df8e34dd650c:0x3ae 
0xece06ff5caa6797b874667520cc8df8e34dd650c:0x3af 
0xece06ff5caa6797b874667520cc8df8e34dd650c:0x3b0 
0xece06ff5caa6797b874667520cc8df8e34dd650c:0x3b1 
0xece06ff5caa6797b874667520cc8df8e34dd650c:0x3b2 
0xece06ff5caa6797b874667520cc8df8e34dd650c:0x3b3 
0xece06ff5caa6797b874667520cc8df8e34dd650c:0x3b6 
0xece06ff5caa6797b874667520cc8df8e34dd650c:0x3b7 
0xece06ff5caa6797b874667520cc8df8e34dd650c:0x3b8 
0xece06ff5caa6797b874667520cc8df8e34dd650c:0x3ba 
0xece06ff5caa6797b874667520cc8df8e34dd650c:0x3bb 
0xece06ff5caa6797b874667520cc8df8e34dd650c:0x3bd 
0xece06ff5caa6797b874667520cc8df8e34dd650c:0x3be 
0xece06ff5caa6797b874667520cc8df8e34dd650c:0x3bf 
0xece06ff5caa6797b874667520cc8df8e34dd650c:0x3c0 
0xece06ff5caa6797b874667520cc8df8e34dd650c:0x3c1 
0xece06ff5caa6797b874667520cc8df8e34dd650c:0x3c2 
0xece06ff5caa6797b874667520cc8df8e34dd650c:0x3c3 
0xece06ff5caa6797b874667520cc8df8e34dd650c:0x3c4 
0xece06ff5caa6797b874667520cc8df8e34dd650c:0x3c5 
0xece06ff5caa6797b874667520cc8df8e34dd650c:0x3c6 
0xece06ff5caa6797b874667520cc8df8e34dd650c:0x3c7 
0xece06ff5caa6797b874667520cc8df8e34dd650c:0x3c8 
0xece06ff5caa6797b874667520cc8df8e34dd650c:0x3c9 
0xece06ff5caa6797b874667520cc8df8e34dd650c:0x3ca 
0xece06ff5caa6797b874667520cc8df8e34dd650c:0x265 
0xece06ff5caa6797b874667520cc8df8e34dd650c:0x266 
0xece06ff5caa6797b874667520cc8df8e34dd650c:0x268 
0xece06ff5caa6797b874667520cc8df8e34dd650c:0x269 
0xece06ff5caa6797b874667520cc8df8e34dd650c:0x26a 
0xece06ff5caa6797b874667520cc8df8e34dd650c:0x26b 
0xece06ff5caa6797b874667520cc8df8e34dd650c:0x26c 
0xece06ff5caa6797b874667520cc8df8e34dd650c:0x26d 
0xece06ff5caa6797b874667520cc8df8e34dd650c:0x26e 
0xece06ff5caa6797b874667520cc8df8e34dd650c:0x26f 
0xece06ff5caa6797b874667520cc8df8e34dd650c:0x270 
0xece06ff5caa6797b874667520cc8df8e34dd650c:0x271 
0xece06ff5caa6797b874667520cc8df8e34dd650c:0x273 
0xece06ff5caa6797b874667520cc8df8e34dd650c:0x274 
0xece06ff5caa6797b874667520cc8df8e34dd650c:0x275 
0xece06ff5caa6797b874667520cc8df8e34dd650c:0x276 
0xece06ff5caa6797b874667520cc8df8e34dd650c:0x277 
0xece06ff5caa6797b874667520cc8df8e34dd650c:0x279 
0xece06ff5caa6797b874667520cc8df8e34dd650c:0x27a 
0xece06ff5caa6797b874667520cc8df8e34dd650c:0x27b 
0xece06ff5caa6797b874667520cc8df8e34dd650c:0x27c 
0xece06ff5caa6797b874667520cc8df8e34dd650c:0x27d 
0xece06ff5caa6797b874667520cc8df8e34dd650c:0x27e 
---
0xece06ff5caa6797b874667520cc8df8e34dd650c:0x0 
0xece06ff5caa6797b874667520cc8df8e34dd650c:0x2 
0xece06ff5caa6797b874667520cc8df8e34dd650c:0x4 
0xece06ff5caa6797b874667520cc8df8e34dd650c:0x5 
0xece06ff5caa6797b874667520cc8df8e34dd650c:0x6 
0xece06ff5caa6797b874667520cc8df8e34dd650c:0x7 
0xece06ff5caa6797b874667520cc8df8e34dd650c:0x8 
0xece06ff5caa6797b874667520cc8df8e34dd650c:0xb 
0xece06ff5caa6797b874667520cc8df8e34dd650c:0x10 
0xece06ff5caa6797b874667520cc8df8e34dd650c:0x11 
0xece06ff5caa6797b874667520cc8df8e34dd650c:0x12 
0xece06ff5caa6797b874667520cc8df8e34dd650c:0x14 
0xece06ff5caa6797b874667520cc8df8e34dd650c:0x15 
0xece06ff5caa6797b874667520cc8df8e34dd650c:0x16 
0xece06ff5caa6797b874667520cc8df8e34dd650c:0x19 
0xece06ff5caa6797b874667520cc8df8e34dd650c:0x1a 
0xece06ff5caa6797b874667520cc8df8e34dd650c:0x1c 
0xece06ff5caa6797b874667520cc8df8e34dd650c:0x1d 
0xece06ff5caa6797b874667520cc8df8e34dd650c:0x1f 
0xece06ff5caa6797b874667520cc8df8e34dd650c:0x20 
0xece06ff5caa6797b874667520cc8df8e34dd650c:0x21 
0xece06ff5caa6797b874667520cc8df8e34dd650c:0x26 
0xece06ff5caa6797b874667520cc8df8e34dd650c:0x27 
0xece06ff5caa6797b874667520cc8df8e34dd650c:0x2a 
0xece06ff5caa6797b874667520cc8df8e34dd650c:0x2b 
0xece06ff5caa6797b874667520cc8df8e34dd650c:0x2c 
0xece06ff5caa6797b874667520cc8df8e34dd650c:0x31 
0xece06ff5caa6797b874667520cc8df8e34dd650c:0x32 
0xece06ff5caa6797b874667520cc8df8e34dd650c:0x35 
0xece06ff5caa6797b874667520cc8df8e34dd650c:0x36 
0xece06ff5caa6797b874667520cc8df8e34dd650c:0x37 
0xece06ff5caa6797b874667520cc8df8e34dd650c:0x3c 
0xece06ff5caa6797b874667520cc8df8e34dd650c:0x3d 
0xece06ff5caa6797b874667520cc8df8e34dd650c:0x40 
0xece06ff5caa6797b874667520cc8df8e34dd650c:0x41 
0xece06ff5caa6797b874667520cc8df8e34dd650c:0x42 
0xece06ff5caa6797b874667520cc8df8e34dd650c:0x47 
0xece06ff5caa6797b874667520cc8df8e34dd650c:0x48 
0xece06ff5caa6797b874667520cc8df8e34dd650c:0x4b 
0xece06ff5caa6797b874667520cc8df8e34dd650c:0x23b 
0xece06ff5caa6797b874667520cc8df8e34dd650c:0x23c 
0xece06ff5caa6797b874667520cc8df8e34dd650c:0x23f 
0xece06ff5caa6797b874667520cc8df8e34dd650c:0x242 
0xece06ff5caa6797b874667520cc8df8e34dd650c:0x386 
0xece06ff5caa6797b874667520cc8df8e34dd650c:0x387 
0xece06ff5caa6797b874667520cc8df8e34dd650c:0x389 
0xece06ff5caa6797b874667520cc8df8e34dd650c:0x38b 
0xece06ff5caa6797b874667520cc8df8e34dd650c:0x38c 
0xece06ff5caa6797b874667520cc8df8e34dd650c:0x38e 
0xece06ff5caa6797b874667520cc8df8e34dd650c:0x38f 
0xece06ff5caa6797b874667520cc8df8e34dd650c:0x390 
0xece06ff5caa6797b874667520cc8df8e34dd650c:0x391 
0xece06ff5caa6797b874667520cc8df8e34dd650c:0x392 
0xece06ff5caa6797b874667520cc8df8e34dd650c:0x393 
0xece06ff5caa6797b874667520cc8df8e34dd650c:0x243 
0xece06ff5caa6797b874667520cc8df8e34dd650c:0x244 
0xece06ff5caa6797b874667520cc8df8e34dd650c:0x246 
0xece06ff5caa6797b874667520cc8df8e34dd650c:0x247 
0xece06ff5caa6797b874667520cc8df8e34dd650c:0x248 
0xece06ff5caa6797b874667520cc8df8e34dd650c:0x249 
0xece06ff5caa6797b874667520cc8df8e34dd650c:0x24a 
0xece06ff5caa6797b874667520cc8df8e34dd650c:0x24b 
0xece06ff5caa6797b874667520cc8df8e34dd650c:0x24c 
0xece06ff5caa6797b874667520cc8df8e34dd650c:0x24d 
0xece06ff5caa6797b874667520cc8df8e34dd650c:0x24e 
0xece06ff5caa6797b874667520cc8df8e34dd650c:0x24f 
0xece06ff5caa6797b874667520cc8df8e34dd650c:0x251 
0xece06ff5caa6797b874667520cc8df8e34dd650c:0x252 
0xece06ff5caa6797b874667520cc8df8e34dd650c:0x253 
0xece06ff5caa6797b874667520cc8df8e34dd650c:0x254 
0xece06ff5caa6797b874667520cc8df8e34dd650c:0x255 
0xece06ff5caa6797b874667520cc8df8e34dd650c:0x257 
0xece06ff5caa6797b874667520cc8df8e34dd650c:0x258 
0xece06ff5caa6797b874667520cc8df8e34dd650c:0x259 
0xece06ff5caa6797b874667520cc8df8e34dd650c:0x25a 
0xece06ff5caa6797b874667520cc8df8e34dd650c:0x25b 
0xece06ff5caa6797b874667520cc8df8e34dd650c:0x25c 
---
0xece06ff5caa6797b874667520cc8df8e34dd650c:0x0 
0xece06ff5caa6797b874667520cc8df8e34dd650c:0x2 
0xece06ff5caa6797b874667520cc8df8e34dd650c:0x4 
0xece06ff5caa6797b874667520cc8df8e34dd650c:0x5 
0xece06ff5caa6797b874667520cc8df8e34dd650c:0x6 
0xece06ff5caa6797b874667520cc8df8e34dd650c:0x7 
0xece06ff5caa6797b874667520cc8df8e34dd650c:0x8 
0xece06ff5caa6797b874667520cc8df8e34dd650c:0xb 
0xece06ff5caa6797b874667520cc8df8e34dd650c:0x10 
0xece06ff5caa6797b874667520cc8df8e34dd650c:0x11 
0xece06ff5caa6797b874667520cc8df8e34dd650c:0x12 
0xece06ff5caa6797b874667520cc8df8e34dd650c:0x14 
0xece06ff5caa6797b874667520cc8df8e34dd650c:0x15 
0xece06ff5caa6797b874667520cc8df8e34dd650c:0x16 
0xece06ff5caa6797b874667520cc8df8e34dd650c:0x19 
0xece06ff5caa6797b874667520cc8df8e34dd650c:0x1a 
0xece06ff5caa6797b874667520cc8df8e34dd650c:0x1c 
0xece06ff5caa6797b874667520cc8df8e34dd650c:0x1d 
0xece06ff5caa6797b874667520cc8df8e34dd650c:0x1f 
0xece06ff5caa6797b874667520cc8df8e34dd650c:0x20 
0xece06ff5caa6797b874667520cc8df8e34dd650c:0x21 
0xece06ff5caa6797b874667520cc8df8e34dd650c:0x26 
0xece06ff5caa6797b874667520cc8df8e34dd650c:0x27 
0xece06ff5caa6797b874667520cc8df8e34dd650c:0x2a 
0xece06ff5caa6797b874667520cc8df8e34dd650c:0x66 
0xece06ff5caa6797b874667520cc8df8e34dd650c:0x67 
0xece06ff5caa6797b874667520cc8df8e34dd650c:0x68 
0xece06ff5caa6797b874667520cc8df8e34dd650c:0x6d 
0xece06ff5caa6797b874667520cc8df8e34dd650c:0x6e 
0xece06ff5caa6797b874667520cc8df8e34dd650c:0x71 
0xece06ff5caa6797b874667520cc8df8e34dd650c:0x72 
0xece06ff5caa6797b874667520cc8df8e34dd650c:0x73 
0xece06ff5caa6797b874667520cc8df8e34dd650c:0x78 
0xece06ff5caa6797b874667520cc8df8e34dd650c:0x79 
0xece06ff5caa6797b874667520cc8df8e34dd650c:0x7c 
0xece06ff5caa6797b874667520cc8df8e34dd650c:0x7d 
0xece06ff5caa6797b874667520cc8df8e34dd650c:0x7e 
0xece06ff5caa6797b874667520cc8df8e34dd650c:0x83 
0xece06ff5caa6797b874667520cc8df8e34dd650c:0x84 
0xece06ff5caa6797b874667520cc8df8e34dd650c:0x87 
0xece06ff5caa6797b874667520cc8df8e34dd650c:0x88 
0xece06ff5caa6797b874667520cc8df8e34dd650c:0x89 
0xece06ff5caa6797b874667520cc8df8e34dd650c:0x8e 
0xece06ff5caa6797b874667520cc8df8e34dd650c:0x8f 
0xece06ff5caa6797b874667520cc8df8e34dd650c:0x92 
0xece06ff5caa6797b874667520cc8df8e34dd650c:0x1af 
0xece06ff5caa6797b874667520cc8df8e34dd650c:0x1b0 
0xece06ff5caa6797b874667520cc8df8e34dd650c:0x1b3 
0xece06ff5caa6797b874667520cc8df8e34dd650c:0x1b6 
0xece06ff5caa6797b874667520cc8df8e34dd650c:0x2d9 
0xece06ff5caa6797b874667520cc8df8e34dd650c:0x2da 
0xece06ff5caa6797b874667520cc8df8e34dd650c:0x2dc 
0xece06ff5caa6797b874667520cc8df8e34dd650c:0x2df 
0xece06ff5caa6797b874667520cc8df8e34dd650c:0x2e2 
0xece06ff5caa6797b874667520cc8df8e34dd650c:0x2cd 
0xece06ff5caa6797b874667520cc8df8e34dd650c:0x2ce 
0xece06ff5caa6797b874667520cc8df8e34dd650c:0x2d0 
0xece06ff5caa6797b874667520cc8df8e34dd650c:0x2d1 
0xece06ff5caa6797b874667520cc8df8e34dd650c:0x2d3 
0xece06ff5caa6797b874667520cc8df8e34dd650c:0x2d4 
0xece06ff5caa6797b874667520cc8df8e34dd650c:0x2d5 
0xece06ff5caa6797b874667520cc8df8e34dd650c:0x2d6 
0xece06ff5caa6797b874667520cc8df8e34dd650c:0x2d7 
0xece06ff5caa6797b874667520cc8df8e34dd650c:0x2d8 
0xece06ff5caa6797b874667520cc8df8e34dd650c:0x2e3 
0xece06ff5caa6797b874667520cc8df8e34dd650c:0x2e4 
0xece06ff5caa6797b874667520cc8df8e34dd650c:0x2e5 
0xece06ff5caa6797b874667520cc8df8e34dd650c:0x2e6 
0xece06ff5caa6797b874667520cc8df8e34dd650c:0x2e7 
0xece06ff5caa6797b874667520cc8df8e34dd650c:0x2e8 
0xece06ff5caa6797b874667520cc8df8e34dd650c:0x1b7 
0xece06ff5caa6797b874667520cc8df8e34dd650c:0x1b8 
0xece06ff5caa6797b874667520cc8df8e34dd650c:0x1ba 
0xece06ff5caa6797b874667520cc8df8e34dd650c:0x1bb 
0xece06ff5caa6797b874667520cc8df8e34dd650c:0x1bc 
0xece06ff5caa6797b874667520cc8df8e34dd650c:0x1bd 
0xece06ff5caa6797b874667520cc8df8e34dd650c:0x1be 
0xece06ff5caa6797b874667520cc8df8e34dd650c:0x1bf 
0xece06ff5caa6797b874667520cc8df8e34dd650c:0x1c0 
0xece06ff5caa6797b874667520cc8df8e34dd650c:0x1c1 
0xece06ff5caa6797b874667520cc8df8e34dd650c:0x1c2 
0xece06ff5caa6797b874667520cc8df8e34dd650c:0x1c3 
0xece06ff5caa6797b874667520cc8df8e34dd650c:0x1c5 
0xece06ff5caa6797b874667520cc8df8e34dd650c:0x1c6 
0xece06ff5caa6797b874667520cc8df8e34dd650c:0x1c7 
0xece06ff5caa6797b874667520cc8df8e34dd650c:0x1c8 
0xece06ff5caa6797b874667520cc8df8e34dd650c:0x1c9 
0xece06ff5caa6797b874667520cc8df8e34dd650c:0x1cb 
0xece06ff5caa6797b874667520cc8df8e34dd650c:0x1cc 
0xece06ff5caa6797b874667520cc8df8e34dd650c:0x1cd 
0xece06ff5caa6797b874667520cc8df8e34dd650c:0x1ce 
0xece06ff5caa6797b874667520cc8df8e34dd650c:0x1cf 
0xece06ff5caa6797b874667520cc8df8e34dd650c:0x1d0 
---
0xece06ff5caa6797b874667520cc8df8e34dd650c:0x0 
0xece06ff5caa6797b874667520cc8df8e34dd650c:0x2 
0xece06ff5caa6797b874667520cc8df8e34dd650c:0x4 
0xece06ff5caa6797b874667520cc8df8e34dd650c:0x5 
0xece06ff5caa6797b874667520cc8df8e34dd650c:0x6 
0xece06ff5caa6797b874667520cc8df8e34dd650c:0x7 
0xece06ff5caa6797b874667520cc8df8e34dd650c:0x8 
0xece06ff5caa6797b874667520cc8df8e34dd650c:0xb 
0xece06ff5caa6797b874667520cc8df8e34dd650c:0x10 
0xece06ff5caa6797b874667520cc8df8e34dd650c:0x11 
0xece06ff5caa6797b874667520cc8df8e34dd650c:0x12 
0xece06ff5caa6797b874667520cc8df8e34dd650c:0x14 
0xece06ff5caa6797b874667520cc8df8e34dd650c:0x15 
0xece06ff5caa6797b874667520cc8df8e34dd650c:0x16 
0xece06ff5caa6797b874667520cc8df8e34dd650c:0x19 
0xece06ff5caa6797b874667520cc8df8e34dd650c:0x1a 
0xece06ff5caa6797b874667520cc8df8e34dd650c:0x1c 
0xece06ff5caa6797b874667520cc8df8e34dd650c:0x1d 
0xece06ff5caa6797b874667520cc8df8e34dd650c:0x1f 
0xece06ff5caa6797b874667520cc8df8e34dd650c:0x20 
0xece06ff5caa6797b874667520cc8df8e34dd650c:0x21 
0xece06ff5caa6797b874667520cc8df8e34dd650c:0x26 
0xece06ff5caa6797b874667520cc8df8e34dd650c:0x27 
0xece06ff5caa6797b874667520cc8df8e34dd650c:0x2a 
0xece06ff5caa6797b874667520cc8df8e34dd650c:0x2b 
0xece06ff5caa6797b874667520cc8df8e34dd650c:0x2c 
0xece06ff5caa6797b874667520cc8df8e34dd650c:0x31 
0xece06ff5caa6797b874667520cc8df8e34dd650c:0x32 
0xece06ff5caa6797b874667520cc8df8e34dd650c:0x35 
0xece06ff5caa6797b874667520cc8df8e34dd650c:0x36 
0xece06ff5caa6797b874667520cc8df8e34dd650c:0x37 
0xece06ff5caa6797b874667520cc8df8e34dd650c:0x3c 
0xece06ff5caa6797b874667520cc8df8e34dd650c:0x3d 
0xece06ff5caa6797b874667520cc8df8e34dd650c:0x40 
0xece06ff5caa6797b874667520cc8df8e34dd650c:0x21d 
0xece06ff5caa6797b874667520cc8df8e34dd650c:0x21e 
0xece06ff5caa6797b874667520cc8df8e34dd650c:0x221 
0xece06ff5caa6797b874667520cc8df8e34dd650c:0x224 
0xece06ff5caa6797b874667520cc8df8e34dd650c:0x33e 
0xece06ff5caa6797b874667520cc8df8e34dd650c:0x33f 
0xece06ff5caa6797b874667520cc8df8e34dd650c:0x341 
0xece06ff5caa6797b874667520cc8df8e34dd650c:0x344 
0xece06ff5caa6797b874667520cc8df8e34dd650c:0x347 
0xece06ff5caa6797b874667520cc8df8e34dd650c:0x2cd 
0xece06ff5caa6797b874667520cc8df8e34dd650c:0x2ce 
0xece06ff5caa6797b874667520cc8df8e34dd650c:0x2d0 
0xece06ff5caa6797b874667520cc8df8e34dd650c:0x2d1 
0xece06ff5caa6797b874667520cc8df8e34dd650c:0x2d3 
0xece06ff5caa6797b874667520cc8df8e34dd650c:0x2d4 
0xece06ff5caa6797b874667520cc8df8e34dd650c:0x2d5 
0xece06ff5caa6797b874667520cc8df8e34dd650c:0x2d6 
0xece06ff5caa6797b874667520cc8df8e34dd650c:0x2d7 
0xece06ff5caa6797b874667520cc8df8e34dd650c:0x2d8 
0xece06ff5caa6797b874667520cc8df8e34dd650c:0x348 
0xece06ff5caa6797b874667520cc8df8e34dd650c:0x349 
0xece06ff5caa6797b874667520cc8df8e34dd650c:0x34a 
0xece06ff5caa6797b874667520cc8df8e34dd650c:0x34d 
0xece06ff5caa6797b874667520cc8df8e34dd650c:0x352 
0xece06ff5caa6797b874667520cc8df8e34dd650c:0x353 
0xece06ff5caa6797b874667520cc8df8e34dd650c:0x355 
0xece06ff5caa6797b874667520cc8df8e34dd650c:0x358 
0xece06ff5caa6797b874667520cc8df8e34dd650c:0x35b 
0xece06ff5caa6797b874667520cc8df8e34dd650c:0x3cb 
0xece06ff5caa6797b874667520cc8df8e34dd650c:0x3cc 
0xece06ff5caa6797b874667520cc8df8e34dd650c:0x3ce 
0xece06ff5caa6797b874667520cc8df8e34dd650c:0x3d1 
0xece06ff5caa6797b874667520cc8df8e34dd650c:0x3d4 
0xece06ff5caa6797b874667520cc8df8e34dd650c:0x2cd 
0xece06ff5caa6797b874667520cc8df8e34dd650c:0x2ce 
0xece06ff5caa6797b874667520cc8df8e34dd650c:0x2d0 
0xece06ff5caa6797b874667520cc8df8e34dd650c:0x2d1 
0xece06ff5caa6797b874667520cc8df8e34dd650c:0x2d3 
0xece06ff5caa6797b874667520cc8df8e34dd650c:0x2d4 
0xece06ff5caa6797b874667520cc8df8e34dd650c:0x2d5 
0xece06ff5caa6797b874667520cc8df8e34dd650c:0x2d6 
0xece06ff5caa6797b874667520cc8df8e34dd650c:0x2d7 
0xece06ff5caa6797b874667520cc8df8e34dd650c:0x2d8 
0xece06ff5caa6797b874667520cc8df8e34dd650c:0x3d5 
0xece06ff5caa6797b874667520cc8df8e34dd650c:0x3d6 
0xece06ff5caa6797b874667520cc8df8e34dd650c:0x3d7 
0xece06ff5caa6797b874667520cc8df8e34dd650c:0x3da 
0xece06ff5caa6797b874667520cc8df8e34dd650c:0x3df 
0xece06ff5caa6797b874667520cc8df8e34dd650c:0x3e0 
0xece06ff5caa6797b874667520cc8df8e34dd650c:0x3e2 
0xece06ff5caa6797b874667520cc8df8e34dd650c:0x3e4 
0xece06ff5caa6797b874667520cc8df8e34dd650c:0x3e6 
0xece06ff5caa6797b874667520cc8df8e34dd650c:0x3e7 
0xece06ff5caa6797b874667520cc8df8e34dd650c:0x3e8 
0xece06ff5caa6797b874667520cc8df8e34dd650c:0x3e9 
0xece06ff5caa6797b874667520cc8df8e34dd650c:0x3ea 
0xece06ff5caa6797b874667520cc8df8e34dd650c:0x3eb 
0xece06ff5caa6797b874667520cc8df8e34dd650c:0x3ec 
0xece06ff5caa6797b874667520cc8df8e34dd650c:0x3ef 
0xece06ff5caa6797b874667520cc8df8e34dd650c:0x3f1 
0xece06ff5caa6797b874667520cc8df8e34dd650c:0x3f2 
0xece06ff5caa6797b874667520cc8df8e34dd650c:0x3f3 
0xece06ff5caa6797b874667520cc8df8e34dd650c:0x3f5 
0xece06ff5caa6797b874667520cc8df8e34dd650c:0x3f6 
0xece06ff5caa6797b874667520cc8df8e34dd650c:0x3f8 
0xece06ff5caa6797b874667520cc8df8e34dd650c:0x3fa 
0xece06ff5caa6797b874667520cc8df8e34dd650c:0x3fb 
0xece06ff5caa6797b874667520cc8df8e34dd650c:0x3fc 
0xece06ff5caa6797b874667520cc8df8e34dd650c:0x3fd 
0xece06ff5caa6797b874667520cc8df8e34dd650c:0x3fe 
0xece06ff5caa6797b874667520cc8df8e34dd650c:0x3ff 
0xece06ff5caa6797b874667520cc8df8e34dd650c:0x400 
0xece06ff5caa6797b874667520cc8df8e34dd650c:0x35c 
0xece06ff5caa6797b874667520cc8df8e34dd650c:0x35d 
0xece06ff5caa6797b874667520cc8df8e34dd650c:0x35e 
0xece06ff5caa6797b874667520cc8df8e34dd650c:0x35f 
0xece06ff5caa6797b874667520cc8df8e34dd650c:0x361 
0xece06ff5caa6797b874667520cc8df8e34dd650c:0x362 
0xece06ff5caa6797b874667520cc8df8e34dd650c:0x363 
0xece06ff5caa6797b874667520cc8df8e34dd650c:0x364 
0xece06ff5caa6797b874667520cc8df8e34dd650c:0x367 
0xece06ff5caa6797b874667520cc8df8e34dd650c:0x369 
0xece06ff5caa6797b874667520cc8df8e34dd650c:0x36a 
0xece06ff5caa6797b874667520cc8df8e34dd650c:0x36c 
0xece06ff5caa6797b874667520cc8df8e34dd650c:0x36d 
0xece06ff5caa6797b874667520cc8df8e34dd650c:0x36e 
0xece06ff5caa6797b874667520cc8df8e34dd650c:0x36f 
0xece06ff5caa6797b874667520cc8df8e34dd650c:0x370 
0xece06ff5caa6797b874667520cc8df8e34dd650c:0x371 
0xece06ff5caa6797b874667520cc8df8e34dd650c:0x373 
0xece06ff5caa6797b874667520cc8df8e34dd650c:0x374 
0xece06ff5caa6797b874667520cc8df8e34dd650c:0x376 
0xece06ff5caa6797b874667520cc8df8e34dd650c:0x378 
0xece06ff5caa6797b874667520cc8df8e34dd650c:0x379 
0xece06ff5caa6797b874667520cc8df8e34dd650c:0x37a 
0xece06ff5caa6797b874667520cc8df8e34dd650c:0x37c 
0xece06ff5caa6797b874667520cc8df8e34dd650c:0x37d 
0xece06ff5caa6797b874667520cc8df8e34dd650c:0x37e 
0xece06ff5caa6797b874667520cc8df8e34dd650c:0x37f 
0xece06ff5caa6797b874667520cc8df8e34dd650c:0x380 
0xece06ff5caa6797b874667520cc8df8e34dd650c:0x381 
0xece06ff5caa6797b874667520cc8df8e34dd650c:0x382 
0xece06ff5caa6797b874667520cc8df8e34dd650c:0x383 
0xece06ff5caa6797b874667520cc8df8e34dd650c:0x384 
0xece06ff5caa6797b874667520cc8df8e34dd650c:0x385 
0xece06ff5caa6797b874667520cc8df8e34dd650c:0x225 
0xece06ff5caa6797b874667520cc8df8e34dd650c:0x226 
0xece06ff5caa6797b874667520cc8df8e34dd650c:0x228 
0xece06ff5caa6797b874667520cc8df8e34dd650c:0x229 
0xece06ff5caa6797b874667520cc8df8e34dd650c:0x22a 
0xece06ff5caa6797b874667520cc8df8e34dd650c:0x22b 
0xece06ff5caa6797b874667520cc8df8e34dd650c:0x22c 
0xece06ff5caa6797b874667520cc8df8e34dd650c:0x22d 
0xece06ff5caa6797b874667520cc8df8e34dd650c:0x22f 
0xece06ff5caa6797b874667520cc8df8e34dd650c:0x230 
0xece06ff5caa6797b874667520cc8df8e34dd650c:0x231 
0xece06ff5caa6797b874667520cc8df8e34dd650c:0x232 
0xece06ff5caa6797b874667520cc8df8e34dd650c:0x233 
0xece06ff5caa6797b874667520cc8df8e34dd650c:0x235 
0xece06ff5caa6797b874667520cc8df8e34dd650c:0x236 
0xece06ff5caa6797b874667520cc8df8e34dd650c:0x237 
0xece06ff5caa6797b874667520cc8df8e34dd650c:0x238 
0xece06ff5caa6797b874667520cc8df8e34dd650c:0x239 
0xece06ff5caa6797b874667520cc8df8e34dd650c:0x23a 
---
0xece06ff5caa6797b874667520cc8df8e34dd650c:0x0 
0xece06ff5caa6797b874667520cc8df8e34dd650c:0x2 
0xece06ff5caa6797b874667520cc8df8e34dd650c:0x4 
0xece06ff5caa6797b874667520cc8df8e34dd650c:0x5 
0xece06ff5caa6797b874667520cc8df8e34dd650c:0x6 
0xece06ff5caa6797b874667520cc8df8e34dd650c:0x7 
0xece06ff5caa6797b874667520cc8df8e34dd650c:0x8 
0xece06ff5caa6797b874667520cc8df8e34dd650c:0xb 
0xece06ff5caa6797b874667520cc8df8e34dd650c:0x10 
0xece06ff5caa6797b874667520cc8df8e34dd650c:0x11 
0xece06ff5caa6797b874667520cc8df8e34dd650c:0x12 
0xece06ff5caa6797b874667520cc8df8e34dd650c:0x14 
0xece06ff5caa6797b874667520cc8df8e34dd650c:0x15 
0xece06ff5caa6797b874667520cc8df8e34dd650c:0x16 
0xece06ff5caa6797b874667520cc8df8e34dd650c:0x19 
0xece06ff5caa6797b874667520cc8df8e34dd650c:0x1a 
0xece06ff5caa6797b874667520cc8df8e34dd650c:0x1c 
0xece06ff5caa6797b874667520cc8df8e34dd650c:0x1d 
0xece06ff5caa6797b874667520cc8df8e34dd650c:0x1f 
0xece06ff5caa6797b874667520cc8df8e34dd650c:0x20 
0xece06ff5caa6797b874667520cc8df8e34dd650c:0x21 
0xece06ff5caa6797b874667520cc8df8e34dd650c:0x26 
0xece06ff5caa6797b874667520cc8df8e34dd650c:0x27 
0xece06ff5caa6797b874667520cc8df8e34dd650c:0x2a 
0xece06ff5caa6797b874667520cc8df8e34dd650c:0x2b 
0xece06ff5caa6797b874667520cc8df8e34dd650c:0x2c 
0xece06ff5caa6797b874667520cc8df8e34dd650c:0x31 
0xece06ff5caa6797b874667520cc8df8e34dd650c:0x32 
0xece06ff5caa6797b874667520cc8df8e34dd650c:0x35 
0xece06ff5caa6797b874667520cc8df8e34dd650c:0x36 
0xece06ff5caa6797b874667520cc8df8e34dd650c:0x37 
0xece06ff5caa6797b874667520cc8df8e34dd650c:0x3c 
0xece06ff5caa6797b874667520cc8df8e34dd650c:0x3d 
0xece06ff5caa6797b874667520cc8df8e34dd650c:0x40 
0xece06ff5caa6797b874667520cc8df8e34dd650c:0x41 
0xece06ff5caa6797b874667520cc8df8e34dd650c:0x42 
0xece06ff5caa6797b874667520cc8df8e34dd650c:0x47 
0xece06ff5caa6797b874667520cc8df8e34dd650c:0x48 
0xece06ff5caa6797b874667520cc8df8e34dd650c:0x4b 
0xece06ff5caa6797b874667520cc8df8e34dd650c:0x23b 
0xece06ff5caa6797b874667520cc8df8e34dd650c:0x23c 
0xece06ff5caa6797b874667520cc8df8e34dd650c:0x23f 
0xece06ff5caa6797b874667520cc8df8e34dd650c:0x242 
0xece06ff5caa6797b874667520cc8df8e34dd650c:0x386 
0xece06ff5caa6797b874667520cc8df8e34dd650c:0x387 
0xece06ff5caa6797b874667520cc8df8e34dd650c:0x389 
0xece06ff5caa6797b874667520cc8df8e34dd650c:0x38b 
0xece06ff5caa6797b874667520cc8df8e34dd650c:0x38c 
0xece06ff5caa6797b874667520cc8df8e34dd650c:0x38e 
0xece06ff5caa6797b874667520cc8df8e34dd650c:0x38f 
0xece06ff5caa6797b874667520cc8df8e34dd650c:0x390 
0xece06ff5caa6797b874667520cc8df8e34dd650c:0x391 
0xece06ff5caa6797b874667520cc8df8e34dd650c:0x392 
0xece06ff5caa6797b874667520cc8df8e34dd650c:0x393 
0xece06ff5caa6797b874667520cc8df8e34dd650c:0x243 
0xece06ff5caa6797b874667520cc8df8e34dd650c:0x244 
0xece06ff5caa6797b874667520cc8df8e34dd650c:0x246 
0xece06ff5caa6797b874667520cc8df8e34dd650c:0x247 
0xece06ff5caa6797b874667520cc8df8e34dd650c:0x248 
0xece06ff5caa6797b874667520cc8df8e34dd650c:0x249 
0xece06ff5caa6797b874667520cc8df8e34dd650c:0x24a 
0xece06ff5caa6797b874667520cc8df8e34dd650c:0x24b 
0xece06ff5caa6797b874667520cc8df8e34dd650c:0x24c 
0xece06ff5caa6797b874667520cc8df8e34dd650c:0x24d 
0xece06ff5caa6797b874667520cc8df8e34dd650c:0x24e 
0xece06ff5caa6797b874667520cc8df8e34dd650c:0x24f 
0xece06ff5caa6797b874667520cc8df8e34dd650c:0x251 
0xece06ff5caa6797b874667520cc8df8e34dd650c:0x252 
0xece06ff5caa6797b874667520cc8df8e34dd650c:0x253 
0xece06ff5caa6797b874667520cc8df8e34dd650c:0x254 
0xece06ff5caa6797b874667520cc8df8e34dd650c:0x255 
0xece06ff5caa6797b874667520cc8df8e34dd650c:0x257 
0xece06ff5caa6797b874667520cc8df8e34dd650c:0x258 
0xece06ff5caa6797b874667520cc8df8e34dd650c:0x259 
0xece06ff5caa6797b874667520cc8df8e34dd650c:0x25a 
0xece06ff5caa6797b874667520cc8df8e34dd650c:0x25b 
0xece06ff5caa6797b874667520cc8df8e34dd650c:0x25c 
---
0xece06ff5caa6797b874667520cc8df8e34dd650c:0x0 
0xece06ff5caa6797b874667520cc8df8e34dd650c:0x2 
0xece06ff5caa6797b874667520cc8df8e34dd650c:0x4 
0xece06ff5caa6797b874667520cc8df8e34dd650c:0x5 
0xece06ff5caa6797b874667520cc8df8e34dd650c:0x6 
0xece06ff5caa6797b874667520cc8df8e34dd650c:0x7 
0xece06ff5caa6797b874667520cc8df8e34dd650c:0x8 
0xece06ff5caa6797b874667520cc8df8e34dd650c:0xb 
0xece06ff5caa6797b874667520cc8df8e34dd650c:0x10 
0xece06ff5caa6797b874667520cc8df8e34dd650c:0x11 
0xece06ff5caa6797b874667520cc8df8e34dd650c:0x12 
0xece06ff5caa6797b874667520cc8df8e34dd650c:0x14 
0xece06ff5caa6797b874667520cc8df8e34dd650c:0x15 
0xece06ff5caa6797b874667520cc8df8e34dd650c:0x16 
0xece06ff5caa6797b874667520cc8df8e34dd650c:0x19 
0xece06ff5caa6797b874667520cc8df8e34dd650c:0x1a 
0xece06ff5caa6797b874667520cc8df8e34dd650c:0x1c 
0xece06ff5caa6797b874667520cc8df8e34dd650c:0x1d 
0xece06ff5caa6797b874667520cc8df8e34dd650c:0x1f 
0xece06ff5caa6797b874667520cc8df8e34dd650c:0x20 
0xece06ff5caa6797b874667520cc8df8e34dd650c:0x21 
0xece06ff5caa6797b874667520cc8df8e34dd650c:0x26 
0xece06ff5caa6797b874667520cc8df8e34dd650c:0x27 
0xece06ff5caa6797b874667520cc8df8e34dd650c:0x2a 
0xece06ff5caa6797b874667520cc8df8e34dd650c:0x66 
0xece06ff5caa6797b874667520cc8df8e34dd650c:0x67 
0xece06ff5caa6797b874667520cc8df8e34dd650c:0x68 
0xece06ff5caa6797b874667520cc8df8e34dd650c:0x6d 
0xece06ff5caa6797b874667520cc8df8e34dd650c:0x6e 
0xece06ff5caa6797b874667520cc8df8e34dd650c:0x71 
0xece06ff5caa6797b874667520cc8df8e34dd650c:0x72 
0xece06ff5caa6797b874667520cc8df8e34dd650c:0x73 
0xece06ff5caa6797b874667520cc8df8e34dd650c:0x78 
0xece06ff5caa6797b874667520cc8df8e34dd650c:0x79 
0xece06ff5caa6797b874667520cc8df8e34dd650c:0x7c 
0xece06ff5caa6797b874667520cc8df8e34dd650c:0x7d 
0xece06ff5caa6797b874667520cc8df8e34dd650c:0x7e 
0xece06ff5caa6797b874667520cc8df8e34dd650c:0x83 
0xece06ff5caa6797b874667520cc8df8e34dd650c:0x84 
0xece06ff5caa6797b874667520cc8df8e34dd650c:0x87 
0xece06ff5caa6797b874667520cc8df8e34dd650c:0x88 
0xece06ff5caa6797b874667520cc8df8e34dd650c:0x89 
0xece06ff5caa6797b874667520cc8df8e34dd650c:0x8e 
0xece06ff5caa6797b874667520cc8df8e34dd650c:0x8f 
0xece06ff5caa6797b874667520cc8df8e34dd650c:0x92 
0xece06ff5caa6797b874667520cc8df8e34dd650c:0x1af 
0xece06ff5caa6797b874667520cc8df8e34dd650c:0x1b0 
0xece06ff5caa6797b874667520cc8df8e34dd650c:0x1b3 
0xece06ff5caa6797b874667520cc8df8e34dd650c:0x1b6 
0xece06ff5caa6797b874667520cc8df8e34dd650c:0x2d9 
0xece06ff5caa6797b874667520cc8df8e34dd650c:0x2da 
0xece06ff5caa6797b874667520cc8df8e34dd650c:0x2dc 
0xece06ff5caa6797b874667520cc8df8e34dd650c:0x2df 
0xece06ff5caa6797b874667520cc8df8e34dd650c:0x2e2 
0xece06ff5caa6797b874667520cc8df8e34dd650c:0x2cd 
0xece06ff5caa6797b874667520cc8df8e34dd650c:0x2ce 
0xece06ff5caa6797b874667520cc8df8e34dd650c:0x2d0 
0xece06ff5caa6797b874667520cc8df8e34dd650c:0x2d1 
0xece06ff5caa6797b874667520cc8df8e34dd650c:0x2d3 
0xece06ff5caa6797b874667520cc8df8e34dd650c:0x2d4 
0xece06ff5caa6797b874667520cc8df8e34dd650c:0x2d5 
0xece06ff5caa6797b874667520cc8df8e34dd650c:0x2d6 
0xece06ff5caa6797b874667520cc8df8e34dd650c:0x2d7 
0xece06ff5caa6797b874667520cc8df8e34dd650c:0x2d8 
0xece06ff5caa6797b874667520cc8df8e34dd650c:0x2e3 
0xece06ff5caa6797b874667520cc8df8e34dd650c:0x2e4 
0xece06ff5caa6797b874667520cc8df8e34dd650c:0x2e5 
0xece06ff5caa6797b874667520cc8df8e34dd650c:0x2e6 
0xece06ff5caa6797b874667520cc8df8e34dd650c:0x2e7 
0xece06ff5caa6797b874667520cc8df8e34dd650c:0x2e8 
0xece06ff5caa6797b874667520cc8df8e34dd650c:0x1b7 
0xece06ff5caa6797b874667520cc8df8e34dd650c:0x1b8 
0xece06ff5caa6797b874667520cc8df8e34dd650c:0x1ba 
0xece06ff5caa6797b874667520cc8df8e34dd650c:0x1bb 
0xece06ff5caa6797b874667520cc8df8e34dd650c:0x1bc 
0xece06ff5caa6797b874667520cc8df8e34dd650c:0x1bd 
0xece06ff5caa6797b874667520cc8df8e34dd650c:0x1be 
0xece06ff5caa6797b874667520cc8df8e34dd650c:0x1bf 
0xece06ff5caa6797b874667520cc8df8e34dd650c:0x1c0 
0xece06ff5caa6797b874667520cc8df8e34dd650c:0x1c1 
0xece06ff5caa6797b874667520cc8df8e34dd650c:0x1c2 
0xece06ff5caa6797b874667520cc8df8e34dd650c:0x1c3 
0xece06ff5caa6797b874667520cc8df8e34dd650c:0x1c5 
0xece06ff5caa6797b874667520cc8df8e34dd650c:0x1c6 
0xece06ff5caa6797b874667520cc8df8e34dd650c:0x1c7 
0xece06ff5caa6797b874667520cc8df8e34dd650c:0x1c8 
0xece06ff5caa6797b874667520cc8df8e34dd650c:0x1c9 
0xece06ff5caa6797b874667520cc8df8e34dd650c:0x1cb 
0xece06ff5caa6797b874667520cc8df8e34dd650c:0x1cc 
0xece06ff5caa6797b874667520cc8df8e34dd650c:0x1cd 
0xece06ff5caa6797b874667520cc8df8e34dd650c:0x1ce 
0xece06ff5caa6797b874667520cc8df8e34dd650c:0x1cf 
0xece06ff5caa6797b874667520cc8df8e34dd650c:0x1d0 
